Using pre-set license
Built from '2022.2/staging' branch; Version is '2022.2.20f1 (c5d806317f84) revision 12965894'; Using compiler version '192829333'; Build Type 'Release'
OS: 'Windows 10  (10.0.19045) 64bit Core' Language: 'ko' Physical Memory: 32698 MB
BatchMode: 1, IsHumanControllingUs: 0, StartBugReporterOnCrash: 0, Is64bit: 1, IsPro: 1

COMMAND LINE ARGUMENTS:
C:\Program Files\Unity\Hub\Editor\2022.2.20f1\Editor\Unity.exe
-adb2
-batchMode
-noUpm
-name
AssetImportWorker6
-projectPath
D:/Unity/POP/Power_of_Personality
-logFile
Logs/AssetImportWorker6.log
-srvPort
50319
Successfully changed project path to: D:/Unity/POP/Power_of_Personality
D:/Unity/POP/Power_of_Personality
[UnityMemory] Configuration Parameters - Can be set up in boot.config
    "memorysetup-bucket-allocator-granularity=16"
    "memorysetup-bucket-allocator-bucket-count=8"
    "memorysetup-bucket-allocator-block-size=33554432"
    "memorysetup-bucket-allocator-block-count=8"
    "memorysetup-main-allocator-block-size=16777216"
    "memorysetup-thread-allocator-block-size=16777216"
    "memorysetup-gfx-main-allocator-block-size=16777216"
    "memorysetup-gfx-thread-allocator-block-size=16777216"
    "memorysetup-cache-allocator-block-size=4194304"
    "memorysetup-typetree-allocator-block-size=2097152"
    "memorysetup-profiler-bucket-allocator-granularity=16"
    "memorysetup-profiler-bucket-allocator-bucket-count=8"
    "memorysetup-profiler-bucket-allocator-block-size=33554432"
    "memorysetup-profiler-bucket-allocator-block-count=8"
    "memorysetup-profiler-allocator-block-size=16777216"
    "memorysetup-profiler-editor-allocator-block-size=1048576"
    "memorysetup-temp-allocator-size-main=16777216"
    "memorysetup-job-temp-allocator-block-size=2097152"
    "memorysetup-job-temp-allocator-block-size-background=1048576"
    "memorysetup-job-temp-allocator-reduction-small-platforms=262144"
    "memorysetup-temp-allocator-size-background-worker=32768"
    "memorysetup-temp-allocator-size-job-worker=262144"
    "memorysetup-temp-allocator-size-preload-manager=33554432"
    "memorysetup-temp-allocator-size-nav-mesh-worker=65536"
    "memorysetup-temp-allocator-size-audio-worker=65536"
    "memorysetup-temp-allocator-size-cloud-worker=32768"
    "memorysetup-temp-allocator-size-gi-baking-worker=262144"
    "memorysetup-temp-allocator-size-gfx=262144"
Player connection [3372] Host "[IP] 192.168.0.23 [Port] 0 [Flags] 2 [Guid] 700977004 [EditorId] 700977004 [Version] 1048832 [Id] WindowsEditor(7,DESKTOP-IMUE91T) [Debug] 1 [PackageName] WindowsEditor [ProjectName] Editor" joined multi-casting on [225.0.0.222:54997]...

Player connection [3372] Host "[IP] 192.168.0.23 [Port] 0 [Flags] 2 [Guid] 700977004 [EditorId] 700977004 [Version] 1048832 [Id] WindowsEditor(7,DESKTOP-IMUE91T) [Debug] 1 [PackageName] WindowsEditor [ProjectName] Editor" joined alternative multi-casting on [225.0.0.222:34997]...

Refreshing native plugins compatible for Editor in 10.69 ms, found 3 plugins.
Preloading 0 native plugins for Editor in 0.00 ms.
Initialize engine version: 2022.2.20f1 (c5d806317f84)
[Subsystems] Discovering subsystems at path C:/Program Files/Unity/Hub/Editor/2022.2.20f1/Editor/Data/Resources/UnitySubsystems
[Subsystems] Discovering subsystems at path D:/Unity/POP/Power_of_Personality/Assets
GfxDevice: creating device client; threaded=0; jobified=0
Direct3D:
    Version:  Direct3D 11.0 [level 11.1]
    Renderer: NVIDIA GeForce RTX 3070 (ID=0x2484)
    Vendor:   NVIDIA
    VRAM:     8018 MB
    Driver:   31.0.15.5176
Initialize mono
Mono path[0] = 'C:/Program Files/Unity/Hub/Editor/2022.2.20f1/Editor/Data/Managed'
Mono path[1] = 'C:/Program Files/Unity/Hub/Editor/2022.2.20f1/Editor/Data/MonoBleedingEdge/lib/mono/unityjit-win32'
Mono config path = 'C:/Program Files/Unity/Hub/Editor/2022.2.20f1/Editor/Data/MonoBleedingEdge/etc'
Using monoOptions --debugger-agent=transport=dt_socket,embedding=1,server=y,suspend=n,address=127.0.0.1:56144
Begin MonoManager ReloadAssembly
Registering precompiled unity dll's ...
Register platform support module: C:/Program Files/Unity/Hub/Editor/2022.2.20f1/Editor/Data/PlaybackEngines/WindowsStandaloneSupport/UnityEditor.WindowsStandalone.Extensions.dll
Registered in 0.007768 seconds.
- Loaded All Assemblies, in  0.297 seconds
Native extension for WindowsStandalone target not found
Mono: successfully reloaded assembly
- Finished resetting the current domain, in  0.248 seconds
Domain Reload Profiling:
	ReloadAssembly (173ms)
		BeginReloadAssembly (77ms)
			ExecutionOrderSort (0ms)
			DisableScriptedObjects (0ms)
			BackupInstance (0ms)
			ReleaseScriptingObjects (0ms)
			CreateAndSetChildDomain (1ms)
		LoadAllAssembliesAndSetupDomain (0ms)
			LoadAssemblies (75ms)
			RebuildTransferFunctionScriptingTraits (0ms)
			SetupTypeCache (118ms)
				TypeCache.Initialize (117ms)
					TypeCache.ScanAssembly (116ms)
				ResolveRequiredComponents (0ms)
		FinalizeReload (0ms)
			ReleaseScriptCaches (0ms)
			RebuildScriptCaches (0ms)
			SetupLoadedEditorAssemblies (196ms)
				LogAssemblyErrors (0ms)
				InitializePlatformSupportModulesInManaged (9ms)
				SetLoadedEditorAssemblies (7ms)
				RefreshPlugins (0ms)
				BeforeProcessingInitializeOnLoad (1ms)
				ProcessInitializeOnLoadAttributes (135ms)
				ProcessInitializeOnLoadMethodAttributes (44ms)
				AfterProcessingInitializeOnLoad (0ms)
				EditorAssembliesLoaded (0ms)
			ExecutionOrderSort2 (0ms)
			AwakeInstancesAfterBackupRestoration (0ms)
========================================================================
Worker process is ready to serve import requests
Begin MonoManager ReloadAssembly
Symbol file LoadedFromMemory doesn't match image D:\Unity\POP\Power_of_Personality\Library\PackageCache\com.unity.visualscripting@1.8.0\Editor\VisualScripting.Core\Dependencies\YamlDotNet\Unity.VisualScripting.YamlDotNet.dll
Symbol file LoadedFromMemory doesn't match image D:\Unity\POP\Power_of_Personality\Library\PackageCache\com.unity.visualscripting@1.8.0\Editor\VisualScripting.Core\Dependencies\DotNetZip\Unity.VisualScripting.IonicZip.dll
- Loaded All Assemblies, in  0.839 seconds
Refreshing native plugins compatible for Editor in 3.43 ms, found 3 plugins.
Native extension for WindowsStandalone target not found
Mono: successfully reloaded assembly
- Finished resetting the current domain, in  0.623 seconds
Domain Reload Profiling:
	ReloadAssembly (213ms)
		BeginReloadAssembly (123ms)
			ExecutionOrderSort (0ms)
			DisableScriptedObjects (6ms)
			BackupInstance (0ms)
			ReleaseScriptingObjects (0ms)
			CreateAndSetChildDomain (20ms)
		LoadAllAssembliesAndSetupDomain (623ms)
			LoadAssemblies (283ms)
			RebuildTransferFunctionScriptingTraits (0ms)
			SetupTypeCache (393ms)
				TypeCache.Initialize (355ms)
					TypeCache.ScanAssembly (350ms)
				ResolveRequiredComponents (14ms)
		FinalizeReload (0ms)
			ReleaseScriptCaches (0ms)
			RebuildScriptCaches (0ms)
			SetupLoadedEditorAssemblies (454ms)
				LogAssemblyErrors (0ms)
				InitializePlatformSupportModulesInManaged (5ms)
				SetLoadedEditorAssemblies (3ms)
				RefreshPlugins (0ms)
				BeforeProcessingInitializeOnLoad (71ms)
				ProcessInitializeOnLoadAttributes (293ms)
				ProcessInitializeOnLoadMethodAttributes (75ms)
				AfterProcessingInitializeOnLoad (7ms)
				EditorAssembliesLoaded (0ms)
			ExecutionOrderSort2 (0ms)
			AwakeInstancesAfterBackupRestoration (6ms)
Launched and connected shader compiler UnityShaderCompiler.exe after 0.03 seconds
Refreshing native plugins compatible for Editor in 3.57 ms, found 3 plugins.
Preloading 0 native plugins for Editor in 0.00 ms.
Unloading 6225 Unused Serialized files (Serialized files now loaded: 0)
Unloading 86 unused Assets / (1.2 MB). Loaded Objects now: 6696.
Memory consumption went from 252.6 MB to 251.4 MB.
Total: 3.714600 ms (FindLiveObjects: 0.482400 ms CreateObjectMapping: 0.588100 ms MarkObjects: 2.319400 ms  DeleteObjects: 0.323500 ms)

AssetImportParameters requested are different than current active one (requested -> active):
  custom:container-demuxer-ogg: 62fdf1f143b41e24485cea50d1cbac27 -> 
  custom:video-decoder-ogg-theora: a1e56fd34408186e4bbccfd4996cb3dc -> 
  custom:framework-win-MediaFoundation: 216162199b28c13a410421893ffa2e32 -> 
  custom:container-demuxer-webm: 4f35f7cbe854078d1ac9338744f61a02 -> 
  custom:container-muxer-webm: aa71ff27fc2769a1b78a27578f13a17b -> 
  custom:video-decoder-webm-vp8: 9c59270c3fd7afecdb556c50c9e8de78 -> 
  custom:AudioImporter_EditorPlatform: d09bf68614088b80899f8185d706f6e7 -> 
  custom:video-encoder-webm-vp8: eb34c28f22e8b96e1ab97ce403110664 -> 
  custom:audio-decoder-ogg-vorbis: bf7c407c2cedff20999df2af8eb42d56 -> 
  custom:audio-encoder-webm-vorbis: bf7c407c2cedff20999df2af8eb42d56 -> 
========================================================================
Received Import Request.
  Time since last request: 1233.324355 seconds.
  path: Assets/Resources/Effects/Effect_ItemSet/ItemEffect_SwordAura.prefab
  artifactKey: Guid(c1e4e38f125cae643adf9ded8b7e7352) Importer(815301076,1909f56bfc062723c751e8b465ee728b)
Start importing Assets/Resources/Effects/Effect_ItemSet/ItemEffect_SwordAura.prefab using Guid(c1e4e38f125cae643adf9ded8b7e7352) Importer(815301076,1909f56bfc062723c751e8b465ee728b)  -> (artifact id: 'f460121584b2b6cbcf6a00d2aa0c0f9d') in 0.245508 seconds
Number of updated asset objects reloaded before import = 0
Number of asset objects unloaded after import = 15
========================================================================
Received Import Request.
  Time since last request: 1170.290034 seconds.
  path: Assets/Prefabs/Item/11_FIRE_4.prefab
  artifactKey: Guid(135dcab36dcf92b4fa728d0e68780d4d) Importer(815301076,1909f56bfc062723c751e8b465ee728b)
Start importing Assets/Prefabs/Item/11_FIRE_4.prefab using Guid(135dcab36dcf92b4fa728d0e68780d4d) Importer(815301076,1909f56bfc062723c751e8b465ee728b)  -> (artifact id: 'efe05ff205d4c11b4305b25bfeb29358') in 0.083220 seconds
Number of updated asset objects reloaded before import = 0
Number of asset objects unloaded after import = 12
========================================================================
Received Import Request.
  Time since last request: 0.023218 seconds.
  path: Assets/Images/Textures/Textures_UI_UX/Icons/Edit/Archer-E(fire).png
  artifactKey: Guid(5b22bb023bc2d2644a5ab0241bc8eac9) Importer(815301076,1909f56bfc062723c751e8b465ee728b)
Start importing Assets/Images/Textures/Textures_UI_UX/Icons/Edit/Archer-E(fire).png using Guid(5b22bb023bc2d2644a5ab0241bc8eac9) Importer(815301076,1909f56bfc062723c751e8b465ee728b)  -> (artifact id: '0fe7e46094a9afcbb72dde5dac2627fe') in 0.040947 seconds
Number of updated asset objects reloaded before import = 0
Number of asset objects unloaded after import = 3
========================================================================
Received Import Request.
  Time since last request: 0.016124 seconds.
  path: Assets/Images/Textures/Textures_UI_UX/Icons/Edit/Archer-W(fire).png
  artifactKey: Guid(a8a02fdbc48fca94ba69d23feb7a8230) Importer(815301076,1909f56bfc062723c751e8b465ee728b)
Start importing Assets/Images/Textures/Textures_UI_UX/Icons/Edit/Archer-W(fire).png using Guid(a8a02fdbc48fca94ba69d23feb7a8230) Importer(815301076,1909f56bfc062723c751e8b465ee728b)  -> (artifact id: 'd3b6fdf264ca271e4fb93fedfc6bbf70') in 0.015933 seconds
Number of updated asset objects reloaded before import = 0
Number of asset objects unloaded after import = 3
========================================================================
Received Import Request.
  Time since last request: 0.000017 seconds.
  path: Assets/Resources/Effects/Effect_Archer/Archer_Fire_Hit.prefab
  artifactKey: Guid(9c7b32e3a8018a04193b43c9a25dfcfa) Importer(815301076,1909f56bfc062723c751e8b465ee728b)
Start importing Assets/Resources/Effects/Effect_Archer/Archer_Fire_Hit.prefab using Guid(9c7b32e3a8018a04193b43c9a25dfcfa) Importer(815301076,1909f56bfc062723c751e8b465ee728b)  -> (artifact id: 'bba1d7f86cf689e2fbe5c6326eb707b2') in 0.073033 seconds
Number of updated asset objects reloaded before import = 0
Number of asset objects unloaded after import = 55
========================================================================
Received Import Request.
  Time since last request: 0.023130 seconds.
  path: Assets/Resources/Effects/Effect_Archer/CommonAttack_Fire1_Archer.prefab
  artifactKey: Guid(9cca9244d389ed44c988371d14ea2c9b) Importer(815301076,1909f56bfc062723c751e8b465ee728b)
Start importing Assets/Resources/Effects/Effect_Archer/CommonAttack_Fire1_Archer.prefab using Guid(9cca9244d389ed44c988371d14ea2c9b) Importer(815301076,1909f56bfc062723c751e8b465ee728b)  -> (artifact id: '253f7d7c5d66f1554022867bda32cd5b') in 0.242763 seconds
Number of updated asset objects reloaded before import = 0
Number of asset objects unloaded after import = 108
========================================================================
Received Import Request.
  Time since last request: 0.000018 seconds.
  path: Assets/DownloadAssets/100Effects/EffectsSet_2(ScriptBased)/Effects/Effect_03_FireCross/Effect_03_Parts/Effect_03_ChargeFireShot.prefab
  artifactKey: Guid(33fd6fce30640c64784fae27a0b5c71b) Importer(815301076,1909f56bfc062723c751e8b465ee728b)
Start importing Assets/DownloadAssets/100Effects/EffectsSet_2(ScriptBased)/Effects/Effect_03_FireCross/Effect_03_Parts/Effect_03_ChargeFireShot.prefab using Guid(33fd6fce30640c64784fae27a0b5c71b) Importer(815301076,1909f56bfc062723c751e8b465ee728b)  -> (artifact id: '3694afd318e5f8fd27cc1173bd99c0e8') in 0.077635 seconds
Number of updated asset objects reloaded before import = 0
Number of asset objects unloaded after import = 19
========================================================================
Received Import Request.
  Time since last request: 0.000051 seconds.
  path: Assets/Resources/Effects/Effect_Warrior/CommonAttack_Fire2_Warrior.prefab
  artifactKey: Guid(a5e384801ab6e674394a2f8164b9c1cd) Importer(815301076,1909f56bfc062723c751e8b465ee728b)
Start importing Assets/Resources/Effects/Effect_Warrior/CommonAttack_Fire2_Warrior.prefab using Guid(a5e384801ab6e674394a2f8164b9c1cd) Importer(815301076,1909f56bfc062723c751e8b465ee728b)  -> (artifact id: '20b67a81dcc15145f3935aa68d76341e') in 0.806356 seconds
Number of updated asset objects reloaded before import = 0
Number of asset objects unloaded after import = 153
========================================================================
Received Import Request.
  Time since last request: 1.717822 seconds.
  path: Assets/DownloadAssets/100Effects/EffectsSet_2(ScriptBased)/Effects/Effect_03_FireCross/Effect_03_FireCross.prefab
  artifactKey: Guid(0f2b3769ef85eba44b791e05dae772c7) Importer(815301076,1909f56bfc062723c751e8b465ee728b)
Start importing Assets/DownloadAssets/100Effects/EffectsSet_2(ScriptBased)/Effects/Effect_03_FireCross/Effect_03_FireCross.prefab using Guid(0f2b3769ef85eba44b791e05dae772c7) Importer(815301076,1909f56bfc062723c751e8b465ee728b)  -> (artifact id: '24cbb119aa56256f99701d2595883261') in 0.297853 seconds
Number of updated asset objects reloaded before import = 0
Number of asset objects unloaded after import = 96
========================================================================
Received Import Request.
  Time since last request: 0.053902 seconds.
  path: Assets/DownloadAssets/100Effects/EffectsSet_1(NotScriptBased)/Effects/Effect_20_RapidFire/Effect_20_RapidFire.prefab
  artifactKey: Guid(ce8bccf277d46ca41a7bf5058d9bfdfe) Importer(815301076,1909f56bfc062723c751e8b465ee728b)
Start importing Assets/DownloadAssets/100Effects/EffectsSet_1(NotScriptBased)/Effects/Effect_20_RapidFire/Effect_20_RapidFire.prefab using Guid(ce8bccf277d46ca41a7bf5058d9bfdfe) Importer(815301076,1909f56bfc062723c751e8b465ee728b)  -> (artifact id: '194f7105046e103eb3af1c3d0d6ab9aa') in 0.321199 seconds
Number of updated asset objects reloaded before import = 0
Number of asset objects unloaded after import = 66
========================================================================
Received Import Request.
  Time since last request: 0.000020 seconds.
  path: Assets/DownloadAssets/100Effects/EffectsSet_2(ScriptBased)/Effects/Effect_26_MultipleShell/Effect_26_HellofFire.prefab
  artifactKey: Guid(dd32edaa1de015a4ebee86288ceb4081) Importer(815301076,1909f56bfc062723c751e8b465ee728b)
Start importing Assets/DownloadAssets/100Effects/EffectsSet_2(ScriptBased)/Effects/Effect_26_MultipleShell/Effect_26_HellofFire.prefab using Guid(dd32edaa1de015a4ebee86288ceb4081) Importer(815301076,1909f56bfc062723c751e8b465ee728b)  -> (artifact id: 'a67e82c25ab0859b275835b0608d3a04') in 0.320627 seconds
Number of updated asset objects reloaded before import = 0
Number of asset objects unloaded after import = 75
========================================================================
Received Import Request.
  Time since last request: 0.000021 seconds.
  path: Assets/DownloadAssets/100Effects/EffectsSet_2(ScriptBased)/Effects/Effect_46_CyberAirTroopInvader/Effect_46_Parts/Effect_46_CyberOrbitalFire.prefab
  artifactKey: Guid(b9dbe5482aad2a040ab5562608aff600) Importer(815301076,1909f56bfc062723c751e8b465ee728b)
Start importing Assets/DownloadAssets/100Effects/EffectsSet_2(ScriptBased)/Effects/Effect_46_CyberAirTroopInvader/Effect_46_Parts/Effect_46_CyberOrbitalFire.prefab using Guid(b9dbe5482aad2a040ab5562608aff600) Importer(815301076,1909f56bfc062723c751e8b465ee728b)  -> (artifact id: '47b8c79ea70691bbac8f9901a2ea0671') in 0.202620 seconds
Number of updated asset objects reloaded before import = 0
Number of asset objects unloaded after import = 66
========================================================================
Received Import Request.
  Time since last request: 0.000016 seconds.
  path: Assets/DownloadAssets/Hovl Studio/Epic Toon VFX 4/Prefabs/Fire cuts.prefab
  artifactKey: Guid(08bd37a790254e54099adc7783aa040b) Importer(815301076,1909f56bfc062723c751e8b465ee728b)
Start importing Assets/DownloadAssets/Hovl Studio/Epic Toon VFX 4/Prefabs/Fire cuts.prefab using Guid(08bd37a790254e54099adc7783aa040b) Importer(815301076,1909f56bfc062723c751e8b465ee728b)  -> (artifact id: '443cb88b262a5b7beb085e022a15c288') in 0.027354 seconds
Number of updated asset objects reloaded before import = 0
Number of asset objects unloaded after import = 53
========================================================================
Received Import Request.
  Time since last request: 0.000027 seconds.
  path: Assets/Images/Textures/Textures_UI_UX/Icons/fire.png
  artifactKey: Guid(11010e52af5b41d40a6880cf0fc6637a) Importer(815301076,1909f56bfc062723c751e8b465ee728b)
Start importing Assets/Images/Textures/Textures_UI_UX/Icons/fire.png using Guid(11010e52af5b41d40a6880cf0fc6637a) Importer(815301076,1909f56bfc062723c751e8b465ee728b)  -> (artifact id: '7184b70327d4842e2ca75be548cc9f92') in 0.015613 seconds
Number of updated asset objects reloaded before import = 0
Number of asset objects unloaded after import = 3
========================================================================
Received Import Request.
  Time since last request: 0.034108 seconds.
  path: Assets/DownloadAssets/Hovl Studio/Epic Toon VFX 4/Prefabs/Fire meteors.prefab
  artifactKey: Guid(9bcb2e70b08de34489e210553cd39606) Importer(815301076,1909f56bfc062723c751e8b465ee728b)
Start importing Assets/DownloadAssets/Hovl Studio/Epic Toon VFX 4/Prefabs/Fire meteors.prefab using Guid(9bcb2e70b08de34489e210553cd39606) Importer(815301076,1909f56bfc062723c751e8b465ee728b)  -> (artifact id: '0b2a71e1f5e166be3dfee013181af65b') in 0.024767 seconds
Number of updated asset objects reloaded before import = 0
Number of asset objects unloaded after import = 42
========================================================================
Received Import Request.
  Time since last request: 0.002105 seconds.
  path: Assets/DownloadAssets/Hovl Studio/Epic Toon VFX 4/Prefabs/Fire prick.prefab
  artifactKey: Guid(a5a94b907892ea141ae65d635f9cf7ee) Importer(815301076,1909f56bfc062723c751e8b465ee728b)
Start importing Assets/DownloadAssets/Hovl Studio/Epic Toon VFX 4/Prefabs/Fire prick.prefab using Guid(a5a94b907892ea141ae65d635f9cf7ee) Importer(815301076,1909f56bfc062723c751e8b465ee728b)  -> (artifact id: '35c24216a70665c642b3aecaea320254') in 0.068298 seconds
Number of updated asset objects reloaded before import = 0
Number of asset objects unloaded after import = 23
========================================================================
Received Import Request.
  Time since last request: 2.290108 seconds.
  path: Assets/DownloadAssets/Hovl Studio/Epic Toon VFX 4/Prefabs/Fire thrower.prefab
  artifactKey: Guid(80553f729c499de4aa6877e4bd7aa33b) Importer(815301076,1909f56bfc062723c751e8b465ee728b)
Start importing Assets/DownloadAssets/Hovl Studio/Epic Toon VFX 4/Prefabs/Fire thrower.prefab using Guid(80553f729c499de4aa6877e4bd7aa33b) Importer(815301076,1909f56bfc062723c751e8b465ee728b)  -> (artifact id: '59e2e4e5732c1ecc8020e3133b5d5797') in 0.405860 seconds
Number of updated asset objects reloaded before import = 0
Number of asset objects unloaded after import = 93
========================================================================
Received Import Request.
  Time since last request: 0.000018 seconds.
  path: Assets/Prefabs/Prefab_Castle/Props/Fire_02.prefab
  artifactKey: Guid(1695a9f9845f13d4eb84b872521bfdf9) Importer(815301076,1909f56bfc062723c751e8b465ee728b)
Start importing Assets/Prefabs/Prefab_Castle/Props/Fire_02.prefab using Guid(1695a9f9845f13d4eb84b872521bfdf9) Importer(815301076,1909f56bfc062723c751e8b465ee728b)  -> (artifact id: '67ebd55347ca64d04085b6111a288837') in 0.070462 seconds
Number of updated asset objects reloaded before import = 0
Number of asset objects unloaded after import = 53
========================================================================
Received Import Request.
  Time since last request: 0.016242 seconds.
  path: Assets/DownloadAssets/100Effects/Textures/SimpleTextures/Fire_Single_2.png
  artifactKey: Guid(283b5fafcbdf1394dad88cf4457ee411) Importer(815301076,1909f56bfc062723c751e8b465ee728b)
Start importing Assets/DownloadAssets/100Effects/Textures/SimpleTextures/Fire_Single_2.png using Guid(283b5fafcbdf1394dad88cf4457ee411) Importer(815301076,1909f56bfc062723c751e8b465ee728b)  -> (artifact id: 'f388420284ff7ca79bd100474c2662ff') in 0.011208 seconds
Number of updated asset objects reloaded before import = 0
Number of asset objects unloaded after import = 2
========================================================================
Received Import Request.
  Time since last request: 0.043269 seconds.
  path: Assets/Images/Textures/Textures_Effect/Textures_Particle/FireFlower.png
  artifactKey: Guid(dfd621e97009c44438b505a539c46ef5) Importer(815301076,1909f56bfc062723c751e8b465ee728b)
Start importing Assets/Images/Textures/Textures_Effect/Textures_Particle/FireFlower.png using Guid(dfd621e97009c44438b505a539c46ef5) Importer(815301076,1909f56bfc062723c751e8b465ee728b)  -> (artifact id: '9395f1fa6b775c774ae2a2ed18b054a5') in 0.030446 seconds
Number of updated asset objects reloaded before import = 0
Number of asset objects unloaded after import = 3
========================================================================
Received Import Request.
  Time since last request: 0.164781 seconds.
  path: Assets/Images/Textures/Textures_Effect/Textures_Rogue/FirePath2.png
  artifactKey: Guid(93bebfd79a6b3cd469cd7ba459844b7b) Importer(815301076,1909f56bfc062723c751e8b465ee728b)
Start importing Assets/Images/Textures/Textures_Effect/Textures_Rogue/FirePath2.png using Guid(93bebfd79a6b3cd469cd7ba459844b7b) Importer(815301076,1909f56bfc062723c751e8b465ee728b)  -> (artifact id: 'fb4714913d29bd182338d2032f84e216') in 0.010913 seconds
Number of updated asset objects reloaded before import = 0
Number of asset objects unloaded after import = 2
========================================================================
Received Import Request.
  Time since last request: 1.203077 seconds.
  path: Assets/Prefabs/Prefab_Monster/Prefab_Cave/Magic fire 3.prefab
  artifactKey: Guid(2eced0de6197b0148b4d4627fbb10d71) Importer(815301076,1909f56bfc062723c751e8b465ee728b)
Start importing Assets/Prefabs/Prefab_Monster/Prefab_Cave/Magic fire 3.prefab using Guid(2eced0de6197b0148b4d4627fbb10d71) Importer(815301076,1909f56bfc062723c751e8b465ee728b)  -> (artifact id: '3c24a13a79e6f63daf975dcdcd2617a7') in 0.027707 seconds
Number of updated asset objects reloaded before import = 0
Number of asset objects unloaded after import = 23
========================================================================
Received Import Request.
  Time since last request: 0.160402 seconds.
  path: Assets/Prefabs/Prefab_Castle/Particles/Particles_Fire_03.prefab
  artifactKey: Guid(22a73079f416d9d41a42ddede8fd6e63) Importer(815301076,1909f56bfc062723c751e8b465ee728b)
Start importing Assets/Prefabs/Prefab_Castle/Particles/Particles_Fire_03.prefab using Guid(22a73079f416d9d41a42ddede8fd6e63) Importer(815301076,1909f56bfc062723c751e8b465ee728b)  -> (artifact id: 'cfaee3b72cb9a00a24322e8c270ea589') in 0.012570 seconds
Number of updated asset objects reloaded before import = 0
Number of asset objects unloaded after import = 23
========================================================================
Received Import Request.
  Time since last request: 0.166315 seconds.
  path: Assets/Resources/Effects/Effect_Wizard/SkillEffect_FireE1_Wizard.prefab
  artifactKey: Guid(cbf9ef310d5b2574fbe0ce7ec367eda1) Importer(815301076,1909f56bfc062723c751e8b465ee728b)
Start importing Assets/Resources/Effects/Effect_Wizard/SkillEffect_FireE1_Wizard.prefab using Guid(cbf9ef310d5b2574fbe0ce7ec367eda1) Importer(815301076,1909f56bfc062723c751e8b465ee728b)  -> (artifact id: 'f05834cbd35aef0137e269c5377dcea7') in 0.081243 seconds
Number of updated asset objects reloaded before import = 0
Number of asset objects unloaded after import = 137
========================================================================
Received Import Request.
  Time since last request: 0.642178 seconds.
  path: Assets/Resources/Effects/Effect_Archer/SkillEffect_FireQ_Archer.prefab
  artifactKey: Guid(0edd814ba6b67e24887e1ee5471102ea) Importer(815301076,1909f56bfc062723c751e8b465ee728b)
Start importing Assets/Resources/Effects/Effect_Archer/SkillEffect_FireQ_Archer.prefab using Guid(0edd814ba6b67e24887e1ee5471102ea) Importer(815301076,1909f56bfc062723c751e8b465ee728b)  -> (artifact id: 'dd1cc1b2dd86fe355b9749843ff83db8') in 0.024659 seconds
Number of updated asset objects reloaded before import = 0
Number of asset objects unloaded after import = 149
========================================================================
Received Import Request.
  Time since last request: 0.025002 seconds.
  path: Assets/Resources/Effects/Effect_Wizard/SkillEffect_FireQ_Wizard.prefab
  artifactKey: Guid(eaef6a92893f0ec45b788e01182160b5) Importer(815301076,1909f56bfc062723c751e8b465ee728b)
Start importing Assets/Resources/Effects/Effect_Wizard/SkillEffect_FireQ_Wizard.prefab using Guid(eaef6a92893f0ec45b788e01182160b5) Importer(815301076,1909f56bfc062723c751e8b465ee728b)  -> (artifact id: 'c354908625e5886433373627507c00eb') in 0.080239 seconds
Number of updated asset objects reloaded before import = 0
Number of asset objects unloaded after import = 33
========================================================================
Received Import Request.
  Time since last request: 0.000019 seconds.
  path: Assets/Resources/Effects/Effect_Rogue/Ex/SkillEffect_FireW_Rogue.prefab
  artifactKey: Guid(f429fca5197cf3d449977ab905fa3a88) Importer(815301076,1909f56bfc062723c751e8b465ee728b)
Start importing Assets/Resources/Effects/Effect_Rogue/Ex/SkillEffect_FireW_Rogue.prefab using Guid(f429fca5197cf3d449977ab905fa3a88) Importer(815301076,1909f56bfc062723c751e8b465ee728b)  -> (artifact id: 'f9e176ebb4246baa93bcd79c40d8dccd') in 0.023167 seconds
Number of updated asset objects reloaded before import = 0
Number of asset objects unloaded after import = 44
========================================================================
Received Import Request.
  Time since last request: 0.000015 seconds.
  path: Assets/Resources/Effects/Effect_Wizard/SkillEffect_FireW_Wizard.prefab
  artifactKey: Guid(d02869c42146b0340ada37b17587f0c0) Importer(815301076,1909f56bfc062723c751e8b465ee728b)
Start importing Assets/Resources/Effects/Effect_Wizard/SkillEffect_FireW_Wizard.prefab using Guid(d02869c42146b0340ada37b17587f0c0) Importer(815301076,1909f56bfc062723c751e8b465ee728b)  -> (artifact id: 'ab53c94b4deaa8bc08427d4f5db0641a') in 0.069357 seconds
Number of updated asset objects reloaded before import = 0
Number of asset objects unloaded after import = 94
========================================================================
Received Import Request.
  Time since last request: 0.935725 seconds.
  path: Assets/Images/Textures/Textures_UI_UX/Icons/Edit/Wizard-Q(fire).png
  artifactKey: Guid(267a81d097ffb764195191c0b81e2b04) Importer(815301076,1909f56bfc062723c751e8b465ee728b)
Start importing Assets/Images/Textures/Textures_UI_UX/Icons/Edit/Wizard-Q(fire).png using Guid(267a81d097ffb764195191c0b81e2b04) Importer(815301076,1909f56bfc062723c751e8b465ee728b)  -> (artifact id: 'e7e0d50e0199fd27fdb47d6745126d4d') in 0.016267 seconds
Number of updated asset objects reloaded before import = 0
Number of asset objects unloaded after import = 3
Editor requested this worker to shutdown with reason: Scaling down because of idle timeout
TcpMessagingSession - receive error: operation aborted. errorcode: 995, details: 스레드 종료 또는 응용 프로그램 요청 때문에 I/O 작업이 취소되었습니다.
AssetImportWorker is now disconnected from the server
Process exiting
Exiting without the bug reporter. Application will terminate with return code 0