Using pre-set license
Built from '2022.2/staging' branch; Version is '2022.2.20f1 (c5d806317f84) revision 12965894'; Using compiler version '192829333'; Build Type 'Release'
OS: 'Windows 10  (10.0.19045) 64bit Core' Language: 'ko' Physical Memory: 32698 MB
BatchMode: 1, IsHumanControllingUs: 0, StartBugReporterOnCrash: 0, Is64bit: 1, IsPro: 1

COMMAND LINE ARGUMENTS:
C:\Program Files\Unity\Hub\Editor\2022.2.20f1\Editor\Unity.exe
-adb2
-batchMode
-noUpm
-name
AssetImportWorker12
-projectPath
D:/Unity/POP/Power_of_Personality
-logFile
Logs/AssetImportWorker12.log
-srvPort
50319
Successfully changed project path to: D:/Unity/POP/Power_of_Personality
D:/Unity/POP/Power_of_Personality
[UnityMemory] Configuration Parameters - Can be set up in boot.config
    "memorysetup-bucket-allocator-granularity=16"
    "memorysetup-bucket-allocator-bucket-count=8"
    "memorysetup-bucket-allocator-block-size=33554432"
    "memorysetup-bucket-allocator-block-count=8"
    "memorysetup-main-allocator-block-size=16777216"
    "memorysetup-thread-allocator-block-size=16777216"
    "memorysetup-gfx-main-allocator-block-size=16777216"
    "memorysetup-gfx-thread-allocator-block-size=16777216"
    "memorysetup-cache-allocator-block-size=4194304"
    "memorysetup-typetree-allocator-block-size=2097152"
    "memorysetup-profiler-bucket-allocator-granularity=16"
    "memorysetup-profiler-bucket-allocator-bucket-count=8"
    "memorysetup-profiler-bucket-allocator-block-size=33554432"
    "memorysetup-profiler-bucket-allocator-block-count=8"
    "memorysetup-profiler-allocator-block-size=16777216"
    "memorysetup-profiler-editor-allocator-block-size=1048576"
    "memorysetup-temp-allocator-size-main=16777216"
    "memorysetup-job-temp-allocator-block-size=2097152"
    "memorysetup-job-temp-allocator-block-size-background=1048576"
    "memorysetup-job-temp-allocator-reduction-small-platforms=262144"
    "memorysetup-temp-allocator-size-background-worker=32768"
    "memorysetup-temp-allocator-size-job-worker=262144"
    "memorysetup-temp-allocator-size-preload-manager=33554432"
    "memorysetup-temp-allocator-size-nav-mesh-worker=65536"
    "memorysetup-temp-allocator-size-audio-worker=65536"
    "memorysetup-temp-allocator-size-cloud-worker=32768"
    "memorysetup-temp-allocator-size-gi-baking-worker=262144"
    "memorysetup-temp-allocator-size-gfx=262144"
Player connection [17036] Host "[IP] 192.168.0.23 [Port] 0 [Flags] 2 [Guid] 3753057848 [EditorId] 3753057848 [Version] 1048832 [Id] WindowsEditor(7,DESKTOP-IMUE91T) [Debug] 1 [PackageName] WindowsEditor [ProjectName] Editor" joined multi-casting on [225.0.0.222:54997]...

Player connection [17036] Host "[IP] 192.168.0.23 [Port] 0 [Flags] 2 [Guid] 3753057848 [EditorId] 3753057848 [Version] 1048832 [Id] WindowsEditor(7,DESKTOP-IMUE91T) [Debug] 1 [PackageName] WindowsEditor [ProjectName] Editor" joined alternative multi-casting on [225.0.0.222:34997]...

Refreshing native plugins compatible for Editor in 9.87 ms, found 3 plugins.
Preloading 0 native plugins for Editor in 0.00 ms.
Initialize engine version: 2022.2.20f1 (c5d806317f84)
[Subsystems] Discovering subsystems at path C:/Program Files/Unity/Hub/Editor/2022.2.20f1/Editor/Data/Resources/UnitySubsystems
[Subsystems] Discovering subsystems at path D:/Unity/POP/Power_of_Personality/Assets
GfxDevice: creating device client; threaded=0; jobified=0
Direct3D:
    Version:  Direct3D 11.0 [level 11.1]
    Renderer: NVIDIA GeForce RTX 3070 (ID=0x2484)
    Vendor:   NVIDIA
    VRAM:     8018 MB
    Driver:   31.0.15.5176
Initialize mono
Mono path[0] = 'C:/Program Files/Unity/Hub/Editor/2022.2.20f1/Editor/Data/Managed'
Mono path[1] = 'C:/Program Files/Unity/Hub/Editor/2022.2.20f1/Editor/Data/MonoBleedingEdge/lib/mono/unityjit-win32'
Mono config path = 'C:/Program Files/Unity/Hub/Editor/2022.2.20f1/Editor/Data/MonoBleedingEdge/etc'
Using monoOptions --debugger-agent=transport=dt_socket,embedding=1,server=y,suspend=n,address=127.0.0.1:56188
Begin MonoManager ReloadAssembly
Registering precompiled unity dll's ...
Register platform support module: C:/Program Files/Unity/Hub/Editor/2022.2.20f1/Editor/Data/PlaybackEngines/WindowsStandaloneSupport/UnityEditor.WindowsStandalone.Extensions.dll
Registered in 0.006831 seconds.
- Loaded All Assemblies, in  0.292 seconds
Native extension for WindowsStandalone target not found
Mono: successfully reloaded assembly
- Finished resetting the current domain, in  0.237 seconds
Domain Reload Profiling:
	ReloadAssembly (170ms)
		BeginReloadAssembly (74ms)
			ExecutionOrderSort (0ms)
			DisableScriptedObjects (0ms)
			BackupInstance (0ms)
			ReleaseScriptingObjects (0ms)
			CreateAndSetChildDomain (1ms)
		LoadAllAssembliesAndSetupDomain (0ms)
			LoadAssemblies (72ms)
			RebuildTransferFunctionScriptingTraits (0ms)
			SetupTypeCache (115ms)
				TypeCache.Initialize (115ms)
					TypeCache.ScanAssembly (113ms)
				ResolveRequiredComponents (0ms)
		FinalizeReload (0ms)
			ReleaseScriptCaches (0ms)
			RebuildScriptCaches (0ms)
			SetupLoadedEditorAssemblies (185ms)
				LogAssemblyErrors (0ms)
				InitializePlatformSupportModulesInManaged (8ms)
				SetLoadedEditorAssemblies (7ms)
				RefreshPlugins (0ms)
				BeforeProcessingInitializeOnLoad (1ms)
				ProcessInitializeOnLoadAttributes (127ms)
				ProcessInitializeOnLoadMethodAttributes (42ms)
				AfterProcessingInitializeOnLoad (0ms)
				EditorAssembliesLoaded (0ms)
			ExecutionOrderSort2 (0ms)
			AwakeInstancesAfterBackupRestoration (0ms)
========================================================================
Worker process is ready to serve import requests
Begin MonoManager ReloadAssembly
Symbol file LoadedFromMemory doesn't match image D:\Unity\POP\Power_of_Personality\Library\PackageCache\com.unity.visualscripting@1.8.0\Editor\VisualScripting.Core\Dependencies\YamlDotNet\Unity.VisualScripting.YamlDotNet.dll
Symbol file LoadedFromMemory doesn't match image D:\Unity\POP\Power_of_Personality\Library\PackageCache\com.unity.visualscripting@1.8.0\Editor\VisualScripting.Core\Dependencies\DotNetZip\Unity.VisualScripting.IonicZip.dll
- Loaded All Assemblies, in  0.803 seconds
Refreshing native plugins compatible for Editor in 3.18 ms, found 3 plugins.
Native extension for WindowsStandalone target not found
Mono: successfully reloaded assembly
- Finished resetting the current domain, in  2.682 seconds
Domain Reload Profiling:
	ReloadAssembly (206ms)
		BeginReloadAssembly (123ms)
			ExecutionOrderSort (0ms)
			DisableScriptedObjects (5ms)
			BackupInstance (0ms)
			ReleaseScriptingObjects (0ms)
			CreateAndSetChildDomain (22ms)
		LoadAllAssembliesAndSetupDomain (594ms)
			LoadAssemblies (284ms)
			RebuildTransferFunctionScriptingTraits (0ms)
			SetupTypeCache (368ms)
				TypeCache.Initialize (329ms)
					TypeCache.ScanAssembly (325ms)
				ResolveRequiredComponents (14ms)
		FinalizeReload (0ms)
			ReleaseScriptCaches (0ms)
			RebuildScriptCaches (0ms)
			SetupLoadedEditorAssemblies (2496ms)
				LogAssemblyErrors (0ms)
				InitializePlatformSupportModulesInManaged (6ms)
				SetLoadedEditorAssemblies (3ms)
				RefreshPlugins (0ms)
				BeforeProcessingInitializeOnLoad (73ms)
				ProcessInitializeOnLoadAttributes (2316ms)
				ProcessInitializeOnLoadMethodAttributes (91ms)
				AfterProcessingInitializeOnLoad (7ms)
				EditorAssembliesLoaded (0ms)
			ExecutionOrderSort2 (0ms)
			AwakeInstancesAfterBackupRestoration (8ms)
Launched and connected shader compiler UnityShaderCompiler.exe after 0.03 seconds
Refreshing native plugins compatible for Editor in 4.14 ms, found 3 plugins.
Preloading 0 native plugins for Editor in 0.00 ms.
Unloading 6225 Unused Serialized files (Serialized files now loaded: 0)
Unloading 86 unused Assets / (1.2 MB). Loaded Objects now: 6696.
Memory consumption went from 252.8 MB to 251.6 MB.
Total: 3.588500 ms (FindLiveObjects: 0.446600 ms CreateObjectMapping: 0.501700 ms MarkObjects: 2.308800 ms  DeleteObjects: 0.330700 ms)

AssetImportParameters requested are different than current active one (requested -> active):
  custom:container-demuxer-ogg: 62fdf1f143b41e24485cea50d1cbac27 -> 
  custom:video-decoder-ogg-theora: a1e56fd34408186e4bbccfd4996cb3dc -> 
  custom:framework-win-MediaFoundation: 216162199b28c13a410421893ffa2e32 -> 
  custom:container-demuxer-webm: 4f35f7cbe854078d1ac9338744f61a02 -> 
  custom:container-muxer-webm: aa71ff27fc2769a1b78a27578f13a17b -> 
  custom:video-decoder-webm-vp8: 9c59270c3fd7afecdb556c50c9e8de78 -> 
  custom:AudioImporter_EditorPlatform: d09bf68614088b80899f8185d706f6e7 -> 
  custom:video-encoder-webm-vp8: eb34c28f22e8b96e1ab97ce403110664 -> 
  custom:audio-decoder-ogg-vorbis: bf7c407c2cedff20999df2af8eb42d56 -> 
  custom:audio-encoder-webm-vorbis: bf7c407c2cedff20999df2af8eb42d56 -> 
========================================================================
Received Import Request.
  Time since last request: 3835.360477 seconds.
  path: Assets/DownloadAssets/100Effects/EffectsSet_2(ScriptBased)/Materials/Effect_46_Materials/Effect_46_Beam_4.mat
  artifactKey: Guid(8383b19ea088efb4ab6ea7b986331f28) Importer(815301076,1909f56bfc062723c751e8b465ee728b)
Start importing Assets/DownloadAssets/100Effects/EffectsSet_2(ScriptBased)/Materials/Effect_46_Materials/Effect_46_Beam_4.mat using Guid(8383b19ea088efb4ab6ea7b986331f28) Importer(815301076,1909f56bfc062723c751e8b465ee728b)  -> (artifact id: 'a3b64e216ee0aabbe673b9de3170597c') in 0.323134 seconds
Number of updated asset objects reloaded before import = 0
Number of asset objects unloaded after import = 8
========================================================================
Received Import Request.
  Time since last request: 0.014940 seconds.
  path: Assets/DownloadAssets/100Effects/EffectsSet_2(ScriptBased)/Materials/Effect_46_Materials/Effect_46_Body_2.mat
  artifactKey: Guid(2fab268af27a92240865585fbf140a2f) Importer(815301076,1909f56bfc062723c751e8b465ee728b)
Start importing Assets/DownloadAssets/100Effects/EffectsSet_2(ScriptBased)/Materials/Effect_46_Materials/Effect_46_Body_2.mat using Guid(2fab268af27a92240865585fbf140a2f) Importer(815301076,1909f56bfc062723c751e8b465ee728b)  -> (artifact id: '4a2da359f6fb8c6b10536738b44c8d21') in 0.104377 seconds
Number of updated asset objects reloaded before import = 0
Number of asset objects unloaded after import = 6
========================================================================
Received Import Request.
  Time since last request: 0.133771 seconds.
  path: Assets/DownloadAssets/100Effects/EffectsSet_2(ScriptBased)/Materials/Effect_46_Materials/Effect_46_Body_4.mat
  artifactKey: Guid(169e9d096e427b44a8d9a1d279d64d58) Importer(815301076,1909f56bfc062723c751e8b465ee728b)
Start importing Assets/DownloadAssets/100Effects/EffectsSet_2(ScriptBased)/Materials/Effect_46_Materials/Effect_46_Body_4.mat using Guid(169e9d096e427b44a8d9a1d279d64d58) Importer(815301076,1909f56bfc062723c751e8b465ee728b)  -> (artifact id: '1033af0926f58440b9638116609a192f') in 0.072191 seconds
Number of updated asset objects reloaded before import = 0
Number of asset objects unloaded after import = 7
========================================================================
Received Import Request.
  Time since last request: 0.377550 seconds.
  path: Assets/DownloadAssets/100Effects/EffectsSet_2(ScriptBased)/Materials/Effect_46_Materials/Effect_46_Body_8.mat
  artifactKey: Guid(ac1bc3f60cb79e542a13fe81845cfbb5) Importer(815301076,1909f56bfc062723c751e8b465ee728b)
Start importing Assets/DownloadAssets/100Effects/EffectsSet_2(ScriptBased)/Materials/Effect_46_Materials/Effect_46_Body_8.mat using Guid(ac1bc3f60cb79e542a13fe81845cfbb5) Importer(815301076,1909f56bfc062723c751e8b465ee728b)  -> (artifact id: '41e972eba4f9068e538e4cbabf1f5717') in 0.025040 seconds
Number of updated asset objects reloaded before import = 0
Number of asset objects unloaded after import = 6
========================================================================
Received Import Request.
  Time since last request: 0.003132 seconds.
  path: Assets/DownloadAssets/100Effects/EffectsSet_2(ScriptBased)/Materials/Effect_46_Materials/Effect_46_Bomb.mat
  artifactKey: Guid(ebb73c21d2531d04cb739a2ea7a6f532) Importer(815301076,1909f56bfc062723c751e8b465ee728b)
Start importing Assets/DownloadAssets/100Effects/EffectsSet_2(ScriptBased)/Materials/Effect_46_Materials/Effect_46_Bomb.mat using Guid(ebb73c21d2531d04cb739a2ea7a6f532) Importer(815301076,1909f56bfc062723c751e8b465ee728b)  -> (artifact id: '0aa82477f9c5d5acd36e2335d13ce046') in 0.016209 seconds
Number of updated asset objects reloaded before import = 0
Number of asset objects unloaded after import = 5
========================================================================
Received Import Request.
  Time since last request: 0.038008 seconds.
  path: Assets/DownloadAssets/100Effects/EffectsSet_2(ScriptBased)/Materials/Effect_46_Materials/Effect_46_Circle.mat
  artifactKey: Guid(467ccab08a252d546a5ce62ad69204ff) Importer(815301076,1909f56bfc062723c751e8b465ee728b)
Start importing Assets/DownloadAssets/100Effects/EffectsSet_2(ScriptBased)/Materials/Effect_46_Materials/Effect_46_Circle.mat using Guid(467ccab08a252d546a5ce62ad69204ff) Importer(815301076,1909f56bfc062723c751e8b465ee728b)  -> (artifact id: 'e679f5192d9f2a7507a2e4a1363c54d0') in 0.016959 seconds
Number of updated asset objects reloaded before import = 0
Number of asset objects unloaded after import = 5
========================================================================
Received Import Request.
  Time since last request: 0.983822 seconds.
  path: Assets/DownloadAssets/100Effects/EffectsSet_2(ScriptBased)/Materials/Effect_46_Materials/Effect_46_EnergyProjectile.mat
  artifactKey: Guid(247eec47bee3fd3479e589a752c50074) Importer(815301076,1909f56bfc062723c751e8b465ee728b)
Start importing Assets/DownloadAssets/100Effects/EffectsSet_2(ScriptBased)/Materials/Effect_46_Materials/Effect_46_EnergyProjectile.mat using Guid(247eec47bee3fd3479e589a752c50074) Importer(815301076,1909f56bfc062723c751e8b465ee728b)  -> (artifact id: '1303927816388cebef815c1995e49d36') in 0.018227 seconds
Number of updated asset objects reloaded before import = 0
Number of asset objects unloaded after import = 3
========================================================================
Received Import Request.
  Time since last request: 0.030209 seconds.
  path: Assets/DownloadAssets/100Effects/EffectsSet_2(ScriptBased)/Materials/Effect_46_Materials/Effect_46_EnergyProjectile_3.mat
  artifactKey: Guid(31f592c79defd5143b746040ab61ff78) Importer(815301076,1909f56bfc062723c751e8b465ee728b)
Start importing Assets/DownloadAssets/100Effects/EffectsSet_2(ScriptBased)/Materials/Effect_46_Materials/Effect_46_EnergyProjectile_3.mat using Guid(31f592c79defd5143b746040ab61ff78) Importer(815301076,1909f56bfc062723c751e8b465ee728b)  -> (artifact id: '0e0e7e7dcd8a348061dc1a8f80821ed9') in 0.020097 seconds
Number of updated asset objects reloaded before import = 0
Number of asset objects unloaded after import = 3
========================================================================
Received Import Request.
  Time since last request: 0.340348 seconds.
  path: Assets/DownloadAssets/100Effects/EffectsSet_2(ScriptBased)/Materials/Effect_46_Materials/Effect_46_Explosion_2.mat
  artifactKey: Guid(eaed17206e9c82b478d0ad82a8eef06e) Importer(815301076,1909f56bfc062723c751e8b465ee728b)
Start importing Assets/DownloadAssets/100Effects/EffectsSet_2(ScriptBased)/Materials/Effect_46_Materials/Effect_46_Explosion_2.mat using Guid(eaed17206e9c82b478d0ad82a8eef06e) Importer(815301076,1909f56bfc062723c751e8b465ee728b)  -> (artifact id: 'e9099ad2a968729892af8f51251b934e') in 0.020676 seconds
Number of updated asset objects reloaded before import = 0
Number of asset objects unloaded after import = 4
========================================================================
Received Import Request.
  Time since last request: 0.376627 seconds.
  path: Assets/DownloadAssets/100Effects/EffectsSet_2(ScriptBased)/Materials/Effect_46_Materials/Effect_46_Explosion_6.mat
  artifactKey: Guid(5e93a1e2522ce9844a1b52acd82453fd) Importer(815301076,1909f56bfc062723c751e8b465ee728b)
Start importing Assets/DownloadAssets/100Effects/EffectsSet_2(ScriptBased)/Materials/Effect_46_Materials/Effect_46_Explosion_6.mat using Guid(5e93a1e2522ce9844a1b52acd82453fd) Importer(815301076,1909f56bfc062723c751e8b465ee728b)  -> (artifact id: '8fcf1b826cc8b5c46c0b466fd005ac49') in 0.052739 seconds
Number of updated asset objects reloaded before import = 0
Number of asset objects unloaded after import = 5
========================================================================
Received Import Request.
  Time since last request: 0.384466 seconds.
  path: Assets/DownloadAssets/100Effects/EffectsSet_2(ScriptBased)/Materials/Effect_46_Materials/Effect_46_Impact_3.mat
  artifactKey: Guid(4f0c6d60ee9d35945ae40a0f136e0fa5) Importer(815301076,1909f56bfc062723c751e8b465ee728b)
Start importing Assets/DownloadAssets/100Effects/EffectsSet_2(ScriptBased)/Materials/Effect_46_Materials/Effect_46_Impact_3.mat using Guid(4f0c6d60ee9d35945ae40a0f136e0fa5) Importer(815301076,1909f56bfc062723c751e8b465ee728b)  -> (artifact id: '230296db3673ecd6c201de9b14b99342') in 0.019949 seconds
Number of updated asset objects reloaded before import = 0
Number of asset objects unloaded after import = 6
========================================================================
Received Import Request.
  Time since last request: 0.236751 seconds.
  path: Assets/DownloadAssets/100Effects/EffectsSet_2(ScriptBased)/Materials/Effect_46_Materials/Effect_46_LightningImpact_2.mat
  artifactKey: Guid(36487b169cd50ae47b5587d7e0e7e4bf) Importer(815301076,1909f56bfc062723c751e8b465ee728b)
Start importing Assets/DownloadAssets/100Effects/EffectsSet_2(ScriptBased)/Materials/Effect_46_Materials/Effect_46_LightningImpact_2.mat using Guid(36487b169cd50ae47b5587d7e0e7e4bf) Importer(815301076,1909f56bfc062723c751e8b465ee728b)  -> (artifact id: '058537e9f0436ae046872d68a1c87d2f') in 0.018852 seconds
Number of updated asset objects reloaded before import = 0
Number of asset objects unloaded after import = 7
========================================================================
Received Import Request.
  Time since last request: 0.578457 seconds.
  path: Assets/DownloadAssets/100Effects/EffectsSet_2(ScriptBased)/Materials/Effect_46_Materials/Effect_46_Ring_2.mat
  artifactKey: Guid(60fcdcb609c55104292f8c6bae944075) Importer(815301076,1909f56bfc062723c751e8b465ee728b)
Start importing Assets/DownloadAssets/100Effects/EffectsSet_2(ScriptBased)/Materials/Effect_46_Materials/Effect_46_Ring_2.mat using Guid(60fcdcb609c55104292f8c6bae944075) Importer(815301076,1909f56bfc062723c751e8b465ee728b)  -> (artifact id: 'a73fedf25b7b13a5846ab1a69f7a675d') in 0.015497 seconds
Number of updated asset objects reloaded before import = 0
Number of asset objects unloaded after import = 5
========================================================================
Received Import Request.
  Time since last request: 0.188746 seconds.
  path: Assets/DownloadAssets/100Effects/EffectsSet_2(ScriptBased)/Materials/Effect_46_Materials/Effect_46_Ring_4.mat
  artifactKey: Guid(0593602f8e4103d4bad142402d0236f7) Importer(815301076,1909f56bfc062723c751e8b465ee728b)
Start importing Assets/DownloadAssets/100Effects/EffectsSet_2(ScriptBased)/Materials/Effect_46_Materials/Effect_46_Ring_4.mat using Guid(0593602f8e4103d4bad142402d0236f7) Importer(815301076,1909f56bfc062723c751e8b465ee728b)  -> (artifact id: 'c4eede6c95985384f469d90d09798a81') in 0.013675 seconds
Number of updated asset objects reloaded before import = 0
Number of asset objects unloaded after import = 5
========================================================================
Received Import Request.
  Time since last request: 0.039308 seconds.
  path: Assets/DownloadAssets/100Effects/EffectsSet_2(ScriptBased)/Materials/Effect_46_Materials/Effect_46_ShockwaveRing_2.mat
  artifactKey: Guid(8bf8ebcd63aba204c8a4c22726dfbb89) Importer(815301076,1909f56bfc062723c751e8b465ee728b)
Start importing Assets/DownloadAssets/100Effects/EffectsSet_2(ScriptBased)/Materials/Effect_46_Materials/Effect_46_ShockwaveRing_2.mat using Guid(8bf8ebcd63aba204c8a4c22726dfbb89) Importer(815301076,1909f56bfc062723c751e8b465ee728b)  -> (artifact id: '1bb7ffb88c0d004164776bc26b51d072') in 0.278998 seconds
Number of updated asset objects reloaded before import = 0
Number of asset objects unloaded after import = 6
========================================================================
Received Import Request.
  Time since last request: 41.581442 seconds.
  path: Assets/DownloadAssets/Hovl Studio/HSFiles/Materials/FlashGroundCG.mat
  artifactKey: Guid(d0dd96ddc26229741937dc559d246b7a) Importer(815301076,1909f56bfc062723c751e8b465ee728b)
Start importing Assets/DownloadAssets/Hovl Studio/HSFiles/Materials/FlashGroundCG.mat using Guid(d0dd96ddc26229741937dc559d246b7a) Importer(815301076,1909f56bfc062723c751e8b465ee728b)  -> (artifact id: 'cc5b735719faac72c893ea46e05c02df') in 0.011566 seconds
Number of updated asset objects reloaded before import = 0
Number of asset objects unloaded after import = 3
========================================================================
Received Import Request.
  Time since last request: 1.365284 seconds.
  path: Assets/DownloadAssets/Hovl Studio/Magic effects pack/Materials/Floor3.mat
  artifactKey: Guid(ef7dedceb4e81d94fa2fe3f892e32e2b) Importer(815301076,1909f56bfc062723c751e8b465ee728b)
Start importing Assets/DownloadAssets/Hovl Studio/Magic effects pack/Materials/Floor3.mat using Guid(ef7dedceb4e81d94fa2fe3f892e32e2b) Importer(815301076,1909f56bfc062723c751e8b465ee728b)  -> (artifact id: 'fe1379a644abe61164f8572b2ba80d15') in 0.018420 seconds
Number of updated asset objects reloaded before import = 0
Number of asset objects unloaded after import = 6
========================================================================
Received Import Request.
  Time since last request: 0.680393 seconds.
  path: Assets/Images/Materials/Material_Effect/Materials_Flowers/FlowerC.mat
  artifactKey: Guid(bdf2c6492ce04d34f98219c399e35ebc) Importer(815301076,1909f56bfc062723c751e8b465ee728b)
Start importing Assets/Images/Materials/Material_Effect/Materials_Flowers/FlowerC.mat using Guid(bdf2c6492ce04d34f98219c399e35ebc) Importer(815301076,1909f56bfc062723c751e8b465ee728b)  -> (artifact id: '4e9af6a58e288db34f560fd84777e5cc') in 0.010478 seconds
Number of updated asset objects reloaded before import = 0
Number of asset objects unloaded after import = 2
========================================================================
Received Import Request.
  Time since last request: 0.956386 seconds.
  path: Assets/Images/Materials/Material_Effect/Materials_Flowers/FlowerG.mat
  artifactKey: Guid(fd8fda9e6fceb4c4b86975ef4fce9f9b) Importer(815301076,1909f56bfc062723c751e8b465ee728b)
Start importing Assets/Images/Materials/Material_Effect/Materials_Flowers/FlowerG.mat using Guid(fd8fda9e6fceb4c4b86975ef4fce9f9b) Importer(815301076,1909f56bfc062723c751e8b465ee728b)  -> (artifact id: 'd33514aaea51de057a6fc29bd4fb9bbb') in 0.027123 seconds
Number of updated asset objects reloaded before import = 0
Number of asset objects unloaded after import = 3
========================================================================
Received Import Request.
  Time since last request: 4.073030 seconds.
  path: Assets/URP/Shader/Tonado-graph.shadergraph
  artifactKey: Guid(3681537dca60d0a44b20ee505ba29dd9) Importer(815301076,1909f56bfc062723c751e8b465ee728b)
Start importing Assets/URP/Shader/Tonado-graph.shadergraph using Guid(3681537dca60d0a44b20ee505ba29dd9) Importer(815301076,1909f56bfc062723c751e8b465ee728b)  -> (artifact id: 'a35815b274499a8e72784b22e644c9a4') in 0.021587 seconds
Number of updated asset objects reloaded before import = 0
Number of asset objects unloaded after import = 2
========================================================================
Received Import Request.
  Time since last request: 0.000019 seconds.
  path: Assets/DownloadAssets/Hovl Studio/Render Pipelines support/Shaders/URP_BlendDistort.shadergraph
  artifactKey: Guid(b67f4d0823551f74b96e7818f3d28baa) Importer(815301076,1909f56bfc062723c751e8b465ee728b)
Start importing Assets/DownloadAssets/Hovl Studio/Render Pipelines support/Shaders/URP_BlendDistort.shadergraph using Guid(b67f4d0823551f74b96e7818f3d28baa) Importer(815301076,1909f56bfc062723c751e8b465ee728b)  -> (artifact id: '3616e383d92d9b07d960a89a46444976') in 0.011723 seconds
Number of updated asset objects reloaded before import = 0
Number of asset objects unloaded after import = 2
========================================================================
Received Import Request.
  Time since last request: 0.671215 seconds.
  path: Assets/Images/Materials/Material_Forest/MAT_TREE_PROXY.mat
  artifactKey: Guid(68868d5031a7d0142bf8a7def4f65eb9) Importer(815301076,1909f56bfc062723c751e8b465ee728b)
Start importing Assets/Images/Materials/Material_Forest/MAT_TREE_PROXY.mat using Guid(68868d5031a7d0142bf8a7def4f65eb9) Importer(815301076,1909f56bfc062723c751e8b465ee728b)  -> (artifact id: 'ea561836dbbb25a30e6fe8592ebaedcf') in 0.228032 seconds
Number of updated asset objects reloaded before import = 0
Number of asset objects unloaded after import = 3
========================================================================
Received Import Request.
  Time since last request: 0.039147 seconds.
  path: Assets/TextMesh Pro/Resources/Fonts & Materials/LiberationSans SDF - Drop Shadow.mat
  artifactKey: Guid(e73a58f6e2794ae7b1b7e50b7fb811b0) Importer(815301076,1909f56bfc062723c751e8b465ee728b)
Start importing Assets/TextMesh Pro/Resources/Fonts & Materials/LiberationSans SDF - Drop Shadow.mat using Guid(e73a58f6e2794ae7b1b7e50b7fb811b0) Importer(815301076,1909f56bfc062723c751e8b465ee728b)  -> (artifact id: '4fbcc7d917bcf329ff0d499087c32d9f') in 0.585526 seconds
Number of updated asset objects reloaded before import = 0
Number of asset objects unloaded after import = 3
========================================================================
Received Import Request.
  Time since last request: 3.094345 seconds.
  path: Assets/TextMesh Pro/Examples & Extras/Resources/Fonts & Materials/LiberationSans SDF - Overlay.mat
  artifactKey: Guid(9ad269c99dcf42b7aedefd83dd5a7b9d) Importer(815301076,1909f56bfc062723c751e8b465ee728b)
Start importing Assets/TextMesh Pro/Examples & Extras/Resources/Fonts & Materials/LiberationSans SDF - Overlay.mat using Guid(9ad269c99dcf42b7aedefd83dd5a7b9d) Importer(815301076,1909f56bfc062723c751e8b465ee728b)  -> (artifact id: '8ded60744f13b95e5115cfb3d46c17e0') in 0.022857 seconds
Number of updated asset objects reloaded before import = 0
Number of asset objects unloaded after import = 3
========================================================================
Received Import Request.
  Time since last request: 3.942260 seconds.
  path: Assets/Shaders/FX_StylizedParticle_add.shadergraph
  artifactKey: Guid(2693e884b0004544a86750e902047883) Importer(815301076,1909f56bfc062723c751e8b465ee728b)
Start importing Assets/Shaders/FX_StylizedParticle_add.shadergraph using Guid(2693e884b0004544a86750e902047883) Importer(815301076,1909f56bfc062723c751e8b465ee728b)  -> (artifact id: 'e8bab60ef4708d0be2cc5ec02f5b12ab') in 0.140221 seconds
Number of updated asset objects reloaded before import = 0
Number of asset objects unloaded after import = 2
========================================================================
Received Import Request.
  Time since last request: 0.780947 seconds.
  path: Assets/DownloadAssets/Hovl Studio/Render Pipelines support/Shaders/URP_LightGlow.shadergraph
  artifactKey: Guid(1dd0d639f05bbe64aa974f33084a6f1b) Importer(815301076,1909f56bfc062723c751e8b465ee728b)
Start importing Assets/DownloadAssets/Hovl Studio/Render Pipelines support/Shaders/URP_LightGlow.shadergraph using Guid(1dd0d639f05bbe64aa974f33084a6f1b) Importer(815301076,1909f56bfc062723c751e8b465ee728b)  -> (artifact id: 'd6e2f940ef6db8b3ecb326482fec182c') in 0.068430 seconds
Number of updated asset objects reloaded before import = 0
Number of asset objects unloaded after import = 3
========================================================================
Received Import Request.
  Time since last request: 0.221983 seconds.
  path: Assets/DownloadAssets/Hovl Studio/Render Pipelines support/Shaders/URP_SoftNoise.shadergraph
  artifactKey: Guid(31ef343e8ea80a648bf98b53fda8f277) Importer(815301076,1909f56bfc062723c751e8b465ee728b)
Start importing Assets/DownloadAssets/Hovl Studio/Render Pipelines support/Shaders/URP_SoftNoise.shadergraph using Guid(31ef343e8ea80a648bf98b53fda8f277) Importer(815301076,1909f56bfc062723c751e8b465ee728b)  -> (artifact id: '9c8a7a660ecf71000712668ee9cb75b8') in 0.074873 seconds
Number of updated asset objects reloaded before import = 0
Number of asset objects unloaded after import = 3
Editor requested this worker to shutdown with reason: Scaling down because of idle timeout
TcpMessagingSession - receive error: operation aborted. errorcode: 995, details: 스레드 종료 또는 응용 프로그램 요청 때문에 I/O 작업이 취소되었습니다.
AssetImportWorker is now disconnected from the server
Process exiting
Exiting without the bug reporter. Application will terminate with return code 0