Using pre-set license
Built from '2022.2/staging' branch; Version is '2022.2.20f1 (c5d806317f84) revision 12965894'; Using compiler version '192829333'; Build Type 'Release'
OS: 'Windows 10  (10.0.19045) 64bit Professional' Language: 'ko' Physical Memory: 32729 MB
BatchMode: 1, IsHumanControllingUs: 0, StartBugReporterOnCrash: 0, Is64bit: 1, IsPro: 1

COMMAND LINE ARGUMENTS:
G:\Unity\2022.2.20f1\Editor\Unity.exe
-adb2
-batchMode
-noUpm
-name
AssetImportWorker32
-projectPath
G:/4p-project/Power_of_Personality
-logFile
Logs/AssetImportWorker32.log
-srvPort
3813
Successfully changed project path to: G:/4p-project/Power_of_Personality
G:/4p-project/Power_of_Personality
[UnityMemory] Configuration Parameters - Can be set up in boot.config
    "memorysetup-bucket-allocator-granularity=16"
    "memorysetup-bucket-allocator-bucket-count=8"
    "memorysetup-bucket-allocator-block-size=33554432"
    "memorysetup-bucket-allocator-block-count=8"
    "memorysetup-main-allocator-block-size=16777216"
    "memorysetup-thread-allocator-block-size=16777216"
    "memorysetup-gfx-main-allocator-block-size=16777216"
    "memorysetup-gfx-thread-allocator-block-size=16777216"
    "memorysetup-cache-allocator-block-size=4194304"
    "memorysetup-typetree-allocator-block-size=2097152"
    "memorysetup-profiler-bucket-allocator-granularity=16"
    "memorysetup-profiler-bucket-allocator-bucket-count=8"
    "memorysetup-profiler-bucket-allocator-block-size=33554432"
    "memorysetup-profiler-bucket-allocator-block-count=8"
    "memorysetup-profiler-allocator-block-size=16777216"
    "memorysetup-profiler-editor-allocator-block-size=1048576"
    "memorysetup-temp-allocator-size-main=16777216"
    "memorysetup-job-temp-allocator-block-size=2097152"
    "memorysetup-job-temp-allocator-block-size-background=1048576"
    "memorysetup-job-temp-allocator-reduction-small-platforms=262144"
    "memorysetup-temp-allocator-size-background-worker=32768"
    "memorysetup-temp-allocator-size-job-worker=262144"
    "memorysetup-temp-allocator-size-preload-manager=33554432"
    "memorysetup-temp-allocator-size-nav-mesh-worker=65536"
    "memorysetup-temp-allocator-size-audio-worker=65536"
    "memorysetup-temp-allocator-size-cloud-worker=32768"
    "memorysetup-temp-allocator-size-gi-baking-worker=262144"
    "memorysetup-temp-allocator-size-gfx=262144"
Player connection [10596] Host "[IP] 192.168.0.26 [Port] 0 [Flags] 2 [Guid] 597736693 [EditorId] 597736693 [Version] 1048832 [Id] WindowsEditor(7,DESKTOP-JGTGNHB) [Debug] 1 [PackageName] WindowsEditor [ProjectName] Editor" joined multi-casting on [225.0.0.222:54997]...

Player connection [10596] Host "[IP] 192.168.0.26 [Port] 0 [Flags] 2 [Guid] 597736693 [EditorId] 597736693 [Version] 1048832 [Id] WindowsEditor(7,DESKTOP-JGTGNHB) [Debug] 1 [PackageName] WindowsEditor [ProjectName] Editor" joined alternative multi-casting on [225.0.0.222:34997]...

Refreshing native plugins compatible for Editor in 39.63 ms, found 3 plugins.
Preloading 0 native plugins for Editor in 0.00 ms.
Initialize engine version: 2022.2.20f1 (c5d806317f84)
[Subsystems] Discovering subsystems at path G:/Unity/2022.2.20f1/Editor/Data/Resources/UnitySubsystems
[Subsystems] Discovering subsystems at path G:/4p-project/Power_of_Personality/Assets
GfxDevice: creating device client; threaded=0; jobified=0
Direct3D:
    Version:  Direct3D 11.0 [level 11.1]
    Renderer: NVIDIA GeForce GTX 1060 6GB (ID=0x1b83)
    Vendor:   NVIDIA
    VRAM:     6044 MB
    Driver:   31.0.15.4617
Initialize mono
Mono path[0] = 'G:/Unity/2022.2.20f1/Editor/Data/Managed'
Mono path[1] = 'G:/Unity/2022.2.20f1/Editor/Data/MonoBleedingEdge/lib/mono/unityjit-win32'
Mono config path = 'G:/Unity/2022.2.20f1/Editor/Data/MonoBleedingEdge/etc'
Using monoOptions --debugger-agent=transport=dt_socket,embedding=1,server=y,suspend=n,address=127.0.0.1:56992
Begin MonoManager ReloadAssembly
Registering precompiled unity dll's ...
Register platform support module: G:/Unity/2022.2.20f1/Editor/Data/PlaybackEngines/AndroidPlayer/UnityEditor.Android.Extensions.dll
Register platform support module: G:/Unity/2022.2.20f1/Editor/Data/PlaybackEngines/WindowsStandaloneSupport/UnityEditor.WindowsStandalone.Extensions.dll
Registered in 0.020286 seconds.
- Loaded All Assemblies, in  0.911 seconds
Native extension for WindowsStandalone target not found
Native extension for Android target not found
Android Extension - Scanning For ADB Devices 961 ms
Mono: successfully reloaded assembly
- Finished resetting the current domain, in  1.713 seconds
Domain Reload Profiling:
	ReloadAssembly (527ms)
		BeginReloadAssembly (226ms)
			ExecutionOrderSort (0ms)
			DisableScriptedObjects (0ms)
			BackupInstance (0ms)
			ReleaseScriptingObjects (0ms)
			CreateAndSetChildDomain (3ms)
		LoadAllAssembliesAndSetupDomain (0ms)
			LoadAssemblies (227ms)
			RebuildTransferFunctionScriptingTraits (0ms)
			SetupTypeCache (363ms)
				TypeCache.Initialize (361ms)
					TypeCache.ScanAssembly (358ms)
				ResolveRequiredComponents (1ms)
		FinalizeReload (0ms)
			ReleaseScriptCaches (0ms)
			RebuildScriptCaches (0ms)
			SetupLoadedEditorAssemblies (1584ms)
				LogAssemblyErrors (0ms)
				InitializePlatformSupportModulesInManaged (1199ms)
				SetLoadedEditorAssemblies (9ms)
				RefreshPlugins (0ms)
				BeforeProcessingInitializeOnLoad (2ms)
				ProcessInitializeOnLoadAttributes (230ms)
				ProcessInitializeOnLoadMethodAttributes (143ms)
				AfterProcessingInitializeOnLoad (0ms)
				EditorAssembliesLoaded (0ms)
			ExecutionOrderSort2 (0ms)
			AwakeInstancesAfterBackupRestoration (0ms)
========================================================================
Worker process is ready to serve import requests
Begin MonoManager ReloadAssembly
Symbol file LoadedFromMemory doesn't match image G:\4p-project\Power_of_Personality\Library\PackageCache\com.unity.visualscripting@1.8.0\Editor\VisualScripting.Core\Dependencies\YamlDotNet\Unity.VisualScripting.YamlDotNet.dll
Symbol file LoadedFromMemory doesn't match image G:\4p-project\Power_of_Personality\Library\PackageCache\com.unity.visualscripting@1.8.0\Editor\VisualScripting.Core\Dependencies\DotNetZip\Unity.VisualScripting.IonicZip.dll
- Loaded All Assemblies, in  2.477 seconds
Refreshing native plugins compatible for Editor in 32.32 ms, found 3 plugins.
Native extension for WindowsStandalone target not found
Native extension for Android target not found
Mono: successfully reloaded assembly
- Finished resetting the current domain, in  1.641 seconds
Domain Reload Profiling:
	ReloadAssembly (603ms)
		BeginReloadAssembly (361ms)
			ExecutionOrderSort (0ms)
			DisableScriptedObjects (13ms)
			BackupInstance (0ms)
			ReleaseScriptingObjects (0ms)
			CreateAndSetChildDomain (58ms)
		LoadAllAssembliesAndSetupDomain (1868ms)
			LoadAssemblies (920ms)
			RebuildTransferFunctionScriptingTraits (0ms)
			SetupTypeCache (1117ms)
				TypeCache.Initialize (1030ms)
					TypeCache.ScanAssembly (1013ms)
				ResolveRequiredComponents (29ms)
		FinalizeReload (0ms)
			ReleaseScriptCaches (0ms)
			RebuildScriptCaches (0ms)
			SetupLoadedEditorAssemblies (1171ms)
				LogAssemblyErrors (0ms)
				InitializePlatformSupportModulesInManaged (42ms)
				SetLoadedEditorAssemblies (9ms)
				RefreshPlugins (0ms)
				BeforeProcessingInitializeOnLoad (155ms)
				ProcessInitializeOnLoadAttributes (778ms)
				ProcessInitializeOnLoadMethodAttributes (178ms)
				AfterProcessingInitializeOnLoad (8ms)
				EditorAssembliesLoaded (0ms)
			ExecutionOrderSort2 (0ms)
			AwakeInstancesAfterBackupRestoration (22ms)
Launched and connected shader compiler UnityShaderCompiler.exe after 0.08 seconds
Refreshing native plugins compatible for Editor in 10.20 ms, found 3 plugins.
Preloading 0 native plugins for Editor in 0.00 ms.
Unloading 5983 Unused Serialized files (Serialized files now loaded: 0)
Unloading 98 unused Assets / (3.5 MB). Loaded Objects now: 6428.
Memory consumption went from 240.7 MB to 237.2 MB.
Total: 8.713200 ms (FindLiveObjects: 0.759200 ms CreateObjectMapping: 0.728400 ms MarkObjects: 4.793300 ms  DeleteObjects: 2.431100 ms)

AssetImportParameters requested are different than current active one (requested -> active):
  custom:container-demuxer-ogg: 62fdf1f143b41e24485cea50d1cbac27 -> 
  custom:video-decoder-ogg-theora: a1e56fd34408186e4bbccfd4996cb3dc -> 
  custom:framework-win-MediaFoundation: 216162199b28c13a410421893ffa2e32 -> 
  custom:container-demuxer-webm: 4f35f7cbe854078d1ac9338744f61a02 -> 
  custom:container-muxer-webm: aa71ff27fc2769a1b78a27578f13a17b -> 
  custom:video-decoder-webm-vp8: 9c59270c3fd7afecdb556c50c9e8de78 -> 
  custom:AudioImporter_EditorPlatform: d09bf68614088b80899f8185d706f6e7 -> 
  custom:video-encoder-webm-vp8: eb34c28f22e8b96e1ab97ce403110664 -> 
  custom:audio-decoder-ogg-vorbis: bf7c407c2cedff20999df2af8eb42d56 -> 
  custom:audio-encoder-webm-vorbis: bf7c407c2cedff20999df2af8eb42d56 -> 
========================================================================
Received Prepare
Begin MonoManager ReloadAssembly
Symbol file LoadedFromMemory doesn't match image G:\4p-project\Power_of_Personality\Library\PackageCache\com.unity.visualscripting@1.8.0\Editor\VisualScripting.Core\Dependencies\YamlDotNet\Unity.VisualScripting.YamlDotNet.dll
Symbol file LoadedFromMemory doesn't match image G:\4p-project\Power_of_Personality\Library\PackageCache\com.unity.visualscripting@1.8.0\Editor\VisualScripting.Core\Dependencies\DotNetZip\Unity.VisualScripting.IonicZip.dll
- Loaded All Assemblies, in  1.486 seconds
Refreshing native plugins compatible for Editor in 6.91 ms, found 3 plugins.
Native extension for WindowsStandalone target not found
Native extension for Android target not found
Mono: successfully reloaded assembly
- Finished resetting the current domain, in  2.206 seconds
Domain Reload Profiling:
	ReloadAssembly (400ms)
		BeginReloadAssembly (266ms)
			ExecutionOrderSort (0ms)
			DisableScriptedObjects (9ms)
			BackupInstance (0ms)
			ReleaseScriptingObjects (0ms)
			CreateAndSetChildDomain (81ms)
		LoadAllAssembliesAndSetupDomain (1083ms)
			LoadAssemblies (575ms)
			RebuildTransferFunctionScriptingTraits (0ms)
			SetupTypeCache (638ms)
				TypeCache.Initialize (611ms)
					TypeCache.ScanAssembly (596ms)
				ResolveRequiredComponents (27ms)
		FinalizeReload (0ms)
			ReleaseScriptCaches (0ms)
			RebuildScriptCaches (0ms)
			SetupLoadedEditorAssemblies (851ms)
				LogAssemblyErrors (0ms)
				InitializePlatformSupportModulesInManaged (42ms)
				SetLoadedEditorAssemblies (8ms)
				RefreshPlugins (0ms)
				BeforeProcessingInitializeOnLoad (142ms)
				ProcessInitializeOnLoadAttributes (484ms)
				ProcessInitializeOnLoadMethodAttributes (164ms)
				AfterProcessingInitializeOnLoad (11ms)
				EditorAssembliesLoaded (0ms)
			ExecutionOrderSort2 (0ms)
			AwakeInstancesAfterBackupRestoration (29ms)
Refreshing native plugins compatible for Editor in 44.46 ms, found 3 plugins.
Preloading 0 native plugins for Editor in 0.00 ms.
Unloading 5804 Unused Serialized files (Serialized files now loaded: 0)
Unloading 71 unused Assets / (3.3 MB). Loaded Objects now: 6433.
Memory consumption went from 206.0 MB to 202.7 MB.
Total: 12.432300 ms (FindLiveObjects: 1.665700 ms CreateObjectMapping: 1.310400 ms MarkObjects: 6.317800 ms  DeleteObjects: 3.136900 ms)

Prepare: number of updated asset objects reloaded= 0
AssetImportParameters requested are different than current active one (requested -> active):
  custom:container-demuxer-ogg: 62fdf1f143b41e24485cea50d1cbac27 -> 
  custom:video-decoder-ogg-theora: a1e56fd34408186e4bbccfd4996cb3dc -> 
  custom:framework-win-MediaFoundation: 216162199b28c13a410421893ffa2e32 -> 
  custom:container-demuxer-webm: 4f35f7cbe854078d1ac9338744f61a02 -> 
  custom:container-muxer-webm: aa71ff27fc2769a1b78a27578f13a17b -> 
  custom:video-decoder-webm-vp8: 9c59270c3fd7afecdb556c50c9e8de78 -> 
  custom:AudioImporter_EditorPlatform: d09bf68614088b80899f8185d706f6e7 -> 
  custom:video-encoder-webm-vp8: eb34c28f22e8b96e1ab97ce403110664 -> 
  custom:audio-decoder-ogg-vorbis: bf7c407c2cedff20999df2af8eb42d56 -> 
  custom:audio-encoder-webm-vorbis: bf7c407c2cedff20999df2af8eb42d56 -> 
========================================================================
Received Import Request.
  Time since last request: 302514.134843 seconds.
  path: Assets/SpecialSkillsEffectsPack/AllEffects/EffectsSet_2(ScriptBased)/Effects/Effect_48_AbsoluteOfWindStorm/Effect_48_Parts/Effect_48_WindStorm.prefab
  artifactKey: Guid(fc46ff31b31ab46438ad8717bd707781) Importer(815301076,1909f56bfc062723c751e8b465ee728b)
Start importing Assets/SpecialSkillsEffectsPack/AllEffects/EffectsSet_2(ScriptBased)/Effects/Effect_48_AbsoluteOfWindStorm/Effect_48_Parts/Effect_48_WindStorm.prefab using Guid(fc46ff31b31ab46438ad8717bd707781) Importer(815301076,1909f56bfc062723c751e8b465ee728b)  -> (artifact id: '233936fc542fb60a7cc48f16a3913da2') in 1.445454 seconds
Number of updated asset objects reloaded before import = 0
Number of asset objects unloaded after import = 58
========================================================================
Received Import Request.
  Time since last request: 25.664862 seconds.
  path: Assets/SpecialSkillsEffectsPack/AllEffects/EffectsSet_2(ScriptBased)/Materials/Effect_48_Materials/Effect_48_Wind_5.mat
  artifactKey: Guid(14f0dd2cc7419284dad166eff9a98448) Importer(815301076,1909f56bfc062723c751e8b465ee728b)
Start importing Assets/SpecialSkillsEffectsPack/AllEffects/EffectsSet_2(ScriptBased)/Materials/Effect_48_Materials/Effect_48_Wind_5.mat using Guid(14f0dd2cc7419284dad166eff9a98448) Importer(815301076,1909f56bfc062723c751e8b465ee728b)  -> (artifact id: '4b4e5a26ea13e3d4ef68305c3deea576') in 0.134623 seconds
Number of updated asset objects reloaded before import = 0
Number of asset objects unloaded after import = 5
========================================================================
Received Import Request.
  Time since last request: 0.000030 seconds.
  path: Assets/SpecialSkillsEffectsPack/AllEffects/EffectsSet_2(ScriptBased)/Materials/Effect_48_Materials/Effect_48_Wind.mat
  artifactKey: Guid(be58c0dc254a71e4b806e7f1f06fdbcd) Importer(815301076,1909f56bfc062723c751e8b465ee728b)
Start importing Assets/SpecialSkillsEffectsPack/AllEffects/EffectsSet_2(ScriptBased)/Materials/Effect_48_Materials/Effect_48_Wind.mat using Guid(be58c0dc254a71e4b806e7f1f06fdbcd) Importer(815301076,1909f56bfc062723c751e8b465ee728b)  -> (artifact id: 'ffdc4b884c017ef653fb24a5d8e3f817') in 0.029426 seconds
Number of updated asset objects reloaded before import = 0
Number of asset objects unloaded after import = 5
========================================================================
Received Import Request.
  Time since last request: 0.041530 seconds.
  path: Assets/SpecialSkillsEffectsPack/AllEffects/EffectsSet_2(ScriptBased)/Effects/Effect_48_AbsoluteOfWindStorm/Effect_48_Parts/Effect_48_StormTempestBody.prefab
  artifactKey: Guid(31f9a03f4caedee4d97fbf8a32004d3c) Importer(815301076,1909f56bfc062723c751e8b465ee728b)
Start importing Assets/SpecialSkillsEffectsPack/AllEffects/EffectsSet_2(ScriptBased)/Effects/Effect_48_AbsoluteOfWindStorm/Effect_48_Parts/Effect_48_StormTempestBody.prefab using Guid(31f9a03f4caedee4d97fbf8a32004d3c) Importer(815301076,1909f56bfc062723c751e8b465ee728b)  -> (artifact id: '7f6e387c5a70f61f548abfb4eff91892') in 0.185073 seconds
Number of updated asset objects reloaded before import = 0
Number of asset objects unloaded after import = 35
========================================================================
Received Import Request.
  Time since last request: 0.000211 seconds.
  path: Assets/SpecialSkillsEffectsPack/AllEffects/EffectsSet_1(NotScriptBased)/Effects/Effect_48_CriticalTumor/Effect_48_BondageChain/Effect_48_SideChain(Base).prefab
  artifactKey: Guid(9c8041369728abd49b855f801963323a) Importer(815301076,1909f56bfc062723c751e8b465ee728b)
Start importing Assets/SpecialSkillsEffectsPack/AllEffects/EffectsSet_1(NotScriptBased)/Effects/Effect_48_CriticalTumor/Effect_48_BondageChain/Effect_48_SideChain(Base).prefab using Guid(9c8041369728abd49b855f801963323a) Importer(815301076,1909f56bfc062723c751e8b465ee728b)  -> (artifact id: '27f8c16a9b6eff36e86090999b3f9edd') in 0.169601 seconds
Number of updated asset objects reloaded before import = 0
Number of asset objects unloaded after import = 27
========================================================================
Received Import Request.
  Time since last request: 0.000048 seconds.
  path: Assets/SpecialSkillsEffectsPack/AllEffects/EffectsSet_2(ScriptBased)/Materials/Effect_48_Materials/Effect_48_Sphere.mat
  artifactKey: Guid(a8e8b606291e87142a467d3312440b5c) Importer(815301076,1909f56bfc062723c751e8b465ee728b)
Start importing Assets/SpecialSkillsEffectsPack/AllEffects/EffectsSet_2(ScriptBased)/Materials/Effect_48_Materials/Effect_48_Sphere.mat using Guid(a8e8b606291e87142a467d3312440b5c) Importer(815301076,1909f56bfc062723c751e8b465ee728b)  -> (artifact id: '47051de3ba972aac5f75b314b63841b6') in 0.199232 seconds
Number of updated asset objects reloaded before import = 0
Number of asset objects unloaded after import = 6
========================================================================
Received Import Request.
  Time since last request: 0.000118 seconds.
  path: Assets/SpecialSkillsEffectsPack/AllEffects/EffectsSet_1(NotScriptBased)/Materials/Effect_48_Materials/Effect_48_Ring.mat
  artifactKey: Guid(c71cdbbe69299dd4f84a7749a09ba7c2) Importer(815301076,1909f56bfc062723c751e8b465ee728b)
Start importing Assets/SpecialSkillsEffectsPack/AllEffects/EffectsSet_1(NotScriptBased)/Materials/Effect_48_Materials/Effect_48_Ring.mat using Guid(c71cdbbe69299dd4f84a7749a09ba7c2) Importer(815301076,1909f56bfc062723c751e8b465ee728b)  -> (artifact id: '1ee77d7ec510aae98edf84f4be79a283') in 0.060938 seconds
Number of updated asset objects reloaded before import = 0
Number of asset objects unloaded after import = 5
========================================================================
Received Import Request.
  Time since last request: 0.668338 seconds.
  path: Assets/SpecialSkillsEffectsPack/AllEffects/EffectsSet_1(NotScriptBased)/Effects/Effect_48_CriticalTumor/Effect_48_CriticalTumor.prefab
  artifactKey: Guid(e5b348d0ca4350f4e9875ead81e8d949) Importer(815301076,1909f56bfc062723c751e8b465ee728b)
Start importing Assets/SpecialSkillsEffectsPack/AllEffects/EffectsSet_1(NotScriptBased)/Effects/Effect_48_CriticalTumor/Effect_48_CriticalTumor.prefab using Guid(e5b348d0ca4350f4e9875ead81e8d949) Importer(815301076,1909f56bfc062723c751e8b465ee728b)  -> (artifact id: '500a06df87ae67fbc26cadbc9a6a9567') in 0.240099 seconds
Number of updated asset objects reloaded before import = 0
Number of asset objects unloaded after import = 47
========================================================================
Received Import Request.
  Time since last request: 0.000042 seconds.
  path: Assets/SpecialSkillsEffectsPack/AllEffects/EffectsSet_2(ScriptBased)/Effects/Effect_43_DarkDraw/Effect_43_DarkDimensionAttack.prefab
  artifactKey: Guid(ab41d91f175f20242b66a3c60c877b98) Importer(815301076,1909f56bfc062723c751e8b465ee728b)
Start importing Assets/SpecialSkillsEffectsPack/AllEffects/EffectsSet_2(ScriptBased)/Effects/Effect_43_DarkDraw/Effect_43_DarkDimensionAttack.prefab using Guid(ab41d91f175f20242b66a3c60c877b98) Importer(815301076,1909f56bfc062723c751e8b465ee728b)  -> (artifact id: 'f071b7f7e008f096b24972b00f16d1ed') in 0.191623 seconds
Number of updated asset objects reloaded before import = 0
Number of asset objects unloaded after import = 46
========================================================================
Received Import Request.
  Time since last request: 0.000043 seconds.
  path: Assets/Effects/Effect_Wizard/Effect_Wizard_Material/CommonAttack_2/Effect_47_Sphere_2_I.mat
  artifactKey: Guid(b7d29fbd375b96d4a8fa0aea1e4cc94b) Importer(815301076,1909f56bfc062723c751e8b465ee728b)
Start importing Assets/Effects/Effect_Wizard/Effect_Wizard_Material/CommonAttack_2/Effect_47_Sphere_2_I.mat using Guid(b7d29fbd375b96d4a8fa0aea1e4cc94b) Importer(815301076,1909f56bfc062723c751e8b465ee728b)  -> (artifact id: '788a5480079a3ac19c1edfa27cdf3a4e') in 0.061819 seconds
Number of updated asset objects reloaded before import = 0
Number of asset objects unloaded after import = 3
========================================================================
Received Import Request.
  Time since last request: 0.000028 seconds.
  path: Assets/SpecialSkillsEffectsPack/AllEffects/EffectsSet_2(ScriptBased)/Materials/Effect_47_Materials/Effect_47_Shockwave.mat
  artifactKey: Guid(cce7151e04b9f37448378ba433302a3d) Importer(815301076,1909f56bfc062723c751e8b465ee728b)
Start importing Assets/SpecialSkillsEffectsPack/AllEffects/EffectsSet_2(ScriptBased)/Materials/Effect_47_Materials/Effect_47_Shockwave.mat using Guid(cce7151e04b9f37448378ba433302a3d) Importer(815301076,1909f56bfc062723c751e8b465ee728b)  -> (artifact id: '01d7127ee6b60cd105584bf5fa4faa3e') in 0.301226 seconds
Number of updated asset objects reloaded before import = 0
Number of asset objects unloaded after import = 5
========================================================================
Received Import Request.
  Time since last request: 0.000049 seconds.
  path: Assets/Effects/Effect_Wizard/Effect_Wizard_Material/CommonAttack_2/Effect_47_Sphere_3_F.mat
  artifactKey: Guid(32a8c4803c8b9a649838b850e19bb2a9) Importer(815301076,1909f56bfc062723c751e8b465ee728b)
Start importing Assets/Effects/Effect_Wizard/Effect_Wizard_Material/CommonAttack_2/Effect_47_Sphere_3_F.mat using Guid(32a8c4803c8b9a649838b850e19bb2a9) Importer(815301076,1909f56bfc062723c751e8b465ee728b)  -> (artifact id: '6cc475fada694719eb89aa84bcdbf149') in 0.031543 seconds
Number of updated asset objects reloaded before import = 0
Number of asset objects unloaded after import = 4
========================================================================
Received Import Request.
  Time since last request: 0.000546 seconds.
  path: Assets/SpecialSkillsEffectsPack/AllEffects/EffectsSet_2(ScriptBased)/Materials/Effect_41_Materials/Effect_41_Ring.mat
  artifactKey: Guid(66941614dc16d244aa834c2dccc9022c) Importer(815301076,1909f56bfc062723c751e8b465ee728b)
Start importing Assets/SpecialSkillsEffectsPack/AllEffects/EffectsSet_2(ScriptBased)/Materials/Effect_41_Materials/Effect_41_Ring.mat using Guid(66941614dc16d244aa834c2dccc9022c) Importer(815301076,1909f56bfc062723c751e8b465ee728b)  -> (artifact id: '8bc5e0841d229bea7e5d390a020db767') in 0.031441 seconds
Number of updated asset objects reloaded before import = 0
Number of asset objects unloaded after import = 5
========================================================================
Received Import Request.
  Time since last request: 0.000027 seconds.
  path: Assets/SpecialSkillsEffectsPack/AllEffects/EffectsSet_1(NotScriptBased)/Effects/Effect_47_PreciseShot/Effect_47_PreciseShot.prefab
  artifactKey: Guid(521dce82787287b4a88fc3c600f9ef53) Importer(815301076,1909f56bfc062723c751e8b465ee728b)
Start importing Assets/SpecialSkillsEffectsPack/AllEffects/EffectsSet_1(NotScriptBased)/Effects/Effect_47_PreciseShot/Effect_47_PreciseShot.prefab using Guid(521dce82787287b4a88fc3c600f9ef53) Importer(815301076,1909f56bfc062723c751e8b465ee728b)  -> (artifact id: '0c85755b50cf25258fd6d0b5f7168b0f') in 0.195061 seconds
Number of updated asset objects reloaded before import = 0
Number of asset objects unloaded after import = 87
========================================================================
Received Import Request.
  Time since last request: 0.000045 seconds.
  path: Assets/Effects/Effect_Wizard/Effect_Wizard_Material/SkillE_Projectile/Effect_47_Sphere_4_I.mat
  artifactKey: Guid(4d5b86f0565fe6c43afecc113372a7ef) Importer(815301076,1909f56bfc062723c751e8b465ee728b)
Start importing Assets/Effects/Effect_Wizard/Effect_Wizard_Material/SkillE_Projectile/Effect_47_Sphere_4_I.mat using Guid(4d5b86f0565fe6c43afecc113372a7ef) Importer(815301076,1909f56bfc062723c751e8b465ee728b)  -> (artifact id: '813c68487c52471ad282d7cdd1b6b24c') in 0.149305 seconds
Number of updated asset objects reloaded before import = 0
Number of asset objects unloaded after import = 4
========================================================================
Received Import Request.
  Time since last request: 0.000086 seconds.
  path: Assets/SpecialSkillsEffectsPack/AllEffects/EffectsSet_1(NotScriptBased)/Effects/Effect_43_DarkChainSwamp/Effect_43_DarkChainSwamp.prefab
  artifactKey: Guid(32614a0360ca45044b4436c4f3c5a6a9) Importer(815301076,1909f56bfc062723c751e8b465ee728b)
Start importing Assets/SpecialSkillsEffectsPack/AllEffects/EffectsSet_1(NotScriptBased)/Effects/Effect_43_DarkChainSwamp/Effect_43_DarkChainSwamp.prefab using Guid(32614a0360ca45044b4436c4f3c5a6a9) Importer(815301076,1909f56bfc062723c751e8b465ee728b)  -> (artifact id: 'cee2cce2dba4194860ea34f4d9580467') in 0.187115 seconds
Number of updated asset objects reloaded before import = 0
Number of asset objects unloaded after import = 40
========================================================================
Received Import Request.
  Time since last request: 0.000041 seconds.
  path: Assets/SpecialSkillsEffectsPack/AllEffects/EffectsSet_2(ScriptBased)/Materials/Effect_47_Materials/Effect_47_Sphere_5.mat
  artifactKey: Guid(d4c429061c832274286321da99bc88d0) Importer(815301076,1909f56bfc062723c751e8b465ee728b)
Start importing Assets/SpecialSkillsEffectsPack/AllEffects/EffectsSet_2(ScriptBased)/Materials/Effect_47_Materials/Effect_47_Sphere_5.mat using Guid(d4c429061c832274286321da99bc88d0) Importer(815301076,1909f56bfc062723c751e8b465ee728b)  -> (artifact id: '2220045638c4994215fb24fb1ebc1030') in 0.058038 seconds
Number of updated asset objects reloaded before import = 0
Number of asset objects unloaded after import = 3
========================================================================
Received Import Request.
  Time since last request: 0.000095 seconds.
  path: Assets/SpecialSkillsEffectsPack/AllEffects/EffectsSet_2(ScriptBased)/Materials/Effect_42_Materials/Effect_42_Particle.mat
  artifactKey: Guid(f01981a98c33aa440b8a1068aa67d721) Importer(815301076,1909f56bfc062723c751e8b465ee728b)
Start importing Assets/SpecialSkillsEffectsPack/AllEffects/EffectsSet_2(ScriptBased)/Materials/Effect_42_Materials/Effect_42_Particle.mat using Guid(f01981a98c33aa440b8a1068aa67d721) Importer(815301076,1909f56bfc062723c751e8b465ee728b)  -> (artifact id: '29f73f0cd5b1839ea092b3a1917709af') in 0.044360 seconds
Number of updated asset objects reloaded before import = 0
Number of asset objects unloaded after import = 2
========================================================================
Received Import Request.
  Time since last request: 0.000033 seconds.
  path: Assets/SpecialSkillsEffectsPack/AllEffects/EffectsSet_1(NotScriptBased)/Materials/Effect_43_Materials/Effect_43_Chain.mat
  artifactKey: Guid(3806cbaec277eca41bb33efee4c12999) Importer(815301076,1909f56bfc062723c751e8b465ee728b)
Start importing Assets/SpecialSkillsEffectsPack/AllEffects/EffectsSet_1(NotScriptBased)/Materials/Effect_43_Materials/Effect_43_Chain.mat using Guid(3806cbaec277eca41bb33efee4c12999) Importer(815301076,1909f56bfc062723c751e8b465ee728b)  -> (artifact id: '1a38a26a940fd791e8d92fb7d490c6b4') in 0.042679 seconds
Number of updated asset objects reloaded before import = 0
Number of asset objects unloaded after import = 4
Editor requested this worker to shutdown with reason: Scaling down because of idle timeout
TcpMessagingSession - receive error: operation aborted. errorcode: 995, details: 스레드 종료 또는 응용 프로그램 요청 때문에 I/O 작업이 취소되었습니다.
AssetImportWorker is now disconnected from the server
Process exiting
Exiting without the bug reporter. Application will terminate with return code 0