Using pre-set license
Built from '2022.2/staging' branch; Version is '2022.2.20f1 (c5d806317f84) revision 12965894'; Using compiler version '192829333'; Build Type 'Release'
OS: 'Windows 10  (10.0.19045) 64bit Core' Language: 'ko' Physical Memory: 32698 MB
BatchMode: 1, IsHumanControllingUs: 0, StartBugReporterOnCrash: 0, Is64bit: 1, IsPro: 1

COMMAND LINE ARGUMENTS:
C:\Program Files\Unity\Hub\Editor\2022.2.20f1\Editor\Unity.exe
-adb2
-batchMode
-noUpm
-name
AssetImportWorker8
-projectPath
D:/Unity/POP/Power_of_Personality
-logFile
Logs/AssetImportWorker8.log
-srvPort
50319
Successfully changed project path to: D:/Unity/POP/Power_of_Personality
D:/Unity/POP/Power_of_Personality
[UnityMemory] Configuration Parameters - Can be set up in boot.config
    "memorysetup-bucket-allocator-granularity=16"
    "memorysetup-bucket-allocator-bucket-count=8"
    "memorysetup-bucket-allocator-block-size=33554432"
    "memorysetup-bucket-allocator-block-count=8"
    "memorysetup-main-allocator-block-size=16777216"
    "memorysetup-thread-allocator-block-size=16777216"
    "memorysetup-gfx-main-allocator-block-size=16777216"
    "memorysetup-gfx-thread-allocator-block-size=16777216"
    "memorysetup-cache-allocator-block-size=4194304"
    "memorysetup-typetree-allocator-block-size=2097152"
    "memorysetup-profiler-bucket-allocator-granularity=16"
    "memorysetup-profiler-bucket-allocator-bucket-count=8"
    "memorysetup-profiler-bucket-allocator-block-size=33554432"
    "memorysetup-profiler-bucket-allocator-block-count=8"
    "memorysetup-profiler-allocator-block-size=16777216"
    "memorysetup-profiler-editor-allocator-block-size=1048576"
    "memorysetup-temp-allocator-size-main=16777216"
    "memorysetup-job-temp-allocator-block-size=2097152"
    "memorysetup-job-temp-allocator-block-size-background=1048576"
    "memorysetup-job-temp-allocator-reduction-small-platforms=262144"
    "memorysetup-temp-allocator-size-background-worker=32768"
    "memorysetup-temp-allocator-size-job-worker=262144"
    "memorysetup-temp-allocator-size-preload-manager=33554432"
    "memorysetup-temp-allocator-size-nav-mesh-worker=65536"
    "memorysetup-temp-allocator-size-audio-worker=65536"
    "memorysetup-temp-allocator-size-cloud-worker=32768"
    "memorysetup-temp-allocator-size-gi-baking-worker=262144"
    "memorysetup-temp-allocator-size-gfx=262144"
Player connection [18948] Host "[IP] 192.168.0.23 [Port] 0 [Flags] 2 [Guid] 27161601 [EditorId] 27161601 [Version] 1048832 [Id] WindowsEditor(7,DESKTOP-IMUE91T) [Debug] 1 [PackageName] WindowsEditor [ProjectName] Editor" joined multi-casting on [225.0.0.222:54997]...

Player connection [18948] Host "[IP] 192.168.0.23 [Port] 0 [Flags] 2 [Guid] 27161601 [EditorId] 27161601 [Version] 1048832 [Id] WindowsEditor(7,DESKTOP-IMUE91T) [Debug] 1 [PackageName] WindowsEditor [ProjectName] Editor" joined alternative multi-casting on [225.0.0.222:34997]...

Refreshing native plugins compatible for Editor in 9.11 ms, found 3 plugins.
Preloading 0 native plugins for Editor in 0.00 ms.
Initialize engine version: 2022.2.20f1 (c5d806317f84)
[Subsystems] Discovering subsystems at path C:/Program Files/Unity/Hub/Editor/2022.2.20f1/Editor/Data/Resources/UnitySubsystems
[Subsystems] Discovering subsystems at path D:/Unity/POP/Power_of_Personality/Assets
GfxDevice: creating device client; threaded=0; jobified=0
Direct3D:
    Version:  Direct3D 11.0 [level 11.1]
    Renderer: NVIDIA GeForce RTX 3070 (ID=0x2484)
    Vendor:   NVIDIA
    VRAM:     8018 MB
    Driver:   31.0.15.5176
Initialize mono
Mono path[0] = 'C:/Program Files/Unity/Hub/Editor/2022.2.20f1/Editor/Data/Managed'
Mono path[1] = 'C:/Program Files/Unity/Hub/Editor/2022.2.20f1/Editor/Data/MonoBleedingEdge/lib/mono/unityjit-win32'
Mono config path = 'C:/Program Files/Unity/Hub/Editor/2022.2.20f1/Editor/Data/MonoBleedingEdge/etc'
Using monoOptions --debugger-agent=transport=dt_socket,embedding=1,server=y,suspend=n,address=127.0.0.1:56888
Begin MonoManager ReloadAssembly
Registering precompiled unity dll's ...
Register platform support module: C:/Program Files/Unity/Hub/Editor/2022.2.20f1/Editor/Data/PlaybackEngines/WindowsStandaloneSupport/UnityEditor.WindowsStandalone.Extensions.dll
Registered in 0.007157 seconds.
- Loaded All Assemblies, in  0.307 seconds
Native extension for WindowsStandalone target not found
Mono: successfully reloaded assembly
- Finished resetting the current domain, in  0.257 seconds
Domain Reload Profiling:
	ReloadAssembly (177ms)
		BeginReloadAssembly (80ms)
			ExecutionOrderSort (0ms)
			DisableScriptedObjects (0ms)
			BackupInstance (0ms)
			ReleaseScriptingObjects (0ms)
			CreateAndSetChildDomain (1ms)
		LoadAllAssembliesAndSetupDomain (0ms)
			LoadAssemblies (77ms)
			RebuildTransferFunctionScriptingTraits (0ms)
			SetupTypeCache (122ms)
				TypeCache.Initialize (121ms)
					TypeCache.ScanAssembly (120ms)
				ResolveRequiredComponents (0ms)
		FinalizeReload (0ms)
			ReleaseScriptCaches (0ms)
			RebuildScriptCaches (0ms)
			SetupLoadedEditorAssemblies (198ms)
				LogAssemblyErrors (0ms)
				InitializePlatformSupportModulesInManaged (9ms)
				SetLoadedEditorAssemblies (7ms)
				RefreshPlugins (0ms)
				BeforeProcessingInitializeOnLoad (1ms)
				ProcessInitializeOnLoadAttributes (133ms)
				ProcessInitializeOnLoadMethodAttributes (48ms)
				AfterProcessingInitializeOnLoad (0ms)
				EditorAssembliesLoaded (0ms)
			ExecutionOrderSort2 (0ms)
			AwakeInstancesAfterBackupRestoration (0ms)
========================================================================
Worker process is ready to serve import requests
Begin MonoManager ReloadAssembly
Symbol file LoadedFromMemory doesn't match image D:\Unity\POP\Power_of_Personality\Library\PackageCache\com.unity.visualscripting@1.8.0\Editor\VisualScripting.Core\Dependencies\YamlDotNet\Unity.VisualScripting.YamlDotNet.dll
Symbol file LoadedFromMemory doesn't match image D:\Unity\POP\Power_of_Personality\Library\PackageCache\com.unity.visualscripting@1.8.0\Editor\VisualScripting.Core\Dependencies\DotNetZip\Unity.VisualScripting.IonicZip.dll
- Loaded All Assemblies, in  0.801 seconds
Refreshing native plugins compatible for Editor in 3.41 ms, found 3 plugins.
Native extension for WindowsStandalone target not found
Mono: successfully reloaded assembly
- Finished resetting the current domain, in  0.659 seconds
Domain Reload Profiling:
	ReloadAssembly (208ms)
		BeginReloadAssembly (124ms)
			ExecutionOrderSort (0ms)
			DisableScriptedObjects (7ms)
			BackupInstance (0ms)
			ReleaseScriptingObjects (0ms)
			CreateAndSetChildDomain (19ms)
		LoadAllAssembliesAndSetupDomain (590ms)
			LoadAssemblies (276ms)
			RebuildTransferFunctionScriptingTraits (0ms)
			SetupTypeCache (373ms)
				TypeCache.Initialize (334ms)
					TypeCache.ScanAssembly (330ms)
				ResolveRequiredComponents (14ms)
		FinalizeReload (0ms)
			ReleaseScriptCaches (0ms)
			RebuildScriptCaches (0ms)
			SetupLoadedEditorAssemblies (487ms)
				LogAssemblyErrors (0ms)
				InitializePlatformSupportModulesInManaged (6ms)
				SetLoadedEditorAssemblies (3ms)
				RefreshPlugins (0ms)
				BeforeProcessingInitializeOnLoad (74ms)
				ProcessInitializeOnLoadAttributes (319ms)
				ProcessInitializeOnLoadMethodAttributes (76ms)
				AfterProcessingInitializeOnLoad (8ms)
				EditorAssembliesLoaded (0ms)
			ExecutionOrderSort2 (0ms)
			AwakeInstancesAfterBackupRestoration (7ms)
Launched and connected shader compiler UnityShaderCompiler.exe after 0.07 seconds
Refreshing native plugins compatible for Editor in 3.32 ms, found 3 plugins.
Preloading 0 native plugins for Editor in 0.00 ms.
Unloading 6225 Unused Serialized files (Serialized files now loaded: 0)
Unloading 86 unused Assets / (1.2 MB). Loaded Objects now: 6696.
Memory consumption went from 252.6 MB to 251.4 MB.
Total: 3.644600 ms (FindLiveObjects: 0.453300 ms CreateObjectMapping: 0.550900 ms MarkObjects: 2.312100 ms  DeleteObjects: 0.327600 ms)

AssetImportParameters requested are different than current active one (requested -> active):
  custom:container-demuxer-ogg: 62fdf1f143b41e24485cea50d1cbac27 -> 
  custom:video-decoder-ogg-theora: a1e56fd34408186e4bbccfd4996cb3dc -> 
  custom:framework-win-MediaFoundation: 216162199b28c13a410421893ffa2e32 -> 
  custom:container-demuxer-webm: 4f35f7cbe854078d1ac9338744f61a02 -> 
  custom:container-muxer-webm: aa71ff27fc2769a1b78a27578f13a17b -> 
  custom:video-decoder-webm-vp8: 9c59270c3fd7afecdb556c50c9e8de78 -> 
  custom:AudioImporter_EditorPlatform: d09bf68614088b80899f8185d706f6e7 -> 
  custom:video-encoder-webm-vp8: eb34c28f22e8b96e1ab97ce403110664 -> 
  custom:audio-decoder-ogg-vorbis: bf7c407c2cedff20999df2af8eb42d56 -> 
  custom:audio-encoder-webm-vorbis: bf7c407c2cedff20999df2af8eb42d56 -> 
========================================================================
Received Import Request.
  Time since last request: 2410.833538 seconds.
  path: Assets/DownloadAssets/Hovl Studio/Epic Toon VFX 4/Prefabs/Fire Slash.prefab
  artifactKey: Guid(f47d4f5342688b7468bd38730e2757f6) Importer(815301076,1909f56bfc062723c751e8b465ee728b)
Start importing Assets/DownloadAssets/Hovl Studio/Epic Toon VFX 4/Prefabs/Fire Slash.prefab using Guid(f47d4f5342688b7468bd38730e2757f6) Importer(815301076,1909f56bfc062723c751e8b465ee728b)  -> (artifact id: '0855dbd5603a101e1f2c2f4db951475c') in 0.284796 seconds
Number of updated asset objects reloaded before import = 0
Number of asset objects unloaded after import = 31
========================================================================
Received Import Request.
  Time since last request: 0.000019 seconds.
  path: Assets/DownloadAssets/100Effects/Textures/Fire/Fire_2.png
  artifactKey: Guid(f99aa8328ad4df449baeea33e8f6ea83) Importer(815301076,1909f56bfc062723c751e8b465ee728b)
Start importing Assets/DownloadAssets/100Effects/Textures/Fire/Fire_2.png using Guid(f99aa8328ad4df449baeea33e8f6ea83) Importer(815301076,1909f56bfc062723c751e8b465ee728b)  -> (artifact id: 'e31877b4b6f604cf7f953377231d317b') in 0.071180 seconds
Number of updated asset objects reloaded before import = 0
Number of asset objects unloaded after import = 2
========================================================================
Received Import Request.
  Time since last request: 0.000023 seconds.
  path: Assets/Resources/Effects/Effect_Archer/Fire_Arrow.prefab
  artifactKey: Guid(266e1ede71dee0140b4f572cdb74d6dc) Importer(815301076,1909f56bfc062723c751e8b465ee728b)
Start importing Assets/Resources/Effects/Effect_Archer/Fire_Arrow.prefab using Guid(266e1ede71dee0140b4f572cdb74d6dc) Importer(815301076,1909f56bfc062723c751e8b465ee728b)  -> (artifact id: '74e4f3e654d07fc7965ad580e6ab7819') in 0.044717 seconds
Number of updated asset objects reloaded before import = 0
Number of asset objects unloaded after import = 80
========================================================================
Received Import Request.
  Time since last request: 0.000019 seconds.
  path: Assets/Resources/Effects/Effect_Archer/Fire_Arrow_Q.prefab
  artifactKey: Guid(58c8bca9876c9e0438b89cfc37ce9467) Importer(815301076,1909f56bfc062723c751e8b465ee728b)
Start importing Assets/Resources/Effects/Effect_Archer/Fire_Arrow_Q.prefab using Guid(58c8bca9876c9e0438b89cfc37ce9467) Importer(815301076,1909f56bfc062723c751e8b465ee728b)  -> (artifact id: 'a46d75aba78371457cc25b8c95ecf6df') in 0.015661 seconds
Number of updated asset objects reloaded before import = 0
Number of asset objects unloaded after import = 85
========================================================================
Received Import Request.
  Time since last request: 0.000013 seconds.
  path: Assets/Images/Textures/Textures_Effect/Textures_100Effects/Fire/Fire_2.png
  artifactKey: Guid(3ece22a0987e5354c890c3553a27ad96) Importer(815301076,1909f56bfc062723c751e8b465ee728b)
Start importing Assets/Images/Textures/Textures_Effect/Textures_100Effects/Fire/Fire_2.png using Guid(3ece22a0987e5354c890c3553a27ad96) Importer(815301076,1909f56bfc062723c751e8b465ee728b)  -> (artifact id: '01cd101851a9652fd16bf5c0e3604690') in 0.011817 seconds
Number of updated asset objects reloaded before import = 0
Number of asset objects unloaded after import = 2
========================================================================
Received Import Request.
  Time since last request: 0.041247 seconds.
  path: Assets/DownloadAssets/100Effects/Textures/SimpleTextures/Fire_Single.png
  artifactKey: Guid(0419b5364d721a3439c68c9345262e0a) Importer(815301076,1909f56bfc062723c751e8b465ee728b)
Start importing Assets/DownloadAssets/100Effects/Textures/SimpleTextures/Fire_Single.png using Guid(0419b5364d721a3439c68c9345262e0a) Importer(815301076,1909f56bfc062723c751e8b465ee728b)  -> (artifact id: 'c23c228a72867102c66eea5245c55310') in 0.036249 seconds
Number of updated asset objects reloaded before import = 0
Number of asset objects unloaded after import = 2
========================================================================
Received Import Request.
  Time since last request: 0.017618 seconds.
  path: Assets/Images/Textures/Textures_UI_UX/Icons/Edit/Fire_State.png
  artifactKey: Guid(25340fc51dfe690458386b9f67a600c5) Importer(815301076,1909f56bfc062723c751e8b465ee728b)
Start importing Assets/Images/Textures/Textures_UI_UX/Icons/Edit/Fire_State.png using Guid(25340fc51dfe690458386b9f67a600c5) Importer(815301076,1909f56bfc062723c751e8b465ee728b)  -> (artifact id: '5714944f95e37c020912f5868a2b73fd') in 0.050043 seconds
Number of updated asset objects reloaded before import = 0
Number of asset objects unloaded after import = 3
========================================================================
Received Import Request.
  Time since last request: 0.145747 seconds.
  path: Assets/Images/Textures/Textures_Effect/Textures_Rogue/FirePath1.png
  artifactKey: Guid(a2aac97377823e2448c92040338b9b82) Importer(815301076,1909f56bfc062723c751e8b465ee728b)
Start importing Assets/Images/Textures/Textures_Effect/Textures_Rogue/FirePath1.png using Guid(a2aac97377823e2448c92040338b9b82) Importer(815301076,1909f56bfc062723c751e8b465ee728b)  -> (artifact id: '5fd4ddca1aa3bf32e3ef17f357ed4325') in 0.011227 seconds
Number of updated asset objects reloaded before import = 0
Number of asset objects unloaded after import = 2
========================================================================
Received Import Request.
  Time since last request: 0.070287 seconds.
  path: Assets/Prefabs/Prefab_Castle/Props/Fireplace.prefab
  artifactKey: Guid(90b10aebf2b35014785cbfae6766f85d) Importer(815301076,1909f56bfc062723c751e8b465ee728b)
Start importing Assets/Prefabs/Prefab_Castle/Props/Fireplace.prefab using Guid(90b10aebf2b35014785cbfae6766f85d) Importer(815301076,1909f56bfc062723c751e8b465ee728b)  -> (artifact id: '8345685c3cc8fabacd4c2767119982b2') in 0.292172 seconds
Number of updated asset objects reloaded before import = 0
Number of asset objects unloaded after import = 11
========================================================================
Received Import Request.
  Time since last request: 0.645940 seconds.
  path: Assets/Resources/Effects/Effect_Wizard/L_Fire_Creater.prefab
  artifactKey: Guid(d0fd1a73ab1f5ea4ab86e8fe3cbb24d6) Importer(815301076,1909f56bfc062723c751e8b465ee728b)
Start importing Assets/Resources/Effects/Effect_Wizard/L_Fire_Creater.prefab using Guid(d0fd1a73ab1f5ea4ab86e8fe3cbb24d6) Importer(815301076,1909f56bfc062723c751e8b465ee728b)  -> (artifact id: '0df879f6c69f30000303106f66fd486c') in 0.057154 seconds
Number of updated asset objects reloaded before import = 0
Number of asset objects unloaded after import = 81
========================================================================
Received Import Request.
  Time since last request: 0.101389 seconds.
  path: Assets/Resources/Server/Monster/Cave/Magic fire 3.prefab
  artifactKey: Guid(9df961c84b178c24f911b5da11318981) Importer(815301076,1909f56bfc062723c751e8b465ee728b)
Start importing Assets/Resources/Server/Monster/Cave/Magic fire 3.prefab using Guid(9df961c84b178c24f911b5da11318981) Importer(815301076,1909f56bfc062723c751e8b465ee728b)  -> (artifact id: 'af9a7a42e24946b212b53446ceae33b0') in 0.030777 seconds
Number of updated asset objects reloaded before import = 0
Number of asset objects unloaded after import = 23
========================================================================
Received Import Request.
  Time since last request: 0.113645 seconds.
  path: Assets/Prefabs/Prefab_Castle/Particles/Particles_Fire_01.prefab
  artifactKey: Guid(40bc18452f0a1ca43b7e841cf4fa3222) Importer(815301076,1909f56bfc062723c751e8b465ee728b)
Start importing Assets/Prefabs/Prefab_Castle/Particles/Particles_Fire_01.prefab using Guid(40bc18452f0a1ca43b7e841cf4fa3222) Importer(815301076,1909f56bfc062723c751e8b465ee728b)  -> (artifact id: '61c1c395af96752da9b3265975636f10') in 0.012372 seconds
Number of updated asset objects reloaded before import = 0
Number of asset objects unloaded after import = 23
========================================================================
Received Import Request.
  Time since last request: 0.012752 seconds.
  path: Assets/Prefabs/Prefab_Castle/Particles/Particles_Fire_02.prefab
  artifactKey: Guid(522d8a2a883b99c4495620a382e7efe7) Importer(815301076,1909f56bfc062723c751e8b465ee728b)
Start importing Assets/Prefabs/Prefab_Castle/Particles/Particles_Fire_02.prefab using Guid(522d8a2a883b99c4495620a382e7efe7) Importer(815301076,1909f56bfc062723c751e8b465ee728b)  -> (artifact id: '79232940557655ef39cc6c7e32ca092f') in 0.011484 seconds
Number of updated asset objects reloaded before import = 0
Number of asset objects unloaded after import = 23
========================================================================
Received Import Request.
  Time since last request: 0.023825 seconds.
  path: Assets/Prefabs/Prefab_Castle/Particles/Particles_Fire_04.prefab
  artifactKey: Guid(3b1487d8c10635e4cb50a2aca4d02dc9) Importer(815301076,1909f56bfc062723c751e8b465ee728b)
Start importing Assets/Prefabs/Prefab_Castle/Particles/Particles_Fire_04.prefab using Guid(3b1487d8c10635e4cb50a2aca4d02dc9) Importer(815301076,1909f56bfc062723c751e8b465ee728b)  -> (artifact id: 'a9ff5197634c103c22fee05083366852') in 0.012079 seconds
Number of updated asset objects reloaded before import = 0
Number of asset objects unloaded after import = 7
========================================================================
Received Import Request.
  Time since last request: 0.115706 seconds.
  path: Assets/Resources/Effects/Effect_Wizard/S_Fire_Creater.prefab
  artifactKey: Guid(8bdc2f05a5300a248a41488227b7c75a) Importer(815301076,1909f56bfc062723c751e8b465ee728b)
Start importing Assets/Resources/Effects/Effect_Wizard/S_Fire_Creater.prefab using Guid(8bdc2f05a5300a248a41488227b7c75a) Importer(815301076,1909f56bfc062723c751e8b465ee728b)  -> (artifact id: 'e0a32d294e4f721b0f2151d256ca6f72') in 0.025033 seconds
Number of updated asset objects reloaded before import = 0
Number of asset objects unloaded after import = 81
========================================================================
Received Import Request.
  Time since last request: 0.536877 seconds.
  path: Assets/Resources/Effects/Effect_Wizard/SkillEffect_FireE2_Wizard.prefab
  artifactKey: Guid(6da3d15930a7439439abd590d68c595e) Importer(815301076,1909f56bfc062723c751e8b465ee728b)
Start importing Assets/Resources/Effects/Effect_Wizard/SkillEffect_FireE2_Wizard.prefab using Guid(6da3d15930a7439439abd590d68c595e) Importer(815301076,1909f56bfc062723c751e8b465ee728b)  -> (artifact id: '1d265662e7133b6463971bdb3a02e2d6') in 0.035604 seconds
Number of updated asset objects reloaded before import = 0
Number of asset objects unloaded after import = 137
========================================================================
Received Import Request.
  Time since last request: 0.119127 seconds.
  path: Assets/Resources/Effects/Effect_Warrior/SkillEffect_FireE_Warrior.prefab
  artifactKey: Guid(add6f36b2dadaf84a864e7e0942308de) Importer(815301076,1909f56bfc062723c751e8b465ee728b)
Start importing Assets/Resources/Effects/Effect_Warrior/SkillEffect_FireE_Warrior.prefab using Guid(add6f36b2dadaf84a864e7e0942308de) Importer(815301076,1909f56bfc062723c751e8b465ee728b)  -> (artifact id: '7fbe48a5349782b47958e5f5ce17e147') in 0.355605 seconds
Number of updated asset objects reloaded before import = 0
Number of asset objects unloaded after import = 205
========================================================================
Received Import Request.
  Time since last request: 0.248909 seconds.
  path: Assets/Images/Textures/Textures_UI_UX/Icons/Edit/Warrior-E(fire).png
  artifactKey: Guid(2b83d407835649942a4cf48e578c8e84) Importer(815301076,1909f56bfc062723c751e8b465ee728b)
Start importing Assets/Images/Textures/Textures_UI_UX/Icons/Edit/Warrior-E(fire).png using Guid(2b83d407835649942a4cf48e578c8e84) Importer(815301076,1909f56bfc062723c751e8b465ee728b)  -> (artifact id: '3c84d465cf2c5d0d81b739f0b69cba81') in 0.014253 seconds
Number of updated asset objects reloaded before import = 0
Number of asset objects unloaded after import = 3
========================================================================
Received Import Request.
  Time since last request: 0.019640 seconds.
  path: Assets/Images/Textures/Textures_UI_UX/Icons/Edit/Warrior-Q(fire).png
  artifactKey: Guid(b5136ab2e402cd94d909f22f91df15cf) Importer(815301076,1909f56bfc062723c751e8b465ee728b)
Start importing Assets/Images/Textures/Textures_UI_UX/Icons/Edit/Warrior-Q(fire).png using Guid(b5136ab2e402cd94d909f22f91df15cf) Importer(815301076,1909f56bfc062723c751e8b465ee728b)  -> (artifact id: '82ad6f067049a1d8839a06ef1f77f64c') in 0.016080 seconds
Number of updated asset objects reloaded before import = 0
Number of asset objects unloaded after import = 3
========================================================================
Received Import Request.
  Time since last request: 0.000185 seconds.
  path: Assets/Images/Textures/Textures_UI_UX/Icons/Edit/Warrior-W(fire).png
  artifactKey: Guid(6844d7eba0b341d4e8d3a333b30691c9) Importer(815301076,1909f56bfc062723c751e8b465ee728b)
Start importing Assets/Images/Textures/Textures_UI_UX/Icons/Edit/Warrior-W(fire).png using Guid(6844d7eba0b341d4e8d3a333b30691c9) Importer(815301076,1909f56bfc062723c751e8b465ee728b)  -> (artifact id: 'c3e220099448692067b453444449c3c1') in 0.014523 seconds
Number of updated asset objects reloaded before import = 0
Number of asset objects unloaded after import = 3
========================================================================
Received Import Request.
  Time since last request: 0.489774 seconds.
  path: Assets/Images/Textures/Textures_UI_UX/Icons/Edit/Wizard-E(fire).png
  artifactKey: Guid(86417cb5bc556d94194dff56ee64bd10) Importer(815301076,1909f56bfc062723c751e8b465ee728b)
Start importing Assets/Images/Textures/Textures_UI_UX/Icons/Edit/Wizard-E(fire).png using Guid(86417cb5bc556d94194dff56ee64bd10) Importer(815301076,1909f56bfc062723c751e8b465ee728b)  -> (artifact id: '664e52abb0733871d2b1ccea23993e4f') in 0.021680 seconds
Number of updated asset objects reloaded before import = 0
Number of asset objects unloaded after import = 3
========================================================================
Received Import Request.
  Time since last request: 81.024443 seconds.
  path: Assets/DownloadAssets/Hovl Studio/HSFiles/Scripts
  artifactKey: Guid(c8dfe2b7832730b42adacd4189c2806d) Importer(815301076,1909f56bfc062723c751e8b465ee728b)
Start importing Assets/DownloadAssets/Hovl Studio/HSFiles/Scripts using Guid(c8dfe2b7832730b42adacd4189c2806d) Importer(815301076,1909f56bfc062723c751e8b465ee728b)  -> (artifact id: '7443c48825ad32893e3e1e7c3ad56b29') in 0.000491 seconds
Number of updated asset objects reloaded before import = 0
Number of asset objects unloaded after import = 0
========================================================================
Received Import Request.
  Time since last request: 20.156078 seconds.
  path: Assets/Images/Materials/Material_Effect/Materials_Fire/SparkSphere.mat
  artifactKey: Guid(20e729147a4dad247abfc2305c3dd963) Importer(815301076,1909f56bfc062723c751e8b465ee728b)
Start importing Assets/Images/Materials/Material_Effect/Materials_Fire/SparkSphere.mat using Guid(20e729147a4dad247abfc2305c3dd963) Importer(815301076,1909f56bfc062723c751e8b465ee728b)  -> (artifact id: 'c94eb439b74468487f07408737f3db7d') in 0.029718 seconds
Number of updated asset objects reloaded before import = 0
Number of asset objects unloaded after import = 4
========================================================================
Received Import Request.
  Time since last request: 35.711371 seconds.
  path: Assets/Resources/Effects/Effect_ItemSet/ItemEffect_SwordAura.prefab
  artifactKey: Guid(c1e4e38f125cae643adf9ded8b7e7352) Importer(815301076,1909f56bfc062723c751e8b465ee728b)
Start importing Assets/Resources/Effects/Effect_ItemSet/ItemEffect_SwordAura.prefab using Guid(c1e4e38f125cae643adf9ded8b7e7352) Importer(815301076,1909f56bfc062723c751e8b465ee728b)  -> (artifact id: 'e3e1802155bbc071db6bf6f6b9419789') in 0.012986 seconds
Number of updated asset objects reloaded before import = 0
Number of asset objects unloaded after import = 40
========================================================================
Received Import Request.
  Time since last request: 11.820510 seconds.
  path: Assets/Resources/Effects/Effect_ItemSet/ItemEffect_SwordAura.prefab
  artifactKey: Guid(c1e4e38f125cae643adf9ded8b7e7352) Importer(815301076,1909f56bfc062723c751e8b465ee728b)
Start importing Assets/Resources/Effects/Effect_ItemSet/ItemEffect_SwordAura.prefab using Guid(c1e4e38f125cae643adf9ded8b7e7352) Importer(815301076,1909f56bfc062723c751e8b465ee728b)  -> (artifact id: '38ad3879e09b486935c102a00acd547b') in 0.013843 seconds
Number of updated asset objects reloaded before import = 0
Number of asset objects unloaded after import = 40
========================================================================
Received Import Request.
  Time since last request: 28.833498 seconds.
  path: Assets/Resources/Effects/Effect_ItemSet/ItemEffect_SwordAura.prefab
  artifactKey: Guid(c1e4e38f125cae643adf9ded8b7e7352) Importer(815301076,1909f56bfc062723c751e8b465ee728b)
Start importing Assets/Resources/Effects/Effect_ItemSet/ItemEffect_SwordAura.prefab using Guid(c1e4e38f125cae643adf9ded8b7e7352) Importer(815301076,1909f56bfc062723c751e8b465ee728b)  -> (artifact id: '9105886f0db70b585e6c9c60dd9aaa56') in 0.012065 seconds
Number of updated asset objects reloaded before import = 0
Number of asset objects unloaded after import = 40
========================================================================
Received Import Request.
  Time since last request: 2.172147 seconds.
  path: Assets/Resources/Effects/Effect_ItemSet/ItemEffect_SwordAura.prefab
  artifactKey: Guid(c1e4e38f125cae643adf9ded8b7e7352) Importer(815301076,1909f56bfc062723c751e8b465ee728b)
Start importing Assets/Resources/Effects/Effect_ItemSet/ItemEffect_SwordAura.prefab using Guid(c1e4e38f125cae643adf9ded8b7e7352) Importer(815301076,1909f56bfc062723c751e8b465ee728b)  -> (artifact id: '5506961667b44fb5b72567c879242658') in 0.012192 seconds
Number of updated asset objects reloaded before import = 0
Number of asset objects unloaded after import = 40
========================================================================
Received Import Request.
  Time since last request: 7.534482 seconds.
  path: Assets/Resources/Effects/Effect_ItemSet/ItemEffect_SwordAura.prefab
  artifactKey: Guid(c1e4e38f125cae643adf9ded8b7e7352) Importer(815301076,1909f56bfc062723c751e8b465ee728b)
Start importing Assets/Resources/Effects/Effect_ItemSet/ItemEffect_SwordAura.prefab using Guid(c1e4e38f125cae643adf9ded8b7e7352) Importer(815301076,1909f56bfc062723c751e8b465ee728b)  -> (artifact id: '72c0495294a776e3c9f720d41f49e541') in 0.016678 seconds
Number of updated asset objects reloaded before import = 0
Number of asset objects unloaded after import = 40
========================================================================
Received Import Request.
  Time since last request: 6.901527 seconds.
  path: Assets/Resources/Effects/Effect_ItemSet/ItemEffect_SwordAura.prefab
  artifactKey: Guid(c1e4e38f125cae643adf9ded8b7e7352) Importer(815301076,1909f56bfc062723c751e8b465ee728b)
Start importing Assets/Resources/Effects/Effect_ItemSet/ItemEffect_SwordAura.prefab using Guid(c1e4e38f125cae643adf9ded8b7e7352) Importer(815301076,1909f56bfc062723c751e8b465ee728b)  -> (artifact id: 'c77b1050a6869c4772e80a9142ff530e') in 0.012149 seconds
Number of updated asset objects reloaded before import = 0
Number of asset objects unloaded after import = 40
========================================================================
Received Import Request.
  Time since last request: 1.998031 seconds.
  path: Assets/Resources/Effects/Effect_ItemSet/ItemEffect_SwordAura.prefab
  artifactKey: Guid(c1e4e38f125cae643adf9ded8b7e7352) Importer(815301076,1909f56bfc062723c751e8b465ee728b)
Start importing Assets/Resources/Effects/Effect_ItemSet/ItemEffect_SwordAura.prefab using Guid(c1e4e38f125cae643adf9ded8b7e7352) Importer(815301076,1909f56bfc062723c751e8b465ee728b)  -> (artifact id: '60772f61a32d9f7d3294560bd95f32ff') in 0.011698 seconds
Number of updated asset objects reloaded before import = 0
Number of asset objects unloaded after import = 40
========================================================================
Received Import Request.
  Time since last request: 16.365230 seconds.
  path: Assets/Resources/Effects/Effect_ItemSet/ItemEffect_SwordAura.prefab
  artifactKey: Guid(c1e4e38f125cae643adf9ded8b7e7352) Importer(815301076,1909f56bfc062723c751e8b465ee728b)
Start importing Assets/Resources/Effects/Effect_ItemSet/ItemEffect_SwordAura.prefab using Guid(c1e4e38f125cae643adf9ded8b7e7352) Importer(815301076,1909f56bfc062723c751e8b465ee728b)  -> (artifact id: '81c6609ec4551f527d81969768ce3d21') in 0.015801 seconds
Number of updated asset objects reloaded before import = 0
Number of asset objects unloaded after import = 40
========================================================================
Received Import Request.
  Time since last request: 3.886630 seconds.
  path: Assets/Resources/Effects/Effect_ItemSet/ItemEffect_SwordAura.prefab
  artifactKey: Guid(c1e4e38f125cae643adf9ded8b7e7352) Importer(815301076,1909f56bfc062723c751e8b465ee728b)
Start importing Assets/Resources/Effects/Effect_ItemSet/ItemEffect_SwordAura.prefab using Guid(c1e4e38f125cae643adf9ded8b7e7352) Importer(815301076,1909f56bfc062723c751e8b465ee728b)  -> (artifact id: '8bd02d2c71eef257bac9adebe9a38d41') in 0.021779 seconds
Number of updated asset objects reloaded before import = 0
Number of asset objects unloaded after import = 40
========================================================================
Received Import Request.
  Time since last request: 11.030112 seconds.
  path: Assets/Resources/Effects/Effect_ItemSet/ItemEffect_SwordAura.prefab
  artifactKey: Guid(c1e4e38f125cae643adf9ded8b7e7352) Importer(815301076,1909f56bfc062723c751e8b465ee728b)
Start importing Assets/Resources/Effects/Effect_ItemSet/ItemEffect_SwordAura.prefab using Guid(c1e4e38f125cae643adf9ded8b7e7352) Importer(815301076,1909f56bfc062723c751e8b465ee728b)  -> (artifact id: '7f7023f9f0ab65acd828e0af3c9b3da8') in 0.017424 seconds
Number of updated asset objects reloaded before import = 0
Number of asset objects unloaded after import = 40
========================================================================
Received Import Request.
  Time since last request: 17.196851 seconds.
  path: Assets/Resources/Effects/Effect_ItemSet/ItemEffect_SwordAura.prefab
  artifactKey: Guid(c1e4e38f125cae643adf9ded8b7e7352) Importer(815301076,1909f56bfc062723c751e8b465ee728b)
Start importing Assets/Resources/Effects/Effect_ItemSet/ItemEffect_SwordAura.prefab using Guid(c1e4e38f125cae643adf9ded8b7e7352) Importer(815301076,1909f56bfc062723c751e8b465ee728b)  -> (artifact id: '6170212fdae20b51254de89c101d78b5') in 0.010614 seconds
Number of updated asset objects reloaded before import = 0
Number of asset objects unloaded after import = 40
========================================================================
Received Import Request.
  Time since last request: 7.017369 seconds.
  path: Assets/Resources/Effects/Effect_ItemSet/ItemEffect_SwordAura.prefab
  artifactKey: Guid(c1e4e38f125cae643adf9ded8b7e7352) Importer(815301076,1909f56bfc062723c751e8b465ee728b)
Start importing Assets/Resources/Effects/Effect_ItemSet/ItemEffect_SwordAura.prefab using Guid(c1e4e38f125cae643adf9ded8b7e7352) Importer(815301076,1909f56bfc062723c751e8b465ee728b)  -> (artifact id: 'a70d2efb3a188667ab39e38439b1b554') in 0.012773 seconds
Number of updated asset objects reloaded before import = 0
Number of asset objects unloaded after import = 26
========================================================================
Received Import Request.
  Time since last request: 7.278403 seconds.
  path: Assets/Resources/Effects/Effect_ItemSet/ItemEffect_SwordAura.prefab
  artifactKey: Guid(c1e4e38f125cae643adf9ded8b7e7352) Importer(815301076,1909f56bfc062723c751e8b465ee728b)
Start importing Assets/Resources/Effects/Effect_ItemSet/ItemEffect_SwordAura.prefab using Guid(c1e4e38f125cae643adf9ded8b7e7352) Importer(815301076,1909f56bfc062723c751e8b465ee728b)  -> (artifact id: '396ac096c33bfec656724e1f6c8833dd') in 0.011466 seconds
Number of updated asset objects reloaded before import = 0
Number of asset objects unloaded after import = 26
========================================================================
Received Import Request.
  Time since last request: 9.817554 seconds.
  path: Assets/Resources/Effects/Effect_ItemSet/ItemEffect_SwordAura.prefab
  artifactKey: Guid(c1e4e38f125cae643adf9ded8b7e7352) Importer(815301076,1909f56bfc062723c751e8b465ee728b)
Start importing Assets/Resources/Effects/Effect_ItemSet/ItemEffect_SwordAura.prefab using Guid(c1e4e38f125cae643adf9ded8b7e7352) Importer(815301076,1909f56bfc062723c751e8b465ee728b)  -> (artifact id: 'aea71d8fd83d4276786d8529d2519680') in 0.013045 seconds
Number of updated asset objects reloaded before import = 0
Number of asset objects unloaded after import = 26
========================================================================
Received Import Request.
  Time since last request: 5.970567 seconds.
  path: Assets/Resources/Effects/Effect_ItemSet/ItemEffect_SwordAura.prefab
  artifactKey: Guid(c1e4e38f125cae643adf9ded8b7e7352) Importer(815301076,1909f56bfc062723c751e8b465ee728b)
Start importing Assets/Resources/Effects/Effect_ItemSet/ItemEffect_SwordAura.prefab using Guid(c1e4e38f125cae643adf9ded8b7e7352) Importer(815301076,1909f56bfc062723c751e8b465ee728b)  -> (artifact id: '409bc8d0989df88dfc3c43b4ba230c75') in 0.010708 seconds
Number of updated asset objects reloaded before import = 0
Number of asset objects unloaded after import = 26
========================================================================
Received Import Request.
  Time since last request: 275.364168 seconds.
  path: Assets/Resources/Effects/Effect_ItemSet/ItemEffect_SwordAura.prefab
  artifactKey: Guid(c1e4e38f125cae643adf9ded8b7e7352) Importer(815301076,1909f56bfc062723c751e8b465ee728b)
Start importing Assets/Resources/Effects/Effect_ItemSet/ItemEffect_SwordAura.prefab using Guid(c1e4e38f125cae643adf9ded8b7e7352) Importer(815301076,1909f56bfc062723c751e8b465ee728b)  -> (artifact id: '7b1fe6ffa150d81ea6d24171bf9c596c') in 0.014131 seconds
Number of updated asset objects reloaded before import = 0
Number of asset objects unloaded after import = 26
========================================================================
Received Import Request.
  Time since last request: 170.321744 seconds.
  path: Assets/Resources/Effects/Effect_ItemSet/ItemEffect_FireSwordAura.prefab
  artifactKey: Guid(c1e4e38f125cae643adf9ded8b7e7352) Importer(815301076,1909f56bfc062723c751e8b465ee728b)
Start importing Assets/Resources/Effects/Effect_ItemSet/ItemEffect_FireSwordAura.prefab using Guid(c1e4e38f125cae643adf9ded8b7e7352) Importer(815301076,1909f56bfc062723c751e8b465ee728b)  -> (artifact id: '4c701c274af146b2ce89bba3677eace4') in 0.026313 seconds
Number of updated asset objects reloaded before import = 0
Number of asset objects unloaded after import = 26
========================================================================
Received Import Request.
  Time since last request: 5.074515 seconds.
  path: Assets/Resources/Effects/Effect_ItemSet/ItemEffect_FireSwordAura 1.prefab
  artifactKey: Guid(35324e5dd3d2df74c88dfcc17999820b) Importer(815301076,1909f56bfc062723c751e8b465ee728b)
Start importing Assets/Resources/Effects/Effect_ItemSet/ItemEffect_FireSwordAura 1.prefab using Guid(35324e5dd3d2df74c88dfcc17999820b) Importer(815301076,1909f56bfc062723c751e8b465ee728b)  -> (artifact id: '8421a7778e2e090840b9ee84c31067c5') in 0.013897 seconds
Number of updated asset objects reloaded before import = 0
Number of asset objects unloaded after import = 26
========================================================================
Received Import Request.
  Time since last request: 12.254917 seconds.
  path: Assets/Resources/Effects/Effect_ItemSet/ItemEffect_IceSwordAura.prefab
  artifactKey: Guid(35324e5dd3d2df74c88dfcc17999820b) Importer(815301076,1909f56bfc062723c751e8b465ee728b)
Start importing Assets/Resources/Effects/Effect_ItemSet/ItemEffect_IceSwordAura.prefab using Guid(35324e5dd3d2df74c88dfcc17999820b) Importer(815301076,1909f56bfc062723c751e8b465ee728b)  -> (artifact id: 'c45af89ab4f5360eab09c237408e9ce9') in 0.013096 seconds
Number of updated asset objects reloaded before import = 0
Number of asset objects unloaded after import = 26
========================================================================
Received Import Request.
  Time since last request: 16.931544 seconds.
  path: Assets/Resources/Effects/Effect_ItemSet/ItemEffect_IceSwordAura.prefab
  artifactKey: Guid(35324e5dd3d2df74c88dfcc17999820b) Importer(815301076,1909f56bfc062723c751e8b465ee728b)
Start importing Assets/Resources/Effects/Effect_ItemSet/ItemEffect_IceSwordAura.prefab using Guid(35324e5dd3d2df74c88dfcc17999820b) Importer(815301076,1909f56bfc062723c751e8b465ee728b)  -> (artifact id: '859dca4ce8931db9e822b38083e5b418') in 0.009314 seconds
Number of updated asset objects reloaded before import = 0
Number of asset objects unloaded after import = 26
========================================================================
Received Import Request.
  Time since last request: 10.736432 seconds.
  path: Assets/Resources/Effects/Effect_ItemSet/ItemEffect_IceSwordAura.prefab
  artifactKey: Guid(35324e5dd3d2df74c88dfcc17999820b) Importer(815301076,1909f56bfc062723c751e8b465ee728b)
Start importing Assets/Resources/Effects/Effect_ItemSet/ItemEffect_IceSwordAura.prefab using Guid(35324e5dd3d2df74c88dfcc17999820b) Importer(815301076,1909f56bfc062723c751e8b465ee728b)  -> (artifact id: '9eb3a8f07da12046f0df8b9b8e8803fb') in 0.010975 seconds
Number of updated asset objects reloaded before import = 0
Number of asset objects unloaded after import = 26
========================================================================
Received Import Request.
  Time since last request: 1.183342 seconds.
  path: Assets/Resources/Effects/Effect_ItemSet/ItemEffect_IceSwordAura.prefab
  artifactKey: Guid(35324e5dd3d2df74c88dfcc17999820b) Importer(815301076,1909f56bfc062723c751e8b465ee728b)
Start importing Assets/Resources/Effects/Effect_ItemSet/ItemEffect_IceSwordAura.prefab using Guid(35324e5dd3d2df74c88dfcc17999820b) Importer(815301076,1909f56bfc062723c751e8b465ee728b)  -> (artifact id: '4fb1e0ddcc2585ab71406cc966bf543f') in 0.008719 seconds
Number of updated asset objects reloaded before import = 0
Number of asset objects unloaded after import = 26
========================================================================
Received Import Request.
  Time since last request: 4.547537 seconds.
  path: Assets/Resources/Effects/Effect_ItemSet/ItemEffect_IceSwordAura.prefab
  artifactKey: Guid(35324e5dd3d2df74c88dfcc17999820b) Importer(815301076,1909f56bfc062723c751e8b465ee728b)
Start importing Assets/Resources/Effects/Effect_ItemSet/ItemEffect_IceSwordAura.prefab using Guid(35324e5dd3d2df74c88dfcc17999820b) Importer(815301076,1909f56bfc062723c751e8b465ee728b)  -> (artifact id: '03e17de15f6a0dc55d16be0037c77ee3') in 0.082416 seconds
Number of updated asset objects reloaded before import = 0
Number of asset objects unloaded after import = 26
========================================================================
Received Import Request.
  Time since last request: 1.081322 seconds.
  path: Assets/Resources/Effects/Effect_ItemSet/ItemEffect_IceSwordAura.prefab
  artifactKey: Guid(35324e5dd3d2df74c88dfcc17999820b) Importer(815301076,1909f56bfc062723c751e8b465ee728b)
Start importing Assets/Resources/Effects/Effect_ItemSet/ItemEffect_IceSwordAura.prefab using Guid(35324e5dd3d2df74c88dfcc17999820b) Importer(815301076,1909f56bfc062723c751e8b465ee728b)  -> (artifact id: '1efd1c92dce0202e1baa774493362fea') in 0.011873 seconds
Number of updated asset objects reloaded before import = 0
Number of asset objects unloaded after import = 26
========================================================================
Received Import Request.
  Time since last request: 9.422526 seconds.
  path: Assets/Resources/Effects/Effect_ItemSet/ItemEffect_IceSwordAura.prefab
  artifactKey: Guid(35324e5dd3d2df74c88dfcc17999820b) Importer(815301076,1909f56bfc062723c751e8b465ee728b)
Start importing Assets/Resources/Effects/Effect_ItemSet/ItemEffect_IceSwordAura.prefab using Guid(35324e5dd3d2df74c88dfcc17999820b) Importer(815301076,1909f56bfc062723c751e8b465ee728b)  -> (artifact id: '2103807433ed648431bde155d7fbedf5') in 0.011372 seconds
Number of updated asset objects reloaded before import = 0
Number of asset objects unloaded after import = 26
========================================================================
Received Import Request.
  Time since last request: 1.440722 seconds.
  path: Assets/Resources/Effects/Effect_ItemSet/ItemEffect_IceSwordAura.prefab
  artifactKey: Guid(35324e5dd3d2df74c88dfcc17999820b) Importer(815301076,1909f56bfc062723c751e8b465ee728b)
Start importing Assets/Resources/Effects/Effect_ItemSet/ItemEffect_IceSwordAura.prefab using Guid(35324e5dd3d2df74c88dfcc17999820b) Importer(815301076,1909f56bfc062723c751e8b465ee728b)  -> (artifact id: 'b1075b9ce47b59d4c33b8271b554424f') in 0.013718 seconds
Number of updated asset objects reloaded before import = 0
Number of asset objects unloaded after import = 26
========================================================================
Received Import Request.
  Time since last request: 8.734610 seconds.
  path: Assets/Resources/Effects/Effect_ItemSet/ItemEffect_IceSwordAura.prefab
  artifactKey: Guid(35324e5dd3d2df74c88dfcc17999820b) Importer(815301076,1909f56bfc062723c751e8b465ee728b)
Start importing Assets/Resources/Effects/Effect_ItemSet/ItemEffect_IceSwordAura.prefab using Guid(35324e5dd3d2df74c88dfcc17999820b) Importer(815301076,1909f56bfc062723c751e8b465ee728b)  -> (artifact id: 'ab6382ab6f61cbbce5b46aeec63eeb9b') in 0.013497 seconds
Number of updated asset objects reloaded before import = 0
Number of asset objects unloaded after import = 26
========================================================================
Received Import Request.
  Time since last request: 3.645676 seconds.
  path: Assets/Resources/Effects/Effect_ItemSet/ItemEffect_IceSwordAura.prefab
  artifactKey: Guid(35324e5dd3d2df74c88dfcc17999820b) Importer(815301076,1909f56bfc062723c751e8b465ee728b)
Start importing Assets/Resources/Effects/Effect_ItemSet/ItemEffect_IceSwordAura.prefab using Guid(35324e5dd3d2df74c88dfcc17999820b) Importer(815301076,1909f56bfc062723c751e8b465ee728b)  -> (artifact id: 'cc038e5db78c01c2739e8d0c6407e6a0') in 0.015011 seconds
Number of updated asset objects reloaded before import = 0
Number of asset objects unloaded after import = 26
========================================================================
Received Import Request.
  Time since last request: 15.367632 seconds.
  path: Assets/Resources/Effects/Effect_ItemSet/ItemEffect_IceSwordAura.prefab
  artifactKey: Guid(35324e5dd3d2df74c88dfcc17999820b) Importer(815301076,1909f56bfc062723c751e8b465ee728b)
Start importing Assets/Resources/Effects/Effect_ItemSet/ItemEffect_IceSwordAura.prefab using Guid(35324e5dd3d2df74c88dfcc17999820b) Importer(815301076,1909f56bfc062723c751e8b465ee728b)  -> (artifact id: '90caf63d45096007282d00ac17749cc0') in 0.008910 seconds
Number of updated asset objects reloaded before import = 0
Number of asset objects unloaded after import = 26
========================================================================
Received Import Request.
  Time since last request: 47.181207 seconds.
  path: Assets/Prefabs/Player_warrior.prefab
  artifactKey: Guid(14f7f301eebac994db65ea0b2c17165c) Importer(815301076,1909f56bfc062723c751e8b465ee728b)
Start importing Assets/Prefabs/Player_warrior.prefab using Guid(14f7f301eebac994db65ea0b2c17165c) Importer(815301076,1909f56bfc062723c751e8b465ee728b)  -> (artifact id: '0245bd17e8ee69f8dd07de8167fdd049') in 4.000058 seconds
Internal: There are remaining Allocations on the JobTempAlloc. This is a leak, and will impact performance
To Debug, run app with -diag-job-temp-memory-leak-validation cmd line argument. This will output the callstacks of the leaked allocations.
Number of updated asset objects reloaded before import = 0
Number of asset objects unloaded after import = 5318
========================================================================
Received Import Request.
  Time since last request: 29.841409 seconds.
  path: Assets/Prefabs/Player_warrior.prefab
  artifactKey: Guid(14f7f301eebac994db65ea0b2c17165c) Importer(815301076,1909f56bfc062723c751e8b465ee728b)
Start importing Assets/Prefabs/Player_warrior.prefab using Guid(14f7f301eebac994db65ea0b2c17165c) Importer(815301076,1909f56bfc062723c751e8b465ee728b)  -> (artifact id: '17c05aaeaefe902613685de46038a58b') in 2.576310 seconds
Internal: There are remaining Allocations on the JobTempAlloc. This is a leak, and will impact performance
To Debug, run app with -diag-job-temp-memory-leak-validation cmd line argument. This will output the callstacks of the leaked allocations.
Number of updated asset objects reloaded before import = 0
Number of asset objects unloaded after import = 5284
========================================================================
Received Import Request.
  Time since last request: 99.936760 seconds.
  path: Assets/TextMesh Pro/Examples & Extras/Textures/Brushed Metal 3.jpg
  artifactKey: Guid(f88677df267a41d6be1e7a6133e7d227) Importer(815301076,1909f56bfc062723c751e8b465ee728b)
Start importing Assets/TextMesh Pro/Examples & Extras/Textures/Brushed Metal 3.jpg using Guid(f88677df267a41d6be1e7a6133e7d227) Importer(815301076,1909f56bfc062723c751e8b465ee728b)  -> (artifact id: 'c7e391789c0267bb658c9b3ae39693d4') in 0.021452 seconds
Internal: There are remaining Allocations on the JobTempAlloc. This is a leak, and will impact performance
To Debug, run app with -diag-job-temp-memory-leak-validation cmd line argument. This will output the callstacks of the leaked allocations.
Number of updated asset objects reloaded before import = 0
Number of asset objects unloaded after import = 2
========================================================================
Received Import Request.
  Time since last request: 0.044464 seconds.
  path: Assets/TextMesh Pro/Resources/Style Sheets/Default Style Sheet.asset
  artifactKey: Guid(f952c082cb03451daed3ee968ac6c63e) Importer(815301076,1909f56bfc062723c751e8b465ee728b)
Start importing Assets/TextMesh Pro/Resources/Style Sheets/Default Style Sheet.asset using Guid(f952c082cb03451daed3ee968ac6c63e) Importer(815301076,1909f56bfc062723c751e8b465ee728b)  -> (artifact id: '109544044039feb560e3088941867d41') in 0.002357 seconds
Internal: JobTempAlloc has allocations that are more than the maximum lifespan of 4 frames old - this is not allowed and likely a leak
To Debug, run app with -diag-job-temp-memory-leak-validation cmd line argument. This will output the callstacks of the leaked allocations.
Internal: There are remaining Allocations on the JobTempAlloc. This is a leak, and will impact performance
To Debug, run app with -diag-job-temp-memory-leak-validation cmd line argument. This will output the callstacks of the leaked allocations.
Number of updated asset objects reloaded before import = 0
Number of asset objects unloaded after import = 1
========================================================================
Received Import Request.
  Time since last request: 0.072832 seconds.
  path: Assets/DownloadAssets/100Effects/EffectsSet_1(NotScriptBased)/Materials/Effect_10_Materials/Effect_10_Shell.mat
  artifactKey: Guid(bf7025bda4e51504c8e8d6cb82f205ff) Importer(815301076,1909f56bfc062723c751e8b465ee728b)
Start importing Assets/DownloadAssets/100Effects/EffectsSet_1(NotScriptBased)/Materials/Effect_10_Materials/Effect_10_Shell.mat using Guid(bf7025bda4e51504c8e8d6cb82f205ff) Importer(815301076,1909f56bfc062723c751e8b465ee728b)  -> (artifact id: 'cf0256a4edbb4ec9480f0dde809baa6e') in 0.015119 seconds
Internal: JobTempAlloc has allocations that are more than the maximum lifespan of 4 frames old - this is not allowed and likely a leak
To Debug, run app with -diag-job-temp-memory-leak-validation cmd line argument. This will output the callstacks of the leaked allocations.
Internal: There are remaining Allocations on the JobTempAlloc. This is a leak, and will impact performance
To Debug, run app with -diag-job-temp-memory-leak-validation cmd line argument. This will output the callstacks of the leaked allocations.
Number of updated asset objects reloaded before import = 0
Number of asset objects unloaded after import = 4
========================================================================
Received Import Request.
  Time since last request: 0.023904 seconds.
  path: Assets/DownloadAssets/100Effects/EffectsSet_1(NotScriptBased)/Effects/Effect_10_SpaceFleetCall/Effect_10_Base/Effect_10_ShellExplosion_2.prefab
  artifactKey: Guid(df08676e360a90d4d9df740d7af7a53b) Importer(815301076,1909f56bfc062723c751e8b465ee728b)
Start importing Assets/DownloadAssets/100Effects/EffectsSet_1(NotScriptBased)/Effects/Effect_10_SpaceFleetCall/Effect_10_Base/Effect_10_ShellExplosion_2.prefab using Guid(df08676e360a90d4d9df740d7af7a53b) Importer(815301076,1909f56bfc062723c751e8b465ee728b) Shader properties can't be added to this global property sheet. Trying to add _GrabTexture_ST (type 2 count 1)
UnityEngine.StackTraceUtility:ExtractStackTrace ()
UnityEngine.Rendering.ScriptableRenderContext:Submit_Internal ()
UnityEngine.Rendering.ScriptableRenderContext:Submit ()
UnityEngine.Rendering.Universal.UniversalRenderPipeline:RenderSingleCamera (UnityEngine.Rendering.ScriptableRenderContext,UnityEngine.Rendering.Universal.CameraData&,bool) (at ./Library/PackageCache/com.unity.render-pipelines.universal@14.0.7/Runtime/UniversalRenderPipeline.cs:666)
UnityEngine.Rendering.Universal.UniversalRenderPipeline:RenderSingleCameraInternal (UnityEngine.Rendering.ScriptableRenderContext,UnityEngine.Camera) (at ./Library/PackageCache/com.unity.render-pipelines.universal@14.0.7/Runtime/UniversalRenderPipeline.cs:534)
UnityEngine.Rendering.Universal.UniversalRenderPipeline:Render (UnityEngine.Rendering.ScriptableRenderContext,System.Collections.Generic.List`1<UnityEngine.Camera>) (at ./Library/PackageCache/com.unity.render-pipelines.universal@14.0.7/Runtime/UniversalRenderPipeline.cs:376)
UnityEngine.Rendering.RenderPipeline:InternalRender (UnityEngine.Rendering.ScriptableRenderContext,System.Collections.Generic.List`1<UnityEngine.Camera>)
UnityEngine.Rendering.RenderPipelineManager:DoRenderLoop_Internal (UnityEngine.Rendering.RenderPipelineAsset,intptr,UnityEngine.Object,Unity.Collections.LowLevel.Unsafe.AtomicSafetyHandle)
UnityEditor.PreviewRenderUtility:Render (bool,bool)
UnityEditor.GameObjectInspector:DoRenderPreview (UnityEditor.GameObjectInspector/PreviewData)
UnityEditor.GameObjectInspector:RenderStaticPreview (string,UnityEngine.Object[],int,int)
UnityEditor.AssetPreviewUpdater:CreatePreview (UnityEngine.Object,UnityEngine.Object[],string,int,int)
UnityEditor.AssetPreviewUpdater:CreatePreviewForAsset (UnityEngine.Object,UnityEngine.Object[],string)

[./Library/PackageCache/com.unity.render-pipelines.universal@14.0.7/Runtime/UniversalRenderPipeline.cs line 666]

Shader properties can't be added to this global property sheet. Trying to add _GrabTexture_TexelSize (type 2 count 1)
UnityEngine.StackTraceUtility:ExtractStackTrace ()
UnityEngine.Rendering.ScriptableRenderContext:Submit_Internal ()
UnityEngine.Rendering.ScriptableRenderContext:Submit ()
UnityEngine.Rendering.Universal.UniversalRenderPipeline:RenderSingleCamera (UnityEngine.Rendering.ScriptableRenderContext,UnityEngine.Rendering.Universal.CameraData&,bool) (at ./Library/PackageCache/com.unity.render-pipelines.universal@14.0.7/Runtime/UniversalRenderPipeline.cs:666)
UnityEngine.Rendering.Universal.UniversalRenderPipeline:RenderSingleCameraInternal (UnityEngine.Rendering.ScriptableRenderContext,UnityEngine.Camera) (at ./Library/PackageCache/com.unity.render-pipelines.universal@14.0.7/Runtime/UniversalRenderPipeline.cs:534)
UnityEngine.Rendering.Universal.UniversalRenderPipeline:Render (UnityEngine.Rendering.ScriptableRenderContext,System.Collections.Generic.List`1<UnityEngine.Camera>) (at ./Library/PackageCache/com.unity.render-pipelines.universal@14.0.7/Runtime/UniversalRenderPipeline.cs:376)
UnityEngine.Rendering.RenderPipeline:InternalRender (UnityEngine.Rendering.ScriptableRenderContext,System.Collections.Generic.List`1<UnityEngine.Camera>)
UnityEngine.Rendering.RenderPipelineManager:DoRenderLoop_Internal (UnityEngine.Rendering.RenderPipelineAsset,intptr,UnityEngine.Object,Unity.Collections.LowLevel.Unsafe.AtomicSafetyHandle)
UnityEditor.PreviewRenderUtility:Render (bool,bool)
UnityEditor.GameObjectInspector:DoRenderPreview (UnityEditor.GameObjectInspector/PreviewData)
UnityEditor.GameObjectInspector:RenderStaticPreview (string,UnityEngine.Object[],int,int)
UnityEditor.AssetPreviewUpdater:CreatePreview (UnityEngine.Object,UnityEngine.Object[],string,int,int)
UnityEditor.AssetPreviewUpdater:CreatePreviewForAsset (UnityEngine.Object,UnityEngine.Object[],string)

[./Library/PackageCache/com.unity.render-pipelines.universal@14.0.7/Runtime/UniversalRenderPipeline.cs line 666]

Shader properties can't be added to this global property sheet. Trying to add _GrabTexture_HDR (type 2 count 1)
UnityEngine.StackTraceUtility:ExtractStackTrace ()
UnityEngine.Rendering.ScriptableRenderContext:Submit_Internal ()
UnityEngine.Rendering.ScriptableRenderContext:Submit ()
UnityEngine.Rendering.Universal.UniversalRenderPipeline:RenderSingleCamera (UnityEngine.Rendering.ScriptableRenderContext,UnityEngine.Rendering.Universal.CameraData&,bool) (at ./Library/PackageCache/com.unity.render-pipelines.universal@14.0.7/Runtime/UniversalRenderPipeline.cs:666)
UnityEngine.Rendering.Universal.UniversalRenderPipeline:RenderSingleCameraInternal (UnityEngine.Rendering.ScriptableRenderContext,UnityEngine.Camera) (at ./Library/PackageCache/com.unity.render-pipelines.universal@14.0.7/Runtime/UniversalRenderPipeline.cs:534)
UnityEngine.Rendering.Universal.UniversalRenderPipeline:Render (UnityEngine.Rendering.ScriptableRenderContext,System.Collections.Generic.List`1<UnityEngine.Camera>) (at ./Library/PackageCache/com.unity.render-pipelines.universal@14.0.7/Runtime/UniversalRenderPipeline.cs:376)
UnityEngine.Rendering.RenderPipeline:InternalRender (UnityEngine.Rendering.ScriptableRenderContext,System.Collections.Generic.List`1<UnityEngine.Camera>)
UnityEngine.Rendering.RenderPipelineManager:DoRenderLoop_Internal (UnityEngine.Rendering.RenderPipelineAsset,intptr,UnityEngine.Object,Unity.Collections.LowLevel.Unsafe.AtomicSafetyHandle)
UnityEditor.PreviewRenderUtility:Render (bool,bool)
UnityEditor.GameObjectInspector:DoRenderPreview (UnityEditor.GameObjectInspector/PreviewData)
UnityEditor.GameObjectInspector:RenderStaticPreview (string,UnityEngine.Object[],int,int)
UnityEditor.AssetPreviewUpdater:CreatePreview (UnityEngine.Object,UnityEngine.Object[],string,int,int)
UnityEditor.AssetPreviewUpdater:CreatePreviewForAsset (UnityEngine.Object,UnityEngine.Object[],string)

[./Library/PackageCache/com.unity.render-pipelines.universal@14.0.7/Runtime/UniversalRenderPipeline.cs line 666]

Shader properties can't be added to this global property sheet. Trying to add _GrabTexture (type 4 count 1)
UnityEngine.StackTraceUtility:ExtractStackTrace ()
UnityEngine.Rendering.ScriptableRenderContext:Submit_Internal ()
UnityEngine.Rendering.ScriptableRenderContext:Submit ()
UnityEngine.Rendering.Universal.UniversalRenderPipeline:RenderSingleCamera (UnityEngine.Rendering.ScriptableRenderContext,UnityEngine.Rendering.Universal.CameraData&,bool) (at ./Library/PackageCache/com.unity.render-pipelines.universal@14.0.7/Runtime/UniversalRenderPipeline.cs:666)
UnityEngine.Rendering.Universal.UniversalRenderPipeline:RenderSingleCameraInternal (UnityEngine.Rendering.ScriptableRenderContext,UnityEngine.Camera) (at ./Library/PackageCache/com.unity.render-pipelines.universal@14.0.7/Runtime/UniversalRenderPipeline.cs:534)
UnityEngine.Rendering.Universal.UniversalRenderPipeline:Render (UnityEngine.Rendering.ScriptableRenderContext,System.Collections.Generic.List`1<UnityEngine.Camera>) (at ./Library/PackageCache/com.unity.render-pipelines.universal@14.0.7/Runtime/UniversalRenderPipeline.cs:376)
UnityEngine.Rendering.RenderPipeline:InternalRender (UnityEngine.Rendering.ScriptableRenderContext,System.Collections.Generic.List`1<UnityEngine.Camera>)
UnityEngine.Rendering.RenderPipelineManager:DoRenderLoop_Internal (UnityEngine.Rendering.RenderPipelineAsset,intptr,UnityEngine.Object,Unity.Collections.LowLevel.Unsafe.AtomicSafetyHandle)
UnityEditor.PreviewRenderUtility:Render (bool,bool)
UnityEditor.GameObjectInspector:DoRenderPreview (UnityEditor.GameObjectInspector/PreviewData)
UnityEditor.GameObjectInspector:RenderStaticPreview (string,UnityEngine.Object[],int,int)
UnityEditor.AssetPreviewUpdater:CreatePreview (UnityEngine.Object,UnityEngine.Object[],string,int,int)
UnityEditor.AssetPreviewUpdater:CreatePreviewForAsset (UnityEngine.Object,UnityEngine.Object[],string)

[./Library/PackageCache/com.unity.render-pipelines.universal@14.0.7/Runtime/UniversalRenderPipeline.cs line 666]

 -> (artifact id: 'ea71309d56d46d0ba72c3853eeae207b') in 0.141059 seconds
Internal: There are remaining Allocations on the JobTempAlloc. This is a leak, and will impact performance
To Debug, run app with -diag-job-temp-memory-leak-validation cmd line argument. This will output the callstacks of the leaked allocations.
Number of updated asset objects reloaded before import = 0
Number of asset objects unloaded after import = 29
========================================================================
Received Import Request.
  Time since last request: 0.000022 seconds.
  path: Assets/DownloadAssets/100Effects/EffectsSet_1(NotScriptBased)/Effects/Effect_10_SpaceFleetCall/Effect_10_Base/Effect_10_ShellTrailParticle_2.prefab
  artifactKey: Guid(2cecb7e57f70d6543bb8e86595a7b02a) Importer(815301076,1909f56bfc062723c751e8b465ee728b)
Start importing Assets/DownloadAssets/100Effects/EffectsSet_1(NotScriptBased)/Effects/Effect_10_SpaceFleetCall/Effect_10_Base/Effect_10_ShellTrailParticle_2.prefab using Guid(2cecb7e57f70d6543bb8e86595a7b02a) Importer(815301076,1909f56bfc062723c751e8b465ee728b)  -> (artifact id: '7e3069ab55c1416117b727ceebd654ae') in 0.013380 seconds
Internal: There are remaining Allocations on the JobTempAlloc. This is a leak, and will impact performance
To Debug, run app with -diag-job-temp-memory-leak-validation cmd line argument. This will output the callstacks of the leaked allocations.
Number of updated asset objects reloaded before import = 0
Number of asset objects unloaded after import = 10
========================================================================
Received Import Request.
  Time since last request: 0.000026 seconds.
  path: Assets/DownloadAssets/100Effects/EffectsSet_2(ScriptBased)/Effects/Effect_26_MultipleShell/Effect_26_MultipleShell.prefab
  artifactKey: Guid(c5ef651ff25e0ba4f8ab6e53a18187b8) Importer(815301076,1909f56bfc062723c751e8b465ee728b)
Start importing Assets/DownloadAssets/100Effects/EffectsSet_2(ScriptBased)/Effects/Effect_26_MultipleShell/Effect_26_MultipleShell.prefab using Guid(c5ef651ff25e0ba4f8ab6e53a18187b8) Importer(815301076,1909f56bfc062723c751e8b465ee728b)  -> (artifact id: '0d9d765a33d9b6c2e0b9301c0b63654f') in 0.135385 seconds
Internal: JobTempAlloc has allocations that are more than the maximum lifespan of 4 frames old - this is not allowed and likely a leak
To Debug, run app with -diag-job-temp-memory-leak-validation cmd line argument. This will output the callstacks of the leaked allocations.
Internal: There are remaining Allocations on the JobTempAlloc. This is a leak, and will impact performance
To Debug, run app with -diag-job-temp-memory-leak-validation cmd line argument. This will output the callstacks of the leaked allocations.
Number of updated asset objects reloaded before import = 0
Number of asset objects unloaded after import = 36
========================================================================
Received Import Request.
  Time since last request: 0.000013 seconds.
  path: Assets/DownloadAssets/100Effects/EffectsSet_2(ScriptBased)/Materials/Effect_40_Materials/Effect_40_Shell.mat
  artifactKey: Guid(e6b6a7f667b42f340aaa3242d33c0dd1) Importer(815301076,1909f56bfc062723c751e8b465ee728b)
Start importing Assets/DownloadAssets/100Effects/EffectsSet_2(ScriptBased)/Materials/Effect_40_Materials/Effect_40_Shell.mat using Guid(e6b6a7f667b42f340aaa3242d33c0dd1) Importer(815301076,1909f56bfc062723c751e8b465ee728b)  -> (artifact id: 'e8106d17cfed26358cbecda85ddec575') in 0.071310 seconds
Internal: There are remaining Allocations on the JobTempAlloc. This is a leak, and will impact performance
To Debug, run app with -diag-job-temp-memory-leak-validation cmd line argument. This will output the callstacks of the leaked allocations.
Number of updated asset objects reloaded before import = 0
Number of asset objects unloaded after import = 4
========================================================================
Received Import Request.
  Time since last request: 0.000019 seconds.
  path: Assets/DownloadAssets/100Effects/EffectsSet_2(ScriptBased)/Effects/Effect_26_MultipleShell/Effect_26_Part/Effect_26_Shell.prefab
  artifactKey: Guid(b5872815af9b4d24781b75df5cf6d340) Importer(815301076,1909f56bfc062723c751e8b465ee728b)
Start importing Assets/DownloadAssets/100Effects/EffectsSet_2(ScriptBased)/Effects/Effect_26_MultipleShell/Effect_26_Part/Effect_26_Shell.prefab using Guid(b5872815af9b4d24781b75df5cf6d340) Importer(815301076,1909f56bfc062723c751e8b465ee728b)  -> (artifact id: '844ab0a5a20499a88408b1a90b53037a') in 0.056445 seconds
Internal: There are remaining Allocations on the JobTempAlloc. This is a leak, and will impact performance
To Debug, run app with -diag-job-temp-memory-leak-validation cmd line argument. This will output the callstacks of the leaked allocations.
Number of updated asset objects reloaded before import = 0
Number of asset objects unloaded after import = 26
Editor requested this worker to shutdown with reason: Scaling down because of idle timeout
TcpMessagingSession - receive error: operation aborted. errorcode: 995, details:        I/O  .
AssetImportWorker is now disconnected from the server
Process exiting
Exiting without the bug reporter. Application will terminate with return code 0