Using pre-set license
Built from '2022.2/staging' branch; Version is '2022.2.20f1 (c5d806317f84) revision 12965894'; Using compiler version '192829333'; Build Type 'Release'
OS: 'Windows 10  (10.0.19045) 64bit Professional' Language: 'ko' Physical Memory: 32729 MB
BatchMode: 1, IsHumanControllingUs: 0, StartBugReporterOnCrash: 0, Is64bit: 1, IsPro: 1

COMMAND LINE ARGUMENTS:
G:\Unity\2022.2.20f1\Editor\Unity.exe
-adb2
-batchMode
-noUpm
-name
AssetImportWorker7
-projectPath
G:/4p-project/Power_of_Personality
-logFile
Logs/AssetImportWorker7.log
-srvPort
3813
Successfully changed project path to: G:/4p-project/Power_of_Personality
G:/4p-project/Power_of_Personality
[UnityMemory] Configuration Parameters - Can be set up in boot.config
    "memorysetup-bucket-allocator-granularity=16"
    "memorysetup-bucket-allocator-bucket-count=8"
    "memorysetup-bucket-allocator-block-size=33554432"
    "memorysetup-bucket-allocator-block-count=8"
    "memorysetup-main-allocator-block-size=16777216"
    "memorysetup-thread-allocator-block-size=16777216"
    "memorysetup-gfx-main-allocator-block-size=16777216"
    "memorysetup-gfx-thread-allocator-block-size=16777216"
    "memorysetup-cache-allocator-block-size=4194304"
    "memorysetup-typetree-allocator-block-size=2097152"
    "memorysetup-profiler-bucket-allocator-granularity=16"
    "memorysetup-profiler-bucket-allocator-bucket-count=8"
    "memorysetup-profiler-bucket-allocator-block-size=33554432"
    "memorysetup-profiler-bucket-allocator-block-count=8"
    "memorysetup-profiler-allocator-block-size=16777216"
    "memorysetup-profiler-editor-allocator-block-size=1048576"
    "memorysetup-temp-allocator-size-main=16777216"
    "memorysetup-job-temp-allocator-block-size=2097152"
    "memorysetup-job-temp-allocator-block-size-background=1048576"
    "memorysetup-job-temp-allocator-reduction-small-platforms=262144"
    "memorysetup-temp-allocator-size-background-worker=32768"
    "memorysetup-temp-allocator-size-job-worker=262144"
    "memorysetup-temp-allocator-size-preload-manager=33554432"
    "memorysetup-temp-allocator-size-nav-mesh-worker=65536"
    "memorysetup-temp-allocator-size-audio-worker=65536"
    "memorysetup-temp-allocator-size-cloud-worker=32768"
    "memorysetup-temp-allocator-size-gi-baking-worker=262144"
    "memorysetup-temp-allocator-size-gfx=262144"
Player connection [27312] Host "[IP] 192.168.0.26 [Port] 0 [Flags] 2 [Guid] 3348380908 [EditorId] 3348380908 [Version] 1048832 [Id] WindowsEditor(7,DESKTOP-JGTGNHB) [Debug] 1 [PackageName] WindowsEditor [ProjectName] Editor" joined multi-casting on [225.0.0.222:54997]...

Player connection [27312] Host "[IP] 192.168.0.26 [Port] 0 [Flags] 2 [Guid] 3348380908 [EditorId] 3348380908 [Version] 1048832 [Id] WindowsEditor(7,DESKTOP-JGTGNHB) [Debug] 1 [PackageName] WindowsEditor [ProjectName] Editor" joined alternative multi-casting on [225.0.0.222:34997]...

Refreshing native plugins compatible for Editor in 34.06 ms, found 3 plugins.
Preloading 0 native plugins for Editor in 0.00 ms.
Initialize engine version: 2022.2.20f1 (c5d806317f84)
[Subsystems] Discovering subsystems at path G:/Unity/2022.2.20f1/Editor/Data/Resources/UnitySubsystems
[Subsystems] Discovering subsystems at path G:/4p-project/Power_of_Personality/Assets
GfxDevice: creating device client; threaded=0; jobified=0
Direct3D:
    Version:  Direct3D 11.0 [level 11.1]
    Renderer: NVIDIA GeForce GTX 1060 6GB (ID=0x1b83)
    Vendor:   NVIDIA
    VRAM:     6044 MB
    Driver:   31.0.15.4617
Initialize mono
Mono path[0] = 'G:/Unity/2022.2.20f1/Editor/Data/Managed'
Mono path[1] = 'G:/Unity/2022.2.20f1/Editor/Data/MonoBleedingEdge/lib/mono/unityjit-win32'
Mono config path = 'G:/Unity/2022.2.20f1/Editor/Data/MonoBleedingEdge/etc'
Using monoOptions --debugger-agent=transport=dt_socket,embedding=1,server=y,suspend=n,address=127.0.0.1:56920
Begin MonoManager ReloadAssembly
Registering precompiled unity dll's ...
Register platform support module: G:/Unity/2022.2.20f1/Editor/Data/PlaybackEngines/AndroidPlayer/UnityEditor.Android.Extensions.dll
Register platform support module: G:/Unity/2022.2.20f1/Editor/Data/PlaybackEngines/WindowsStandaloneSupport/UnityEditor.WindowsStandalone.Extensions.dll
Registered in 0.017677 seconds.
- Loaded All Assemblies, in  0.821 seconds
Native extension for WindowsStandalone target not found
Native extension for Android target not found
Android Extension - Scanning For ADB Devices 923 ms
Mono: successfully reloaded assembly
- Finished resetting the current domain, in  1.830 seconds
Domain Reload Profiling:
	ReloadAssembly (521ms)
		BeginReloadAssembly (245ms)
			ExecutionOrderSort (0ms)
			DisableScriptedObjects (0ms)
			BackupInstance (0ms)
			ReleaseScriptingObjects (0ms)
			CreateAndSetChildDomain (1ms)
		LoadAllAssembliesAndSetupDomain (0ms)
			LoadAssemblies (243ms)
			RebuildTransferFunctionScriptingTraits (0ms)
			SetupTypeCache (288ms)
				TypeCache.Initialize (287ms)
					TypeCache.ScanAssembly (285ms)
				ResolveRequiredComponents (1ms)
		FinalizeReload (0ms)
			ReleaseScriptCaches (0ms)
			RebuildScriptCaches (0ms)
			SetupLoadedEditorAssemblies (1725ms)
				LogAssemblyErrors (0ms)
				InitializePlatformSupportModulesInManaged (1120ms)
				SetLoadedEditorAssemblies (9ms)
				RefreshPlugins (0ms)
				BeforeProcessingInitializeOnLoad (4ms)
				ProcessInitializeOnLoadAttributes (320ms)
				ProcessInitializeOnLoadMethodAttributes (272ms)
				AfterProcessingInitializeOnLoad (0ms)
				EditorAssembliesLoaded (0ms)
			ExecutionOrderSort2 (0ms)
			AwakeInstancesAfterBackupRestoration (0ms)
========================================================================
Worker process is ready to serve import requests
Begin MonoManager ReloadAssembly
Symbol file LoadedFromMemory doesn't match image G:\4p-project\Power_of_Personality\Library\PackageCache\com.unity.visualscripting@1.8.0\Editor\VisualScripting.Core\Dependencies\YamlDotNet\Unity.VisualScripting.YamlDotNet.dll
Symbol file LoadedFromMemory doesn't match image G:\4p-project\Power_of_Personality\Library\PackageCache\com.unity.visualscripting@1.8.0\Editor\VisualScripting.Core\Dependencies\DotNetZip\Unity.VisualScripting.IonicZip.dll
- Loaded All Assemblies, in  2.012 seconds
Refreshing native plugins compatible for Editor in 12.99 ms, found 3 plugins.
Native extension for WindowsStandalone target not found
Native extension for Android target not found
Mono: successfully reloaded assembly
- Finished resetting the current domain, in  1.649 seconds
Domain Reload Profiling:
	ReloadAssembly (568ms)
		BeginReloadAssembly (406ms)
			ExecutionOrderSort (0ms)
			DisableScriptedObjects (13ms)
			BackupInstance (0ms)
			ReleaseScriptingObjects (1ms)
			CreateAndSetChildDomain (118ms)
		LoadAllAssembliesAndSetupDomain (1443ms)
			LoadAssemblies (688ms)
			RebuildTransferFunctionScriptingTraits (0ms)
			SetupTypeCache (920ms)
				TypeCache.Initialize (803ms)
					TypeCache.ScanAssembly (790ms)
				ResolveRequiredComponents (47ms)
		FinalizeReload (0ms)
			ReleaseScriptCaches (0ms)
			RebuildScriptCaches (0ms)
			SetupLoadedEditorAssemblies (1228ms)
				LogAssemblyErrors (0ms)
				InitializePlatformSupportModulesInManaged (38ms)
				SetLoadedEditorAssemblies (13ms)
				RefreshPlugins (0ms)
				BeforeProcessingInitializeOnLoad (196ms)
				ProcessInitializeOnLoadAttributes (809ms)
				ProcessInitializeOnLoadMethodAttributes (165ms)
				AfterProcessingInitializeOnLoad (7ms)
				EditorAssembliesLoaded (0ms)
			ExecutionOrderSort2 (0ms)
			AwakeInstancesAfterBackupRestoration (17ms)
Launched and connected shader compiler UnityShaderCompiler.exe after 0.10 seconds
Refreshing native plugins compatible for Editor in 8.20 ms, found 3 plugins.
Preloading 0 native plugins for Editor in 0.00 ms.
Unloading 5983 Unused Serialized files (Serialized files now loaded: 0)
Unloading 98 unused Assets / (3.5 MB). Loaded Objects now: 6428.
Memory consumption went from 240.4 MB to 236.9 MB.
Total: 20.489800 ms (FindLiveObjects: 1.046500 ms CreateObjectMapping: 0.989700 ms MarkObjects: 16.180100 ms  DeleteObjects: 2.271600 ms)

AssetImportParameters requested are different than current active one (requested -> active):
  custom:container-demuxer-ogg: 62fdf1f143b41e24485cea50d1cbac27 -> 
  custom:video-decoder-ogg-theora: a1e56fd34408186e4bbccfd4996cb3dc -> 
  custom:framework-win-MediaFoundation: 216162199b28c13a410421893ffa2e32 -> 
  custom:container-demuxer-webm: 4f35f7cbe854078d1ac9338744f61a02 -> 
  custom:container-muxer-webm: aa71ff27fc2769a1b78a27578f13a17b -> 
  custom:video-decoder-webm-vp8: 9c59270c3fd7afecdb556c50c9e8de78 -> 
  custom:AudioImporter_EditorPlatform: d09bf68614088b80899f8185d706f6e7 -> 
  custom:video-encoder-webm-vp8: eb34c28f22e8b96e1ab97ce403110664 -> 
  custom:audio-decoder-ogg-vorbis: bf7c407c2cedff20999df2af8eb42d56 -> 
  custom:audio-encoder-webm-vorbis: bf7c407c2cedff20999df2af8eb42d56 -> 
========================================================================
Received Import Request.
  Time since last request: 302355.098639 seconds.
  path: Assets/SpecialSkillsEffectsPack/AllEffects/EffectsSet_2(ScriptBased)/Effects/Effect_06_MassiveSlash/Effect_06_MassiveSlash.prefab
  artifactKey: Guid(dfb9a2c27cd89544f893a9cbb1c88b62) Importer(815301076,1909f56bfc062723c751e8b465ee728b)
Start importing Assets/SpecialSkillsEffectsPack/AllEffects/EffectsSet_2(ScriptBased)/Effects/Effect_06_MassiveSlash/Effect_06_MassiveSlash.prefab using Guid(dfb9a2c27cd89544f893a9cbb1c88b62) Importer(815301076,1909f56bfc062723c751e8b465ee728b)  -> (artifact id: '1977aba9547a41bbb7444c5bc18ab2c8') in 0.258512 seconds
Number of updated asset objects reloaded before import = 0
Number of asset objects unloaded after import = 34
========================================================================
Received Import Request.
  Time since last request: 0.000179 seconds.
  path: Assets/SpecialSkillsEffectsPack/AllEffects/EffectsSet_1(NotScriptBased)/Materials/Effect_03_Materials/Effect_03_Beam_2.mat
  artifactKey: Guid(a128ddadcbe330d4e80ed2b2e42efbc4) Importer(815301076,1909f56bfc062723c751e8b465ee728b)
Start importing Assets/SpecialSkillsEffectsPack/AllEffects/EffectsSet_1(NotScriptBased)/Materials/Effect_03_Materials/Effect_03_Beam_2.mat using Guid(a128ddadcbe330d4e80ed2b2e42efbc4) Importer(815301076,1909f56bfc062723c751e8b465ee728b)  -> (artifact id: '222d36b730697421d9c91999dd2eecbf') in 1.084334 seconds
Number of updated asset objects reloaded before import = 0
Number of asset objects unloaded after import = 6
========================================================================
Received Import Request.
  Time since last request: 0.003457 seconds.
  path: Assets/SpecialSkillsEffectsPack/AllEffects/EffectsSet_1(NotScriptBased)/Materials/Effect_02_Materials/Effect_02_Particle.mat
  artifactKey: Guid(5580732a08c9df04fa51e54d5922e8d9) Importer(815301076,1909f56bfc062723c751e8b465ee728b)
Start importing Assets/SpecialSkillsEffectsPack/AllEffects/EffectsSet_1(NotScriptBased)/Materials/Effect_02_Materials/Effect_02_Particle.mat using Guid(5580732a08c9df04fa51e54d5922e8d9) Importer(815301076,1909f56bfc062723c751e8b465ee728b)  -> (artifact id: 'ba7c379645cea30f03a5c2bd6434bf66') in 0.056590 seconds
Number of updated asset objects reloaded before import = 0
Number of asset objects unloaded after import = 4
========================================================================
Received Import Request.
  Time since last request: 0.000035 seconds.
  path: Assets/SpecialSkillsEffectsPack/AllEffects/EffectsSet_2(ScriptBased)/Materials/Effect_02_Materials/Effect_02_Particle.mat
  artifactKey: Guid(0585c410b94f7b34ca6684b3fe3001c0) Importer(815301076,1909f56bfc062723c751e8b465ee728b)
Start importing Assets/SpecialSkillsEffectsPack/AllEffects/EffectsSet_2(ScriptBased)/Materials/Effect_02_Materials/Effect_02_Particle.mat using Guid(0585c410b94f7b34ca6684b3fe3001c0) Importer(815301076,1909f56bfc062723c751e8b465ee728b)  -> (artifact id: 'eae8e6dd0bbe1fc6a0abb6d81e1fcb7e') in 0.034112 seconds
Number of updated asset objects reloaded before import = 0
Number of asset objects unloaded after import = 2
========================================================================
Received Import Request.
  Time since last request: 6.725506 seconds.
  path: Assets/SpecialSkillsEffectsPack/AllEffects/EffectsSet_2(ScriptBased)/Materials/Effect_17_Materials/Effect_17_Arrow_2.mat
  artifactKey: Guid(a0e69b0afefba4640a9b0bece3a5945e) Importer(815301076,1909f56bfc062723c751e8b465ee728b)
Start importing Assets/SpecialSkillsEffectsPack/AllEffects/EffectsSet_2(ScriptBased)/Materials/Effect_17_Materials/Effect_17_Arrow_2.mat using Guid(a0e69b0afefba4640a9b0bece3a5945e) Importer(815301076,1909f56bfc062723c751e8b465ee728b)  -> (artifact id: '14cc071a39a7694aeeb5d26a6a191353') in 0.069538 seconds
Number of updated asset objects reloaded before import = 0
Number of asset objects unloaded after import = 3
========================================================================
Received Import Request.
  Time since last request: 0.331355 seconds.
  path: Assets/SpecialSkillsEffectsPack/AllEffects/EffectsSet_2(ScriptBased)/Materials/Effect_17_Materials/Effect_17_ImpactRing.mat
  artifactKey: Guid(1e0402b296509f94ea02a561123d1ab7) Importer(815301076,1909f56bfc062723c751e8b465ee728b)
Start importing Assets/SpecialSkillsEffectsPack/AllEffects/EffectsSet_2(ScriptBased)/Materials/Effect_17_Materials/Effect_17_ImpactRing.mat using Guid(1e0402b296509f94ea02a561123d1ab7) Importer(815301076,1909f56bfc062723c751e8b465ee728b)  -> (artifact id: '04ba44e130e986abaf96f5067cb327d4') in 0.024165 seconds
Number of updated asset objects reloaded before import = 0
Number of asset objects unloaded after import = 3
========================================================================
Received Import Request.
  Time since last request: 0.000031 seconds.
  path: Assets/SpecialSkillsEffectsPack/AllEffects/EffectsSet_1(NotScriptBased)/Materials/Effect_18_Materials/Effect_18_Hand.mat
  artifactKey: Guid(932ecff7c9dcbfe41bc788ac1956fa09) Importer(815301076,1909f56bfc062723c751e8b465ee728b)
Start importing Assets/SpecialSkillsEffectsPack/AllEffects/EffectsSet_1(NotScriptBased)/Materials/Effect_18_Materials/Effect_18_Hand.mat using Guid(932ecff7c9dcbfe41bc788ac1956fa09) Importer(815301076,1909f56bfc062723c751e8b465ee728b)  -> (artifact id: '982fb8393308659babbc9d17349cafeb') in 0.165571 seconds
Number of updated asset objects reloaded before import = 0
Number of asset objects unloaded after import = 5
========================================================================
Received Import Request.
  Time since last request: 0.000044 seconds.
  path: Assets/SpecialSkillsEffectsPack/AllEffects/EffectsSet_2(ScriptBased)/Effects/Effect_18_BladeWind/Effect_18_WindBlade.prefab
  artifactKey: Guid(f403f72dfc52e734b98df1f066a4af02) Importer(815301076,1909f56bfc062723c751e8b465ee728b)
Start importing Assets/SpecialSkillsEffectsPack/AllEffects/EffectsSet_2(ScriptBased)/Effects/Effect_18_BladeWind/Effect_18_WindBlade.prefab using Guid(f403f72dfc52e734b98df1f066a4af02) Importer(815301076,1909f56bfc062723c751e8b465ee728b)  -> (artifact id: '704c5419cf7ca4fade4ce015660de1a4') in 0.004524 seconds
Number of updated asset objects reloaded before import = 0
Number of asset objects unloaded after import = 23
========================================================================
Received Import Request.
  Time since last request: 0.000029 seconds.
  path: Assets/SpecialSkillsEffectsPack/AllEffects/EffectsSet_2(ScriptBased)/Effects/Effect_18_BladeWind/Effect_18_Parts/Effect_18_WindSlash.prefab
  artifactKey: Guid(6367831631703cc4f90542c317d37d5c) Importer(815301076,1909f56bfc062723c751e8b465ee728b)
Start importing Assets/SpecialSkillsEffectsPack/AllEffects/EffectsSet_2(ScriptBased)/Effects/Effect_18_BladeWind/Effect_18_Parts/Effect_18_WindSlash.prefab using Guid(6367831631703cc4f90542c317d37d5c) Importer(815301076,1909f56bfc062723c751e8b465ee728b)  -> (artifact id: 'f815b2e40202c09790b1ee69daf83344') in 0.035259 seconds
Number of updated asset objects reloaded before import = 0
Number of asset objects unloaded after import = 21
========================================================================
Received Import Request.
  Time since last request: 0.000060 seconds.
  path: Assets/SpecialSkillsEffectsPack/AllEffects/EffectsSet_2(ScriptBased)/Materials/Effect_18_Materials/Effect_18_Wind_3.mat
  artifactKey: Guid(4ff7338c9a78ba94a966838a4cca0321) Importer(815301076,1909f56bfc062723c751e8b465ee728b)
Start importing Assets/SpecialSkillsEffectsPack/AllEffects/EffectsSet_2(ScriptBased)/Materials/Effect_18_Materials/Effect_18_Wind_3.mat using Guid(4ff7338c9a78ba94a966838a4cca0321) Importer(815301076,1909f56bfc062723c751e8b465ee728b)  -> (artifact id: '2b12bd31511068fa538c630de4e3ce53') in 0.063926 seconds
Number of updated asset objects reloaded before import = 0
Number of asset objects unloaded after import = 5
========================================================================
Received Import Request.
  Time since last request: 0.000047 seconds.
  path: Assets/SpecialSkillsEffectsPack/AllEffects/EffectsSet_2(ScriptBased)/Effects/Effect_44_PlanetCrash/Effect_44_Parts/Effect_44_Hit.prefab
  artifactKey: Guid(910ad43c4023a414b9db58b1c6b64987) Importer(815301076,1909f56bfc062723c751e8b465ee728b)
Start importing Assets/SpecialSkillsEffectsPack/AllEffects/EffectsSet_2(ScriptBased)/Effects/Effect_44_PlanetCrash/Effect_44_Parts/Effect_44_Hit.prefab using Guid(910ad43c4023a414b9db58b1c6b64987) Importer(815301076,1909f56bfc062723c751e8b465ee728b)  -> (artifact id: '16693a4877c4a4edc017620943cc1d02') in 0.037758 seconds
Number of updated asset objects reloaded before import = 0
Number of asset objects unloaded after import = 16
========================================================================
Received Import Request.
  Time since last request: 0.000030 seconds.
  path: Assets/SpecialSkillsEffectsPack/AllEffects/EffectsSet_2(ScriptBased)/Materials/Effect_43_Materials/Effect_43_Slash.mat
  artifactKey: Guid(8ec09a8891f21be48878a35ce6f8af5d) Importer(815301076,1909f56bfc062723c751e8b465ee728b)
Start importing Assets/SpecialSkillsEffectsPack/AllEffects/EffectsSet_2(ScriptBased)/Materials/Effect_43_Materials/Effect_43_Slash.mat using Guid(8ec09a8891f21be48878a35ce6f8af5d) Importer(815301076,1909f56bfc062723c751e8b465ee728b)  -> (artifact id: 'dec31334edf7e9a9fae510e0bfeb8012') in 0.034157 seconds
Number of updated asset objects reloaded before import = 0
Number of asset objects unloaded after import = 6
========================================================================
Received Import Request.
  Time since last request: 0.000028 seconds.
  path: Assets/SpecialSkillsEffectsPack/AllEffects/EffectsSet_1(NotScriptBased)/Materials/Effect_44_Materials/Effect_44_Ring.mat
  artifactKey: Guid(100e9ad2ff5e7a9449d6f7efb9dac739) Importer(815301076,1909f56bfc062723c751e8b465ee728b)
Start importing Assets/SpecialSkillsEffectsPack/AllEffects/EffectsSet_1(NotScriptBased)/Materials/Effect_44_Materials/Effect_44_Ring.mat using Guid(100e9ad2ff5e7a9449d6f7efb9dac739) Importer(815301076,1909f56bfc062723c751e8b465ee728b)  -> (artifact id: 'f14a48c278d9aaf0ba82eed1de53618b') in 0.080283 seconds
Number of updated asset objects reloaded before import = 0
Number of asset objects unloaded after import = 5
========================================================================
Received Import Request.
  Time since last request: 0.000034 seconds.
  path: Assets/SpecialSkillsEffectsPack/AllEffects/EffectsSet_1(NotScriptBased)/Materials/Effect_45_Materials/Effect_45_Explosion_2.mat
  artifactKey: Guid(ecf8b7da97ec7a84dae57b76cd708d34) Importer(815301076,1909f56bfc062723c751e8b465ee728b)
Start importing Assets/SpecialSkillsEffectsPack/AllEffects/EffectsSet_1(NotScriptBased)/Materials/Effect_45_Materials/Effect_45_Explosion_2.mat using Guid(ecf8b7da97ec7a84dae57b76cd708d34) Importer(815301076,1909f56bfc062723c751e8b465ee728b)  -> (artifact id: '06a1d4eb897ae96bead673dd27f3026b') in 0.050779 seconds
Number of updated asset objects reloaded before import = 0
Number of asset objects unloaded after import = 4
========================================================================
Received Import Request.
  Time since last request: 0.000038 seconds.
  path: Assets/SpecialSkillsEffectsPack/AllEffects/EffectsSet_2(ScriptBased)/Materials/Effect_45_Materials/Effect_45_Impact.mat
  artifactKey: Guid(dbe0b8887962ed1469a8d30b7f74fec5) Importer(815301076,1909f56bfc062723c751e8b465ee728b)
Start importing Assets/SpecialSkillsEffectsPack/AllEffects/EffectsSet_2(ScriptBased)/Materials/Effect_45_Materials/Effect_45_Impact.mat using Guid(dbe0b8887962ed1469a8d30b7f74fec5) Importer(815301076,1909f56bfc062723c751e8b465ee728b)  -> (artifact id: '2c4197570ef8e6edae8e6205e68d7f57') in 0.022754 seconds
Number of updated asset objects reloaded before import = 0
Number of asset objects unloaded after import = 4
========================================================================
Received Import Request.
  Time since last request: 0.000026 seconds.
  path: Assets/SpecialSkillsEffectsPack/AllEffects/EffectsSet_2(ScriptBased)/Materials/Effect_18_Materials/Effect_18_Wind.mat
  artifactKey: Guid(7492df51300dbee45a9e7717a7ad8560) Importer(815301076,1909f56bfc062723c751e8b465ee728b)
Start importing Assets/SpecialSkillsEffectsPack/AllEffects/EffectsSet_2(ScriptBased)/Materials/Effect_18_Materials/Effect_18_Wind.mat using Guid(7492df51300dbee45a9e7717a7ad8560) Importer(815301076,1909f56bfc062723c751e8b465ee728b)  -> (artifact id: '400891115465ecbc77ab50eaa970c741') in 0.119043 seconds
Number of updated asset objects reloaded before import = 0
Number of asset objects unloaded after import = 6
========================================================================
Received Import Request.
  Time since last request: 0.000032 seconds.
  path: Assets/SpecialSkillsEffectsPack/AllEffects/EffectsSet_2(ScriptBased)/Materials/Effect_46_Materials/Effect_46_Body_4.mat
  artifactKey: Guid(169e9d096e427b44a8d9a1d279d64d58) Importer(815301076,1909f56bfc062723c751e8b465ee728b)
Start importing Assets/SpecialSkillsEffectsPack/AllEffects/EffectsSet_2(ScriptBased)/Materials/Effect_46_Materials/Effect_46_Body_4.mat using Guid(169e9d096e427b44a8d9a1d279d64d58) Importer(815301076,1909f56bfc062723c751e8b465ee728b)  -> (artifact id: 'a40736e20a7cf7c7b253d0f5c0c4dac1') in 0.240506 seconds
Number of updated asset objects reloaded before import = 0
Number of asset objects unloaded after import = 7
========================================================================
Received Import Request.
  Time since last request: 0.000489 seconds.
  path: Assets/SpecialSkillsEffectsPack/AllEffects/EffectsSet_2(ScriptBased)/Materials/Effect_46_Materials/Effect_46_Body_5.mat
  artifactKey: Guid(8a86021995234984ba7692524c5e04e6) Importer(815301076,1909f56bfc062723c751e8b465ee728b)
Start importing Assets/SpecialSkillsEffectsPack/AllEffects/EffectsSet_2(ScriptBased)/Materials/Effect_46_Materials/Effect_46_Body_5.mat using Guid(8a86021995234984ba7692524c5e04e6) Importer(815301076,1909f56bfc062723c751e8b465ee728b)  -> (artifact id: 'e453418dc0736dc60bf8dd464f1a6c00') in 0.085487 seconds
Number of updated asset objects reloaded before import = 0
Number of asset objects unloaded after import = 6
========================================================================
Received Import Request.
  Time since last request: 0.000049 seconds.
  path: Assets/SpecialSkillsEffectsPack/AllEffects/EffectsSet_2(ScriptBased)/Materials/Effect_43_Materials/Effect_43_Slash_2.mat
  artifactKey: Guid(a4e77646eb52fbc438cd5b9d82612faa) Importer(815301076,1909f56bfc062723c751e8b465ee728b)
Start importing Assets/SpecialSkillsEffectsPack/AllEffects/EffectsSet_2(ScriptBased)/Materials/Effect_43_Materials/Effect_43_Slash_2.mat using Guid(a4e77646eb52fbc438cd5b9d82612faa) Importer(815301076,1909f56bfc062723c751e8b465ee728b)  -> (artifact id: '1c4ff9906beb2c473845069143465983') in 0.098333 seconds
Number of updated asset objects reloaded before import = 0
Number of asset objects unloaded after import = 5
========================================================================
Received Import Request.
  Time since last request: 0.661186 seconds.
  path: Assets/SpecialSkillsEffectsPack/AllEffects/EffectsSet_2(ScriptBased)/Effects/Effect_46_CyberAirTroopInvader/Effect_46_Parts/Effect_46_Jet.prefab
  artifactKey: Guid(311aa2d19aa73354384d6e1404415aa5) Importer(815301076,1909f56bfc062723c751e8b465ee728b)
Start importing Assets/SpecialSkillsEffectsPack/AllEffects/EffectsSet_2(ScriptBased)/Effects/Effect_46_CyberAirTroopInvader/Effect_46_Parts/Effect_46_Jet.prefab using Guid(311aa2d19aa73354384d6e1404415aa5) Importer(815301076,1909f56bfc062723c751e8b465ee728b)  -> (artifact id: 'cfc0df6730f613673b5a4deb316b30af') in 0.106078 seconds
Number of updated asset objects reloaded before import = 0
Number of asset objects unloaded after import = 62
========================================================================
Received Import Request.
  Time since last request: 0.211831 seconds.
  path: Assets/SpecialSkillsEffectsPack/AllEffects/EffectsSet_2(ScriptBased)/Materials/Effect_46_Materials/Effect_46_Ring_3.mat
  artifactKey: Guid(5983f9648fa35d9458ff6d93452dc7a0) Importer(815301076,1909f56bfc062723c751e8b465ee728b)
Start importing Assets/SpecialSkillsEffectsPack/AllEffects/EffectsSet_2(ScriptBased)/Materials/Effect_46_Materials/Effect_46_Ring_3.mat using Guid(5983f9648fa35d9458ff6d93452dc7a0) Importer(815301076,1909f56bfc062723c751e8b465ee728b)  -> (artifact id: '4e907627d445c460f26a538c7550d200') in 0.041378 seconds
Number of updated asset objects reloaded before import = 0
Number of asset objects unloaded after import = 5
========================================================================
Received Import Request.
  Time since last request: 0.000037 seconds.
  path: Assets/SpecialSkillsEffectsPack/AllEffects/EffectsSet_1(NotScriptBased)/Materials/Effect_46_Materials/Effect_46_Smoke_2.mat
  artifactKey: Guid(903640235a7aee64499233074cd48295) Importer(815301076,1909f56bfc062723c751e8b465ee728b)
Start importing Assets/SpecialSkillsEffectsPack/AllEffects/EffectsSet_1(NotScriptBased)/Materials/Effect_46_Materials/Effect_46_Smoke_2.mat using Guid(903640235a7aee64499233074cd48295) Importer(815301076,1909f56bfc062723c751e8b465ee728b)  -> (artifact id: '223009f34420aad969abea95ecdbf089') in 0.113407 seconds
Number of updated asset objects reloaded before import = 0
Number of asset objects unloaded after import = 4
========================================================================
Received Import Request.
  Time since last request: 0.000041 seconds.
  path: Assets/SpecialSkillsEffectsPack/AllEffects/EffectsSet_2(ScriptBased)/Materials/Effect_47_Materials/Effect_47_Explosion.mat
  artifactKey: Guid(914e14b8ffce34b4ea52db80f7dfbd6c) Importer(815301076,1909f56bfc062723c751e8b465ee728b)
Start importing Assets/SpecialSkillsEffectsPack/AllEffects/EffectsSet_2(ScriptBased)/Materials/Effect_47_Materials/Effect_47_Explosion.mat using Guid(914e14b8ffce34b4ea52db80f7dfbd6c) Importer(815301076,1909f56bfc062723c751e8b465ee728b)  -> (artifact id: '84d1201da65e1e130b3f6564301fb1f1') in 0.057014 seconds
Number of updated asset objects reloaded before import = 0
Number of asset objects unloaded after import = 4
========================================================================
Received Import Request.
  Time since last request: 0.000222 seconds.
  path: Assets/SpecialSkillsEffectsPack/AllEffects/EffectsSet_1(NotScriptBased)/Effects/Effect_47_PreciseShot/Effect_47_Base/Effect_47_HitEffects.prefab
  artifactKey: Guid(0b8638be49ac6784f94eb307679937c4) Importer(815301076,1909f56bfc062723c751e8b465ee728b)
Start importing Assets/SpecialSkillsEffectsPack/AllEffects/EffectsSet_1(NotScriptBased)/Effects/Effect_47_PreciseShot/Effect_47_Base/Effect_47_HitEffects.prefab using Guid(0b8638be49ac6784f94eb307679937c4) Importer(815301076,1909f56bfc062723c751e8b465ee728b)  -> (artifact id: '93e194478aac481fbb964bdd654d9e93') in 0.341953 seconds
Number of updated asset objects reloaded before import = 0
Number of asset objects unloaded after import = 23
========================================================================
Received Import Request.
  Time since last request: 0.000030 seconds.
  path: Assets/SpecialSkillsEffectsPack/AllEffects/EffectsSet_1(NotScriptBased)/Materials/Effect_54_Materials/Effect_54_Ring_2.mat
  artifactKey: Guid(b08c28319234b044aa75646d4f388c36) Importer(815301076,1909f56bfc062723c751e8b465ee728b)
Start importing Assets/SpecialSkillsEffectsPack/AllEffects/EffectsSet_1(NotScriptBased)/Materials/Effect_54_Materials/Effect_54_Ring_2.mat using Guid(b08c28319234b044aa75646d4f388c36) Importer(815301076,1909f56bfc062723c751e8b465ee728b)  -> (artifact id: 'e018f2a9d4544368c4957363d6a06e5f') in 0.081024 seconds
Number of updated asset objects reloaded before import = 0
Number of asset objects unloaded after import = 5
========================================================================
Received Import Request.
  Time since last request: 0.002319 seconds.
  path: Assets/SpecialSkillsEffectsPack/AllEffects/EffectsSet_1(NotScriptBased)/Materials/Effect_55_Materials/Effect_55_Particle.mat
  artifactKey: Guid(bdef705a91329ee43994c3be6851ee97) Importer(815301076,1909f56bfc062723c751e8b465ee728b)
Start importing Assets/SpecialSkillsEffectsPack/AllEffects/EffectsSet_1(NotScriptBased)/Materials/Effect_55_Materials/Effect_55_Particle.mat using Guid(bdef705a91329ee43994c3be6851ee97) Importer(815301076,1909f56bfc062723c751e8b465ee728b)  -> (artifact id: '176d4a5dc15916287370191fb80320cf') in 0.034783 seconds
Number of updated asset objects reloaded before import = 0
Number of asset objects unloaded after import = 4
========================================================================
Received Import Request.
  Time since last request: 0.000048 seconds.
  path: Assets/SpecialSkillsEffectsPack/AllEffects/EffectsSet_1(NotScriptBased)/Effects/Effect_55_StarPlanet/Effect_55_StarPlanet.prefab
  artifactKey: Guid(df62ce273c9c4a14485c6110026a7500) Importer(815301076,1909f56bfc062723c751e8b465ee728b)
Start importing Assets/SpecialSkillsEffectsPack/AllEffects/EffectsSet_1(NotScriptBased)/Effects/Effect_55_StarPlanet/Effect_55_StarPlanet.prefab using Guid(df62ce273c9c4a14485c6110026a7500) Importer(815301076,1909f56bfc062723c751e8b465ee728b)  -> (artifact id: '8fcd55a3f02c3110834804ceafdb2fb6') in 0.101002 seconds
Number of updated asset objects reloaded before import = 0
Number of asset objects unloaded after import = 255
========================================================================
Received Import Request.
  Time since last request: 0.000066 seconds.
  path: Assets/SpecialSkillsEffectsPack/AllEffects/EffectsSet_1(NotScriptBased)/Materials/Effect_55_Materials/Effect_55_Sphere_2.mat
  artifactKey: Guid(5c43d801113531e458343c302b22fea2) Importer(815301076,1909f56bfc062723c751e8b465ee728b)
Start importing Assets/SpecialSkillsEffectsPack/AllEffects/EffectsSet_1(NotScriptBased)/Materials/Effect_55_Materials/Effect_55_Sphere_2.mat using Guid(5c43d801113531e458343c302b22fea2) Importer(815301076,1909f56bfc062723c751e8b465ee728b)  -> (artifact id: 'b3b0b1e6e84cd8b6cd18a8c1988c0691') in 0.023519 seconds
Number of updated asset objects reloaded before import = 0
Number of asset objects unloaded after import = 5
========================================================================
Received Import Request.
  Time since last request: 0.000021 seconds.
  path: Assets/SpecialSkillsEffectsPack/AllEffects/EffectsSet_1(NotScriptBased)/Materials/Effect_55_Materials/Effect_55_SmallSphere_3.mat
  artifactKey: Guid(c8933128352234a48b51e5c5012ed826) Importer(815301076,1909f56bfc062723c751e8b465ee728b)
Start importing Assets/SpecialSkillsEffectsPack/AllEffects/EffectsSet_1(NotScriptBased)/Materials/Effect_55_Materials/Effect_55_SmallSphere_3.mat using Guid(c8933128352234a48b51e5c5012ed826) Importer(815301076,1909f56bfc062723c751e8b465ee728b)  -> (artifact id: '1213b5e7ccec926ee5c34d741419fcec') in 0.016973 seconds
Number of updated asset objects reloaded before import = 0
Number of asset objects unloaded after import = 5
========================================================================
Received Import Request.
  Time since last request: 0.000024 seconds.
  path: Assets/SpecialSkillsEffectsPack/AllEffects/EffectsSet_2(ScriptBased)/Materials/Effect_47_Materials/Effect_47_Impact_2.mat
  artifactKey: Guid(7101446d3ac3c104f9ce5e46bfa6232a) Importer(815301076,1909f56bfc062723c751e8b465ee728b)
Start importing Assets/SpecialSkillsEffectsPack/AllEffects/EffectsSet_2(ScriptBased)/Materials/Effect_47_Materials/Effect_47_Impact_2.mat using Guid(7101446d3ac3c104f9ce5e46bfa6232a) Importer(815301076,1909f56bfc062723c751e8b465ee728b)  -> (artifact id: '0535f5b703251beccc3cbec2b6357071') in 0.039121 seconds
Number of updated asset objects reloaded before import = 0
Number of asset objects unloaded after import = 6
========================================================================
Received Import Request.
  Time since last request: 0.000026 seconds.
  path: Assets/SpecialSkillsEffectsPack/AllEffects/EffectsSet_1(NotScriptBased)/Materials/Effect_54_Materials/Effect_54_Beam_2.mat
  artifactKey: Guid(74131d533649a614b90855583f4f4f9d) Importer(815301076,1909f56bfc062723c751e8b465ee728b)
Start importing Assets/SpecialSkillsEffectsPack/AllEffects/EffectsSet_1(NotScriptBased)/Materials/Effect_54_Materials/Effect_54_Beam_2.mat using Guid(74131d533649a614b90855583f4f4f9d) Importer(815301076,1909f56bfc062723c751e8b465ee728b)  -> (artifact id: 'c3ab29e5d92dfa0916eb6eb76ad12422') in 0.017102 seconds
Number of updated asset objects reloaded before import = 0
Number of asset objects unloaded after import = 6
========================================================================
Received Import Request.
  Time since last request: 0.000033 seconds.
  path: Assets/SpecialSkillsEffectsPack/AllEffects/EffectsSet_1(NotScriptBased)/Materials/Effect_52_Materials/Effect_52_Particle.mat
  artifactKey: Guid(361606311eb7cad43aa94f3ecf173850) Importer(815301076,1909f56bfc062723c751e8b465ee728b)
Start importing Assets/SpecialSkillsEffectsPack/AllEffects/EffectsSet_1(NotScriptBased)/Materials/Effect_52_Materials/Effect_52_Particle.mat using Guid(361606311eb7cad43aa94f3ecf173850) Importer(815301076,1909f56bfc062723c751e8b465ee728b)  -> (artifact id: '6a1cfa9a3e7d39f17a488aeafe2ae3f6') in 0.054214 seconds
Number of updated asset objects reloaded before import = 0
Number of asset objects unloaded after import = 3
========================================================================
Received Import Request.
  Time since last request: 0.000021 seconds.
  path: Assets/SpecialSkillsEffectsPack/AllEffects/EffectsSet_2(ScriptBased)/Materials/Effect_46_Materials/Effect_46_SphereMesh_2.mat
  artifactKey: Guid(0232cf8f1b1de8e489046a00752db9e1) Importer(815301076,1909f56bfc062723c751e8b465ee728b)
Start importing Assets/SpecialSkillsEffectsPack/AllEffects/EffectsSet_2(ScriptBased)/Materials/Effect_46_Materials/Effect_46_SphereMesh_2.mat using Guid(0232cf8f1b1de8e489046a00752db9e1) Importer(815301076,1909f56bfc062723c751e8b465ee728b)  -> (artifact id: 'd3ac98229f0aa170c6964ac818ddf7ac') in 0.033687 seconds
Number of updated asset objects reloaded before import = 0
Number of asset objects unloaded after import = 5
========================================================================
Received Import Request.
  Time since last request: 0.000021 seconds.
  path: Assets/SpecialSkillsEffectsPack/AllEffects/EffectsSet_2(ScriptBased)/Materials/Effect_47_Materials/Effect_47_Circle_3.mat
  artifactKey: Guid(c25c11d4cd3ab4e47b8cf3a199a5a332) Importer(815301076,1909f56bfc062723c751e8b465ee728b)
Start importing Assets/SpecialSkillsEffectsPack/AllEffects/EffectsSet_2(ScriptBased)/Materials/Effect_47_Materials/Effect_47_Circle_3.mat using Guid(c25c11d4cd3ab4e47b8cf3a199a5a332) Importer(815301076,1909f56bfc062723c751e8b465ee728b)  -> (artifact id: 'a68dca100c36180d248b7fa3c3be443e') in 0.034156 seconds
Number of updated asset objects reloaded before import = 0
Number of asset objects unloaded after import = 5
========================================================================
Received Import Request.
  Time since last request: 0.000027 seconds.
  path: Assets/SpecialSkillsEffectsPack/AllEffects/EffectsSet_2(ScriptBased)/Materials/Effect_46_Materials/Effect_46_SphereMesh.mat
  artifactKey: Guid(e3bc7320eba1dde408ddccf35b26955e) Importer(815301076,1909f56bfc062723c751e8b465ee728b)
Start importing Assets/SpecialSkillsEffectsPack/AllEffects/EffectsSet_2(ScriptBased)/Materials/Effect_46_Materials/Effect_46_SphereMesh.mat using Guid(e3bc7320eba1dde408ddccf35b26955e) Importer(815301076,1909f56bfc062723c751e8b465ee728b)  -> (artifact id: 'c01c14ff8401634d8de99a75e0a3806d') in 0.020053 seconds
Number of updated asset objects reloaded before import = 0
Number of asset objects unloaded after import = 5
========================================================================
Received Import Request.
  Time since last request: 0.000054 seconds.
  path: Assets/Effects/SkillEffect_FireQ_Warrior_Test.prefab
  artifactKey: Guid(e7e5f3acc4300fa499c13d4952e20e6c) Importer(815301076,1909f56bfc062723c751e8b465ee728b)
Start importing Assets/Effects/SkillEffect_FireQ_Warrior_Test.prefab using Guid(e7e5f3acc4300fa499c13d4952e20e6c) Importer(815301076,1909f56bfc062723c751e8b465ee728b)  -> (artifact id: 'ee738acda8d6d28cc813cc68635ba239') in 1.285760 seconds
Number of updated asset objects reloaded before import = 0
Number of asset objects unloaded after import = 43
========================================================================
Received Import Request.
  Time since last request: 0.000031 seconds.
  path: Assets/SpecialSkillsEffectsPack/AllEffects/EffectsSet_1(NotScriptBased)/Materials/Effect_50_Materials/Effect_50_Smoke.mat
  artifactKey: Guid(1b681c146a0938447b05d12da3479735) Importer(815301076,1909f56bfc062723c751e8b465ee728b)
Start importing Assets/SpecialSkillsEffectsPack/AllEffects/EffectsSet_1(NotScriptBased)/Materials/Effect_50_Materials/Effect_50_Smoke.mat using Guid(1b681c146a0938447b05d12da3479735) Importer(815301076,1909f56bfc062723c751e8b465ee728b)  -> (artifact id: '66fe20d21c38129834fa3ed144682d9e') in 0.052236 seconds
Number of updated asset objects reloaded before import = 0
Number of asset objects unloaded after import = 4
========================================================================
Received Import Request.
  Time since last request: 0.000083 seconds.
  path: Assets/SpecialSkillsEffectsPack/AllEffects/EffectsSet_1(NotScriptBased)/Effects/Effect_49_IceBlockCrash/Effect_49_IceBlockFissure.prefab
  artifactKey: Guid(080e887faebafc3429b3c2e49e343ccf) Importer(815301076,1909f56bfc062723c751e8b465ee728b)
Start importing Assets/SpecialSkillsEffectsPack/AllEffects/EffectsSet_1(NotScriptBased)/Effects/Effect_49_IceBlockCrash/Effect_49_IceBlockFissure.prefab using Guid(080e887faebafc3429b3c2e49e343ccf) Importer(815301076,1909f56bfc062723c751e8b465ee728b)  -> (artifact id: '5060550f57369aaa6e1b010e0daa6628') in 0.104868 seconds
Number of updated asset objects reloaded before import = 0
Number of asset objects unloaded after import = 33
========================================================================
Received Import Request.
  Time since last request: 0.000034 seconds.
  path: Assets/Effects/Effect_Rogue/SkillEffect_IceE2_Rogue.prefab
  artifactKey: Guid(5b576f74e4586a247b87e7ce93fb71a7) Importer(815301076,1909f56bfc062723c751e8b465ee728b)
Start importing Assets/Effects/Effect_Rogue/SkillEffect_IceE2_Rogue.prefab using Guid(5b576f74e4586a247b87e7ce93fb71a7) Importer(815301076,1909f56bfc062723c751e8b465ee728b)  -> (artifact id: 'a66cc68759a89c4506c42824475b9a60') in 0.565702 seconds
Number of updated asset objects reloaded before import = 0
Number of asset objects unloaded after import = 39
========================================================================
Received Import Request.
  Time since last request: 0.000041 seconds.
  path: Assets/SpecialSkillsEffectsPack/AllEffects/EffectsSet_1(NotScriptBased)/Materials/Effect_51_Materials/Effect_51_Smoke.mat
  artifactKey: Guid(705b54e6d1f696d4a81f22b707a7cd15) Importer(815301076,1909f56bfc062723c751e8b465ee728b)
Start importing Assets/SpecialSkillsEffectsPack/AllEffects/EffectsSet_1(NotScriptBased)/Materials/Effect_51_Materials/Effect_51_Smoke.mat using Guid(705b54e6d1f696d4a81f22b707a7cd15) Importer(815301076,1909f56bfc062723c751e8b465ee728b)  -> (artifact id: '94846d865bc3b1447affcdbb957a07b2') in 0.029716 seconds
Number of updated asset objects reloaded before import = 0
Number of asset objects unloaded after import = 4
========================================================================
Received Import Request.
  Time since last request: 0.000035 seconds.
  path: Assets/Effects/Effect_Rogue/SkillEffect_IceE4_Rogue.prefab
  artifactKey: Guid(9dace2b76a3aa4b4daeba27a593b0c13) Importer(815301076,1909f56bfc062723c751e8b465ee728b)
Start importing Assets/Effects/Effect_Rogue/SkillEffect_IceE4_Rogue.prefab using Guid(9dace2b76a3aa4b4daeba27a593b0c13) Importer(815301076,1909f56bfc062723c751e8b465ee728b)  -> (artifact id: 'a907eac7ab1a37a5004e9caa9907a008') in 0.241957 seconds
Number of updated asset objects reloaded before import = 0
Number of asset objects unloaded after import = 76
========================================================================
Received Import Request.
  Time since last request: 0.000042 seconds.
  path: Assets/SpecialSkillsEffectsPack/AllEffects/EffectsSet_1(NotScriptBased)/Effects/Effect_49_IceBlockCrash/Effect_49_IceBlockCrash.prefab
  artifactKey: Guid(e0e1b2851d5b705498823cddfb2f04b4) Importer(815301076,1909f56bfc062723c751e8b465ee728b)
Start importing Assets/SpecialSkillsEffectsPack/AllEffects/EffectsSet_1(NotScriptBased)/Effects/Effect_49_IceBlockCrash/Effect_49_IceBlockCrash.prefab using Guid(e0e1b2851d5b705498823cddfb2f04b4) Importer(815301076,1909f56bfc062723c751e8b465ee728b)  -> (artifact id: '25358dbcc47aaaec3067a80577a2f8b1') in 0.338392 seconds
Number of updated asset objects reloaded before import = 0
Number of asset objects unloaded after import = 67
========================================================================
Received Import Request.
  Time since last request: 0.000052 seconds.
  path: Assets/SpecialSkillsEffectsPack/AllEffects/EffectsSet_1(NotScriptBased)/Materials/Effect_50_Materials/Effect_50_Particle.mat
  artifactKey: Guid(4828694d9a1fe394cb756ded5a34a2f6) Importer(815301076,1909f56bfc062723c751e8b465ee728b)
Start importing Assets/SpecialSkillsEffectsPack/AllEffects/EffectsSet_1(NotScriptBased)/Materials/Effect_50_Materials/Effect_50_Particle.mat using Guid(4828694d9a1fe394cb756ded5a34a2f6) Importer(815301076,1909f56bfc062723c751e8b465ee728b)  -> (artifact id: 'a0e81497be79287fe3fdf1ed50a3d9be') in 0.033354 seconds
Number of updated asset objects reloaded before import = 0
Number of asset objects unloaded after import = 3
========================================================================
Received Import Request.
  Time since last request: 0.000027 seconds.
  path: Assets/SpecialSkillsEffectsPack/AllEffects/EffectsSet_1(NotScriptBased)/Effects/Effect_50_DeathWave/Effect_50_DeathWave.prefab
  artifactKey: Guid(4dfb534a3a08e5d49bd0b6362fbedce1) Importer(815301076,1909f56bfc062723c751e8b465ee728b)
Start importing Assets/SpecialSkillsEffectsPack/AllEffects/EffectsSet_1(NotScriptBased)/Effects/Effect_50_DeathWave/Effect_50_DeathWave.prefab using Guid(4dfb534a3a08e5d49bd0b6362fbedce1) Importer(815301076,1909f56bfc062723c751e8b465ee728b)  -> (artifact id: '599f5efe3fd72306cade4141f2095dd7') in 0.183149 seconds
Number of updated asset objects reloaded before import = 0
Number of asset objects unloaded after import = 41
========================================================================
Received Import Request.
  Time since last request: 0.000050 seconds.
  path: Assets/SpecialSkillsEffectsPack/AllEffects/EffectsSet_1(NotScriptBased)/Materials/Effect_50_Materials/Effect_50_Wave_3.mat
  artifactKey: Guid(316d8fe7240ed434581087618353c57f) Importer(815301076,1909f56bfc062723c751e8b465ee728b)
Start importing Assets/SpecialSkillsEffectsPack/AllEffects/EffectsSet_1(NotScriptBased)/Materials/Effect_50_Materials/Effect_50_Wave_3.mat using Guid(316d8fe7240ed434581087618353c57f) Importer(815301076,1909f56bfc062723c751e8b465ee728b)  -> (artifact id: '35e8fcc6e8c9219363b8b7c97847e2c8') in 0.030635 seconds
Number of updated asset objects reloaded before import = 0
Number of asset objects unloaded after import = 6
========================================================================
Received Import Request.
  Time since last request: 0.000043 seconds.
  path: Assets/Resources/SkillEffect_IceE_Warrior.prefab
  artifactKey: Guid(46945439d3ee1fd4cb33079145d3c1f1) Importer(815301076,1909f56bfc062723c751e8b465ee728b)
Start importing Assets/Resources/SkillEffect_IceE_Warrior.prefab using Guid(46945439d3ee1fd4cb33079145d3c1f1) Importer(815301076,1909f56bfc062723c751e8b465ee728b)  -> (artifact id: 'd00d0985134090db8244502eb2e41cc1') in 0.204800 seconds
Number of updated asset objects reloaded before import = 0
Number of asset objects unloaded after import = 42
========================================================================
Received Import Request.
  Time since last request: 0.000076 seconds.
  path: Assets/Effects/Effect_Archer/SkillEffect_IceE_Archer.prefab
  artifactKey: Guid(ffac3572dce485743b71ad63eb9fdac7) Importer(815301076,1909f56bfc062723c751e8b465ee728b)
Start importing Assets/Effects/Effect_Archer/SkillEffect_IceE_Archer.prefab using Guid(ffac3572dce485743b71ad63eb9fdac7) Importer(815301076,1909f56bfc062723c751e8b465ee728b)  -> (artifact id: '915cdb2563d2799389d238347057456b') in 0.219509 seconds
Number of updated asset objects reloaded before import = 0
Number of asset objects unloaded after import = 107
========================================================================
Received Import Request.
  Time since last request: 0.000046 seconds.
  path: Assets/Effects/Effect_Archer/SkillEffect_IceQ_Archer.prefab
  artifactKey: Guid(926da2a89577a984285c71451520c7d4) Importer(815301076,1909f56bfc062723c751e8b465ee728b)
Start importing Assets/Effects/Effect_Archer/SkillEffect_IceQ_Archer.prefab using Guid(926da2a89577a984285c71451520c7d4) Importer(815301076,1909f56bfc062723c751e8b465ee728b)  -> (artifact id: '024e53792be24dfcdc01ce7a1b4c4ccb') in 0.465701 seconds
Number of updated asset objects reloaded before import = 0
Number of asset objects unloaded after import = 184
========================================================================
Received Import Request.
  Time since last request: 0.000026 seconds.
  path: Assets/SpecialSkillsEffectsPack/AllEffects/EffectsSet_1(NotScriptBased)/Materials/Effect_49_Materials/Effect_49_Particle.mat
  artifactKey: Guid(187639e913954af4191e0cf82ccb89cb) Importer(815301076,1909f56bfc062723c751e8b465ee728b)
Start importing Assets/SpecialSkillsEffectsPack/AllEffects/EffectsSet_1(NotScriptBased)/Materials/Effect_49_Materials/Effect_49_Particle.mat using Guid(187639e913954af4191e0cf82ccb89cb) Importer(815301076,1909f56bfc062723c751e8b465ee728b)  -> (artifact id: '96d70dcde6275aaabdbc12d5d5713a52') in 0.030997 seconds
Number of updated asset objects reloaded before import = 0
Number of asset objects unloaded after import = 4
========================================================================
Received Import Request.
  Time since last request: 0.000031 seconds.
  path: Assets/SpecialSkillsEffectsPack/AllEffects/EffectsSet_1(NotScriptBased)/Materials/Effect_51_Materials/Effect_51_Particle.mat
  artifactKey: Guid(9963e1eb720d6b04e81cebab0ee408f7) Importer(815301076,1909f56bfc062723c751e8b465ee728b)
Start importing Assets/SpecialSkillsEffectsPack/AllEffects/EffectsSet_1(NotScriptBased)/Materials/Effect_51_Materials/Effect_51_Particle.mat using Guid(9963e1eb720d6b04e81cebab0ee408f7) Importer(815301076,1909f56bfc062723c751e8b465ee728b)  -> (artifact id: 'abe784a120613e376b8882a510e1f7fb') in 0.027882 seconds
Number of updated asset objects reloaded before import = 0
Number of asset objects unloaded after import = 3
========================================================================
Received Import Request.
  Time since last request: 0.000032 seconds.
  path: Assets/SpecialSkillsEffectsPack/AllEffects/EffectsSet_1(NotScriptBased)/Effects/Effect_53_CurseOfSpider/Effect_53_CurseOfSpider.prefab
  artifactKey: Guid(595dc0f0117800d4999e03483eed8306) Importer(815301076,1909f56bfc062723c751e8b465ee728b)
Start importing Assets/SpecialSkillsEffectsPack/AllEffects/EffectsSet_1(NotScriptBased)/Effects/Effect_53_CurseOfSpider/Effect_53_CurseOfSpider.prefab using Guid(595dc0f0117800d4999e03483eed8306) Importer(815301076,1909f56bfc062723c751e8b465ee728b)  -> (artifact id: '821df67d2a8dafc5aeb6549e19e31806') in 0.125553 seconds
Number of updated asset objects reloaded before import = 0
Number of asset objects unloaded after import = 30
========================================================================
Received Import Request.
  Time since last request: 1.737319 seconds.
  path: Assets/SpecialSkillsEffectsPack/AllEffects/EffectsSet_1(NotScriptBased)/Materials/Effect_Common_Materials/Effect_Common_Distort_1.mat
  artifactKey: Guid(86bb165da1eec004bae90f5e6c1f7ddc) Importer(815301076,1909f56bfc062723c751e8b465ee728b)
Start importing Assets/SpecialSkillsEffectsPack/AllEffects/EffectsSet_1(NotScriptBased)/Materials/Effect_Common_Materials/Effect_Common_Distort_1.mat using Guid(86bb165da1eec004bae90f5e6c1f7ddc) Importer(815301076,1909f56bfc062723c751e8b465ee728b) 
=================================================================
	Native Crash Reporting
=================================================================
Got a UNKNOWN while executing native code. This usually indicates
a fatal error in the mono runtime or one of the native libraries 
used by your application.
=================================================================

=================================================================
	Managed Stacktrace:
=================================================================
	  at <unknown> <0xffffffff>
	  at UnityEngine.Rendering.ScriptableRenderContext:Submit_Internal_Injected <0x00089>
	  at UnityEngine.Rendering.ScriptableRenderContext:Submit_Internal <0x0001a>
	  at UnityEngine.Rendering.ScriptableRenderContext:Submit <0x00032>
	  at UnityEngine.Rendering.Universal.UniversalRenderPipeline:RenderSingleCamera <0x00d72>
	  at UnityEngine.Rendering.Universal.UniversalRenderPipeline:RenderSingleCameraInternal <0x00192>
	  at UnityEngine.Rendering.Universal.UniversalRenderPipeline:Render <0x00612>
	  at UnityEngine.Rendering.RenderPipeline:InternalRender <0x00058>
	  at UnityEngine.Rendering.RenderPipelineManager:DoRenderLoop_Internal <0x001d2>
	  at <Module>:runtime_invoke_void_object_intptr_object_AtomicSafetyHandle <0x000c7>
	  at <unknown> <0xffffffff>
	  at UnityEngine.Camera:Render <0x00090>
	  at UnityEditor.PreviewRenderUtility:Render <0x0043a>
	  at UnityEditor.MaterialEditor:DoRenderPreview <0x01b3a>
	  at UnityEditor.MaterialEditor:RenderStaticPreview <0x001c2>
	  at UnityEditor.AssetPreviewUpdater:CreatePreview <0x0018f>
	  at UnityEditor.AssetPreviewUpdater:CreatePreviewForAsset <0x00042>
	  at <Module>:runtime_invoke_object_object_object_object <0x0008f>
=================================================================
Received signal SIGSEGV
Obtained 60 stack frames
0x00007ff69aa94c8d (Unity) ScriptableRenderLoopDrawSRPBatcher
0x00007ff69aa953ea (Unity) ScriptableRenderLoopJob
0x00007ff69adad623 (Unity) GfxDevice::ExecuteAsync
0x00007ff69b095eae (Unity) GfxDeviceClient::ExecuteAsync
0x00007ff69aa929a5 (Unity) ScheduleRenderJobs
0x00007ff69aa8f179 (Unity) ExecuteDrawRenderersCommand
0x00007ff69aa7d740 (Unity) ScriptableRenderContext::ExecuteScriptableRenderLoop
0x00007ff699ee4ec9 (Unity) ScriptableRenderContext_CUSTOM_Submit_Internal_Injected
0x000002877b14c96a (Mono JIT Code) (wrapper managed-to-native) UnityEngine.Rendering.ScriptableRenderContext:Submit_Internal_Injected (UnityEngine.Rendering.ScriptableRenderContext&)
0x000002877b14c8bb (Mono JIT Code) UnityEngine.Rendering.ScriptableRenderContext:Submit_Internal ()
0x000002877b14c873 (Mono JIT Code) UnityEngine.Rendering.ScriptableRenderContext:Submit ()
0x000002877b157503 (Mono JIT Code) UnityEngine.Rendering.Universal.UniversalRenderPipeline:RenderSingleCamera (UnityEngine.Rendering.ScriptableRenderContext,UnityEngine.Rendering.Universal.CameraData&,bool) (at ./Library/PackageCache/com.unity.render-pipelines.universal@14.0.7/Runtime/UniversalRenderPipeline.cs:667)
0x000002877b10f7d3 (Mono JIT Code) UnityEngine.Rendering.Universal.UniversalRenderPipeline:RenderSingleCameraInternal (UnityEngine.Rendering.ScriptableRenderContext,UnityEngine.Camera) (at ./Library/PackageCache/com.unity.render-pipelines.universal@14.0.7/Runtime/UniversalRenderPipeline.cs:535)
0x000002877b108b43 (Mono JIT Code) UnityEngine.Rendering.Universal.UniversalRenderPipeline:Render (UnityEngine.Rendering.ScriptableRenderContext,System.Collections.Generic.List`1<UnityEngine.Camera>) (at ./Library/PackageCache/com.unity.render-pipelines.universal@14.0.7/Runtime/UniversalRenderPipeline.cs:378)
0x000002877b107dc9 (Mono JIT Code) UnityEngine.Rendering.RenderPipeline:InternalRender (UnityEngine.Rendering.ScriptableRenderContext,System.Collections.Generic.List`1<UnityEngine.Camera>)
0x000002877b0a2dc3 (Mono JIT Code) UnityEngine.Rendering.RenderPipelineManager:DoRenderLoop_Internal (UnityEngine.Rendering.RenderPipelineAsset,intptr,UnityEngine.Object,Unity.Collections.LowLevel.Unsafe.AtomicSafetyHandle)
0x000002877b0a2ff8 (Mono JIT Code) (wrapper runtime-invoke) <Module>:runtime_invoke_void_object_intptr_object_AtomicSafetyHandle (object,intptr,intptr,intptr)
0x00007ffaf222e434 (mono-2.0-bdwgc) mono_jit_runtime_invoke (at C:/build/output/Unity-Technologies/mono/mono/mini/mini-runtime.c:3445)
0x00007ffaf216eb44 (mono-2.0-bdwgc) do_runtime_invoke (at C:/build/output/Unity-Technologies/mono/mono/metadata/object.c:3066)
0x00007ffaf216ecdc (mono-2.0-bdwgc) mono_runtime_invoke (at C:/build/output/Unity-Technologies/mono/mono/metadata/object.c:3113)
0x00007ff69ae9f054 (Unity) scripting_method_invoke
0x00007ff69ae7f864 (Unity) ScriptingInvocation::Invoke
0x00007ff69aa7f7af (Unity) ScriptableRenderContext::ExtractAndExecuteRenderPipeline
0x00007ff69a88d4d6 (Unity) Camera::CustomRenderWithPipeline
0x00007ff69a8a3720 (Unity) Camera::StandaloneCustomRender
0x00007ff69a8a39ab (Unity) Camera::StandaloneRender
0x00007ff69a89a5e9 (Unity) CameraScripting::Render
0x00007ff699ff52cd (Unity) Camera_CUSTOM_Render
0x000002877b0a2b11 (Mono JIT Code) (wrapper managed-to-native) UnityEngine.Camera:Render (UnityEngine.Camera)
0x000002877b0a1eab (Mono JIT Code) UnityEditor.PreviewRenderUtility:Render (bool,bool)
0x000002877b05e9fb (Mono JIT Code) UnityEditor.MaterialEditor:DoRenderPreview (UnityEditor.PreviewRenderUtility,bool)
0x000002877b04f293 (Mono JIT Code) UnityEditor.MaterialEditor:RenderStaticPreview (string,UnityEngine.Object[],int,int)
0x000002877b03a950 (Mono JIT Code) UnityEditor.AssetPreviewUpdater:CreatePreview (UnityEngine.Object,UnityEngine.Object[],string,int,int)
0x000002877b03a633 (Mono JIT Code) UnityEditor.AssetPreviewUpdater:CreatePreviewForAsset (UnityEngine.Object,UnityEngine.Object[],string)
0x000002877b03a6f0 (Mono JIT Code) (wrapper runtime-invoke) <Module>:runtime_invoke_object_object_object_object (object,intptr,intptr,intptr)
0x00007ffaf222e434 (mono-2.0-bdwgc) mono_jit_runtime_invoke (at C:/build/output/Unity-Technologies/mono/mono/mini/mini-runtime.c:3445)
0x00007ffaf216eb44 (mono-2.0-bdwgc) do_runtime_invoke (at C:/build/output/Unity-Technologies/mono/mono/metadata/object.c:3066)
0x00007ffaf216ecdc (mono-2.0-bdwgc) mono_runtime_invoke (at C:/build/output/Unity-Technologies/mono/mono/metadata/object.c:3113)
0x00007ff69ae9f054 (Unity) scripting_method_invoke
0x00007ff69ae7f864 (Unity) ScriptingInvocation::Invoke
0x00007ff69c23a84d (Unity) MonoCreateAssetPreview
0x00007ff69c239640 (Unity) WriteAssetPreviewToFile
0x00007ff69c239dd3 (Unity) WritePreviews
0x00007ff69c230d0f (Unity) PreviewImporter::GenerateAssetData
0x00007ff69c27b055 (Unity) ImportToObjects
0x00007ff69c27a03c (Unity) ImportAsset
0x00007ff69c29ec28 (Unity) AssetImportWorker::Import
0x00007ff69c306a62 (Unity) <lambda_183697078dc22ecb201e4599e9982eaf>::operator()
0x00007ff69c342422 (Unity) asio::detail::completion_handler<core::mutable_function<void __cdecl(void)>,asio::io_context::basic_executor_type<std::allocator<void>,0> >::do_complete
0x00007ff69c32e3ce (Unity) asio::detail::win_iocp_io_context::do_one
0x00007ff69c330034 (Unity) asio::detail::win_iocp_io_context::run
0x00007ff69c3407cc (Unity) IOService::Run
0x00007ff69c3151bf (Unity) AssetImportWorkerClient::Run
0x00007ff69c2dfec7 (Unity) RunAssetImportWorkerClientV2
0x00007ff69c2dff4b (Unity) RunAssetImporterV2
0x00007ff69bacb611 (Unity) Application::InitializeProject
0x00007ff69bf6a035 (Unity) WinMain
0x00007ff69d34e95e (Unity) __scrt_common_main_seh
0x00007ffbaf847344 (KERNEL32) BaseThreadInitThunk
0x00007ffbb14e26b1 (ntdll) RtlUserThreadStart

