Using pre-set license
Built from '2022.2/staging' branch; Version is '2022.2.20f1 (c5d806317f84) revision 12965894'; Using compiler version '192829333'; Build Type 'Release'
OS: 'Windows 10  (10.0.19045) 64bit Professional' Language: 'ko' Physical Memory: 32729 MB
BatchMode: 1, IsHumanControllingUs: 0, StartBugReporterOnCrash: 0, Is64bit: 1, IsPro: 1

COMMAND LINE ARGUMENTS:
G:\Unity\2022.2.20f1\Editor\Unity.exe
-adb2
-batchMode
-noUpm
-name
AssetImportWorker33
-projectPath
G:/4p-project/Power_of_Personality
-logFile
Logs/AssetImportWorker33.log
-srvPort
3813
Successfully changed project path to: G:/4p-project/Power_of_Personality
G:/4p-project/Power_of_Personality
[UnityMemory] Configuration Parameters - Can be set up in boot.config
    "memorysetup-bucket-allocator-granularity=16"
    "memorysetup-bucket-allocator-bucket-count=8"
    "memorysetup-bucket-allocator-block-size=33554432"
    "memorysetup-bucket-allocator-block-count=8"
    "memorysetup-main-allocator-block-size=16777216"
    "memorysetup-thread-allocator-block-size=16777216"
    "memorysetup-gfx-main-allocator-block-size=16777216"
    "memorysetup-gfx-thread-allocator-block-size=16777216"
    "memorysetup-cache-allocator-block-size=4194304"
    "memorysetup-typetree-allocator-block-size=2097152"
    "memorysetup-profiler-bucket-allocator-granularity=16"
    "memorysetup-profiler-bucket-allocator-bucket-count=8"
    "memorysetup-profiler-bucket-allocator-block-size=33554432"
    "memorysetup-profiler-bucket-allocator-block-count=8"
    "memorysetup-profiler-allocator-block-size=16777216"
    "memorysetup-profiler-editor-allocator-block-size=1048576"
    "memorysetup-temp-allocator-size-main=16777216"
    "memorysetup-job-temp-allocator-block-size=2097152"
    "memorysetup-job-temp-allocator-block-size-background=1048576"
    "memorysetup-job-temp-allocator-reduction-small-platforms=262144"
    "memorysetup-temp-allocator-size-background-worker=32768"
    "memorysetup-temp-allocator-size-job-worker=262144"
    "memorysetup-temp-allocator-size-preload-manager=33554432"
    "memorysetup-temp-allocator-size-nav-mesh-worker=65536"
    "memorysetup-temp-allocator-size-audio-worker=65536"
    "memorysetup-temp-allocator-size-cloud-worker=32768"
    "memorysetup-temp-allocator-size-gi-baking-worker=262144"
    "memorysetup-temp-allocator-size-gfx=262144"
Player connection [19424] Host "[IP] 192.168.0.26 [Port] 0 [Flags] 2 [Guid] 1842732685 [EditorId] 1842732685 [Version] 1048832 [Id] WindowsEditor(7,DESKTOP-JGTGNHB) [Debug] 1 [PackageName] WindowsEditor [ProjectName] Editor" joined multi-casting on [225.0.0.222:54997]...

Player connection [19424] Host "[IP] 192.168.0.26 [Port] 0 [Flags] 2 [Guid] 1842732685 [EditorId] 1842732685 [Version] 1048832 [Id] WindowsEditor(7,DESKTOP-JGTGNHB) [Debug] 1 [PackageName] WindowsEditor [ProjectName] Editor" joined alternative multi-casting on [225.0.0.222:34997]...

Refreshing native plugins compatible for Editor in 44.82 ms, found 3 plugins.
Preloading 0 native plugins for Editor in 0.00 ms.
Initialize engine version: 2022.2.20f1 (c5d806317f84)
[Subsystems] Discovering subsystems at path G:/Unity/2022.2.20f1/Editor/Data/Resources/UnitySubsystems
[Subsystems] Discovering subsystems at path G:/4p-project/Power_of_Personality/Assets
GfxDevice: creating device client; threaded=0; jobified=0
Direct3D:
    Version:  Direct3D 11.0 [level 11.1]
    Renderer: NVIDIA GeForce GTX 1060 6GB (ID=0x1b83)
    Vendor:   NVIDIA
    VRAM:     6044 MB
    Driver:   31.0.15.4617
Initialize mono
Mono path[0] = 'G:/Unity/2022.2.20f1/Editor/Data/Managed'
Mono path[1] = 'G:/Unity/2022.2.20f1/Editor/Data/MonoBleedingEdge/lib/mono/unityjit-win32'
Mono config path = 'G:/Unity/2022.2.20f1/Editor/Data/MonoBleedingEdge/etc'
Using monoOptions --debugger-agent=transport=dt_socket,embedding=1,server=y,suspend=n,address=127.0.0.1:56196
Begin MonoManager ReloadAssembly
Registering precompiled unity dll's ...
Register platform support module: G:/Unity/2022.2.20f1/Editor/Data/PlaybackEngines/AndroidPlayer/UnityEditor.Android.Extensions.dll
Register platform support module: G:/Unity/2022.2.20f1/Editor/Data/PlaybackEngines/WindowsStandaloneSupport/UnityEditor.WindowsStandalone.Extensions.dll
Registered in 0.021426 seconds.
- Loaded All Assemblies, in  0.922 seconds
Native extension for WindowsStandalone target not found
Native extension for Android target not found
Android Extension - Scanning For ADB Devices 862 ms
Mono: successfully reloaded assembly
- Finished resetting the current domain, in  1.616 seconds
Domain Reload Profiling:
	ReloadAssembly (550ms)
		BeginReloadAssembly (250ms)
			ExecutionOrderSort (0ms)
			DisableScriptedObjects (0ms)
			BackupInstance (0ms)
			ReleaseScriptingObjects (0ms)
			CreateAndSetChildDomain (2ms)
		LoadAllAssembliesAndSetupDomain (0ms)
			LoadAssemblies (249ms)
			RebuildTransferFunctionScriptingTraits (0ms)
			SetupTypeCache (357ms)
				TypeCache.Initialize (356ms)
					TypeCache.ScanAssembly (353ms)
				ResolveRequiredComponents (1ms)
		FinalizeReload (0ms)
			ReleaseScriptCaches (0ms)
			RebuildScriptCaches (0ms)
			SetupLoadedEditorAssemblies (1490ms)
				LogAssemblyErrors (0ms)
				InitializePlatformSupportModulesInManaged (1089ms)
				SetLoadedEditorAssemblies (17ms)
				RefreshPlugins (0ms)
				BeforeProcessingInitializeOnLoad (2ms)
				ProcessInitializeOnLoadAttributes (258ms)
				ProcessInitializeOnLoadMethodAttributes (124ms)
				AfterProcessingInitializeOnLoad (0ms)
				EditorAssembliesLoaded (0ms)
			ExecutionOrderSort2 (0ms)
			AwakeInstancesAfterBackupRestoration (0ms)
========================================================================
Worker process is ready to serve import requests
Begin MonoManager ReloadAssembly
Symbol file LoadedFromMemory doesn't match image G:\4p-project\Power_of_Personality\Library\PackageCache\com.unity.visualscripting@1.8.0\Editor\VisualScripting.Core\Dependencies\YamlDotNet\Unity.VisualScripting.YamlDotNet.dll
Symbol file LoadedFromMemory doesn't match image G:\4p-project\Power_of_Personality\Library\PackageCache\com.unity.visualscripting@1.8.0\Editor\VisualScripting.Core\Dependencies\DotNetZip\Unity.VisualScripting.IonicZip.dll
- Loaded All Assemblies, in  2.520 seconds
Refreshing native plugins compatible for Editor in 12.69 ms, found 3 plugins.
Native extension for WindowsStandalone target not found
Native extension for Android target not found
Mono: successfully reloaded assembly
- Finished resetting the current domain, in  1.638 seconds
Domain Reload Profiling:
	ReloadAssembly (591ms)
		BeginReloadAssembly (367ms)
			ExecutionOrderSort (0ms)
			DisableScriptedObjects (14ms)
			BackupInstance (0ms)
			ReleaseScriptingObjects (0ms)
			CreateAndSetChildDomain (75ms)
		LoadAllAssembliesAndSetupDomain (1925ms)
			LoadAssemblies (931ms)
			RebuildTransferFunctionScriptingTraits (0ms)
			SetupTypeCache (1183ms)
				TypeCache.Initialize (1076ms)
					TypeCache.ScanAssembly (1065ms)
				ResolveRequiredComponents (32ms)
		FinalizeReload (0ms)
			ReleaseScriptCaches (0ms)
			RebuildScriptCaches (0ms)
			SetupLoadedEditorAssemblies (1172ms)
				LogAssemblyErrors (0ms)
				InitializePlatformSupportModulesInManaged (49ms)
				SetLoadedEditorAssemblies (6ms)
				RefreshPlugins (0ms)
				BeforeProcessingInitializeOnLoad (150ms)
				ProcessInitializeOnLoadAttributes (782ms)
				ProcessInitializeOnLoadMethodAttributes (176ms)
				AfterProcessingInitializeOnLoad (8ms)
				EditorAssembliesLoaded (0ms)
			ExecutionOrderSort2 (0ms)
			AwakeInstancesAfterBackupRestoration (22ms)
Launched and connected shader compiler UnityShaderCompiler.exe after 0.08 seconds
Refreshing native plugins compatible for Editor in 8.60 ms, found 3 plugins.
Preloading 0 native plugins for Editor in 0.00 ms.
Unloading 5983 Unused Serialized files (Serialized files now loaded: 0)
Unloading 98 unused Assets / (3.5 MB). Loaded Objects now: 6428.
Memory consumption went from 240.7 MB to 237.2 MB.
Total: 9.172200 ms (FindLiveObjects: 0.751500 ms CreateObjectMapping: 0.792700 ms MarkObjects: 5.236300 ms  DeleteObjects: 2.390100 ms)

AssetImportParameters requested are different than current active one (requested -> active):
  custom:container-demuxer-ogg: 62fdf1f143b41e24485cea50d1cbac27 -> 
  custom:video-decoder-ogg-theora: a1e56fd34408186e4bbccfd4996cb3dc -> 
  custom:framework-win-MediaFoundation: 216162199b28c13a410421893ffa2e32 -> 
  custom:container-demuxer-webm: 4f35f7cbe854078d1ac9338744f61a02 -> 
  custom:container-muxer-webm: aa71ff27fc2769a1b78a27578f13a17b -> 
  custom:video-decoder-webm-vp8: 9c59270c3fd7afecdb556c50c9e8de78 -> 
  custom:AudioImporter_EditorPlatform: d09bf68614088b80899f8185d706f6e7 -> 
  custom:video-encoder-webm-vp8: eb34c28f22e8b96e1ab97ce403110664 -> 
  custom:audio-decoder-ogg-vorbis: bf7c407c2cedff20999df2af8eb42d56 -> 
  custom:audio-encoder-webm-vorbis: bf7c407c2cedff20999df2af8eb42d56 -> 
========================================================================
Received Prepare
Begin MonoManager ReloadAssembly
Symbol file LoadedFromMemory doesn't match image G:\4p-project\Power_of_Personality\Library\PackageCache\com.unity.visualscripting@1.8.0\Editor\VisualScripting.Core\Dependencies\YamlDotNet\Unity.VisualScripting.YamlDotNet.dll
Symbol file LoadedFromMemory doesn't match image G:\4p-project\Power_of_Personality\Library\PackageCache\com.unity.visualscripting@1.8.0\Editor\VisualScripting.Core\Dependencies\DotNetZip\Unity.VisualScripting.IonicZip.dll
- Loaded All Assemblies, in  1.483 seconds
Refreshing native plugins compatible for Editor in 9.51 ms, found 3 plugins.
Native extension for WindowsStandalone target not found
Native extension for Android target not found
Mono: successfully reloaded assembly
- Finished resetting the current domain, in  2.205 seconds
Domain Reload Profiling:
	ReloadAssembly (391ms)
		BeginReloadAssembly (267ms)
			ExecutionOrderSort (0ms)
			DisableScriptedObjects (8ms)
			BackupInstance (0ms)
			ReleaseScriptingObjects (0ms)
			CreateAndSetChildDomain (84ms)
		LoadAllAssembliesAndSetupDomain (1088ms)
			LoadAssemblies (570ms)
			RebuildTransferFunctionScriptingTraits (0ms)
			SetupTypeCache (645ms)
				TypeCache.Initialize (620ms)
					TypeCache.ScanAssembly (608ms)
				ResolveRequiredComponents (24ms)
		FinalizeReload (0ms)
			ReleaseScriptCaches (0ms)
			RebuildScriptCaches (0ms)
			SetupLoadedEditorAssemblies (854ms)
				LogAssemblyErrors (0ms)
				InitializePlatformSupportModulesInManaged (42ms)
				SetLoadedEditorAssemblies (10ms)
				RefreshPlugins (0ms)
				BeforeProcessingInitializeOnLoad (145ms)
				ProcessInitializeOnLoadAttributes (483ms)
				ProcessInitializeOnLoadMethodAttributes (166ms)
				AfterProcessingInitializeOnLoad (8ms)
				EditorAssembliesLoaded (0ms)
			ExecutionOrderSort2 (0ms)
			AwakeInstancesAfterBackupRestoration (33ms)
Refreshing native plugins compatible for Editor in 22.65 ms, found 3 plugins.
Preloading 0 native plugins for Editor in 0.00 ms.
Unloading 5804 Unused Serialized files (Serialized files now loaded: 0)
Unloading 71 unused Assets / (3.3 MB). Loaded Objects now: 6433.
Memory consumption went from 206.0 MB to 202.8 MB.
Total: 16.270200 ms (FindLiveObjects: 1.076300 ms CreateObjectMapping: 1.039600 ms MarkObjects: 6.336400 ms  DeleteObjects: 7.816100 ms)

Prepare: number of updated asset objects reloaded= 0
AssetImportParameters requested are different than current active one (requested -> active):
  custom:container-demuxer-ogg: 62fdf1f143b41e24485cea50d1cbac27 -> 
  custom:video-decoder-ogg-theora: a1e56fd34408186e4bbccfd4996cb3dc -> 
  custom:framework-win-MediaFoundation: 216162199b28c13a410421893ffa2e32 -> 
  custom:container-demuxer-webm: 4f35f7cbe854078d1ac9338744f61a02 -> 
  custom:container-muxer-webm: aa71ff27fc2769a1b78a27578f13a17b -> 
  custom:video-decoder-webm-vp8: 9c59270c3fd7afecdb556c50c9e8de78 -> 
  custom:AudioImporter_EditorPlatform: d09bf68614088b80899f8185d706f6e7 -> 
  custom:video-encoder-webm-vp8: eb34c28f22e8b96e1ab97ce403110664 -> 
  custom:audio-decoder-ogg-vorbis: bf7c407c2cedff20999df2af8eb42d56 -> 
  custom:audio-encoder-webm-vorbis: bf7c407c2cedff20999df2af8eb42d56 -> 
========================================================================
Received Import Request.
  Time since last request: 302513.560164 seconds.
  path: Assets/SpecialSkillsEffectsPack/AllEffects/EffectsSet_1(NotScriptBased)/Effects/Effect_49_IceBlockCrash/Effect_49_Base(IceBlockCrash)/Effect_49_IceBlock.prefab
  artifactKey: Guid(9c0abb3915bdd7140abe233d64c2b128) Importer(815301076,1909f56bfc062723c751e8b465ee728b)
Start importing Assets/SpecialSkillsEffectsPack/AllEffects/EffectsSet_1(NotScriptBased)/Effects/Effect_49_IceBlockCrash/Effect_49_Base(IceBlockCrash)/Effect_49_IceBlock.prefab using Guid(9c0abb3915bdd7140abe233d64c2b128) Importer(815301076,1909f56bfc062723c751e8b465ee728b)  -> (artifact id: 'f6d820c648e31d9e03cfd2e1ffa06cd1') in 1.898317 seconds
Number of updated asset objects reloaded before import = 0
Number of asset objects unloaded after import = 58
========================================================================
Received Import Request.
  Time since last request: 0.000072 seconds.
  path: Assets/SpecialSkillsEffectsPack/AllEffects/EffectsSet_2(ScriptBased)/Effects/Effect_48_AbsoluteOfWindStorm/Effect_48_WindCyclone.prefab
  artifactKey: Guid(8e8a4c65a3dc95b4ea00e648aa881004) Importer(815301076,1909f56bfc062723c751e8b465ee728b)
Start importing Assets/SpecialSkillsEffectsPack/AllEffects/EffectsSet_2(ScriptBased)/Effects/Effect_48_AbsoluteOfWindStorm/Effect_48_WindCyclone.prefab using Guid(8e8a4c65a3dc95b4ea00e648aa881004) Importer(815301076,1909f56bfc062723c751e8b465ee728b)  -> (artifact id: '2a3a0a63923c9ec6cc04554185258c11') in 0.010718 seconds
Number of updated asset objects reloaded before import = 0
Number of asset objects unloaded after import = 34
========================================================================
Received Import Request.
  Time since last request: 25.686624 seconds.
  path: Assets/SpecialSkillsEffectsPack/AllEffects/EffectsSet_2(ScriptBased)/Materials/Effect_48_Materials/Effect_48_Wind_3.mat
  artifactKey: Guid(352959b30cd81544f9872d30a7e40b64) Importer(815301076,1909f56bfc062723c751e8b465ee728b)
Start importing Assets/SpecialSkillsEffectsPack/AllEffects/EffectsSet_2(ScriptBased)/Materials/Effect_48_Materials/Effect_48_Wind_3.mat using Guid(352959b30cd81544f9872d30a7e40b64) Importer(815301076,1909f56bfc062723c751e8b465ee728b)  -> (artifact id: '6661e8367731a9dda317acb98ba57851') in 0.105831 seconds
Number of updated asset objects reloaded before import = 0
Number of asset objects unloaded after import = 5
========================================================================
Received Import Request.
  Time since last request: 0.000045 seconds.
  path: Assets/SpecialSkillsEffectsPack/AllEffects/EffectsSet_2(ScriptBased)/Effects/Effect_48_AbsoluteOfWindStorm/Effect_48_TempestStorm.prefab
  artifactKey: Guid(4ca7b70425e933c48a8a7d06fc8f50c3) Importer(815301076,1909f56bfc062723c751e8b465ee728b)
Start importing Assets/SpecialSkillsEffectsPack/AllEffects/EffectsSet_2(ScriptBased)/Effects/Effect_48_AbsoluteOfWindStorm/Effect_48_TempestStorm.prefab using Guid(4ca7b70425e933c48a8a7d06fc8f50c3) Importer(815301076,1909f56bfc062723c751e8b465ee728b)  -> (artifact id: '6991b97116907de4f86b89a20e208744') in 0.010668 seconds
Number of updated asset objects reloaded before import = 0
Number of asset objects unloaded after import = 44
========================================================================
Received Import Request.
  Time since last request: 0.000034 seconds.
  path: Assets/SpecialSkillsEffectsPack/AllEffects/EffectsSet_2(ScriptBased)/Effects/Effect_48_AbsoluteOfWindStorm/Effect_48_Parts/Effect_48_TempestStormPlane.prefab
  artifactKey: Guid(fef7d7761669d164f9cf927b9aec3260) Importer(815301076,1909f56bfc062723c751e8b465ee728b)
Start importing Assets/SpecialSkillsEffectsPack/AllEffects/EffectsSet_2(ScriptBased)/Effects/Effect_48_AbsoluteOfWindStorm/Effect_48_Parts/Effect_48_TempestStormPlane.prefab using Guid(fef7d7761669d164f9cf927b9aec3260) Importer(815301076,1909f56bfc062723c751e8b465ee728b)  -> (artifact id: 'c038cebe37b4148cb934bd301a4c6488') in 0.031589 seconds
Number of updated asset objects reloaded before import = 0
Number of asset objects unloaded after import = 33
========================================================================
Received Import Request.
  Time since last request: 0.000055 seconds.
  path: Assets/SpecialSkillsEffectsPack/AllEffects/EffectsSet_2(ScriptBased)/Effects/Effect_48_AbsoluteOfWindStorm/Effect_48_SpiritOfWind.prefab
  artifactKey: Guid(bd14bb0e395437942b2f4eb17f72bd3c) Importer(815301076,1909f56bfc062723c751e8b465ee728b)
Start importing Assets/SpecialSkillsEffectsPack/AllEffects/EffectsSet_2(ScriptBased)/Effects/Effect_48_AbsoluteOfWindStorm/Effect_48_SpiritOfWind.prefab using Guid(bd14bb0e395437942b2f4eb17f72bd3c) Importer(815301076,1909f56bfc062723c751e8b465ee728b)  -> (artifact id: '998227f027342c9282242876e6ca6122') in 0.007352 seconds
Number of updated asset objects reloaded before import = 0
Number of asset objects unloaded after import = 23
========================================================================
Received Import Request.
  Time since last request: 0.000044 seconds.
  path: Assets/SpecialSkillsEffectsPack/AllEffects/EffectsSet_1(NotScriptBased)/Materials/Effect_48_Materials/Effect_48_Sphere.mat
  artifactKey: Guid(4a1a7960c33791e4492d3966d2c72abc) Importer(815301076,1909f56bfc062723c751e8b465ee728b)
Start importing Assets/SpecialSkillsEffectsPack/AllEffects/EffectsSet_1(NotScriptBased)/Materials/Effect_48_Materials/Effect_48_Sphere.mat using Guid(4a1a7960c33791e4492d3966d2c72abc) Importer(815301076,1909f56bfc062723c751e8b465ee728b)  -> (artifact id: '65fc83d3471249e3ef9cf1f66e0d57d1') in 0.200832 seconds
Number of updated asset objects reloaded before import = 0
Number of asset objects unloaded after import = 6
========================================================================
Received Import Request.
  Time since last request: 0.001263 seconds.
  path: Assets/SpecialSkillsEffectsPack/AllEffects/EffectsSet_1(NotScriptBased)/Materials/Effect_48_Materials/Effect_48_ShockWave.mat
  artifactKey: Guid(d4f1c3aefd3232c4d8ed2b86514ade1d) Importer(815301076,1909f56bfc062723c751e8b465ee728b)
Start importing Assets/SpecialSkillsEffectsPack/AllEffects/EffectsSet_1(NotScriptBased)/Materials/Effect_48_Materials/Effect_48_ShockWave.mat using Guid(d4f1c3aefd3232c4d8ed2b86514ade1d) Importer(815301076,1909f56bfc062723c751e8b465ee728b)  -> (artifact id: 'e2f9bd150dc251f96ff62d530ee8c9a9') in 0.096987 seconds
Number of updated asset objects reloaded before import = 0
Number of asset objects unloaded after import = 5
========================================================================
Received Import Request.
  Time since last request: 0.000595 seconds.
  path: Assets/SpecialSkillsEffectsPack/AllEffects/EffectsSet_1(NotScriptBased)/Materials/Effect_48_Materials/Effect_48_Particle_2.mat
  artifactKey: Guid(5a89aebbe5bb11f4aae06e37cd93a899) Importer(815301076,1909f56bfc062723c751e8b465ee728b)
Start importing Assets/SpecialSkillsEffectsPack/AllEffects/EffectsSet_1(NotScriptBased)/Materials/Effect_48_Materials/Effect_48_Particle_2.mat using Guid(5a89aebbe5bb11f4aae06e37cd93a899) Importer(815301076,1909f56bfc062723c751e8b465ee728b)  -> (artifact id: '79a4d98ee8e1f2511f30ff0f7c02093a') in 0.041556 seconds
Number of updated asset objects reloaded before import = 0
Number of asset objects unloaded after import = 4
========================================================================
Received Import Request.
  Time since last request: 0.000042 seconds.
  path: Assets/SpecialSkillsEffectsPack/AllEffects/EffectsSet_2(ScriptBased)/Materials/Effect_48_Materials/Effect_48_Impact_3.mat
  artifactKey: Guid(93b013e1b59a8f946866b532e19161f8) Importer(815301076,1909f56bfc062723c751e8b465ee728b)
Start importing Assets/SpecialSkillsEffectsPack/AllEffects/EffectsSet_2(ScriptBased)/Materials/Effect_48_Materials/Effect_48_Impact_3.mat using Guid(93b013e1b59a8f946866b532e19161f8) Importer(815301076,1909f56bfc062723c751e8b465ee728b)  -> (artifact id: '76cdcc05ef7573be6cc425e547aaf937') in 0.046170 seconds
Number of updated asset objects reloaded before import = 0
Number of asset objects unloaded after import = 5
========================================================================
Received Import Request.
  Time since last request: 0.729697 seconds.
  path: Assets/SpecialSkillsEffectsPack/AllEffects/EffectsSet_1(NotScriptBased)/Materials/Effect_48_Materials/Effect_48_Chain_2.mat
  artifactKey: Guid(378359dd0ed07ea4e9b1b4fabd473e19) Importer(815301076,1909f56bfc062723c751e8b465ee728b)
Start importing Assets/SpecialSkillsEffectsPack/AllEffects/EffectsSet_1(NotScriptBased)/Materials/Effect_48_Materials/Effect_48_Chain_2.mat using Guid(378359dd0ed07ea4e9b1b4fabd473e19) Importer(815301076,1909f56bfc062723c751e8b465ee728b)  -> (artifact id: 'c0ed612175937f5226183104f915169b') in 0.055412 seconds
Number of updated asset objects reloaded before import = 0
Number of asset objects unloaded after import = 4
========================================================================
Received Import Request.
  Time since last request: 0.000038 seconds.
  path: Assets/SpecialSkillsEffectsPack/AllEffects/EffectsSet_2(ScriptBased)/Materials/Effect_47_Materials/Effect_47_Sphere_6.mat
  artifactKey: Guid(16cbe4aaa0ba9b94799cae6241de8f46) Importer(815301076,1909f56bfc062723c751e8b465ee728b)
Start importing Assets/SpecialSkillsEffectsPack/AllEffects/EffectsSet_2(ScriptBased)/Materials/Effect_47_Materials/Effect_47_Sphere_6.mat using Guid(16cbe4aaa0ba9b94799cae6241de8f46) Importer(815301076,1909f56bfc062723c751e8b465ee728b)  -> (artifact id: '4a0eb7af0bd299a4007e6b31b73bd0a0') in 0.049891 seconds
Number of updated asset objects reloaded before import = 0
Number of asset objects unloaded after import = 5
========================================================================
Received Import Request.
  Time since last request: 0.000045 seconds.
  path: Assets/SpecialSkillsEffectsPack/AllEffects/EffectsSet_1(NotScriptBased)/Materials/Effect_41_Materials/Effect_41_Shockwave.mat
  artifactKey: Guid(f00a2676d1a14194eb2aad537cc2b811) Importer(815301076,1909f56bfc062723c751e8b465ee728b)
Start importing Assets/SpecialSkillsEffectsPack/AllEffects/EffectsSet_1(NotScriptBased)/Materials/Effect_41_Materials/Effect_41_Shockwave.mat using Guid(f00a2676d1a14194eb2aad537cc2b811) Importer(815301076,1909f56bfc062723c751e8b465ee728b)  -> (artifact id: 'ac013297ba4596960a6b3862511f3723') in 0.063581 seconds
Number of updated asset objects reloaded before import = 0
Number of asset objects unloaded after import = 5
========================================================================
Received Import Request.
  Time since last request: 0.000040 seconds.
  path: Assets/SpecialSkillsEffectsPack/AllEffects/EffectsSet_2(ScriptBased)/Effects/Effect_43_DarkDraw/Effect_43_DarkDraw.prefab
  artifactKey: Guid(c2062d22467ff114d9ba7d123794a75d) Importer(815301076,1909f56bfc062723c751e8b465ee728b)
Start importing Assets/SpecialSkillsEffectsPack/AllEffects/EffectsSet_2(ScriptBased)/Effects/Effect_43_DarkDraw/Effect_43_DarkDraw.prefab using Guid(c2062d22467ff114d9ba7d123794a75d) Importer(815301076,1909f56bfc062723c751e8b465ee728b)  -> (artifact id: '4bc1aec5f54e9a0f06185582b07110d8') in 0.103898 seconds
Number of updated asset objects reloaded before import = 0
Number of asset objects unloaded after import = 96
========================================================================
Received Import Request.
  Time since last request: 0.000035 seconds.
  path: Assets/SpecialSkillsEffectsPack/AllEffects/EffectsSet_1(NotScriptBased)/Materials/Effect_42_Materials/Effect_42_Sphere.mat
  artifactKey: Guid(9ef1f18715557594b99f0e4c8116a4fe) Importer(815301076,1909f56bfc062723c751e8b465ee728b)
Start importing Assets/SpecialSkillsEffectsPack/AllEffects/EffectsSet_1(NotScriptBased)/Materials/Effect_42_Materials/Effect_42_Sphere.mat using Guid(9ef1f18715557594b99f0e4c8116a4fe) Importer(815301076,1909f56bfc062723c751e8b465ee728b)  -> (artifact id: 'f34ebe375fbe06d92489443b29ee0cad') in 0.056525 seconds
Number of updated asset objects reloaded before import = 0
Number of asset objects unloaded after import = 5
========================================================================
Received Import Request.
  Time since last request: 0.000043 seconds.
  path: Assets/SpecialSkillsEffectsPack/AllEffects/EffectsSet_1(NotScriptBased)/Materials/Effect_48_Materials/Effect_48_Chain.mat
  artifactKey: Guid(b6805c4b3dc994549a3a780025f25fef) Importer(815301076,1909f56bfc062723c751e8b465ee728b)
Start importing Assets/SpecialSkillsEffectsPack/AllEffects/EffectsSet_1(NotScriptBased)/Materials/Effect_48_Materials/Effect_48_Chain.mat using Guid(b6805c4b3dc994549a3a780025f25fef) Importer(815301076,1909f56bfc062723c751e8b465ee728b)  -> (artifact id: 'e1d70b6043a160fcb5d046b2d7f2d427') in 0.047254 seconds
Number of updated asset objects reloaded before import = 0
Number of asset objects unloaded after import = 4
========================================================================
Received Import Request.
  Time since last request: 0.000049 seconds.
  path: Assets/SpecialSkillsEffectsPack/AllEffects/EffectsSet_2(ScriptBased)/Effects/Effect_42_CyberStorm/Effect_42_Parts/Effect_42_Rain.prefab
  artifactKey: Guid(e875cc818e4969c4e80998993fcd67cf) Importer(815301076,1909f56bfc062723c751e8b465ee728b)
Start importing Assets/SpecialSkillsEffectsPack/AllEffects/EffectsSet_2(ScriptBased)/Effects/Effect_42_CyberStorm/Effect_42_Parts/Effect_42_Rain.prefab using Guid(e875cc818e4969c4e80998993fcd67cf) Importer(815301076,1909f56bfc062723c751e8b465ee728b)  -> (artifact id: '1b4ea29ea2215423683ad108974e4e76') in 0.024885 seconds
Number of updated asset objects reloaded before import = 0
Number of asset objects unloaded after import = 17
========================================================================
Received Import Request.
  Time since last request: 0.000039 seconds.
  path: Assets/SpecialSkillsEffectsPack/AllEffects/EffectsSet_1(NotScriptBased)/Materials/Effect_42_Materials/Effect_42_Particle.mat
  artifactKey: Guid(4d3b9adbf24d2b4429a195df4e5dde0b) Importer(815301076,1909f56bfc062723c751e8b465ee728b)
Start importing Assets/SpecialSkillsEffectsPack/AllEffects/EffectsSet_1(NotScriptBased)/Materials/Effect_42_Materials/Effect_42_Particle.mat using Guid(4d3b9adbf24d2b4429a195df4e5dde0b) Importer(815301076,1909f56bfc062723c751e8b465ee728b)  -> (artifact id: '75427d2d5b2e56322ea50360607834f9') in 0.030755 seconds
Number of updated asset objects reloaded before import = 0
Number of asset objects unloaded after import = 4
========================================================================
Received Import Request.
  Time since last request: 0.000063 seconds.
  path: Assets/SpecialSkillsEffectsPack/AllEffects/EffectsSet_1(NotScriptBased)/Materials/Effect_42_Materials/Effect_42_Shockwave.mat
  artifactKey: Guid(b1d1babc67aca6847845f1757a630c65) Importer(815301076,1909f56bfc062723c751e8b465ee728b)
Start importing Assets/SpecialSkillsEffectsPack/AllEffects/EffectsSet_1(NotScriptBased)/Materials/Effect_42_Materials/Effect_42_Shockwave.mat using Guid(b1d1babc67aca6847845f1757a630c65) Importer(815301076,1909f56bfc062723c751e8b465ee728b)  -> (artifact id: 'ed80cba19f699bdc9bc2ef1c4cc7fbba') in 0.077142 seconds
Number of updated asset objects reloaded before import = 0
Number of asset objects unloaded after import = 5
========================================================================
Received Import Request.
  Time since last request: 0.000055 seconds.
  path: Assets/SpecialSkillsEffectsPack/AllEffects/EffectsSet_2(ScriptBased)/Materials/Effect_41_Materials/Effect_41_Particle_2.mat
  artifactKey: Guid(b8748258a1a5af048bbb2fd0ef8b8786) Importer(815301076,1909f56bfc062723c751e8b465ee728b)
Start importing Assets/SpecialSkillsEffectsPack/AllEffects/EffectsSet_2(ScriptBased)/Materials/Effect_41_Materials/Effect_41_Particle_2.mat using Guid(b8748258a1a5af048bbb2fd0ef8b8786) Importer(815301076,1909f56bfc062723c751e8b465ee728b)  -> (artifact id: '18581779c3183f2fcf7e4ca7b01d8d20') in 0.024792 seconds
Number of updated asset objects reloaded before import = 0
Number of asset objects unloaded after import = 2
========================================================================
Received Import Request.
  Time since last request: 0.000098 seconds.
  path: Assets/SpecialSkillsEffectsPack/AllEffects/EffectsSet_1(NotScriptBased)/Materials/Effect_41_Materials/Effect_41_JetDecal.mat
  artifactKey: Guid(c6e9b8cf56c5434438ea059e19b95109) Importer(815301076,1909f56bfc062723c751e8b465ee728b)
Start importing Assets/SpecialSkillsEffectsPack/AllEffects/EffectsSet_1(NotScriptBased)/Materials/Effect_41_Materials/Effect_41_JetDecal.mat using Guid(c6e9b8cf56c5434438ea059e19b95109) Importer(815301076,1909f56bfc062723c751e8b465ee728b)  -> (artifact id: 'c968619e9baeb1bbfd2df2d0a27c5518') in 0.105350 seconds
Number of updated asset objects reloaded before import = 0
Number of asset objects unloaded after import = 3
========================================================================
Received Import Request.
  Time since last request: 0.000029 seconds.
  path: Assets/SpecialSkillsEffectsPack/AllEffects/EffectsSet_2(ScriptBased)/Materials/Effect_47_Materials/Effect_47_Sphere_4.mat
  artifactKey: Guid(9d8ea5bcdd0f6e44a8ea69b28c647aad) Importer(815301076,1909f56bfc062723c751e8b465ee728b)
Start importing Assets/SpecialSkillsEffectsPack/AllEffects/EffectsSet_2(ScriptBased)/Materials/Effect_47_Materials/Effect_47_Sphere_4.mat using Guid(9d8ea5bcdd0f6e44a8ea69b28c647aad) Importer(815301076,1909f56bfc062723c751e8b465ee728b)  -> (artifact id: '4a976776afe7cc2f56e4c554c4d3b714') in 0.033146 seconds
Number of updated asset objects reloaded before import = 0
Number of asset objects unloaded after import = 5
========================================================================
Received Import Request.
  Time since last request: 0.000037 seconds.
  path: Assets/SpecialSkillsEffectsPack/AllEffects/EffectsSet_2(ScriptBased)/Effects/Effect_41_MultipleArrow/Effect_41_Parts/Effect_41_Hit.prefab
  artifactKey: Guid(c53f7a35dfc00974db035f743b64aab7) Importer(815301076,1909f56bfc062723c751e8b465ee728b)
Start importing Assets/SpecialSkillsEffectsPack/AllEffects/EffectsSet_2(ScriptBased)/Effects/Effect_41_MultipleArrow/Effect_41_Parts/Effect_41_Hit.prefab using Guid(c53f7a35dfc00974db035f743b64aab7) Importer(815301076,1909f56bfc062723c751e8b465ee728b)  -> (artifact id: '2620353ff381cabbaa45210f1f44d7ba') in 0.063092 seconds
Number of updated asset objects reloaded before import = 0
Number of asset objects unloaded after import = 14
========================================================================
Received Import Request.
  Time since last request: 0.010822 seconds.
  path: Assets/SpecialSkillsEffectsPack/AllEffects/EffectsSet_2(ScriptBased)/Materials/Effect_43_Materials/Effect_43_Plane.mat
  artifactKey: Guid(d0688750e583bbd478fd4fe30690b244) Importer(815301076,1909f56bfc062723c751e8b465ee728b)
Start importing Assets/SpecialSkillsEffectsPack/AllEffects/EffectsSet_2(ScriptBased)/Materials/Effect_43_Materials/Effect_43_Plane.mat using Guid(d0688750e583bbd478fd4fe30690b244) Importer(815301076,1909f56bfc062723c751e8b465ee728b)  -> (artifact id: 'e7eb58bf915a476a41baa3f9b9ab51e3') in 0.194090 seconds
Number of updated asset objects reloaded before import = 0
Number of asset objects unloaded after import = 7
========================================================================
Received Import Request.
  Time since last request: 0.000052 seconds.
  path: Assets/SpecialSkillsEffectsPack/AllEffects/EffectsSet_2(ScriptBased)/Effects/Effect_47_ChildrenOfUniverse/Effect_47_Parts/Effect_47_SunBurstImpact.prefab
  artifactKey: Guid(10cc55612982f234eb3897f0b0ba5056) Importer(815301076,1909f56bfc062723c751e8b465ee728b)
Start importing Assets/SpecialSkillsEffectsPack/AllEffects/EffectsSet_2(ScriptBased)/Effects/Effect_47_ChildrenOfUniverse/Effect_47_Parts/Effect_47_SunBurstImpact.prefab using Guid(10cc55612982f234eb3897f0b0ba5056) Importer(815301076,1909f56bfc062723c751e8b465ee728b)  -> (artifact id: '1f5327a5f284f028cf2ff62c9261ef47') in 0.096771 seconds
Number of updated asset objects reloaded before import = 0
Number of asset objects unloaded after import = 36
========================================================================
Received Import Request.
  Time since last request: 0.000049 seconds.
  path: Assets/SpecialSkillsEffectsPack/AllEffects/EffectsSet_1(NotScriptBased)/Effects/Effect_48_CriticalTumor/Effect_48_BondageChain/Effect_48_BondageChain.prefab
  artifactKey: Guid(2c37abf5241163348ac89dfcb567c866) Importer(815301076,1909f56bfc062723c751e8b465ee728b)
Start importing Assets/SpecialSkillsEffectsPack/AllEffects/EffectsSet_1(NotScriptBased)/Effects/Effect_48_CriticalTumor/Effect_48_BondageChain/Effect_48_BondageChain.prefab using Guid(2c37abf5241163348ac89dfcb567c866) Importer(815301076,1909f56bfc062723c751e8b465ee728b)  -> (artifact id: 'd7356e7a8f4fdb9d7e5be4fd01ec60bb') in 0.174228 seconds
Number of updated asset objects reloaded before import = 0
Number of asset objects unloaded after import = 133
Editor requested this worker to shutdown with reason: Scaling down because of idle timeout
TcpMessagingSession - receive error: operation aborted. errorcode: 995, details: 스레드 종료 또는 응용 프로그램 요청 때문에 I/O 작업이 취소되었습니다.
AssetImportWorker is now disconnected from the server
Process exiting
Exiting without the bug reporter. Application will terminate with return code 0