Using pre-set license
Built from '2022.2/staging' branch; Version is '2022.2.20f1 (c5d806317f84) revision 12965894'; Using compiler version '192829333'; Build Type 'Release'
OS: 'Windows 10  (10.0.19045) 64bit Core' Language: 'ko' Physical Memory: 32698 MB
BatchMode: 1, IsHumanControllingUs: 0, StartBugReporterOnCrash: 0, Is64bit: 1, IsPro: 1

COMMAND LINE ARGUMENTS:
C:\Program Files\Unity\Hub\Editor\2022.2.20f1\Editor\Unity.exe
-adb2
-batchMode
-noUpm
-name
AssetImportWorker11
-projectPath
D:/Unity/POP/Power_of_Personality
-logFile
Logs/AssetImportWorker11.log
-srvPort
53284
Successfully changed project path to: D:/Unity/POP/Power_of_Personality
D:/Unity/POP/Power_of_Personality
[UnityMemory] Configuration Parameters - Can be set up in boot.config
    "memorysetup-bucket-allocator-granularity=16"
    "memorysetup-bucket-allocator-bucket-count=8"
    "memorysetup-bucket-allocator-block-size=33554432"
    "memorysetup-bucket-allocator-block-count=8"
    "memorysetup-main-allocator-block-size=16777216"
    "memorysetup-thread-allocator-block-size=16777216"
    "memorysetup-gfx-main-allocator-block-size=16777216"
    "memorysetup-gfx-thread-allocator-block-size=16777216"
    "memorysetup-cache-allocator-block-size=4194304"
    "memorysetup-typetree-allocator-block-size=2097152"
    "memorysetup-profiler-bucket-allocator-granularity=16"
    "memorysetup-profiler-bucket-allocator-bucket-count=8"
    "memorysetup-profiler-bucket-allocator-block-size=33554432"
    "memorysetup-profiler-bucket-allocator-block-count=8"
    "memorysetup-profiler-allocator-block-size=16777216"
    "memorysetup-profiler-editor-allocator-block-size=1048576"
    "memorysetup-temp-allocator-size-main=16777216"
    "memorysetup-job-temp-allocator-block-size=2097152"
    "memorysetup-job-temp-allocator-block-size-background=1048576"
    "memorysetup-job-temp-allocator-reduction-small-platforms=262144"
    "memorysetup-temp-allocator-size-background-worker=32768"
    "memorysetup-temp-allocator-size-job-worker=262144"
    "memorysetup-temp-allocator-size-preload-manager=33554432"
    "memorysetup-temp-allocator-size-nav-mesh-worker=65536"
    "memorysetup-temp-allocator-size-audio-worker=65536"
    "memorysetup-temp-allocator-size-cloud-worker=32768"
    "memorysetup-temp-allocator-size-gi-baking-worker=262144"
    "memorysetup-temp-allocator-size-gfx=262144"
Player connection [24088] Host "[IP] 192.168.0.23 [Port] 0 [Flags] 2 [Guid] 3455155263 [EditorId] 3455155263 [Version] 1048832 [Id] WindowsEditor(7,DESKTOP-IMUE91T) [Debug] 1 [PackageName] WindowsEditor [ProjectName] Editor" joined multi-casting on [225.0.0.222:54997]...

Player connection [24088] Host "[IP] 192.168.0.23 [Port] 0 [Flags] 2 [Guid] 3455155263 [EditorId] 3455155263 [Version] 1048832 [Id] WindowsEditor(7,DESKTOP-IMUE91T) [Debug] 1 [PackageName] WindowsEditor [ProjectName] Editor" joined alternative multi-casting on [225.0.0.222:34997]...

Refreshing native plugins compatible for Editor in 9.18 ms, found 3 plugins.
Preloading 0 native plugins for Editor in 0.00 ms.
Initialize engine version: 2022.2.20f1 (c5d806317f84)
[Subsystems] Discovering subsystems at path C:/Program Files/Unity/Hub/Editor/2022.2.20f1/Editor/Data/Resources/UnitySubsystems
[Subsystems] Discovering subsystems at path D:/Unity/POP/Power_of_Personality/Assets
GfxDevice: creating device client; threaded=0; jobified=0
Direct3D:
    Version:  Direct3D 11.0 [level 11.1]
    Renderer: NVIDIA GeForce RTX 3070 (ID=0x2484)
    Vendor:   NVIDIA
    VRAM:     8018 MB
    Driver:   31.0.15.5176
Initialize mono
Mono path[0] = 'C:/Program Files/Unity/Hub/Editor/2022.2.20f1/Editor/Data/Managed'
Mono path[1] = 'C:/Program Files/Unity/Hub/Editor/2022.2.20f1/Editor/Data/MonoBleedingEdge/lib/mono/unityjit-win32'
Mono config path = 'C:/Program Files/Unity/Hub/Editor/2022.2.20f1/Editor/Data/MonoBleedingEdge/etc'
Using monoOptions --debugger-agent=transport=dt_socket,embedding=1,server=y,suspend=n,address=127.0.0.1:56168
Begin MonoManager ReloadAssembly
Registering precompiled unity dll's ...
Register platform support module: C:/Program Files/Unity/Hub/Editor/2022.2.20f1/Editor/Data/PlaybackEngines/WindowsStandaloneSupport/UnityEditor.WindowsStandalone.Extensions.dll
Registered in 0.006813 seconds.
- Loaded All Assemblies, in  0.297 seconds
Native extension for WindowsStandalone target not found
Mono: successfully reloaded assembly
- Finished resetting the current domain, in  0.237 seconds
Domain Reload Profiling:
	ReloadAssembly (179ms)
		BeginReloadAssembly (85ms)
			ExecutionOrderSort (0ms)
			DisableScriptedObjects (0ms)
			BackupInstance (0ms)
			ReleaseScriptingObjects (0ms)
			CreateAndSetChildDomain (1ms)
		LoadAllAssembliesAndSetupDomain (0ms)
			LoadAssemblies (83ms)
			RebuildTransferFunctionScriptingTraits (0ms)
			SetupTypeCache (112ms)
				TypeCache.Initialize (111ms)
					TypeCache.ScanAssembly (110ms)
				ResolveRequiredComponents (0ms)
		FinalizeReload (0ms)
			ReleaseScriptCaches (0ms)
			RebuildScriptCaches (0ms)
			SetupLoadedEditorAssemblies (186ms)
				LogAssemblyErrors (0ms)
				InitializePlatformSupportModulesInManaged (8ms)
				SetLoadedEditorAssemblies (7ms)
				RefreshPlugins (0ms)
				BeforeProcessingInitializeOnLoad (1ms)
				ProcessInitializeOnLoadAttributes (127ms)
				ProcessInitializeOnLoadMethodAttributes (43ms)
				AfterProcessingInitializeOnLoad (0ms)
				EditorAssembliesLoaded (0ms)
			ExecutionOrderSort2 (0ms)
			AwakeInstancesAfterBackupRestoration (0ms)
========================================================================
Worker process is ready to serve import requests
Begin MonoManager ReloadAssembly
Symbol file LoadedFromMemory doesn't match image D:\Unity\POP\Power_of_Personality\Library\PackageCache\com.unity.visualscripting@1.8.0\Editor\VisualScripting.Core\Dependencies\YamlDotNet\Unity.VisualScripting.YamlDotNet.dll
Symbol file LoadedFromMemory doesn't match image D:\Unity\POP\Power_of_Personality\Library\PackageCache\com.unity.visualscripting@1.8.0\Editor\VisualScripting.Core\Dependencies\DotNetZip\Unity.VisualScripting.IonicZip.dll
- Loaded All Assemblies, in  0.755 seconds
Refreshing native plugins compatible for Editor in 3.27 ms, found 3 plugins.
Native extension for WindowsStandalone target not found
Mono: successfully reloaded assembly
- Finished resetting the current domain, in  0.604 seconds
Domain Reload Profiling:
	ReloadAssembly (192ms)
		BeginReloadAssembly (114ms)
			ExecutionOrderSort (0ms)
			DisableScriptedObjects (5ms)
			BackupInstance (0ms)
			ReleaseScriptingObjects (0ms)
			CreateAndSetChildDomain (19ms)
		LoadAllAssembliesAndSetupDomain (560ms)
			LoadAssemblies (257ms)
			RebuildTransferFunctionScriptingTraits (0ms)
			SetupTypeCache (356ms)
				TypeCache.Initialize (318ms)
					TypeCache.ScanAssembly (314ms)
				ResolveRequiredComponents (13ms)
		FinalizeReload (0ms)
			ReleaseScriptCaches (0ms)
			RebuildScriptCaches (0ms)
			SetupLoadedEditorAssemblies (438ms)
				LogAssemblyErrors (0ms)
				InitializePlatformSupportModulesInManaged (5ms)
				SetLoadedEditorAssemblies (4ms)
				RefreshPlugins (0ms)
				BeforeProcessingInitializeOnLoad (73ms)
				ProcessInitializeOnLoadAttributes (271ms)
				ProcessInitializeOnLoadMethodAttributes (76ms)
				AfterProcessingInitializeOnLoad (7ms)
				EditorAssembliesLoaded (0ms)
			ExecutionOrderSort2 (0ms)
			AwakeInstancesAfterBackupRestoration (6ms)
Launched and connected shader compiler UnityShaderCompiler.exe after 0.16 seconds
Refreshing native plugins compatible for Editor in 3.33 ms, found 3 plugins.
Preloading 0 native plugins for Editor in 0.00 ms.
Unloading 6013 Unused Serialized files (Serialized files now loaded: 0)
Unloading 73 unused Assets / (1.1 MB). Loaded Objects now: 6472.
Memory consumption went from 242.9 MB to 241.8 MB.
Total: 3.719400 ms (FindLiveObjects: 0.438800 ms CreateObjectMapping: 0.437800 ms MarkObjects: 2.556700 ms  DeleteObjects: 0.285400 ms)

AssetImportParameters requested are different than current active one (requested -> active):
  custom:container-demuxer-ogg: 62fdf1f143b41e24485cea50d1cbac27 -> 
  custom:video-decoder-ogg-theora: a1e56fd34408186e4bbccfd4996cb3dc -> 
  custom:framework-win-MediaFoundation: 216162199b28c13a410421893ffa2e32 -> 
  custom:container-demuxer-webm: 4f35f7cbe854078d1ac9338744f61a02 -> 
  custom:container-muxer-webm: aa71ff27fc2769a1b78a27578f13a17b -> 
  custom:video-decoder-webm-vp8: 9c59270c3fd7afecdb556c50c9e8de78 -> 
  custom:AudioImporter_EditorPlatform: d09bf68614088b80899f8185d706f6e7 -> 
  custom:video-encoder-webm-vp8: eb34c28f22e8b96e1ab97ce403110664 -> 
  custom:audio-decoder-ogg-vorbis: bf7c407c2cedff20999df2af8eb42d56 -> 
  custom:audio-encoder-webm-vorbis: bf7c407c2cedff20999df2af8eb42d56 -> 
========================================================================
Received Prepare
Begin MonoManager ReloadAssembly
Symbol file LoadedFromMemory doesn't match image D:\Unity\POP\Power_of_Personality\Library\PackageCache\com.unity.visualscripting@1.8.0\Editor\VisualScripting.Core\Dependencies\YamlDotNet\Unity.VisualScripting.YamlDotNet.dll
Symbol file LoadedFromMemory doesn't match image D:\Unity\POP\Power_of_Personality\Library\PackageCache\com.unity.visualscripting@1.8.0\Editor\VisualScripting.Core\Dependencies\DotNetZip\Unity.VisualScripting.IonicZip.dll
- Loaded All Assemblies, in  0.803 seconds
Refreshing native plugins compatible for Editor in 3.68 ms, found 3 plugins.
Native extension for WindowsStandalone target not found
Mono: successfully reloaded assembly
- Finished resetting the current domain, in  1.086 seconds
Domain Reload Profiling:
	ReloadAssembly (217ms)
		BeginReloadAssembly (142ms)
			ExecutionOrderSort (0ms)
			DisableScriptedObjects (5ms)
			BackupInstance (0ms)
			ReleaseScriptingObjects (0ms)
			CreateAndSetChildDomain (43ms)
		LoadAllAssembliesAndSetupDomain (583ms)
			LoadAssemblies (271ms)
			RebuildTransferFunctionScriptingTraits (0ms)
			SetupTypeCache (370ms)
				TypeCache.Initialize (357ms)
					TypeCache.ScanAssembly (349ms)
				ResolveRequiredComponents (14ms)
		FinalizeReload (0ms)
			ReleaseScriptCaches (0ms)
			RebuildScriptCaches (0ms)
			SetupLoadedEditorAssemblies (494ms)
				LogAssemblyErrors (0ms)
				InitializePlatformSupportModulesInManaged (6ms)
				SetLoadedEditorAssemblies (5ms)
				RefreshPlugins (0ms)
				BeforeProcessingInitializeOnLoad (78ms)
				ProcessInitializeOnLoadAttributes (300ms)
				ProcessInitializeOnLoadMethodAttributes (96ms)
				AfterProcessingInitializeOnLoad (9ms)
				EditorAssembliesLoaded (0ms)
			ExecutionOrderSort2 (0ms)
			AwakeInstancesAfterBackupRestoration (13ms)
Refreshing native plugins compatible for Editor in 4.59 ms, found 3 plugins.
Preloading 0 native plugins for Editor in 0.00 ms.
Unloading 5799 Unused Serialized files (Serialized files now loaded: 0)
Unloading 46 unused Assets / (1.1 MB). Loaded Objects now: 6477.
Memory consumption went from 200.3 MB to 199.3 MB.
Total: 4.293700 ms (FindLiveObjects: 0.507400 ms CreateObjectMapping: 0.820100 ms MarkObjects: 2.727800 ms  DeleteObjects: 0.237700 ms)

Prepare: number of updated asset objects reloaded= 0
AssetImportParameters requested are different than current active one (requested -> active):
  custom:container-demuxer-ogg: 62fdf1f143b41e24485cea50d1cbac27 -> 
  custom:video-decoder-ogg-theora: a1e56fd34408186e4bbccfd4996cb3dc -> 
  custom:framework-win-MediaFoundation: 216162199b28c13a410421893ffa2e32 -> 
  custom:container-demuxer-webm: 4f35f7cbe854078d1ac9338744f61a02 -> 
  custom:container-muxer-webm: aa71ff27fc2769a1b78a27578f13a17b -> 
  custom:video-decoder-webm-vp8: 9c59270c3fd7afecdb556c50c9e8de78 -> 
  custom:AudioImporter_EditorPlatform: d09bf68614088b80899f8185d706f6e7 -> 
  custom:video-encoder-webm-vp8: eb34c28f22e8b96e1ab97ce403110664 -> 
  custom:audio-decoder-ogg-vorbis: bf7c407c2cedff20999df2af8eb42d56 -> 
  custom:audio-encoder-webm-vorbis: bf7c407c2cedff20999df2af8eb42d56 -> 
========================================================================
Received Prepare
Begin MonoManager ReloadAssembly
Symbol file LoadedFromMemory doesn't match image D:\Unity\POP\Power_of_Personality\Library\PackageCache\com.unity.visualscripting@1.8.0\Editor\VisualScripting.Core\Dependencies\YamlDotNet\Unity.VisualScripting.YamlDotNet.dll
Symbol file LoadedFromMemory doesn't match image D:\Unity\POP\Power_of_Personality\Library\PackageCache\com.unity.visualscripting@1.8.0\Editor\VisualScripting.Core\Dependencies\DotNetZip\Unity.VisualScripting.IonicZip.dll
- Loaded All Assemblies, in  0.742 seconds
Refreshing native plugins compatible for Editor in 3.36 ms, found 3 plugins.
Native extension for WindowsStandalone target not found
Mono: successfully reloaded assembly
- Finished resetting the current domain, in  1.019 seconds
Domain Reload Profiling:
	ReloadAssembly (205ms)
		BeginReloadAssembly (135ms)
			ExecutionOrderSort (0ms)
			DisableScriptedObjects (4ms)
			BackupInstance (0ms)
			ReleaseScriptingObjects (0ms)
			CreateAndSetChildDomain (42ms)
		LoadAllAssembliesAndSetupDomain (534ms)
			LoadAssemblies (256ms)
			RebuildTransferFunctionScriptingTraits (0ms)
			SetupTypeCache (332ms)
				TypeCache.Initialize (313ms)
					TypeCache.ScanAssembly (304ms)
				ResolveRequiredComponents (19ms)
		FinalizeReload (0ms)
			ReleaseScriptCaches (0ms)
			RebuildScriptCaches (0ms)
			SetupLoadedEditorAssemblies (463ms)
				LogAssemblyErrors (0ms)
				InitializePlatformSupportModulesInManaged (5ms)
				SetLoadedEditorAssemblies (5ms)
				RefreshPlugins (0ms)
				BeforeProcessingInitializeOnLoad (75ms)
				ProcessInitializeOnLoadAttributes (280ms)
				ProcessInitializeOnLoadMethodAttributes (89ms)
				AfterProcessingInitializeOnLoad (9ms)
				EditorAssembliesLoaded (0ms)
			ExecutionOrderSort2 (0ms)
			AwakeInstancesAfterBackupRestoration (10ms)
Refreshing native plugins compatible for Editor in 4.18 ms, found 3 plugins.
Preloading 0 native plugins for Editor in 0.00 ms.
Unloading 5799 Unused Serialized files (Serialized files now loaded: 0)
Unloading 46 unused Assets / (1.1 MB). Loaded Objects now: 6482.
Memory consumption went from 200.3 MB to 199.3 MB.
Total: 3.895200 ms (FindLiveObjects: 0.556600 ms CreateObjectMapping: 0.669000 ms MarkObjects: 2.406700 ms  DeleteObjects: 0.262400 ms)

Prepare: number of updated asset objects reloaded= 0
AssetImportParameters requested are different than current active one (requested -> active):
  custom:container-demuxer-ogg: 62fdf1f143b41e24485cea50d1cbac27 -> 
  custom:video-decoder-ogg-theora: a1e56fd34408186e4bbccfd4996cb3dc -> 
  custom:framework-win-MediaFoundation: 216162199b28c13a410421893ffa2e32 -> 
  custom:container-demuxer-webm: 4f35f7cbe854078d1ac9338744f61a02 -> 
  custom:container-muxer-webm: aa71ff27fc2769a1b78a27578f13a17b -> 
  custom:video-decoder-webm-vp8: 9c59270c3fd7afecdb556c50c9e8de78 -> 
  custom:AudioImporter_EditorPlatform: d09bf68614088b80899f8185d706f6e7 -> 
  custom:video-encoder-webm-vp8: eb34c28f22e8b96e1ab97ce403110664 -> 
  custom:audio-decoder-ogg-vorbis: bf7c407c2cedff20999df2af8eb42d56 -> 
  custom:audio-encoder-webm-vorbis: bf7c407c2cedff20999df2af8eb42d56 -> 
========================================================================
Received Import Request.
  Time since last request: 17850.594481 seconds.
  path: Assets/Resources/Effects/Effect_Archer/CommonAttack_Fire1_Archer.prefab
  artifactKey: Guid(9cca9244d389ed44c988371d14ea2c9b) Importer(815301076,1909f56bfc062723c751e8b465ee728b)
Start importing Assets/Resources/Effects/Effect_Archer/CommonAttack_Fire1_Archer.prefab using Guid(9cca9244d389ed44c988371d14ea2c9b) Importer(815301076,1909f56bfc062723c751e8b465ee728b)  -> (artifact id: '1108c811280ad0b6a3ab80d9478e8428') in 0.339474 seconds
Number of updated asset objects reloaded before import = 0
Number of asset objects unloaded after import = 127
========================================================================
Received Import Request.
  Time since last request: 0.000033 seconds.
  path: Assets/Resources/Effects/Effect_Archer/SkillEffect_Smoke_Archer.prefab
  artifactKey: Guid(1e9453d73125c794bbbef9a106a1d47a) Importer(815301076,1909f56bfc062723c751e8b465ee728b)
Start importing Assets/Resources/Effects/Effect_Archer/SkillEffect_Smoke_Archer.prefab using Guid(1e9453d73125c794bbbef9a106a1d47a) Importer(815301076,1909f56bfc062723c751e8b465ee728b)  -> (artifact id: '15bef46ed038b772a59f4005821e6a21') in 0.014242 seconds
Number of updated asset objects reloaded before import = 0
Number of asset objects unloaded after import = 9
========================================================================
Received Import Request.
  Time since last request: 0.000038 seconds.
  path: Assets/Resources/Effects/Effect_Archer/CommonAttack_Ice2_Archer.prefab
  artifactKey: Guid(2c05a3aee22500a49bb2e8ca6ac86030) Importer(815301076,1909f56bfc062723c751e8b465ee728b)
Start importing Assets/Resources/Effects/Effect_Archer/CommonAttack_Ice2_Archer.prefab using Guid(2c05a3aee22500a49bb2e8ca6ac86030) Importer(815301076,1909f56bfc062723c751e8b465ee728b)  -> (artifact id: 'b42cb4270212bcb98f6358a1dfccf538') in 0.020667 seconds
Number of updated asset objects reloaded before import = 0
Number of asset objects unloaded after import = 51
========================================================================
Received Import Request.
  Time since last request: 2.394427 seconds.
  path: Assets/DownloadAssets/100Effects/EffectsSet_2(ScriptBased)/Materials/Effect_41_Materials/Effect_41_Particle_2.mat
  artifactKey: Guid(b8748258a1a5af048bbb2fd0ef8b8786) Importer(815301076,1909f56bfc062723c751e8b465ee728b)
Start importing Assets/DownloadAssets/100Effects/EffectsSet_2(ScriptBased)/Materials/Effect_41_Materials/Effect_41_Particle_2.mat using Guid(b8748258a1a5af048bbb2fd0ef8b8786) Importer(815301076,1909f56bfc062723c751e8b465ee728b)  -> (artifact id: '1268d95d152b3db89a8c3c5e998a354c') in 0.038456 seconds
Number of updated asset objects reloaded before import = 0
Number of asset objects unloaded after import = 2
========================================================================
Received Import Request.
  Time since last request: 8.345792 seconds.
  path: Assets/Resources/Effects/Effect_Archer/SkillEffect_IceQ_Archer.prefab
  artifactKey: Guid(926da2a89577a984285c71451520c7d4) Importer(815301076,1909f56bfc062723c751e8b465ee728b)
Start importing Assets/Resources/Effects/Effect_Archer/SkillEffect_IceQ_Archer.prefab using Guid(926da2a89577a984285c71451520c7d4) Importer(815301076,1909f56bfc062723c751e8b465ee728b)  -> (artifact id: '2c0054b04933f4a792a11416309333ad') in 0.020113 seconds
Number of updated asset objects reloaded before import = 0
Number of asset objects unloaded after import = 74
========================================================================
Received Import Request.
  Time since last request: 11.313603 seconds.
  path: Assets/Models/Mesh_Castle/Props/Barrel_01.fbx
  artifactKey: Guid(81c682dc95d5e034a9352f4a96a69772) Importer(815301076,1909f56bfc062723c751e8b465ee728b)
Start importing Assets/Models/Mesh_Castle/Props/Barrel_01.fbx using Guid(81c682dc95d5e034a9352f4a96a69772) Importer(815301076,1909f56bfc062723c751e8b465ee728b)  -> (artifact id: '4847888bbf81179fe5ab043af635a20e') in 0.029076 seconds
Number of updated asset objects reloaded before import = 0
Number of asset objects unloaded after import = 8
========================================================================
Received Import Request.
  Time since last request: 0.012423 seconds.
  path: Assets/Models/Mesh_Castle/Props/Barrel_03.fbx
  artifactKey: Guid(95be9f1034bf5f34d8934970beb461ae) Importer(815301076,1909f56bfc062723c751e8b465ee728b)
Start importing Assets/Models/Mesh_Castle/Props/Barrel_03.fbx using Guid(95be9f1034bf5f34d8934970beb461ae) Importer(815301076,1909f56bfc062723c751e8b465ee728b)  -> (artifact id: '35ca8eb4b3f6634289230549f210a849') in 0.016337 seconds
Number of updated asset objects reloaded before import = 0
Number of asset objects unloaded after import = 8
========================================================================
Received Import Request.
  Time since last request: 1.856682 seconds.
  path: Assets/Resources/Effects/Effect_Archer/SkillEffect_IceQ_Archer.prefab
  artifactKey: Guid(926da2a89577a984285c71451520c7d4) Importer(815301076,1909f56bfc062723c751e8b465ee728b)
Start importing Assets/Resources/Effects/Effect_Archer/SkillEffect_IceQ_Archer.prefab using Guid(926da2a89577a984285c71451520c7d4) Importer(815301076,1909f56bfc062723c751e8b465ee728b)  -> (artifact id: '0ca3a2a721bc1d92edb1a17db6a8e14d') in 0.016622 seconds
Number of updated asset objects reloaded before import = 0
Number of asset objects unloaded after import = 75
========================================================================
Received Import Request.
  Time since last request: 5.427600 seconds.
  path: Assets/Animations/Anim_Monster/Bat/Bat.FBX
  artifactKey: Guid(85386dadcf0f30f4c9924ed5b22bcf1f) Importer(815301076,1909f56bfc062723c751e8b465ee728b)
Start importing Assets/Animations/Anim_Monster/Bat/Bat.FBX using Guid(85386dadcf0f30f4c9924ed5b22bcf1f) Importer(815301076,1909f56bfc062723c751e8b465ee728b)  -> (artifact id: '13914965fa9b3b0da1118195a699643f') in 0.219273 seconds
Number of updated asset objects reloaded before import = 0
Number of asset objects unloaded after import = 45
========================================================================
Received Import Request.
  Time since last request: 0.000022 seconds.
  path: Assets/Animations/Anim_Monster/Worm/Toon Queen Worm@Move Right In Place.FBX
  artifactKey: Guid(dc557cfe174d36243b20442641a5f5fb) Importer(815301076,1909f56bfc062723c751e8b465ee728b)
Start importing Assets/Animations/Anim_Monster/Worm/Toon Queen Worm@Move Right In Place.FBX using Guid(dc557cfe174d36243b20442641a5f5fb) Importer(815301076,1909f56bfc062723c751e8b465ee728b)  -> (artifact id: '5b4065d2e513f8a8cd07d36f0a2afad9') in 0.091439 seconds
Number of updated asset objects reloaded before import = 0
Number of asset objects unloaded after import = 97
========================================================================
Received Import Request.
  Time since last request: 2.648963 seconds.
  path: Assets/Resources/Effects/Effect_Archer/SkillEffect_IceQ_Archer.prefab
  artifactKey: Guid(926da2a89577a984285c71451520c7d4) Importer(815301076,1909f56bfc062723c751e8b465ee728b)
Start importing Assets/Resources/Effects/Effect_Archer/SkillEffect_IceQ_Archer.prefab using Guid(926da2a89577a984285c71451520c7d4) Importer(815301076,1909f56bfc062723c751e8b465ee728b)  -> (artifact id: '9406e1ca6a7cb4b8f475046175634cf1') in 0.022193 seconds
Number of updated asset objects reloaded before import = 0
Number of asset objects unloaded after import = 75
========================================================================
Received Import Request.
  Time since last request: 6.735780 seconds.
  path: Assets/Resources/Effects/Effect_Archer/SkillEffect_IceQ_Archer.prefab
  artifactKey: Guid(926da2a89577a984285c71451520c7d4) Importer(815301076,1909f56bfc062723c751e8b465ee728b)
Start importing Assets/Resources/Effects/Effect_Archer/SkillEffect_IceQ_Archer.prefab using Guid(926da2a89577a984285c71451520c7d4) Importer(815301076,1909f56bfc062723c751e8b465ee728b)  -> (artifact id: 'c7c3627015d1776415ab6db60c5d09f2') in 0.016964 seconds
Number of updated asset objects reloaded before import = 0
Number of asset objects unloaded after import = 75
========================================================================
Received Import Request.
  Time since last request: 6.048642 seconds.
  path: Assets/Resources/Effects/Effect_Archer/SkillEffect_IceQ_Archer.prefab
  artifactKey: Guid(926da2a89577a984285c71451520c7d4) Importer(815301076,1909f56bfc062723c751e8b465ee728b)
Start importing Assets/Resources/Effects/Effect_Archer/SkillEffect_IceQ_Archer.prefab using Guid(926da2a89577a984285c71451520c7d4) Importer(815301076,1909f56bfc062723c751e8b465ee728b)  -> (artifact id: '2467f7274303894e9c991f9da3ff0d4f') in 0.018200 seconds
Number of updated asset objects reloaded before import = 0
Number of asset objects unloaded after import = 75
========================================================================
Received Prepare
Begin MonoManager ReloadAssembly
Symbol file LoadedFromMemory doesn't match image D:\Unity\POP\Power_of_Personality\Library\PackageCache\com.unity.visualscripting@1.8.0\Editor\VisualScripting.Core\Dependencies\YamlDotNet\Unity.VisualScripting.YamlDotNet.dll
Symbol file LoadedFromMemory doesn't match image D:\Unity\POP\Power_of_Personality\Library\PackageCache\com.unity.visualscripting@1.8.0\Editor\VisualScripting.Core\Dependencies\DotNetZip\Unity.VisualScripting.IonicZip.dll
- Loaded All Assemblies, in  0.864 seconds
Refreshing native plugins compatible for Editor in 5.19 ms, found 3 plugins.
Native extension for WindowsStandalone target not found
Mono: successfully reloaded assembly
- Finished resetting the current domain, in  1.116 seconds
Domain Reload Profiling:
	ReloadAssembly (263ms)
		BeginReloadAssembly (179ms)
			ExecutionOrderSort (0ms)
			DisableScriptedObjects (9ms)
			BackupInstance (0ms)
			ReleaseScriptingObjects (0ms)
			CreateAndSetChildDomain (60ms)
		LoadAllAssembliesAndSetupDomain (598ms)
			LoadAssemblies (288ms)
			RebuildTransferFunctionScriptingTraits (0ms)
			SetupTypeCache (374ms)
				TypeCache.Initialize (358ms)
					TypeCache.ScanAssembly (351ms)
				ResolveRequiredComponents (16ms)
		FinalizeReload (0ms)
			ReleaseScriptCaches (0ms)
			RebuildScriptCaches (0ms)
			SetupLoadedEditorAssemblies (498ms)
				LogAssemblyErrors (0ms)
				InitializePlatformSupportModulesInManaged (6ms)
				SetLoadedEditorAssemblies (5ms)
				RefreshPlugins (0ms)
				BeforeProcessingInitializeOnLoad (79ms)
				ProcessInitializeOnLoadAttributes (302ms)
				ProcessInitializeOnLoadMethodAttributes (98ms)
				AfterProcessingInitializeOnLoad (8ms)
				EditorAssembliesLoaded (0ms)
			ExecutionOrderSort2 (0ms)
			AwakeInstancesAfterBackupRestoration (17ms)
Refreshing native plugins compatible for Editor in 4.57 ms, found 3 plugins.
Preloading 0 native plugins for Editor in 0.00 ms.
Unloading 5799 Unused Serialized files (Serialized files now loaded: 0)
Unloading 46 unused Assets / (1.1 MB). Loaded Objects now: 6572.
Memory consumption went from 207.2 MB to 206.2 MB.
Total: 4.393800 ms (FindLiveObjects: 0.745800 ms CreateObjectMapping: 0.621800 ms MarkObjects: 2.768800 ms  DeleteObjects: 0.256400 ms)

Prepare: number of updated asset objects reloaded= 0
AssetImportParameters requested are different than current active one (requested -> active):
  custom:container-demuxer-ogg: 62fdf1f143b41e24485cea50d1cbac27 -> 
  custom:video-decoder-ogg-theora: a1e56fd34408186e4bbccfd4996cb3dc -> 
  custom:framework-win-MediaFoundation: 216162199b28c13a410421893ffa2e32 -> 
  custom:container-demuxer-webm: 4f35f7cbe854078d1ac9338744f61a02 -> 
  custom:container-muxer-webm: aa71ff27fc2769a1b78a27578f13a17b -> 
  custom:video-decoder-webm-vp8: 9c59270c3fd7afecdb556c50c9e8de78 -> 
  custom:AudioImporter_EditorPlatform: d09bf68614088b80899f8185d706f6e7 -> 
  custom:video-encoder-webm-vp8: eb34c28f22e8b96e1ab97ce403110664 -> 
  custom:audio-decoder-ogg-vorbis: bf7c407c2cedff20999df2af8eb42d56 -> 
  custom:audio-encoder-webm-vorbis: bf7c407c2cedff20999df2af8eb42d56 -> 
========================================================================
Received Prepare
Begin MonoManager ReloadAssembly
Symbol file LoadedFromMemory doesn't match image D:\Unity\POP\Power_of_Personality\Library\PackageCache\com.unity.visualscripting@1.8.0\Editor\VisualScripting.Core\Dependencies\YamlDotNet\Unity.VisualScripting.YamlDotNet.dll
Symbol file LoadedFromMemory doesn't match image D:\Unity\POP\Power_of_Personality\Library\PackageCache\com.unity.visualscripting@1.8.0\Editor\VisualScripting.Core\Dependencies\DotNetZip\Unity.VisualScripting.IonicZip.dll
- Loaded All Assemblies, in  0.841 seconds
Refreshing native plugins compatible for Editor in 3.18 ms, found 3 plugins.
Native extension for WindowsStandalone target not found
Mono: successfully reloaded assembly
- Finished resetting the current domain, in  1.124 seconds
Domain Reload Profiling:
	ReloadAssembly (238ms)
		BeginReloadAssembly (151ms)
			ExecutionOrderSort (0ms)
			DisableScriptedObjects (5ms)
			BackupInstance (0ms)
			ReleaseScriptingObjects (0ms)
			CreateAndSetChildDomain (48ms)
		LoadAllAssembliesAndSetupDomain (599ms)
			LoadAssemblies (299ms)
			RebuildTransferFunctionScriptingTraits (0ms)
			SetupTypeCache (361ms)
				TypeCache.Initialize (347ms)
					TypeCache.ScanAssembly (339ms)
				ResolveRequiredComponents (14ms)
		FinalizeReload (0ms)
			ReleaseScriptCaches (0ms)
			RebuildScriptCaches (0ms)
			SetupLoadedEditorAssemblies (511ms)
				LogAssemblyErrors (0ms)
				InitializePlatformSupportModulesInManaged (6ms)
				SetLoadedEditorAssemblies (5ms)
				RefreshPlugins (0ms)
				BeforeProcessingInitializeOnLoad (84ms)
				ProcessInitializeOnLoadAttributes (309ms)
				ProcessInitializeOnLoadMethodAttributes (100ms)
				AfterProcessingInitializeOnLoad (8ms)
				EditorAssembliesLoaded (0ms)
			ExecutionOrderSort2 (0ms)
			AwakeInstancesAfterBackupRestoration (15ms)
Refreshing native plugins compatible for Editor in 5.13 ms, found 3 plugins.
Preloading 0 native plugins for Editor in 0.00 ms.
Unloading 5799 Unused Serialized files (Serialized files now loaded: 0)
Unloading 46 unused Assets / (1.1 MB). Loaded Objects now: 6577.
Memory consumption went from 207.1 MB to 206.1 MB.
Total: 5.526400 ms (FindLiveObjects: 0.912000 ms CreateObjectMapping: 1.011700 ms MarkObjects: 3.346100 ms  DeleteObjects: 0.255500 ms)

Prepare: number of updated asset objects reloaded= 0
AssetImportParameters requested are different than current active one (requested -> active):
  custom:container-demuxer-ogg: 62fdf1f143b41e24485cea50d1cbac27 -> 
  custom:video-decoder-ogg-theora: a1e56fd34408186e4bbccfd4996cb3dc -> 
  custom:framework-win-MediaFoundation: 216162199b28c13a410421893ffa2e32 -> 
  custom:container-demuxer-webm: 4f35f7cbe854078d1ac9338744f61a02 -> 
  custom:container-muxer-webm: aa71ff27fc2769a1b78a27578f13a17b -> 
  custom:video-decoder-webm-vp8: 9c59270c3fd7afecdb556c50c9e8de78 -> 
  custom:AudioImporter_EditorPlatform: d09bf68614088b80899f8185d706f6e7 -> 
  custom:video-encoder-webm-vp8: eb34c28f22e8b96e1ab97ce403110664 -> 
  custom:audio-decoder-ogg-vorbis: bf7c407c2cedff20999df2af8eb42d56 -> 
  custom:audio-encoder-webm-vorbis: bf7c407c2cedff20999df2af8eb42d56 -> 
========================================================================
Received Import Request.
  Time since last request: 47.573988 seconds.
  path: Assets/Models/Mesh_Effect/Mesh_100Effects/Donut_Mesh.fbx
  artifactKey: Guid(ea6b37053ddaf22439e09257929bd5eb) Importer(815301076,1909f56bfc062723c751e8b465ee728b)
Start importing Assets/Models/Mesh_Effect/Mesh_100Effects/Donut_Mesh.fbx using Guid(ea6b37053ddaf22439e09257929bd5eb) Importer(815301076,1909f56bfc062723c751e8b465ee728b)  -> (artifact id: 'ee834b843782dd8c8c7a402466afb511') in 0.255645 seconds
Number of updated asset objects reloaded before import = 0
Number of asset objects unloaded after import = 28
========================================================================
Received Import Request.
  Time since last request: 11.746253 seconds.
  path: Assets/Resources/Effects/Effect_Archer/SkillEffect_IceQ_Archer.prefab
  artifactKey: Guid(926da2a89577a984285c71451520c7d4) Importer(815301076,1909f56bfc062723c751e8b465ee728b)
Start importing Assets/Resources/Effects/Effect_Archer/SkillEffect_IceQ_Archer.prefab using Guid(926da2a89577a984285c71451520c7d4) Importer(815301076,1909f56bfc062723c751e8b465ee728b)  -> (artifact id: 'c1f028215248677f09fe748fc54b16aa') in 0.039555 seconds
Number of updated asset objects reloaded before import = 0
Number of asset objects unloaded after import = 75
========================================================================
Received Import Request.
  Time since last request: 1.041255 seconds.
  path: Assets/Resources/Effects/Effect_Archer/SkillEffect_IceQ_Archer.prefab
  artifactKey: Guid(926da2a89577a984285c71451520c7d4) Importer(815301076,1909f56bfc062723c751e8b465ee728b)
Start importing Assets/Resources/Effects/Effect_Archer/SkillEffect_IceQ_Archer.prefab using Guid(926da2a89577a984285c71451520c7d4) Importer(815301076,1909f56bfc062723c751e8b465ee728b)  -> (artifact id: '8956a33c60855cf1baa3968c192ba70b') in 0.018713 seconds
Number of updated asset objects reloaded before import = 0
Number of asset objects unloaded after import = 75
========================================================================
Received Import Request.
  Time since last request: 22.490287 seconds.
  path: Assets/Resources/Effects/Effect_Archer/SkillEffect_IceQ_Archer.prefab
  artifactKey: Guid(926da2a89577a984285c71451520c7d4) Importer(815301076,1909f56bfc062723c751e8b465ee728b)
Start importing Assets/Resources/Effects/Effect_Archer/SkillEffect_IceQ_Archer.prefab using Guid(926da2a89577a984285c71451520c7d4) Importer(815301076,1909f56bfc062723c751e8b465ee728b)  -> (artifact id: '04f4c77cf301254e9f4b8f2864a140ec') in 0.029371 seconds
Number of updated asset objects reloaded before import = 0
Number of asset objects unloaded after import = 75
========================================================================
Received Prepare
Begin MonoManager ReloadAssembly
Symbol file LoadedFromMemory doesn't match image D:\Unity\POP\Power_of_Personality\Library\PackageCache\com.unity.visualscripting@1.8.0\Editor\VisualScripting.Core\Dependencies\YamlDotNet\Unity.VisualScripting.YamlDotNet.dll
Symbol file LoadedFromMemory doesn't match image D:\Unity\POP\Power_of_Personality\Library\PackageCache\com.unity.visualscripting@1.8.0\Editor\VisualScripting.Core\Dependencies\DotNetZip\Unity.VisualScripting.IonicZip.dll
- Loaded All Assemblies, in  0.774 seconds
Refreshing native plugins compatible for Editor in 3.13 ms, found 3 plugins.
Native extension for WindowsStandalone target not found
Mono: successfully reloaded assembly
- Finished resetting the current domain, in  1.059 seconds
Domain Reload Profiling:
	ReloadAssembly (228ms)
		BeginReloadAssembly (152ms)
			ExecutionOrderSort (0ms)
			DisableScriptedObjects (9ms)
			BackupInstance (0ms)
			ReleaseScriptingObjects (0ms)
			CreateAndSetChildDomain (48ms)
		LoadAllAssembliesAndSetupDomain (543ms)
			LoadAssemblies (263ms)
			RebuildTransferFunctionScriptingTraits (0ms)
			SetupTypeCache (339ms)
				TypeCache.Initialize (326ms)
					TypeCache.ScanAssembly (319ms)
				ResolveRequiredComponents (13ms)
		FinalizeReload (0ms)
			ReleaseScriptCaches (0ms)
			RebuildScriptCaches (0ms)
			SetupLoadedEditorAssemblies (480ms)
				LogAssemblyErrors (0ms)
				InitializePlatformSupportModulesInManaged (6ms)
				SetLoadedEditorAssemblies (4ms)
				RefreshPlugins (0ms)
				BeforeProcessingInitializeOnLoad (80ms)
				ProcessInitializeOnLoadAttributes (289ms)
				ProcessInitializeOnLoadMethodAttributes (94ms)
				AfterProcessingInitializeOnLoad (7ms)
				EditorAssembliesLoaded (0ms)
			ExecutionOrderSort2 (0ms)
			AwakeInstancesAfterBackupRestoration (14ms)
Refreshing native plugins compatible for Editor in 3.32 ms, found 3 plugins.
Preloading 0 native plugins for Editor in 0.00 ms.
Unloading 5799 Unused Serialized files (Serialized files now loaded: 0)
Unloading 46 unused Assets / (1.1 MB). Loaded Objects now: 6620.
Memory consumption went from 207.3 MB to 206.2 MB.
Total: 4.086300 ms (FindLiveObjects: 0.687700 ms CreateObjectMapping: 0.598700 ms MarkObjects: 2.524000 ms  DeleteObjects: 0.275200 ms)

Prepare: number of updated asset objects reloaded= 0
AssetImportParameters requested are different than current active one (requested -> active):
  custom:container-demuxer-ogg: 62fdf1f143b41e24485cea50d1cbac27 -> 
  custom:video-decoder-ogg-theora: a1e56fd34408186e4bbccfd4996cb3dc -> 
  custom:framework-win-MediaFoundation: 216162199b28c13a410421893ffa2e32 -> 
  custom:container-demuxer-webm: 4f35f7cbe854078d1ac9338744f61a02 -> 
  custom:container-muxer-webm: aa71ff27fc2769a1b78a27578f13a17b -> 
  custom:video-decoder-webm-vp8: 9c59270c3fd7afecdb556c50c9e8de78 -> 
  custom:AudioImporter_EditorPlatform: d09bf68614088b80899f8185d706f6e7 -> 
  custom:video-encoder-webm-vp8: eb34c28f22e8b96e1ab97ce403110664 -> 
  custom:audio-decoder-ogg-vorbis: bf7c407c2cedff20999df2af8eb42d56 -> 
  custom:audio-encoder-webm-vorbis: bf7c407c2cedff20999df2af8eb42d56 -> 
========================================================================
Received Import Request.
  Time since last request: 53.841496 seconds.
  path: Assets/Resources/Effects/Effect_Archer/SkillEffect_FireQ_Archer.prefab
  artifactKey: Guid(0edd814ba6b67e24887e1ee5471102ea) Importer(815301076,1909f56bfc062723c751e8b465ee728b)
Start importing Assets/Resources/Effects/Effect_Archer/SkillEffect_FireQ_Archer.prefab using Guid(0edd814ba6b67e24887e1ee5471102ea) Importer(815301076,1909f56bfc062723c751e8b465ee728b)  -> (artifact id: 'f7b38075c1504ce584424285d94490da') in 0.234685 seconds
Number of updated asset objects reloaded before import = 0
Number of asset objects unloaded after import = 90
========================================================================
Received Import Request.
  Time since last request: 5.762585 seconds.
  path: Assets/Resources/Effects/Effect_Archer/SkillEffect_FireQ_Archer.prefab
  artifactKey: Guid(0edd814ba6b67e24887e1ee5471102ea) Importer(815301076,1909f56bfc062723c751e8b465ee728b)
Start importing Assets/Resources/Effects/Effect_Archer/SkillEffect_FireQ_Archer.prefab using Guid(0edd814ba6b67e24887e1ee5471102ea) Importer(815301076,1909f56bfc062723c751e8b465ee728b)  -> (artifact id: 'd698c92937f630831fedd06fa8ac7fa5') in 0.019430 seconds
Number of updated asset objects reloaded before import = 0
Number of asset objects unloaded after import = 71
========================================================================
Received Import Request.
  Time since last request: 0.762983 seconds.
  path: Assets/Resources/Effects/Effect_Archer/SkillEffect_FireQ_Archer.prefab
  artifactKey: Guid(0edd814ba6b67e24887e1ee5471102ea) Importer(815301076,1909f56bfc062723c751e8b465ee728b)
Start importing Assets/Resources/Effects/Effect_Archer/SkillEffect_FireQ_Archer.prefab using Guid(0edd814ba6b67e24887e1ee5471102ea) Importer(815301076,1909f56bfc062723c751e8b465ee728b)  -> (artifact id: '32330245fbe08f029d623a80b00fe7f8') in 0.019119 seconds
Number of updated asset objects reloaded before import = 0
Number of asset objects unloaded after import = 71
========================================================================
Received Import Request.
  Time since last request: 0.591077 seconds.
  path: Assets/Resources/Effects/Effect_Archer/SkillEffect_FireQ_Archer.prefab
  artifactKey: Guid(0edd814ba6b67e24887e1ee5471102ea) Importer(815301076,1909f56bfc062723c751e8b465ee728b)
Start importing Assets/Resources/Effects/Effect_Archer/SkillEffect_FireQ_Archer.prefab using Guid(0edd814ba6b67e24887e1ee5471102ea) Importer(815301076,1909f56bfc062723c751e8b465ee728b)  -> (artifact id: 'fb9ce30dbc24b94c0cd81c1a54311aa0') in 0.019109 seconds
Number of updated asset objects reloaded before import = 0
Number of asset objects unloaded after import = 71
========================================================================
Received Import Request.
  Time since last request: 4.523974 seconds.
  path: Assets/Resources/Effects/Effect_Archer/SkillEffect_FireQ_Archer.prefab
  artifactKey: Guid(0edd814ba6b67e24887e1ee5471102ea) Importer(815301076,1909f56bfc062723c751e8b465ee728b)
Start importing Assets/Resources/Effects/Effect_Archer/SkillEffect_FireQ_Archer.prefab using Guid(0edd814ba6b67e24887e1ee5471102ea) Importer(815301076,1909f56bfc062723c751e8b465ee728b)  -> (artifact id: 'b09a3a8e2035d5b8befd29ad1c388343') in 0.019204 seconds
Number of updated asset objects reloaded before import = 0
Number of asset objects unloaded after import = 71
========================================================================
Received Import Request.
  Time since last request: 51.758742 seconds.
  path: Assets/Images/Materials/Material_Effect/Materials_Fire/SparkSphere.mat
  artifactKey: Guid(20e729147a4dad247abfc2305c3dd963) Importer(815301076,1909f56bfc062723c751e8b465ee728b)
Start importing Assets/Images/Materials/Material_Effect/Materials_Fire/SparkSphere.mat using Guid(20e729147a4dad247abfc2305c3dd963) Importer(815301076,1909f56bfc062723c751e8b465ee728b)  -> (artifact id: '76210ca8ef805e109c84ff74ae78d500') in 0.022344 seconds
Number of updated asset objects reloaded before import = 0
Number of asset objects unloaded after import = 4
========================================================================
Received Prepare
Begin MonoManager ReloadAssembly
Symbol file LoadedFromMemory doesn't match image D:\Unity\POP\Power_of_Personality\Library\PackageCache\com.unity.visualscripting@1.8.0\Editor\VisualScripting.Core\Dependencies\YamlDotNet\Unity.VisualScripting.YamlDotNet.dll
Symbol file LoadedFromMemory doesn't match image D:\Unity\POP\Power_of_Personality\Library\PackageCache\com.unity.visualscripting@1.8.0\Editor\VisualScripting.Core\Dependencies\DotNetZip\Unity.VisualScripting.IonicZip.dll
- Loaded All Assemblies, in  0.814 seconds
Refreshing native plugins compatible for Editor in 3.39 ms, found 3 plugins.
Native extension for WindowsStandalone target not found
Mono: successfully reloaded assembly
- Finished resetting the current domain, in  1.036 seconds
Domain Reload Profiling:
	ReloadAssembly (236ms)
		BeginReloadAssembly (162ms)
			ExecutionOrderSort (0ms)
			DisableScriptedObjects (10ms)
			BackupInstance (0ms)
			ReleaseScriptingObjects (0ms)
			CreateAndSetChildDomain (51ms)
		LoadAllAssembliesAndSetupDomain (575ms)
			LoadAssemblies (264ms)
			RebuildTransferFunctionScriptingTraits (0ms)
			SetupTypeCache (372ms)
				TypeCache.Initialize (356ms)
					TypeCache.ScanAssembly (346ms)
				ResolveRequiredComponents (16ms)
		FinalizeReload (0ms)
			ReleaseScriptCaches (0ms)
			RebuildScriptCaches (0ms)
			SetupLoadedEditorAssemblies (473ms)
				LogAssemblyErrors (0ms)
				InitializePlatformSupportModulesInManaged (6ms)
				SetLoadedEditorAssemblies (5ms)
				RefreshPlugins (0ms)
				BeforeProcessingInitializeOnLoad (83ms)
				ProcessInitializeOnLoadAttributes (282ms)
				ProcessInitializeOnLoadMethodAttributes (90ms)
				AfterProcessingInitializeOnLoad (7ms)
				EditorAssembliesLoaded (0ms)
			ExecutionOrderSort2 (0ms)
			AwakeInstancesAfterBackupRestoration (15ms)
Refreshing native plugins compatible for Editor in 3.90 ms, found 3 plugins.
Preloading 0 native plugins for Editor in 0.00 ms.
Unloading 5799 Unused Serialized files (Serialized files now loaded: 0)
Unloading 46 unused Assets / (1.1 MB). Loaded Objects now: 6663.
Memory consumption went from 207.3 MB to 206.3 MB.
Total: 3.409500 ms (FindLiveObjects: 0.482500 ms CreateObjectMapping: 0.509100 ms MarkObjects: 2.192500 ms  DeleteObjects: 0.224400 ms)

Prepare: number of updated asset objects reloaded= 0
AssetImportParameters requested are different than current active one (requested -> active):
  custom:container-demuxer-ogg: 62fdf1f143b41e24485cea50d1cbac27 -> 
  custom:video-decoder-ogg-theora: a1e56fd34408186e4bbccfd4996cb3dc -> 
  custom:framework-win-MediaFoundation: 216162199b28c13a410421893ffa2e32 -> 
  custom:container-demuxer-webm: 4f35f7cbe854078d1ac9338744f61a02 -> 
  custom:container-muxer-webm: aa71ff27fc2769a1b78a27578f13a17b -> 
  custom:video-decoder-webm-vp8: 9c59270c3fd7afecdb556c50c9e8de78 -> 
  custom:AudioImporter_EditorPlatform: d09bf68614088b80899f8185d706f6e7 -> 
  custom:video-encoder-webm-vp8: eb34c28f22e8b96e1ab97ce403110664 -> 
  custom:audio-decoder-ogg-vorbis: bf7c407c2cedff20999df2af8eb42d56 -> 
  custom:audio-encoder-webm-vorbis: bf7c407c2cedff20999df2af8eb42d56 -> 
========================================================================
Received Import Request.
  Time since last request: 55.659781 seconds.
  path: Assets/Resources/Effects/Effect_Wizard/SkillEffect_FireQ_Wizard.prefab
  artifactKey: Guid(eaef6a92893f0ec45b788e01182160b5) Importer(815301076,1909f56bfc062723c751e8b465ee728b)
Start importing Assets/Resources/Effects/Effect_Wizard/SkillEffect_FireQ_Wizard.prefab using Guid(eaef6a92893f0ec45b788e01182160b5) Importer(815301076,1909f56bfc062723c751e8b465ee728b)  -> (artifact id: '7bf6660bc031cfd0fbf22a7e4f6a9930') in 0.320174 seconds
Number of updated asset objects reloaded before import = 0
Number of asset objects unloaded after import = 51
========================================================================
Received Import Request.
  Time since last request: 13.715886 seconds.
  path: Assets/Resources/Effects/Effect_Wizard/SkillEffect_IceQ_Wizard.prefab
  artifactKey: Guid(c75c5b4c90800644d9aa50bd9ae06c13) Importer(815301076,1909f56bfc062723c751e8b465ee728b)
Start importing Assets/Resources/Effects/Effect_Wizard/SkillEffect_IceQ_Wizard.prefab using Guid(c75c5b4c90800644d9aa50bd9ae06c13) Importer(815301076,1909f56bfc062723c751e8b465ee728b)  -> (artifact id: 'a2836d0ae2bdf649d32a0763ebca5896') in 0.093891 seconds
Number of updated asset objects reloaded before import = 0
Number of asset objects unloaded after import = 106
========================================================================
Received Import Request.
  Time since last request: 8.028178 seconds.
  path: Assets/Resources/Effects/Effect_Wizard/SkillEffect_IceQ_Wizard.prefab
  artifactKey: Guid(c75c5b4c90800644d9aa50bd9ae06c13) Importer(815301076,1909f56bfc062723c751e8b465ee728b)
Start importing Assets/Resources/Effects/Effect_Wizard/SkillEffect_IceQ_Wizard.prefab using Guid(c75c5b4c90800644d9aa50bd9ae06c13) Importer(815301076,1909f56bfc062723c751e8b465ee728b)  -> (artifact id: 'dd5b606d660d55d21dbc7df1342d10c2') in 0.060579 seconds
Number of updated asset objects reloaded before import = 0
Number of asset objects unloaded after import = 106
========================================================================
Received Import Request.
  Time since last request: 1.728615 seconds.
  path: Assets/Resources/Effects/Effect_Wizard/SkillEffect_IceQ_Wizard.prefab
  artifactKey: Guid(c75c5b4c90800644d9aa50bd9ae06c13) Importer(815301076,1909f56bfc062723c751e8b465ee728b)
Start importing Assets/Resources/Effects/Effect_Wizard/SkillEffect_IceQ_Wizard.prefab using Guid(c75c5b4c90800644d9aa50bd9ae06c13) Importer(815301076,1909f56bfc062723c751e8b465ee728b)  -> (artifact id: 'eecd3630a01632743bb603d3b1a87cb3') in 0.057735 seconds
Number of updated asset objects reloaded before import = 0
Number of asset objects unloaded after import = 104
========================================================================
Received Import Request.
  Time since last request: 10.472364 seconds.
  path: Assets/Resources/Effects/Effect_Wizard/SkillEffect_FireE_Wizard.prefab
  artifactKey: Guid(cbf9ef310d5b2574fbe0ce7ec367eda1) Importer(815301076,1909f56bfc062723c751e8b465ee728b)
Start importing Assets/Resources/Effects/Effect_Wizard/SkillEffect_FireE_Wizard.prefab using Guid(cbf9ef310d5b2574fbe0ce7ec367eda1) Importer(815301076,1909f56bfc062723c751e8b465ee728b)  -> (artifact id: '3ee885eb293a32eb453724a294ab9f9b') in 0.004360 seconds
Number of updated asset objects reloaded before import = 0
Number of asset objects unloaded after import = 54
========================================================================
Received Import Request.
  Time since last request: 7.696890 seconds.
  path: Assets/Resources/Effects/Effect_Wizard/SkillEffect_FireE_Wizard.prefab
  artifactKey: Guid(cbf9ef310d5b2574fbe0ce7ec367eda1) Importer(815301076,1909f56bfc062723c751e8b465ee728b)
Start importing Assets/Resources/Effects/Effect_Wizard/SkillEffect_FireE_Wizard.prefab using Guid(cbf9ef310d5b2574fbe0ce7ec367eda1) Importer(815301076,1909f56bfc062723c751e8b465ee728b)  -> (artifact id: 'abf3c822f4a65c3f79a09151c2b8a5c7') in 0.024237 seconds
Number of updated asset objects reloaded before import = 0
Number of asset objects unloaded after import = 78
========================================================================
Received Prepare
Begin MonoManager ReloadAssembly
Symbol file LoadedFromMemory doesn't match image D:\Unity\POP\Power_of_Personality\Library\PackageCache\com.unity.visualscripting@1.8.0\Editor\VisualScripting.Core\Dependencies\YamlDotNet\Unity.VisualScripting.YamlDotNet.dll
Symbol file LoadedFromMemory doesn't match image D:\Unity\POP\Power_of_Personality\Library\PackageCache\com.unity.visualscripting@1.8.0\Editor\VisualScripting.Core\Dependencies\DotNetZip\Unity.VisualScripting.IonicZip.dll
- Loaded All Assemblies, in  0.771 seconds
Refreshing native plugins compatible for Editor in 3.77 ms, found 3 plugins.
Native extension for WindowsStandalone target not found
Mono: successfully reloaded assembly
- Finished resetting the current domain, in  1.014 seconds
Domain Reload Profiling:
	ReloadAssembly (233ms)
		BeginReloadAssembly (152ms)
			ExecutionOrderSort (0ms)
			DisableScriptedObjects (10ms)
			BackupInstance (0ms)
			ReleaseScriptingObjects (0ms)
			CreateAndSetChildDomain (45ms)
		LoadAllAssembliesAndSetupDomain (536ms)
			LoadAssemblies (266ms)
			RebuildTransferFunctionScriptingTraits (0ms)
			SetupTypeCache (329ms)
				TypeCache.Initialize (309ms)
					TypeCache.ScanAssembly (302ms)
				ResolveRequiredComponents (20ms)
		FinalizeReload (0ms)
			ReleaseScriptCaches (0ms)
			RebuildScriptCaches (0ms)
			SetupLoadedEditorAssemblies (447ms)
				LogAssemblyErrors (0ms)
				InitializePlatformSupportModulesInManaged (5ms)
				SetLoadedEditorAssemblies (5ms)
				RefreshPlugins (0ms)
				BeforeProcessingInitializeOnLoad (76ms)
				ProcessInitializeOnLoadAttributes (262ms)
				ProcessInitializeOnLoadMethodAttributes (91ms)
				AfterProcessingInitializeOnLoad (8ms)
				EditorAssembliesLoaded (0ms)
			ExecutionOrderSort2 (0ms)
			AwakeInstancesAfterBackupRestoration (13ms)
Refreshing native plugins compatible for Editor in 3.81 ms, found 3 plugins.
Preloading 0 native plugins for Editor in 0.00 ms.
Unloading 5799 Unused Serialized files (Serialized files now loaded: 0)
Unloading 46 unused Assets / (1.1 MB). Loaded Objects now: 6707.
Memory consumption went from 207.4 MB to 206.4 MB.
Total: 3.825900 ms (FindLiveObjects: 0.536500 ms CreateObjectMapping: 0.550700 ms MarkObjects: 2.487200 ms  DeleteObjects: 0.250500 ms)

Prepare: number of updated asset objects reloaded= 0
AssetImportParameters requested are different than current active one (requested -> active):
  custom:container-demuxer-ogg: 62fdf1f143b41e24485cea50d1cbac27 -> 
  custom:video-decoder-ogg-theora: a1e56fd34408186e4bbccfd4996cb3dc -> 
  custom:framework-win-MediaFoundation: 216162199b28c13a410421893ffa2e32 -> 
  custom:container-demuxer-webm: 4f35f7cbe854078d1ac9338744f61a02 -> 
  custom:container-muxer-webm: aa71ff27fc2769a1b78a27578f13a17b -> 
  custom:video-decoder-webm-vp8: 9c59270c3fd7afecdb556c50c9e8de78 -> 
  custom:AudioImporter_EditorPlatform: d09bf68614088b80899f8185d706f6e7 -> 
  custom:video-encoder-webm-vp8: eb34c28f22e8b96e1ab97ce403110664 -> 
  custom:audio-decoder-ogg-vorbis: bf7c407c2cedff20999df2af8eb42d56 -> 
  custom:audio-encoder-webm-vorbis: bf7c407c2cedff20999df2af8eb42d56 -> 
========================================================================
Received Import Request.
  Time since last request: 647.161500 seconds.
  path: Assets/DownloadAssets/100Effects/Textures
  artifactKey: Guid(8e3d1a9978206ea45a26d287a6d6dda5) Importer(815301076,1909f56bfc062723c751e8b465ee728b)
Start importing Assets/DownloadAssets/100Effects/Textures using Guid(8e3d1a9978206ea45a26d287a6d6dda5) Importer(815301076,1909f56bfc062723c751e8b465ee728b)  -> (artifact id: 'dc5a97ba6eb8aa61747dca2e26e5c214') in 0.001606 seconds
Number of updated asset objects reloaded before import = 0
Number of asset objects unloaded after import = 0
========================================================================
Received Import Request.
  Time since last request: 0.338285 seconds.
  path: Assets/DownloadAssets/100Effects/EffectsSet_1(NotScriptBased)
  artifactKey: Guid(12c7694b1420e7f42af91c3b16055aa9) Importer(815301076,1909f56bfc062723c751e8b465ee728b)
Start importing Assets/DownloadAssets/100Effects/EffectsSet_1(NotScriptBased) using Guid(12c7694b1420e7f42af91c3b16055aa9) Importer(815301076,1909f56bfc062723c751e8b465ee728b)  -> (artifact id: 'd046e7553cf3d67ae2a3f8fcff95a17a') in 0.000494 seconds
Number of updated asset objects reloaded before import = 0
Number of asset objects unloaded after import = 0
========================================================================
Received Import Request.
  Time since last request: 0.955293 seconds.
  path: Assets/DownloadAssets/100Effects/Effect_Mesh
  artifactKey: Guid(13ef326699d98554b99e9d333f720575) Importer(815301076,1909f56bfc062723c751e8b465ee728b)
Start importing Assets/DownloadAssets/100Effects/Effect_Mesh using Guid(13ef326699d98554b99e9d333f720575) Importer(815301076,1909f56bfc062723c751e8b465ee728b)  -> (artifact id: '8abf2f10b49fb57fcc0c626a00e27714') in 0.000498 seconds
Number of updated asset objects reloaded before import = 0
Number of asset objects unloaded after import = 0
========================================================================
Received Import Request.
  Time since last request: 3.749592 seconds.
  path: Assets/DownloadAssets/100Effects/EffectsSet_1(NotScriptBased)/Materials
  artifactKey: Guid(2232eaaa244abe147a7f39375a10b4ad) Importer(815301076,1909f56bfc062723c751e8b465ee728b)
Start importing Assets/DownloadAssets/100Effects/EffectsSet_1(NotScriptBased)/Materials using Guid(2232eaaa244abe147a7f39375a10b4ad) Importer(815301076,1909f56bfc062723c751e8b465ee728b)  -> (artifact id: 'ba58e1f3018274e8d900dc18132a3298') in 0.000470 seconds
Number of updated asset objects reloaded before import = 0
Number of asset objects unloaded after import = 0
========================================================================
Received Import Request.
  Time since last request: 0.360611 seconds.
  path: Assets/DownloadAssets/100Effects/EffectsSet_1(NotScriptBased)/Effects
  artifactKey: Guid(98f37e04acf6bf14ab657345c9c4a6a2) Importer(815301076,1909f56bfc062723c751e8b465ee728b)
Start importing Assets/DownloadAssets/100Effects/EffectsSet_1(NotScriptBased)/Effects using Guid(98f37e04acf6bf14ab657345c9c4a6a2) Importer(815301076,1909f56bfc062723c751e8b465ee728b)  -> (artifact id: 'fb2bddf537b02dfab498e22c582d80bd') in 0.000499 seconds
Number of updated asset objects reloaded before import = 0
Number of asset objects unloaded after import = 0
========================================================================
Received Import Request.
  Time since last request: 1.509215 seconds.
  path: Assets/DownloadAssets/100Effects/EffectsSet_1(NotScriptBased)/Effects/Effect_04_ChargeShot
  artifactKey: Guid(a38226080fd00b44ebf9af7d8721c444) Importer(815301076,1909f56bfc062723c751e8b465ee728b)
Start importing Assets/DownloadAssets/100Effects/EffectsSet_1(NotScriptBased)/Effects/Effect_04_ChargeShot using Guid(a38226080fd00b44ebf9af7d8721c444) Importer(815301076,1909f56bfc062723c751e8b465ee728b)  -> (artifact id: '29c828402eba478d58066f98af5a1a58') in 0.000491 seconds
Number of updated asset objects reloaded before import = 0
Number of asset objects unloaded after import = 0
========================================================================
Received Import Request.
  Time since last request: 1.256669 seconds.
  path: Assets/DownloadAssets/100Effects/EffectsSet_1(NotScriptBased)/Effects/Effect_46_PoisonSmoke
  artifactKey: Guid(739b33180b892904297c341b6acfde36) Importer(815301076,1909f56bfc062723c751e8b465ee728b)
Start importing Assets/DownloadAssets/100Effects/EffectsSet_1(NotScriptBased)/Effects/Effect_46_PoisonSmoke using Guid(739b33180b892904297c341b6acfde36) Importer(815301076,1909f56bfc062723c751e8b465ee728b)  -> (artifact id: 'ac19774758df13ac1b022d643726c1ce') in 0.000445 seconds
Number of updated asset objects reloaded before import = 0
Number of asset objects unloaded after import = 0
========================================================================
Received Import Request.
  Time since last request: 1.505469 seconds.
  path: Assets/DownloadAssets/100Effects/EffectsSet_1(NotScriptBased)/Effects/Effect_47_PreciseShot
  artifactKey: Guid(0227e4fb194f06648ac2cc5632c716cf) Importer(815301076,1909f56bfc062723c751e8b465ee728b)
Start importing Assets/DownloadAssets/100Effects/EffectsSet_1(NotScriptBased)/Effects/Effect_47_PreciseShot using Guid(0227e4fb194f06648ac2cc5632c716cf) Importer(815301076,1909f56bfc062723c751e8b465ee728b)  -> (artifact id: '16c2c5669e21e2a2233d01cc24d81cb3') in 0.000463 seconds
Number of updated asset objects reloaded before import = 0
Number of asset objects unloaded after import = 0
========================================================================
Received Import Request.
  Time since last request: 8.043237 seconds.
  path: Assets/Models
  artifactKey: Guid(0b2834ee0f94f5a4e98e214957a8b1ac) Importer(815301076,1909f56bfc062723c751e8b465ee728b)
Start importing Assets/Models using Guid(0b2834ee0f94f5a4e98e214957a8b1ac) Importer(815301076,1909f56bfc062723c751e8b465ee728b)  -> (artifact id: '397dc5013cb45eecb56cfa0245b20ae1') in 0.000514 seconds
Number of updated asset objects reloaded before import = 0
Number of asset objects unloaded after import = 0
========================================================================
Received Import Request.
  Time since last request: 0.176637 seconds.
  path: Assets/Models/Cavern_RockLrg-01.fbx
  artifactKey: Guid(e99ce669881efc546817d8a3a60c26ca) Importer(815301076,1909f56bfc062723c751e8b465ee728b)
Start importing Assets/Models/Cavern_RockLrg-01.fbx using Guid(e99ce669881efc546817d8a3a60c26ca) Importer(815301076,1909f56bfc062723c751e8b465ee728b)  -> (artifact id: '7b73fd7f3082ffb7409766baeeb8c64d') in 0.314466 seconds
Number of updated asset objects reloaded before import = 0
Number of asset objects unloaded after import = 30
========================================================================
Received Import Request.
  Time since last request: 0.000022 seconds.
  path: Assets/Models/Slash5.fbx
  artifactKey: Guid(d0ffda53712690a48a5eb84a9a670945) Importer(815301076,1909f56bfc062723c751e8b465ee728b)
Start importing Assets/Models/Slash5.fbx using Guid(d0ffda53712690a48a5eb84a9a670945) Importer(815301076,1909f56bfc062723c751e8b465ee728b)  -> (artifact id: '668e103f0b9d490053a182d1099eea53') in 0.018836 seconds
Number of updated asset objects reloaded before import = 0
Number of asset objects unloaded after import = 8
========================================================================
Received Import Request.
  Time since last request: 0.000029 seconds.
  path: Assets/Models/dragon-aura.fbx
  artifactKey: Guid(2767295f00c32f040aa446d76d7db3a6) Importer(815301076,1909f56bfc062723c751e8b465ee728b)
Start importing Assets/Models/dragon-aura.fbx using Guid(2767295f00c32f040aa446d76d7db3a6) Importer(815301076,1909f56bfc062723c751e8b465ee728b)  -> (artifact id: 'b78c85e4dfe4f4b99f7d18b4b54c7b45') in 0.052703 seconds
Number of updated asset objects reloaded before import = 0
Number of asset objects unloaded after import = 9
========================================================================
Received Import Request.
  Time since last request: 32.140283 seconds.
  path: Assets/Resources/Icons
  artifactKey: Guid(77ab83a519a273d4b91fb81f66ca6e24) Importer(815301076,1909f56bfc062723c751e8b465ee728b)
Start importing Assets/Resources/Icons using Guid(77ab83a519a273d4b91fb81f66ca6e24) Importer(815301076,1909f56bfc062723c751e8b465ee728b)  -> (artifact id: '331326ac9a71138fb44033b97cc6d2d1') in 0.000432 seconds
Number of updated asset objects reloaded before import = 0
Number of asset objects unloaded after import = 0
========================================================================
Received Import Request.
  Time since last request: 5.461593 seconds.
  path: Assets/Images/Textures
  artifactKey: Guid(870c130b687ebae4c8e8d5caf7388d59) Importer(815301076,1909f56bfc062723c751e8b465ee728b)
Start importing Assets/Images/Textures using Guid(870c130b687ebae4c8e8d5caf7388d59) Importer(815301076,1909f56bfc062723c751e8b465ee728b)  -> (artifact id: '998a9f2ea5cef256178c6cb2f78e4a0d') in 0.000455 seconds
Number of updated asset objects reloaded before import = 0
Number of asset objects unloaded after import = 0
========================================================================
Received Import Request.
  Time since last request: 0.390492 seconds.
  path: Assets/Images/Materials
  artifactKey: Guid(1d1571ff97a58f34d95e826362603df2) Importer(815301076,1909f56bfc062723c751e8b465ee728b)
Start importing Assets/Images/Materials using Guid(1d1571ff97a58f34d95e826362603df2) Importer(815301076,1909f56bfc062723c751e8b465ee728b)  -> (artifact id: '656206c32b762ef4c72fc986c36e95e2') in 0.000423 seconds
Number of updated asset objects reloaded before import = 0
Number of asset objects unloaded after import = 0
========================================================================
Received Import Request.
  Time since last request: 1.399260 seconds.
  path: Assets/Models/Mesh_Character
  artifactKey: Guid(4e3a647de8450f649bf3536408e568ab) Importer(815301076,1909f56bfc062723c751e8b465ee728b)
Start importing Assets/Models/Mesh_Character using Guid(4e3a647de8450f649bf3536408e568ab) Importer(815301076,1909f56bfc062723c751e8b465ee728b)  -> (artifact id: '9681e258e87af9b742402d2c70ee3127') in 0.000487 seconds
Number of updated asset objects reloaded before import = 0
Number of asset objects unloaded after import = 0
========================================================================
Received Import Request.
  Time since last request: 2.364087 seconds.
  path: Assets/Models/Mesh_Boss
  artifactKey: Guid(5aea6eea6743f24409867b686476cccc) Importer(815301076,1909f56bfc062723c751e8b465ee728b)
Start importing Assets/Models/Mesh_Boss using Guid(5aea6eea6743f24409867b686476cccc) Importer(815301076,1909f56bfc062723c751e8b465ee728b)  -> (artifact id: 'c0d4c860871e4f3e412ec68e8990d6bb') in 0.000454 seconds
Number of updated asset objects reloaded before import = 0
Number of asset objects unloaded after import = 0
========================================================================
Received Import Request.
  Time since last request: 7.758030 seconds.
  path: Assets/Resources/Effects/Effect_Wizard/Effect_Wizard_Material/CommonAttack_2/Effect_47_Sphere_2_F.mat
  artifactKey: Guid(0579ca92d17c98042a726f337824ddd4) Importer(815301076,1909f56bfc062723c751e8b465ee728b)
Start importing Assets/Resources/Effects/Effect_Wizard/Effect_Wizard_Material/CommonAttack_2/Effect_47_Sphere_2_F.mat using Guid(0579ca92d17c98042a726f337824ddd4) Importer(815301076,1909f56bfc062723c751e8b465ee728b)  -> (artifact id: 'e766f269d7f338ac82dda6c5b6f657f4') in 0.033627 seconds
Number of updated asset objects reloaded before import = 0
Number of asset objects unloaded after import = 4
========================================================================
Received Import Request.
  Time since last request: 0.000025 seconds.
  path: Assets/Resources/Effects/Effect_Wizard/Effect_Wizard_Material/CommonAttack_2/WizaedAtk_one.png
  artifactKey: Guid(ac8b22bce3b8f6b42bcfc2d1c9e5e9f3) Importer(815301076,1909f56bfc062723c751e8b465ee728b)
Start importing Assets/Resources/Effects/Effect_Wizard/Effect_Wizard_Material/CommonAttack_2/WizaedAtk_one.png using Guid(ac8b22bce3b8f6b42bcfc2d1c9e5e9f3) Importer(815301076,1909f56bfc062723c751e8b465ee728b)  -> (artifact id: 'da456f990b32f5a6d7e80e4c088be4b8') in 0.016825 seconds
Number of updated asset objects reloaded before import = 0
Number of asset objects unloaded after import = 2
========================================================================
Received Import Request.
  Time since last request: 0.000048 seconds.
  path: Assets/Resources/Effects/Effect_Wizard/Effect_Wizard_Material/CommonAttack_2/New Material.mat
  artifactKey: Guid(0be2a217653ee10418d7f4a46be3888b) Importer(815301076,1909f56bfc062723c751e8b465ee728b)
Start importing Assets/Resources/Effects/Effect_Wizard/Effect_Wizard_Material/CommonAttack_2/New Material.mat using Guid(0be2a217653ee10418d7f4a46be3888b) Importer(815301076,1909f56bfc062723c751e8b465ee728b)  -> (artifact id: '3befcb7a904b937ffafeeef6323750b9') in 0.016483 seconds
Number of updated asset objects reloaded before import = 0
Number of asset objects unloaded after import = 2
========================================================================
Received Import Request.
  Time since last request: 0.000017 seconds.
  path: Assets/Resources/Effects/Effect_Wizard/Effect_Wizard_Material/CommonAttack_2/image.png
  artifactKey: Guid(8c9cdf62b4286c54bbead5c58dd9d0e5) Importer(815301076,1909f56bfc062723c751e8b465ee728b)
Start importing Assets/Resources/Effects/Effect_Wizard/Effect_Wizard_Material/CommonAttack_2/image.png using Guid(8c9cdf62b4286c54bbead5c58dd9d0e5) Importer(815301076,1909f56bfc062723c751e8b465ee728b)  -> (artifact id: '0ba031896b7e37e70376b3189eb4671b') in 0.013708 seconds
Number of updated asset objects reloaded before import = 0
Number of asset objects unloaded after import = 2
========================================================================
Received Import Request.
  Time since last request: 0.000023 seconds.
  path: Assets/Resources/Effects/Effect_Wizard/Effect_Wizard_Material/CommonAttack_2/Effect_47_Sphere_I.mat
  artifactKey: Guid(4147420450f862e4dbd432751261f25a) Importer(815301076,1909f56bfc062723c751e8b465ee728b)
Start importing Assets/Resources/Effects/Effect_Wizard/Effect_Wizard_Material/CommonAttack_2/Effect_47_Sphere_I.mat using Guid(4147420450f862e4dbd432751261f25a) Importer(815301076,1909f56bfc062723c751e8b465ee728b)  -> (artifact id: '7e1ed7736058c5cab06c76ac4cee4fc1') in 0.012525 seconds
Number of updated asset objects reloaded before import = 0
Number of asset objects unloaded after import = 3
========================================================================
Received Import Request.
  Time since last request: 0.000017 seconds.
  path: Assets/Resources/Effects/Effect_Wizard/Effect_Wizard_Material/CommonAttack_2/SparkSphere.mat
  artifactKey: Guid(6549e9ec1db6ceb4d8c777965c8ae7c9) Importer(815301076,1909f56bfc062723c751e8b465ee728b)
Start importing Assets/Resources/Effects/Effect_Wizard/Effect_Wizard_Material/CommonAttack_2/SparkSphere.mat using Guid(6549e9ec1db6ceb4d8c777965c8ae7c9) Importer(815301076,1909f56bfc062723c751e8b465ee728b)  -> (artifact id: '604e94d4871c15768e7f77b8e1e300d8') in 0.018118 seconds
Number of updated asset objects reloaded before import = 0
Number of asset objects unloaded after import = 4
========================================================================
Received Import Request.
  Time since last request: 0.000019 seconds.
  path: Assets/Resources/Effects/Effect_Wizard/Effect_Wizard_Material/CommonAttack_2/Smoke26.mat
  artifactKey: Guid(e375fd181884b2d44a0b4f2cb21f47a6) Importer(815301076,1909f56bfc062723c751e8b465ee728b)
Start importing Assets/Resources/Effects/Effect_Wizard/Effect_Wizard_Material/CommonAttack_2/Smoke26.mat using Guid(e375fd181884b2d44a0b4f2cb21f47a6) Importer(815301076,1909f56bfc062723c751e8b465ee728b)  -> (artifact id: '49cfbcb8060c5e5c8f41fb72c467e2e5') in 0.013692 seconds
Number of updated asset objects reloaded before import = 0
Number of asset objects unloaded after import = 4
========================================================================
Received Import Request.
  Time since last request: 12.585605 seconds.
  path: Assets/DownloadAssets/100Effects/EffectsSet_1(NotScriptBased)/Effects/Effect_47_PreciseShot/Effect_47_Base
  artifactKey: Guid(0d1a834df74eb8f458d58c3dd4af68a2) Importer(815301076,1909f56bfc062723c751e8b465ee728b)
Start importing Assets/DownloadAssets/100Effects/EffectsSet_1(NotScriptBased)/Effects/Effect_47_PreciseShot/Effect_47_Base using Guid(0d1a834df74eb8f458d58c3dd4af68a2) Importer(815301076,1909f56bfc062723c751e8b465ee728b)  -> (artifact id: '0b3715e0d31e8d5ecf1cb86d8b9201d5') in 0.000616 seconds
Number of updated asset objects reloaded before import = 0
Number of asset objects unloaded after import = 0
========================================================================
Received Import Request.
  Time since last request: 0.148051 seconds.
  path: Assets/DownloadAssets/100Effects/EffectsSet_1(NotScriptBased)/Effects/Effect_47_PreciseShot/Effect_47_Base/Effect_47_HitEffects.prefab
  artifactKey: Guid(0b8638be49ac6784f94eb307679937c4) Importer(815301076,1909f56bfc062723c751e8b465ee728b)
Start importing Assets/DownloadAssets/100Effects/EffectsSet_1(NotScriptBased)/Effects/Effect_47_PreciseShot/Effect_47_Base/Effect_47_HitEffects.prefab using Guid(0b8638be49ac6784f94eb307679937c4) Importer(815301076,1909f56bfc062723c751e8b465ee728b)  -> (artifact id: 'e036492ccb0a88eb393011fe64eddea2') in 0.144995 seconds
Number of updated asset objects reloaded before import = 0
Number of asset objects unloaded after import = 23
========================================================================
Received Import Request.
  Time since last request: 44.874106 seconds.
  path: Assets/DownloadAssets/100Effects/EffectsSet_1(NotScriptBased)/Effects/Effect_49_IceBlockCrash/Effect_49_IceBlockFissure.prefab
  artifactKey: Guid(080e887faebafc3429b3c2e49e343ccf) Importer(815301076,1909f56bfc062723c751e8b465ee728b)
Start importing Assets/DownloadAssets/100Effects/EffectsSet_1(NotScriptBased)/Effects/Effect_49_IceBlockCrash/Effect_49_IceBlockFissure.prefab using Guid(080e887faebafc3429b3c2e49e343ccf) Importer(815301076,1909f56bfc062723c751e8b465ee728b)  -> (artifact id: '8002ddac027f79c5b71fa6be5a04deba') in 0.131037 seconds
Number of updated asset objects reloaded before import = 0
Number of asset objects unloaded after import = 33
========================================================================
Received Import Request.
  Time since last request: 48.629239 seconds.
  path: Assets/Models/Mesh_Effect/Mesh_100Effects/Circle_2.fbx
  artifactKey: Guid(22f42509d7c9e3e4bbd03c92466e974f) Importer(815301076,1909f56bfc062723c751e8b465ee728b)
Start importing Assets/Models/Mesh_Effect/Mesh_100Effects/Circle_2.fbx using Guid(22f42509d7c9e3e4bbd03c92466e974f) Importer(815301076,1909f56bfc062723c751e8b465ee728b)  -> (artifact id: '841a592970a7f2460ca2c0e9122f1757') in 0.022115 seconds
Number of updated asset objects reloaded before import = 0
Number of asset objects unloaded after import = 9
========================================================================
Received Import Request.
  Time since last request: 0.000022 seconds.
  path: Assets/Models/Mesh_Effect/Mesh_100Effects/Cylinder_01.fbx
  artifactKey: Guid(34a79e3062c48b541931c7a1a3be49f4) Importer(815301076,1909f56bfc062723c751e8b465ee728b)
Start importing Assets/Models/Mesh_Effect/Mesh_100Effects/Cylinder_01.fbx using Guid(34a79e3062c48b541931c7a1a3be49f4) Importer(815301076,1909f56bfc062723c751e8b465ee728b)  -> (artifact id: 'adbf08cb1ad4bc53c41fce786932bfc3') in 0.020242 seconds
Number of updated asset objects reloaded before import = 0
Number of asset objects unloaded after import = 9
========================================================================
Received Import Request.
  Time since last request: 0.000016 seconds.
  path: Assets/Models/Mesh_Effect/Mesh_100Effects/Halfsphare.fbx
  artifactKey: Guid(465687908dca84f408c953b5829654e6) Importer(815301076,1909f56bfc062723c751e8b465ee728b)
Start importing Assets/Models/Mesh_Effect/Mesh_100Effects/Halfsphare.fbx using Guid(465687908dca84f408c953b5829654e6) Importer(815301076,1909f56bfc062723c751e8b465ee728b)  -> (artifact id: '97f1dae9a0cf7ece84b2f8dd214ec863') in 0.017706 seconds
Number of updated asset objects reloaded before import = 0
Number of asset objects unloaded after import = 9
========================================================================
Received Import Request.
  Time since last request: 0.000019 seconds.
  path: Assets/Models/Mesh_Effect/Mesh_100Effects/Line_03.fbx
  artifactKey: Guid(b9e39e91b81745f46adfe6bbec854fc4) Importer(815301076,1909f56bfc062723c751e8b465ee728b)
Start importing Assets/Models/Mesh_Effect/Mesh_100Effects/Line_03.fbx using Guid(b9e39e91b81745f46adfe6bbec854fc4) Importer(815301076,1909f56bfc062723c751e8b465ee728b)  -> (artifact id: '45b537348e443d8b497d5234ab1bd51e') in 0.020303 seconds
Number of updated asset objects reloaded before import = 0
Number of asset objects unloaded after import = 9
========================================================================
Received Import Request.
  Time since last request: 0.000034 seconds.
  path: Assets/Models/Mesh_Effect/Mesh_100Effects/Ring.fbx
  artifactKey: Guid(da726d05993cd18468309dffe179566d) Importer(815301076,1909f56bfc062723c751e8b465ee728b)
Start importing Assets/Models/Mesh_Effect/Mesh_100Effects/Ring.fbx using Guid(da726d05993cd18468309dffe179566d) Importer(815301076,1909f56bfc062723c751e8b465ee728b)  -> (artifact id: '30adf8327099198a12b2a7d9c19e1721') in 0.036181 seconds
Number of updated asset objects reloaded before import = 0
Number of asset objects unloaded after import = 9
========================================================================
Received Import Request.
  Time since last request: 0.000020 seconds.
  path: Assets/Models/Mesh_Effect/Mesh_100Effects/Tornado.fbx
  artifactKey: Guid(a2b0e97338753bf4da65fa5204eafcd9) Importer(815301076,1909f56bfc062723c751e8b465ee728b)
Start importing Assets/Models/Mesh_Effect/Mesh_100Effects/Tornado.fbx using Guid(a2b0e97338753bf4da65fa5204eafcd9) Importer(815301076,1909f56bfc062723c751e8b465ee728b)  -> (artifact id: '3ae6a7d9b2ccd8750ab1af69effc2e8e') in 0.025073 seconds
Number of updated asset objects reloaded before import = 0
Number of asset objects unloaded after import = 9
========================================================================
Received Import Request.
  Time since last request: 0.000017 seconds.
  path: Assets/Models/Mesh_Effect/Mesh_100Effects/Halfsphere_2.fbx
  artifactKey: Guid(c8a159cc4553d3144939696227e3d08e) Importer(815301076,1909f56bfc062723c751e8b465ee728b)
Start importing Assets/Models/Mesh_Effect/Mesh_100Effects/Halfsphere_2.fbx using Guid(c8a159cc4553d3144939696227e3d08e) Importer(815301076,1909f56bfc062723c751e8b465ee728b)  -> (artifact id: '53e4453e40700fd6461988eb9b17951a') in 0.024146 seconds
Number of updated asset objects reloaded before import = 0
Number of asset objects unloaded after import = 9
========================================================================
Received Import Request.
  Time since last request: 0.000016 seconds.
  path: Assets/Models/Mesh_Effect/Mesh_100Effects/Line_01.fbx
  artifactKey: Guid(754d1cfc325e52c44a87f61dd84186d6) Importer(815301076,1909f56bfc062723c751e8b465ee728b)
Start importing Assets/Models/Mesh_Effect/Mesh_100Effects/Line_01.fbx using Guid(754d1cfc325e52c44a87f61dd84186d6) Importer(815301076,1909f56bfc062723c751e8b465ee728b)  -> (artifact id: '1174293cca0553d709da5da23b7d088c') in 0.031267 seconds
Number of updated asset objects reloaded before import = 0
Number of asset objects unloaded after import = 9
========================================================================
Received Import Request.
  Time since last request: 22.004077 seconds.
  path: Assets/DownloadAssets/100Effects/Effect_Mesh/Bomb_01.fbx
  artifactKey: Guid(c632da7b03d5c4d949cca6cf12f47ff6) Importer(815301076,1909f56bfc062723c751e8b465ee728b)
Start importing Assets/DownloadAssets/100Effects/Effect_Mesh/Bomb_01.fbx using Guid(c632da7b03d5c4d949cca6cf12f47ff6) Importer(815301076,1909f56bfc062723c751e8b465ee728b)  -> (artifact id: '947f532d0183953e660985ca8d6ec1c0') in 0.055353 seconds
Number of updated asset objects reloaded before import = 0
Number of asset objects unloaded after import = 13
========================================================================
Received Import Request.
  Time since last request: 0.000017 seconds.
  path: Assets/DownloadAssets/100Effects/Effect_Mesh/Crystal.fbx
  artifactKey: Guid(6f9d753d00a9e5d408be7b12364bdc8f) Importer(815301076,1909f56bfc062723c751e8b465ee728b)
Start importing Assets/DownloadAssets/100Effects/Effect_Mesh/Crystal.fbx using Guid(6f9d753d00a9e5d408be7b12364bdc8f) Importer(815301076,1909f56bfc062723c751e8b465ee728b)  -> (artifact id: '78c4c682a1b23a393ad31b31db5956b7') in 0.021469 seconds
Number of updated asset objects reloaded before import = 0
Number of asset objects unloaded after import = 9
========================================================================
Received Import Request.
  Time since last request: 0.000017 seconds.
  path: Assets/DownloadAssets/100Effects/Effect_Mesh/Ring.fbx
  artifactKey: Guid(1cbe1220d9a530546a6d9fd8efb170b4) Importer(815301076,1909f56bfc062723c751e8b465ee728b)
Start importing Assets/DownloadAssets/100Effects/Effect_Mesh/Ring.fbx using Guid(1cbe1220d9a530546a6d9fd8efb170b4) Importer(815301076,1909f56bfc062723c751e8b465ee728b)  -> (artifact id: 'ab101f49ef6ad25ca7236a771743b079') in 0.027894 seconds
Number of updated asset objects reloaded before import = 0
Number of asset objects unloaded after import = 9
========================================================================
Received Import Request.
  Time since last request: 0.000019 seconds.
  path: Assets/DownloadAssets/100Effects/Effect_Mesh/UAV_01.fbx
  artifactKey: Guid(373b0bc407de54b5c99d9dd78f20bea6) Importer(815301076,1909f56bfc062723c751e8b465ee728b)
Start importing Assets/DownloadAssets/100Effects/Effect_Mesh/UAV_01.fbx using Guid(373b0bc407de54b5c99d9dd78f20bea6) Importer(815301076,1909f56bfc062723c751e8b465ee728b)  -> (artifact id: '231f69ee356e0b35489a475f4dbf57d0') in 0.023114 seconds
Number of updated asset objects reloaded before import = 0
Number of asset objects unloaded after import = 13
========================================================================
Received Import Request.
  Time since last request: 0.000024 seconds.
  path: Assets/DownloadAssets/100Effects/Effect_Mesh/Jet_04.fbx
  artifactKey: Guid(03ec3329a00fa4c828c4aa8bffba4daa) Importer(815301076,1909f56bfc062723c751e8b465ee728b)
Start importing Assets/DownloadAssets/100Effects/Effect_Mesh/Jet_04.fbx using Guid(03ec3329a00fa4c828c4aa8bffba4daa) Importer(815301076,1909f56bfc062723c751e8b465ee728b)  -> (artifact id: '6afced330736865d091428be8f5980f9') in 0.023255 seconds
Number of updated asset objects reloaded before import = 0
Number of asset objects unloaded after import = 13
========================================================================
Received Import Request.
  Time since last request: 0.000025 seconds.
  path: Assets/DownloadAssets/100Effects/Effect_Mesh/Circle.fbx
  artifactKey: Guid(6bfd02264fba2ff4fae1c4cdda8016c4) Importer(815301076,1909f56bfc062723c751e8b465ee728b)
Start importing Assets/DownloadAssets/100Effects/Effect_Mesh/Circle.fbx using Guid(6bfd02264fba2ff4fae1c4cdda8016c4) Importer(815301076,1909f56bfc062723c751e8b465ee728b)  -> (artifact id: 'a6224ef76e078b391b42661f4da7eb1e') in 0.022882 seconds
Number of updated asset objects reloaded before import = 0
Number of asset objects unloaded after import = 9
========================================================================
Received Import Request.
  Time since last request: 0.000021 seconds.
  path: Assets/DownloadAssets/100Effects/Effect_Mesh/Line_03.fbx
  artifactKey: Guid(3cf787be49162da4db55cda3cae5a7a6) Importer(815301076,1909f56bfc062723c751e8b465ee728b)
Start importing Assets/DownloadAssets/100Effects/Effect_Mesh/Line_03.fbx using Guid(3cf787be49162da4db55cda3cae5a7a6) Importer(815301076,1909f56bfc062723c751e8b465ee728b)  -> (artifact id: 'a76b43e8d3ccd8fa09d874f6888fa982') in 0.022396 seconds
Number of updated asset objects reloaded before import = 0
Number of asset objects unloaded after import = 9
========================================================================
Received Import Request.
  Time since last request: 0.000024 seconds.
  path: Assets/DownloadAssets/100Effects/Effect_Mesh/Line_01.fbx
  artifactKey: Guid(375634d73d86c8146a51138614a2b708) Importer(815301076,1909f56bfc062723c751e8b465ee728b)
Start importing Assets/DownloadAssets/100Effects/Effect_Mesh/Line_01.fbx using Guid(375634d73d86c8146a51138614a2b708) Importer(815301076,1909f56bfc062723c751e8b465ee728b)  -> (artifact id: 'b6dc4341797f35f5c44fd7534cc41a68') in 0.020754 seconds
Number of updated asset objects reloaded before import = 0
Number of asset objects unloaded after import = 9
========================================================================
Received Import Request.
  Time since last request: 0.000024 seconds.
  path: Assets/DownloadAssets/100Effects/Effect_Mesh/Halfsphere_2.fbx
  artifactKey: Guid(66909760da22e46479e3417fddda9776) Importer(815301076,1909f56bfc062723c751e8b465ee728b)
Start importing Assets/DownloadAssets/100Effects/Effect_Mesh/Halfsphere_2.fbx using Guid(66909760da22e46479e3417fddda9776) Importer(815301076,1909f56bfc062723c751e8b465ee728b)  -> (artifact id: '1b6bd3bd33628574a14b38edcfbb4ec2') in 0.022001 seconds
Number of updated asset objects reloaded before import = 0
Number of asset objects unloaded after import = 9
========================================================================
Received Import Request.
  Time since last request: 0.000018 seconds.
  path: Assets/DownloadAssets/100Effects/Effect_Mesh/Circle_2.fbx
  artifactKey: Guid(38c1863fbd7ae9244b9127ff91824fab) Importer(815301076,1909f56bfc062723c751e8b465ee728b)
Start importing Assets/DownloadAssets/100Effects/Effect_Mesh/Circle_2.fbx using Guid(38c1863fbd7ae9244b9127ff91824fab) Importer(815301076,1909f56bfc062723c751e8b465ee728b)  -> (artifact id: '1de97e5cdebf11b5aba19e24b05cb1dd') in 0.021122 seconds
Number of updated asset objects reloaded before import = 0
Number of asset objects unloaded after import = 9
========================================================================
Received Import Request.
  Time since last request: 11.270684 seconds.
  path: Assets/DownloadAssets/100Effects/EffectsSet_1(NotScriptBased)/Effects/Effect_45_BlastFlame/Effect_45_BlastFlame(Base).prefab
  artifactKey: Guid(099eb0bceb74fb4428621a4259fa03c2) Importer(815301076,1909f56bfc062723c751e8b465ee728b)
Start importing Assets/DownloadAssets/100Effects/EffectsSet_1(NotScriptBased)/Effects/Effect_45_BlastFlame/Effect_45_BlastFlame(Base).prefab using Guid(099eb0bceb74fb4428621a4259fa03c2) Importer(815301076,1909f56bfc062723c751e8b465ee728b) Shader properties can't be added to this global property sheet. Trying to add _GrabTexture_ST (type 2 count 1)
UnityEngine.StackTraceUtility:ExtractStackTrace ()
UnityEngine.Rendering.ScriptableRenderContext:Submit_Internal ()
UnityEngine.Rendering.ScriptableRenderContext:Submit ()
UnityEngine.Rendering.Universal.UniversalRenderPipeline:RenderSingleCamera (UnityEngine.Rendering.ScriptableRenderContext,UnityEngine.Rendering.Universal.CameraData&,bool) (at ./Library/PackageCache/com.unity.render-pipelines.universal@14.0.7/Runtime/UniversalRenderPipeline.cs:666)
UnityEngine.Rendering.Universal.UniversalRenderPipeline:RenderSingleCameraInternal (UnityEngine.Rendering.ScriptableRenderContext,UnityEngine.Camera) (at ./Library/PackageCache/com.unity.render-pipelines.universal@14.0.7/Runtime/UniversalRenderPipeline.cs:534)
UnityEngine.Rendering.Universal.UniversalRenderPipeline:Render (UnityEngine.Rendering.ScriptableRenderContext,System.Collections.Generic.List`1<UnityEngine.Camera>) (at ./Library/PackageCache/com.unity.render-pipelines.universal@14.0.7/Runtime/UniversalRenderPipeline.cs:376)
UnityEngine.Rendering.RenderPipeline:InternalRender (UnityEngine.Rendering.ScriptableRenderContext,System.Collections.Generic.List`1<UnityEngine.Camera>)
UnityEngine.Rendering.RenderPipelineManager:DoRenderLoop_Internal (UnityEngine.Rendering.RenderPipelineAsset,intptr,UnityEngine.Object,Unity.Collections.LowLevel.Unsafe.AtomicSafetyHandle)
UnityEditor.PreviewRenderUtility:Render (bool,bool)
UnityEditor.GameObjectInspector:DoRenderPreview (UnityEditor.GameObjectInspector/PreviewData)
UnityEditor.GameObjectInspector:RenderStaticPreview (string,UnityEngine.Object[],int,int)
UnityEditor.AssetPreviewUpdater:CreatePreview (UnityEngine.Object,UnityEngine.Object[],string,int,int)
UnityEditor.AssetPreviewUpdater:CreatePreviewForAsset (UnityEngine.Object,UnityEngine.Object[],string)

[./Library/PackageCache/com.unity.render-pipelines.universal@14.0.7/Runtime/UniversalRenderPipeline.cs line 666]

Shader properties can't be added to this global property sheet. Trying to add _GrabTexture_TexelSize (type 2 count 1)
UnityEngine.StackTraceUtility:ExtractStackTrace ()
UnityEngine.Rendering.ScriptableRenderContext:Submit_Internal ()
UnityEngine.Rendering.ScriptableRenderContext:Submit ()
UnityEngine.Rendering.Universal.UniversalRenderPipeline:RenderSingleCamera (UnityEngine.Rendering.ScriptableRenderContext,UnityEngine.Rendering.Universal.CameraData&,bool) (at ./Library/PackageCache/com.unity.render-pipelines.universal@14.0.7/Runtime/UniversalRenderPipeline.cs:666)
UnityEngine.Rendering.Universal.UniversalRenderPipeline:RenderSingleCameraInternal (UnityEngine.Rendering.ScriptableRenderContext,UnityEngine.Camera) (at ./Library/PackageCache/com.unity.render-pipelines.universal@14.0.7/Runtime/UniversalRenderPipeline.cs:534)
UnityEngine.Rendering.Universal.UniversalRenderPipeline:Render (UnityEngine.Rendering.ScriptableRenderContext,System.Collections.Generic.List`1<UnityEngine.Camera>) (at ./Library/PackageCache/com.unity.render-pipelines.universal@14.0.7/Runtime/UniversalRenderPipeline.cs:376)
UnityEngine.Rendering.RenderPipeline:InternalRender (UnityEngine.Rendering.ScriptableRenderContext,System.Collections.Generic.List`1<UnityEngine.Camera>)
UnityEngine.Rendering.RenderPipelineManager:DoRenderLoop_Internal (UnityEngine.Rendering.RenderPipelineAsset,intptr,UnityEngine.Object,Unity.Collections.LowLevel.Unsafe.AtomicSafetyHandle)
UnityEditor.PreviewRenderUtility:Render (bool,bool)
UnityEditor.GameObjectInspector:DoRenderPreview (UnityEditor.GameObjectInspector/PreviewData)
UnityEditor.GameObjectInspector:RenderStaticPreview (string,UnityEngine.Object[],int,int)
UnityEditor.AssetPreviewUpdater:CreatePreview (UnityEngine.Object,UnityEngine.Object[],string,int,int)
UnityEditor.AssetPreviewUpdater:CreatePreviewForAsset (UnityEngine.Object,UnityEngine.Object[],string)

[./Library/PackageCache/com.unity.render-pipelines.universal@14.0.7/Runtime/UniversalRenderPipeline.cs line 666]

Shader properties can't be added to this global property sheet. Trying to add _GrabTexture_HDR (type 2 count 1)
UnityEngine.StackTraceUtility:ExtractStackTrace ()
UnityEngine.Rendering.ScriptableRenderContext:Submit_Internal ()
UnityEngine.Rendering.ScriptableRenderContext:Submit ()
UnityEngine.Rendering.Universal.UniversalRenderPipeline:RenderSingleCamera (UnityEngine.Rendering.ScriptableRenderContext,UnityEngine.Rendering.Universal.CameraData&,bool) (at ./Library/PackageCache/com.unity.render-pipelines.universal@14.0.7/Runtime/UniversalRenderPipeline.cs:666)
UnityEngine.Rendering.Universal.UniversalRenderPipeline:RenderSingleCameraInternal (UnityEngine.Rendering.ScriptableRenderContext,UnityEngine.Camera) (at ./Library/PackageCache/com.unity.render-pipelines.universal@14.0.7/Runtime/UniversalRenderPipeline.cs:534)
UnityEngine.Rendering.Universal.UniversalRenderPipeline:Render (UnityEngine.Rendering.ScriptableRenderContext,System.Collections.Generic.List`1<UnityEngine.Camera>) (at ./Library/PackageCache/com.unity.render-pipelines.universal@14.0.7/Runtime/UniversalRenderPipeline.cs:376)
UnityEngine.Rendering.RenderPipeline:InternalRender (UnityEngine.Rendering.ScriptableRenderContext,System.Collections.Generic.List`1<UnityEngine.Camera>)
UnityEngine.Rendering.RenderPipelineManager:DoRenderLoop_Internal (UnityEngine.Rendering.RenderPipelineAsset,intptr,UnityEngine.Object,Unity.Collections.LowLevel.Unsafe.AtomicSafetyHandle)
UnityEditor.PreviewRenderUtility:Render (bool,bool)
UnityEditor.GameObjectInspector:DoRenderPreview (UnityEditor.GameObjectInspector/PreviewData)
UnityEditor.GameObjectInspector:RenderStaticPreview (string,UnityEngine.Object[],int,int)
UnityEditor.AssetPreviewUpdater:CreatePreview (UnityEngine.Object,UnityEngine.Object[],string,int,int)
UnityEditor.AssetPreviewUpdater:CreatePreviewForAsset (UnityEngine.Object,UnityEngine.Object[],string)

[./Library/PackageCache/com.unity.render-pipelines.universal@14.0.7/Runtime/UniversalRenderPipeline.cs line 666]

Shader properties can't be added to this global property sheet. Trying to add _GrabTexture (type 4 count 1)
UnityEngine.StackTraceUtility:ExtractStackTrace ()
UnityEngine.Rendering.ScriptableRenderContext:Submit_Internal ()
UnityEngine.Rendering.ScriptableRenderContext:Submit ()
UnityEngine.Rendering.Universal.UniversalRenderPipeline:RenderSingleCamera (UnityEngine.Rendering.ScriptableRenderContext,UnityEngine.Rendering.Universal.CameraData&,bool) (at ./Library/PackageCache/com.unity.render-pipelines.universal@14.0.7/Runtime/UniversalRenderPipeline.cs:666)
UnityEngine.Rendering.Universal.UniversalRenderPipeline:RenderSingleCameraInternal (UnityEngine.Rendering.ScriptableRenderContext,UnityEngine.Camera) (at ./Library/PackageCache/com.unity.render-pipelines.universal@14.0.7/Runtime/UniversalRenderPipeline.cs:534)
UnityEngine.Rendering.Universal.UniversalRenderPipeline:Render (UnityEngine.Rendering.ScriptableRenderContext,System.Collections.Generic.List`1<UnityEngine.Camera>) (at ./Library/PackageCache/com.unity.render-pipelines.universal@14.0.7/Runtime/UniversalRenderPipeline.cs:376)
UnityEngine.Rendering.RenderPipeline:InternalRender (UnityEngine.Rendering.ScriptableRenderContext,System.Collections.Generic.List`1<UnityEngine.Camera>)
UnityEngine.Rendering.RenderPipelineManager:DoRenderLoop_Internal (UnityEngine.Rendering.RenderPipelineAsset,intptr,UnityEngine.Object,Unity.Collections.LowLevel.Unsafe.AtomicSafetyHandle)
UnityEditor.PreviewRenderUtility:Render (bool,bool)
UnityEditor.GameObjectInspector:DoRenderPreview (UnityEditor.GameObjectInspector/PreviewData)
UnityEditor.GameObjectInspector:RenderStaticPreview (string,UnityEngine.Object[],int,int)
UnityEditor.AssetPreviewUpdater:CreatePreview (UnityEngine.Object,UnityEngine.Object[],string,int,int)
UnityEditor.AssetPreviewUpdater:CreatePreviewForAsset (UnityEngine.Object,UnityEngine.Object[],string)

[./Library/PackageCache/com.unity.render-pipelines.universal@14.0.7/Runtime/UniversalRenderPipeline.cs line 666]

 -> (artifact id: 'fa20d9a9352454d58dd50264f2d50a2b') in 0.445903 seconds
Number of updated asset objects reloaded before import = 0
Number of asset objects unloaded after import = 41
========================================================================
Received Import Request.
  Time since last request: 162.454011 seconds.
  path: Assets/DownloadAssets/100Effects/EffectsSet_2(ScriptBased)/Effects/Effect_47_ChildrenOfUniverse/Effect_47_NeutronStar.prefab
  artifactKey: Guid(79af62935e2c2ad4faaff9f0cc428fe3) Importer(815301076,1909f56bfc062723c751e8b465ee728b)
Start importing Assets/DownloadAssets/100Effects/EffectsSet_2(ScriptBased)/Effects/Effect_47_ChildrenOfUniverse/Effect_47_NeutronStar.prefab using Guid(79af62935e2c2ad4faaff9f0cc428fe3) Importer(815301076,1909f56bfc062723c751e8b465ee728b)  -> (artifact id: '11c8382074e67bf19d8fae8f5c3ee95a') in 0.069229 seconds
Number of updated asset objects reloaded before import = 0
Number of asset objects unloaded after import = 50
========================================================================
Received Import Request.
  Time since last request: 0.031518 seconds.
  path: Assets/DownloadAssets/100Effects/EffectsSet_2(ScriptBased)/Effects/Effect_47_ChildrenOfUniverse/Effect_47_StarFallen.prefab
  artifactKey: Guid(c2779ae44fe9e1c4cbd86a90a6e22385) Importer(815301076,1909f56bfc062723c751e8b465ee728b)
Start importing Assets/DownloadAssets/100Effects/EffectsSet_2(ScriptBased)/Effects/Effect_47_ChildrenOfUniverse/Effect_47_StarFallen.prefab using Guid(c2779ae44fe9e1c4cbd86a90a6e22385) Importer(815301076,1909f56bfc062723c751e8b465ee728b)  -> (artifact id: '8e2bc317fad2b71845f57e09838491ae') in 0.027404 seconds
Number of updated asset objects reloaded before import = 0
Number of asset objects unloaded after import = 33
========================================================================
Received Import Request.
  Time since last request: 12.914386 seconds.
  path: Assets/DownloadAssets/100Effects/EffectsSet_2(ScriptBased)/Effects/Effect_47_ChildrenOfUniverse/Effect_47_Parts/Effect_47_FusionCore.prefab
  artifactKey: Guid(949f9fbab21eb5047859c8c6c0e2c763) Importer(815301076,1909f56bfc062723c751e8b465ee728b)
Start importing Assets/DownloadAssets/100Effects/EffectsSet_2(ScriptBased)/Effects/Effect_47_ChildrenOfUniverse/Effect_47_Parts/Effect_47_FusionCore.prefab using Guid(949f9fbab21eb5047859c8c6c0e2c763) Importer(815301076,1909f56bfc062723c751e8b465ee728b)  -> (artifact id: '8c80c519c0fa8585249b706ac7a8b144') in 0.208737 seconds
Number of updated asset objects reloaded before import = 0
Number of asset objects unloaded after import = 55
========================================================================
Received Import Request.
  Time since last request: 0.000023 seconds.
  path: Assets/DownloadAssets/100Effects/EffectsSet_2(ScriptBased)/Effects/Effect_47_ChildrenOfUniverse/Effect_47_Parts/Effect_47_StarHit.prefab
  artifactKey: Guid(e2b4962e6bf7611439e26c8240ae9304) Importer(815301076,1909f56bfc062723c751e8b465ee728b)
Start importing Assets/DownloadAssets/100Effects/EffectsSet_2(ScriptBased)/Effects/Effect_47_ChildrenOfUniverse/Effect_47_Parts/Effect_47_StarHit.prefab using Guid(e2b4962e6bf7611439e26c8240ae9304) Importer(815301076,1909f56bfc062723c751e8b465ee728b)  -> (artifact id: '833d56218dfc7147655d9213c93a92c9') in 0.027103 seconds
Number of updated asset objects reloaded before import = 0
Number of asset objects unloaded after import = 61
========================================================================
Received Import Request.
  Time since last request: 0.000037 seconds.
  path: Assets/DownloadAssets/100Effects/EffectsSet_2(ScriptBased)/Effects/Effect_47_ChildrenOfUniverse/Effect_47_Parts/Effect_47_SunBurstCore.prefab
  artifactKey: Guid(6a0556742c4a6374bae4a93d89828e8b) Importer(815301076,1909f56bfc062723c751e8b465ee728b)
Start importing Assets/DownloadAssets/100Effects/EffectsSet_2(ScriptBased)/Effects/Effect_47_ChildrenOfUniverse/Effect_47_Parts/Effect_47_SunBurstCore.prefab using Guid(6a0556742c4a6374bae4a93d89828e8b) Importer(815301076,1909f56bfc062723c751e8b465ee728b)  -> (artifact id: '735d7a0f7a58f02c5d4ad4401a068c3f') in 0.068616 seconds
Number of updated asset objects reloaded before import = 0
Number of asset objects unloaded after import = 33
========================================================================
Received Import Request.
  Time since last request: 0.000021 seconds.
  path: Assets/DownloadAssets/100Effects/EffectsSet_2(ScriptBased)/Effects/Effect_47_ChildrenOfUniverse/Effect_47_Parts/Effect_47_Star.prefab
  artifactKey: Guid(4bbb80028db14f346b2fc667f36f828c) Importer(815301076,1909f56bfc062723c751e8b465ee728b)
Start importing Assets/DownloadAssets/100Effects/EffectsSet_2(ScriptBased)/Effects/Effect_47_ChildrenOfUniverse/Effect_47_Parts/Effect_47_Star.prefab using Guid(4bbb80028db14f346b2fc667f36f828c) Importer(815301076,1909f56bfc062723c751e8b465ee728b)  -> (artifact id: '9582055c62da860b97c0ae50b13ed5e0') in 0.018749 seconds
Number of updated asset objects reloaded before import = 0
Number of asset objects unloaded after import = 33
Editor requested this worker to shutdown with reason: Scaling down because of idle timeout
TcpMessagingSession - receive error: operation aborted. errorcode: 995, details:        I/O  .
AssetImportWorker is now disconnected from the server
Process exiting
Exiting without the bug reporter. Application will terminate with return code 0