Using pre-set license
Built from '2022.2/staging' branch; Version is '2022.2.20f1 (c5d806317f84) revision 12965894'; Using compiler version '192829333'; Build Type 'Release'
OS: 'Windows 10  (10.0.19045) 64bit Professional' Language: 'ko' Physical Memory: 32729 MB
BatchMode: 1, IsHumanControllingUs: 0, StartBugReporterOnCrash: 0, Is64bit: 1, IsPro: 1

COMMAND LINE ARGUMENTS:
G:\Unity\2022.2.20f1\Editor\Unity.exe
-adb2
-batchMode
-noUpm
-name
AssetImportWorker2
-projectPath
G:/4p-project/Power_of_Personality
-logFile
Logs/AssetImportWorker2.log
-srvPort
5006
Successfully changed project path to: G:/4p-project/Power_of_Personality
G:/4p-project/Power_of_Personality
[UnityMemory] Configuration Parameters - Can be set up in boot.config
    "memorysetup-bucket-allocator-granularity=16"
    "memorysetup-bucket-allocator-bucket-count=8"
    "memorysetup-bucket-allocator-block-size=33554432"
    "memorysetup-bucket-allocator-block-count=8"
    "memorysetup-main-allocator-block-size=16777216"
    "memorysetup-thread-allocator-block-size=16777216"
    "memorysetup-gfx-main-allocator-block-size=16777216"
    "memorysetup-gfx-thread-allocator-block-size=16777216"
    "memorysetup-cache-allocator-block-size=4194304"
    "memorysetup-typetree-allocator-block-size=2097152"
    "memorysetup-profiler-bucket-allocator-granularity=16"
    "memorysetup-profiler-bucket-allocator-bucket-count=8"
    "memorysetup-profiler-bucket-allocator-block-size=33554432"
    "memorysetup-profiler-bucket-allocator-block-count=8"
    "memorysetup-profiler-allocator-block-size=16777216"
    "memorysetup-profiler-editor-allocator-block-size=1048576"
    "memorysetup-temp-allocator-size-main=16777216"
    "memorysetup-job-temp-allocator-block-size=2097152"
    "memorysetup-job-temp-allocator-block-size-background=1048576"
    "memorysetup-job-temp-allocator-reduction-small-platforms=262144"
    "memorysetup-temp-allocator-size-background-worker=32768"
    "memorysetup-temp-allocator-size-job-worker=262144"
    "memorysetup-temp-allocator-size-preload-manager=33554432"
    "memorysetup-temp-allocator-size-nav-mesh-worker=65536"
    "memorysetup-temp-allocator-size-audio-worker=65536"
    "memorysetup-temp-allocator-size-cloud-worker=32768"
    "memorysetup-temp-allocator-size-gi-baking-worker=262144"
    "memorysetup-temp-allocator-size-gfx=262144"
Player connection [19416] Host "[IP] 192.168.0.26 [Port] 0 [Flags] 2 [Guid] 478082259 [EditorId] 478082259 [Version] 1048832 [Id] WindowsEditor(7,DESKTOP-JGTGNHB) [Debug] 1 [PackageName] WindowsEditor [ProjectName] Editor" joined multi-casting on [225.0.0.222:54997]...

Player connection [19416] Host "[IP] 192.168.0.26 [Port] 0 [Flags] 2 [Guid] 478082259 [EditorId] 478082259 [Version] 1048832 [Id] WindowsEditor(7,DESKTOP-JGTGNHB) [Debug] 1 [PackageName] WindowsEditor [ProjectName] Editor" joined alternative multi-casting on [225.0.0.222:34997]...

Refreshing native plugins compatible for Editor in 91.82 ms, found 3 plugins.
Preloading 0 native plugins for Editor in 0.00 ms.
Initialize engine version: 2022.2.20f1 (c5d806317f84)
[Subsystems] Discovering subsystems at path G:/Unity/2022.2.20f1/Editor/Data/Resources/UnitySubsystems
[Subsystems] Discovering subsystems at path G:/4p-project/Power_of_Personality/Assets
GfxDevice: creating device client; threaded=0; jobified=0
Direct3D:
    Version:  Direct3D 11.0 [level 11.1]
    Renderer: NVIDIA GeForce GTX 1060 6GB (ID=0x1b83)
    Vendor:   NVIDIA
    VRAM:     6044 MB
    Driver:   31.0.15.4617
Initialize mono
Mono path[0] = 'G:/Unity/2022.2.20f1/Editor/Data/Managed'
Mono path[1] = 'G:/Unity/2022.2.20f1/Editor/Data/MonoBleedingEdge/lib/mono/unityjit-win32'
Mono config path = 'G:/Unity/2022.2.20f1/Editor/Data/MonoBleedingEdge/etc'
Using monoOptions --debugger-agent=transport=dt_socket,embedding=1,server=y,suspend=n,address=127.0.0.1:56992
Begin MonoManager ReloadAssembly
Registering precompiled unity dll's ...
Register platform support module: G:/Unity/2022.2.20f1/Editor/Data/PlaybackEngines/AndroidPlayer/UnityEditor.Android.Extensions.dll
Register platform support module: G:/Unity/2022.2.20f1/Editor/Data/PlaybackEngines/WindowsStandaloneSupport/UnityEditor.WindowsStandalone.Extensions.dll
Registered in 0.015762 seconds.
- Loaded All Assemblies, in  0.685 seconds
Native extension for WindowsStandalone target not found
Native extension for Android target not found
Android Extension - Scanning For ADB Devices 1050 ms
Mono: successfully reloaded assembly
- Finished resetting the current domain, in  1.768 seconds
Domain Reload Profiling:
	ReloadAssembly (416ms)
		BeginReloadAssembly (204ms)
			ExecutionOrderSort (0ms)
			DisableScriptedObjects (0ms)
			BackupInstance (0ms)
			ReleaseScriptingObjects (0ms)
			CreateAndSetChildDomain (4ms)
		LoadAllAssembliesAndSetupDomain (0ms)
			LoadAssemblies (201ms)
			RebuildTransferFunctionScriptingTraits (0ms)
			SetupTypeCache (260ms)
				TypeCache.Initialize (258ms)
					TypeCache.ScanAssembly (251ms)
				ResolveRequiredComponents (1ms)
		FinalizeReload (0ms)
			ReleaseScriptCaches (0ms)
			RebuildScriptCaches (0ms)
			SetupLoadedEditorAssemblies (1648ms)
				LogAssemblyErrors (0ms)
				InitializePlatformSupportModulesInManaged (1297ms)
				SetLoadedEditorAssemblies (13ms)
				RefreshPlugins (0ms)
				BeforeProcessingInitializeOnLoad (2ms)
				ProcessInitializeOnLoadAttributes (233ms)
				ProcessInitializeOnLoadMethodAttributes (102ms)
				AfterProcessingInitializeOnLoad (0ms)
				EditorAssembliesLoaded (0ms)
			ExecutionOrderSort2 (0ms)
			AwakeInstancesAfterBackupRestoration (0ms)
========================================================================
Worker process is ready to serve import requests
Begin MonoManager ReloadAssembly
Symbol file LoadedFromMemory doesn't match image G:\4p-project\Power_of_Personality\Library\PackageCache\com.unity.visualscripting@1.8.0\Editor\VisualScripting.Core\Dependencies\YamlDotNet\Unity.VisualScripting.YamlDotNet.dll
Symbol file LoadedFromMemory doesn't match image G:\4p-project\Power_of_Personality\Library\PackageCache\com.unity.visualscripting@1.8.0\Editor\VisualScripting.Core\Dependencies\DotNetZip\Unity.VisualScripting.IonicZip.dll
- Loaded All Assemblies, in  1.902 seconds
Refreshing native plugins compatible for Editor in 8.90 ms, found 3 plugins.
Native extension for WindowsStandalone target not found
Native extension for Android target not found
Mono: successfully reloaded assembly
- Finished resetting the current domain, in  1.423 seconds
Domain Reload Profiling:
	ReloadAssembly (461ms)
		BeginReloadAssembly (286ms)
			ExecutionOrderSort (0ms)
			DisableScriptedObjects (11ms)
			BackupInstance (0ms)
			ReleaseScriptingObjects (1ms)
			CreateAndSetChildDomain (47ms)
		LoadAllAssembliesAndSetupDomain (1437ms)
			LoadAssemblies (713ms)
			RebuildTransferFunctionScriptingTraits (0ms)
			SetupTypeCache (877ms)
				TypeCache.Initialize (801ms)
					TypeCache.ScanAssembly (790ms)
				ResolveRequiredComponents (26ms)
		FinalizeReload (0ms)
			ReleaseScriptCaches (0ms)
			RebuildScriptCaches (0ms)
			SetupLoadedEditorAssemblies (1024ms)
				LogAssemblyErrors (0ms)
				InitializePlatformSupportModulesInManaged (49ms)
				SetLoadedEditorAssemblies (9ms)
				RefreshPlugins (0ms)
				BeforeProcessingInitializeOnLoad (156ms)
				ProcessInitializeOnLoadAttributes (615ms)
				ProcessInitializeOnLoadMethodAttributes (183ms)
				AfterProcessingInitializeOnLoad (9ms)
				EditorAssembliesLoaded (3ms)
			ExecutionOrderSort2 (0ms)
			AwakeInstancesAfterBackupRestoration (26ms)
Launched and connected shader compiler UnityShaderCompiler.exe after 0.20 seconds
Refreshing native plugins compatible for Editor in 8.55 ms, found 3 plugins.
Preloading 0 native plugins for Editor in 0.00 ms.
Unloading 6004 Unused Serialized files (Serialized files now loaded: 0)
Unloading 95 unused Assets / (3.2 MB). Loaded Objects now: 6452.
Memory consumption went from 248.6 MB to 245.4 MB.
Total: 26.668300 ms (FindLiveObjects: 0.886000 ms CreateObjectMapping: 0.819700 ms MarkObjects: 22.808800 ms  DeleteObjects: 2.152100 ms)

AssetImportParameters requested are different than current active one (requested -> active):
  custom:container-demuxer-ogg: 62fdf1f143b41e24485cea50d1cbac27 -> 
  custom:video-decoder-ogg-theora: a1e56fd34408186e4bbccfd4996cb3dc -> 
  custom:framework-win-MediaFoundation: 216162199b28c13a410421893ffa2e32 -> 
  custom:container-demuxer-webm: 4f35f7cbe854078d1ac9338744f61a02 -> 
  custom:container-muxer-webm: aa71ff27fc2769a1b78a27578f13a17b -> 
  custom:video-decoder-webm-vp8: 9c59270c3fd7afecdb556c50c9e8de78 -> 
  custom:AudioImporter_EditorPlatform: d09bf68614088b80899f8185d706f6e7 -> 
  custom:video-encoder-webm-vp8: eb34c28f22e8b96e1ab97ce403110664 -> 
  custom:audio-decoder-ogg-vorbis: bf7c407c2cedff20999df2af8eb42d56 -> 
  custom:audio-encoder-webm-vorbis: bf7c407c2cedff20999df2af8eb42d56 -> 
========================================================================
Received Import Request.
  Time since last request: 1509623.576799 seconds.
  path: Assets/Models/Mesh_Sewer/sewer_door001_r.FBX
  artifactKey: Guid(5bc4c138607c9a940995f6787f5e8560) Importer(815301076,1909f56bfc062723c751e8b465ee728b)
Start importing Assets/Models/Mesh_Sewer/sewer_door001_r.FBX using Guid(5bc4c138607c9a940995f6787f5e8560) Importer(815301076,1909f56bfc062723c751e8b465ee728b)  -> (artifact id: '6fda79b2867a3e9d07d687e55cf2e658') in 1.508749 seconds
Number of updated asset objects reloaded before import = 0
Number of asset objects unloaded after import = 11
========================================================================
Received Import Request.
  Time since last request: 0.034965 seconds.
  path: Assets/Prefabs/Prefab_Castle/Dungeon/Wall_10_Door_01.prefab
  artifactKey: Guid(d535472e5adf302439d07f7cf365b826) Importer(815301076,1909f56bfc062723c751e8b465ee728b)
Start importing Assets/Prefabs/Prefab_Castle/Dungeon/Wall_10_Door_01.prefab using Guid(d535472e5adf302439d07f7cf365b826) Importer(815301076,1909f56bfc062723c751e8b465ee728b)  -> (artifact id: 'a7d1e6f850483e299e21c1fbd43d3c3e') in 0.088115 seconds
Number of updated asset objects reloaded before import = 0
Number of asset objects unloaded after import = 71
========================================================================
Received Import Request.
  Time since last request: 0.022034 seconds.
  path: Assets/Prefabs/Prefab_Castle/Dungeon/MetalWall_Door_01.prefab
  artifactKey: Guid(960cd7da2b4732543abff8b232cd04ff) Importer(815301076,1909f56bfc062723c751e8b465ee728b)
Start importing Assets/Prefabs/Prefab_Castle/Dungeon/MetalWall_Door_01.prefab using Guid(960cd7da2b4732543abff8b232cd04ff) Importer(815301076,1909f56bfc062723c751e8b465ee728b)  -> (artifact id: 'ff2a90fadb0b6d041ce0aa15b870d4fa') in 0.045631 seconds
Number of updated asset objects reloaded before import = 0
Number of asset objects unloaded after import = 35
========================================================================
Received Import Request.
  Time since last request: 0.003031 seconds.
  path: Assets/Prefabs/Prefab_Castle/Dungeon/Door_05.prefab
  artifactKey: Guid(20ecbac854a80354baf0078fc099fea9) Importer(815301076,1909f56bfc062723c751e8b465ee728b)
Start importing Assets/Prefabs/Prefab_Castle/Dungeon/Door_05.prefab using Guid(20ecbac854a80354baf0078fc099fea9) Importer(815301076,1909f56bfc062723c751e8b465ee728b)  -> (artifact id: 'bc02822381b2aa69bb1a6898b1122d87') in 0.032008 seconds
Number of updated asset objects reloaded before import = 0
Number of asset objects unloaded after import = 11
========================================================================
Received Import Request.
  Time since last request: 0.015512 seconds.
  path: Assets/Prefabs/Prefab_Castle/Dungeon/Door_02.prefab
  artifactKey: Guid(61b67e1f2848b0941a94165cf041dc88) Importer(815301076,1909f56bfc062723c751e8b465ee728b)
Start importing Assets/Prefabs/Prefab_Castle/Dungeon/Door_02.prefab using Guid(61b67e1f2848b0941a94165cf041dc88) Importer(815301076,1909f56bfc062723c751e8b465ee728b)  -> (artifact id: '9e7cb3d7c07967f39e0fa82f136e9662') in 0.057156 seconds
Number of updated asset objects reloaded before import = 0
Number of asset objects unloaded after import = 47
========================================================================
Received Import Request.
  Time since last request: 0.017486 seconds.
  path: Assets/Prefabs/Prefab_Sewer/sewer_door001_r.prefab
  artifactKey: Guid(75c75c380aef83447ac6427eaf518d3c) Importer(815301076,1909f56bfc062723c751e8b465ee728b)
Start importing Assets/Prefabs/Prefab_Sewer/sewer_door001_r.prefab using Guid(75c75c380aef83447ac6427eaf518d3c) Importer(815301076,1909f56bfc062723c751e8b465ee728b)  -> (artifact id: '70d422165d4737584d42bfd7f177d3be') in 0.079663 seconds
Number of updated asset objects reloaded before import = 0
Number of asset objects unloaded after import = 11
Editor requested this worker to shutdown with reason: Scaling down because of idle timeout
TcpMessagingSession - receive error: operation aborted. errorcode: 995, details: 스레드 종료 또는 응용 프로그램 요청 때문에 I/O 작업이 취소되었습니다.
AssetImportWorker is now disconnected from the server
Process exiting
Exiting without the bug reporter. Application will terminate with return code 0