Using pre-set license
Built from '2022.2/staging' branch; Version is '2022.2.20f1 (c5d806317f84) revision 12965894'; Using compiler version '192829333'; Build Type 'Release'
OS: 'Windows 10  (10.0.19045) 64bit Professional' Language: 'ko' Physical Memory: 32729 MB
BatchMode: 1, IsHumanControllingUs: 0, StartBugReporterOnCrash: 0, Is64bit: 1, IsPro: 1

COMMAND LINE ARGUMENTS:
G:\Unity\2022.2.20f1\Editor\Unity.exe
-adb2
-batchMode
-noUpm
-name
AssetImportWorker30
-projectPath
G:/4p-project/Power_of_Personality
-logFile
Logs/AssetImportWorker30.log
-srvPort
3813
Successfully changed project path to: G:/4p-project/Power_of_Personality
G:/4p-project/Power_of_Personality
[UnityMemory] Configuration Parameters - Can be set up in boot.config
    "memorysetup-bucket-allocator-granularity=16"
    "memorysetup-bucket-allocator-bucket-count=8"
    "memorysetup-bucket-allocator-block-size=33554432"
    "memorysetup-bucket-allocator-block-count=8"
    "memorysetup-main-allocator-block-size=16777216"
    "memorysetup-thread-allocator-block-size=16777216"
    "memorysetup-gfx-main-allocator-block-size=16777216"
    "memorysetup-gfx-thread-allocator-block-size=16777216"
    "memorysetup-cache-allocator-block-size=4194304"
    "memorysetup-typetree-allocator-block-size=2097152"
    "memorysetup-profiler-bucket-allocator-granularity=16"
    "memorysetup-profiler-bucket-allocator-bucket-count=8"
    "memorysetup-profiler-bucket-allocator-block-size=33554432"
    "memorysetup-profiler-bucket-allocator-block-count=8"
    "memorysetup-profiler-allocator-block-size=16777216"
    "memorysetup-profiler-editor-allocator-block-size=1048576"
    "memorysetup-temp-allocator-size-main=16777216"
    "memorysetup-job-temp-allocator-block-size=2097152"
    "memorysetup-job-temp-allocator-block-size-background=1048576"
    "memorysetup-job-temp-allocator-reduction-small-platforms=262144"
    "memorysetup-temp-allocator-size-background-worker=32768"
    "memorysetup-temp-allocator-size-job-worker=262144"
    "memorysetup-temp-allocator-size-preload-manager=33554432"
    "memorysetup-temp-allocator-size-nav-mesh-worker=65536"
    "memorysetup-temp-allocator-size-audio-worker=65536"
    "memorysetup-temp-allocator-size-cloud-worker=32768"
    "memorysetup-temp-allocator-size-gi-baking-worker=262144"
    "memorysetup-temp-allocator-size-gfx=262144"
Player connection [30488] Host "[IP] 192.168.0.26 [Port] 0 [Flags] 2 [Guid] 2678022987 [EditorId] 2678022987 [Version] 1048832 [Id] WindowsEditor(7,DESKTOP-JGTGNHB) [Debug] 1 [PackageName] WindowsEditor [ProjectName] Editor" joined multi-casting on [225.0.0.222:54997]...

Player connection [30488] Host "[IP] 192.168.0.26 [Port] 0 [Flags] 2 [Guid] 2678022987 [EditorId] 2678022987 [Version] 1048832 [Id] WindowsEditor(7,DESKTOP-JGTGNHB) [Debug] 1 [PackageName] WindowsEditor [ProjectName] Editor" joined alternative multi-casting on [225.0.0.222:34997]...

Refreshing native plugins compatible for Editor in 27.23 ms, found 3 plugins.
Preloading 0 native plugins for Editor in 0.00 ms.
Initialize engine version: 2022.2.20f1 (c5d806317f84)
[Subsystems] Discovering subsystems at path G:/Unity/2022.2.20f1/Editor/Data/Resources/UnitySubsystems
[Subsystems] Discovering subsystems at path G:/4p-project/Power_of_Personality/Assets
GfxDevice: creating device client; threaded=0; jobified=0
Direct3D:
    Version:  Direct3D 11.0 [level 11.1]
    Renderer: NVIDIA GeForce GTX 1060 6GB (ID=0x1b83)
    Vendor:   NVIDIA
    VRAM:     6044 MB
    Driver:   31.0.15.4617
Initialize mono
Mono path[0] = 'G:/Unity/2022.2.20f1/Editor/Data/Managed'
Mono path[1] = 'G:/Unity/2022.2.20f1/Editor/Data/MonoBleedingEdge/lib/mono/unityjit-win32'
Mono config path = 'G:/Unity/2022.2.20f1/Editor/Data/MonoBleedingEdge/etc'
Using monoOptions --debugger-agent=transport=dt_socket,embedding=1,server=y,suspend=n,address=127.0.0.1:56176
Begin MonoManager ReloadAssembly
Registering precompiled unity dll's ...
Register platform support module: G:/Unity/2022.2.20f1/Editor/Data/PlaybackEngines/AndroidPlayer/UnityEditor.Android.Extensions.dll
Register platform support module: G:/Unity/2022.2.20f1/Editor/Data/PlaybackEngines/WindowsStandaloneSupport/UnityEditor.WindowsStandalone.Extensions.dll
Registered in 0.027020 seconds.
- Loaded All Assemblies, in  1.175 seconds
Native extension for WindowsStandalone target not found
Native extension for Android target not found
Android Extension - Scanning For ADB Devices 1004 ms
Mono: successfully reloaded assembly
- Finished resetting the current domain, in  1.757 seconds
Domain Reload Profiling:
	ReloadAssembly (777ms)
		BeginReloadAssembly (314ms)
			ExecutionOrderSort (0ms)
			DisableScriptedObjects (0ms)
			BackupInstance (0ms)
			ReleaseScriptingObjects (0ms)
			CreateAndSetChildDomain (2ms)
		LoadAllAssembliesAndSetupDomain (0ms)
			LoadAssemblies (313ms)
			RebuildTransferFunctionScriptingTraits (0ms)
			SetupTypeCache (386ms)
				TypeCache.Initialize (384ms)
					TypeCache.ScanAssembly (381ms)
				ResolveRequiredComponents (2ms)
		FinalizeReload (0ms)
			ReleaseScriptCaches (0ms)
			RebuildScriptCaches (0ms)
			SetupLoadedEditorAssemblies (1604ms)
				LogAssemblyErrors (0ms)
				InitializePlatformSupportModulesInManaged (1282ms)
				SetLoadedEditorAssemblies (9ms)
				RefreshPlugins (0ms)
				BeforeProcessingInitializeOnLoad (1ms)
				ProcessInitializeOnLoadAttributes (207ms)
				ProcessInitializeOnLoadMethodAttributes (105ms)
				AfterProcessingInitializeOnLoad (0ms)
				EditorAssembliesLoaded (0ms)
			ExecutionOrderSort2 (0ms)
			AwakeInstancesAfterBackupRestoration (0ms)
========================================================================
Worker process is ready to serve import requests
Begin MonoManager ReloadAssembly
Symbol file LoadedFromMemory doesn't match image G:\4p-project\Power_of_Personality\Library\PackageCache\com.unity.visualscripting@1.8.0\Editor\VisualScripting.Core\Dependencies\YamlDotNet\Unity.VisualScripting.YamlDotNet.dll
Symbol file LoadedFromMemory doesn't match image G:\4p-project\Power_of_Personality\Library\PackageCache\com.unity.visualscripting@1.8.0\Editor\VisualScripting.Core\Dependencies\DotNetZip\Unity.VisualScripting.IonicZip.dll
- Loaded All Assemblies, in  2.607 seconds
Refreshing native plugins compatible for Editor in 9.55 ms, found 3 plugins.
Native extension for WindowsStandalone target not found
Native extension for Android target not found
Mono: successfully reloaded assembly
- Finished resetting the current domain, in  2.014 seconds
Domain Reload Profiling:
	ReloadAssembly (541ms)
		BeginReloadAssembly (354ms)
			ExecutionOrderSort (0ms)
			DisableScriptedObjects (40ms)
			BackupInstance (0ms)
			ReleaseScriptingObjects (1ms)
			CreateAndSetChildDomain (58ms)
		LoadAllAssembliesAndSetupDomain (2064ms)
			LoadAssemblies (988ms)
			RebuildTransferFunctionScriptingTraits (0ms)
			SetupTypeCache (1229ms)
				TypeCache.Initialize (1140ms)
					TypeCache.ScanAssembly (1125ms)
				ResolveRequiredComponents (32ms)
		FinalizeReload (0ms)
			ReleaseScriptCaches (0ms)
			RebuildScriptCaches (0ms)
			SetupLoadedEditorAssemblies (1377ms)
				LogAssemblyErrors (0ms)
				InitializePlatformSupportModulesInManaged (89ms)
				SetLoadedEditorAssemblies (16ms)
				RefreshPlugins (0ms)
				BeforeProcessingInitializeOnLoad (250ms)
				ProcessInitializeOnLoadAttributes (779ms)
				ProcessInitializeOnLoadMethodAttributes (233ms)
				AfterProcessingInitializeOnLoad (9ms)
				EditorAssembliesLoaded (0ms)
			ExecutionOrderSort2 (0ms)
			AwakeInstancesAfterBackupRestoration (25ms)
Launched and connected shader compiler UnityShaderCompiler.exe after 0.12 seconds
Refreshing native plugins compatible for Editor in 9.73 ms, found 3 plugins.
Preloading 0 native plugins for Editor in 0.00 ms.
Unloading 5983 Unused Serialized files (Serialized files now loaded: 0)
Unloading 98 unused Assets / (3.5 MB). Loaded Objects now: 6428.
Memory consumption went from 240.3 MB to 236.7 MB.
Total: 11.807000 ms (FindLiveObjects: 1.107300 ms CreateObjectMapping: 0.916200 ms MarkObjects: 7.126800 ms  DeleteObjects: 2.654600 ms)

AssetImportParameters requested are different than current active one (requested -> active):
  custom:container-demuxer-ogg: 62fdf1f143b41e24485cea50d1cbac27 -> 
  custom:video-decoder-ogg-theora: a1e56fd34408186e4bbccfd4996cb3dc -> 
  custom:framework-win-MediaFoundation: 216162199b28c13a410421893ffa2e32 -> 
  custom:container-demuxer-webm: 4f35f7cbe854078d1ac9338744f61a02 -> 
  custom:container-muxer-webm: aa71ff27fc2769a1b78a27578f13a17b -> 
  custom:video-decoder-webm-vp8: 9c59270c3fd7afecdb556c50c9e8de78 -> 
  custom:AudioImporter_EditorPlatform: d09bf68614088b80899f8185d706f6e7 -> 
  custom:video-encoder-webm-vp8: eb34c28f22e8b96e1ab97ce403110664 -> 
  custom:audio-decoder-ogg-vorbis: bf7c407c2cedff20999df2af8eb42d56 -> 
  custom:audio-encoder-webm-vorbis: bf7c407c2cedff20999df2af8eb42d56 -> 
========================================================================
Received Prepare
Begin MonoManager ReloadAssembly
Symbol file LoadedFromMemory doesn't match image G:\4p-project\Power_of_Personality\Library\PackageCache\com.unity.visualscripting@1.8.0\Editor\VisualScripting.Core\Dependencies\YamlDotNet\Unity.VisualScripting.YamlDotNet.dll
Symbol file LoadedFromMemory doesn't match image G:\4p-project\Power_of_Personality\Library\PackageCache\com.unity.visualscripting@1.8.0\Editor\VisualScripting.Core\Dependencies\DotNetZip\Unity.VisualScripting.IonicZip.dll
- Loaded All Assemblies, in  1.472 seconds
Refreshing native plugins compatible for Editor in 7.46 ms, found 3 plugins.
Native extension for WindowsStandalone target not found
Native extension for Android target not found
Mono: successfully reloaded assembly
- Finished resetting the current domain, in  2.202 seconds
Domain Reload Profiling:
	ReloadAssembly (401ms)
		BeginReloadAssembly (274ms)
			ExecutionOrderSort (0ms)
			DisableScriptedObjects (8ms)
			BackupInstance (0ms)
			ReleaseScriptingObjects (0ms)
			CreateAndSetChildDomain (82ms)
		LoadAllAssembliesAndSetupDomain (1068ms)
			LoadAssemblies (568ms)
			RebuildTransferFunctionScriptingTraits (0ms)
			SetupTypeCache (627ms)
				TypeCache.Initialize (602ms)
					TypeCache.ScanAssembly (591ms)
				ResolveRequiredComponents (25ms)
		FinalizeReload (0ms)
			ReleaseScriptCaches (0ms)
			RebuildScriptCaches (0ms)
			SetupLoadedEditorAssemblies (856ms)
				LogAssemblyErrors (0ms)
				InitializePlatformSupportModulesInManaged (43ms)
				SetLoadedEditorAssemblies (8ms)
				RefreshPlugins (0ms)
				BeforeProcessingInitializeOnLoad (154ms)
				ProcessInitializeOnLoadAttributes (483ms)
				ProcessInitializeOnLoadMethodAttributes (160ms)
				AfterProcessingInitializeOnLoad (8ms)
				EditorAssembliesLoaded (0ms)
			ExecutionOrderSort2 (0ms)
			AwakeInstancesAfterBackupRestoration (30ms)
Refreshing native plugins compatible for Editor in 9.44 ms, found 3 plugins.
Preloading 0 native plugins for Editor in 0.00 ms.
Unloading 5804 Unused Serialized files (Serialized files now loaded: 0)
Unloading 71 unused Assets / (3.3 MB). Loaded Objects now: 6433.
Memory consumption went from 205.5 MB to 202.3 MB.
Total: 22.701700 ms (FindLiveObjects: 0.735000 ms CreateObjectMapping: 1.019900 ms MarkObjects: 9.506600 ms  DeleteObjects: 11.438700 ms)

Prepare: number of updated asset objects reloaded= 0
AssetImportParameters requested are different than current active one (requested -> active):
  custom:container-demuxer-ogg: 62fdf1f143b41e24485cea50d1cbac27 -> 
  custom:video-decoder-ogg-theora: a1e56fd34408186e4bbccfd4996cb3dc -> 
  custom:framework-win-MediaFoundation: 216162199b28c13a410421893ffa2e32 -> 
  custom:container-demuxer-webm: 4f35f7cbe854078d1ac9338744f61a02 -> 
  custom:container-muxer-webm: aa71ff27fc2769a1b78a27578f13a17b -> 
  custom:video-decoder-webm-vp8: 9c59270c3fd7afecdb556c50c9e8de78 -> 
  custom:AudioImporter_EditorPlatform: d09bf68614088b80899f8185d706f6e7 -> 
  custom:video-encoder-webm-vp8: eb34c28f22e8b96e1ab97ce403110664 -> 
  custom:audio-decoder-ogg-vorbis: bf7c407c2cedff20999df2af8eb42d56 -> 
  custom:audio-encoder-webm-vorbis: bf7c407c2cedff20999df2af8eb42d56 -> 
========================================================================
Received Import Request.
  Time since last request: 302513.507106 seconds.
  path: Assets/SpecialSkillsEffectsPack/AllEffects/EffectsSet_2(ScriptBased)/Effects/Effect_48_AbsoluteOfWindStorm/Effect_48_WindFlawField.prefab
  artifactKey: Guid(b724e9f54df7b174380d36d4b1066af6) Importer(815301076,1909f56bfc062723c751e8b465ee728b)
Start importing Assets/SpecialSkillsEffectsPack/AllEffects/EffectsSet_2(ScriptBased)/Effects/Effect_48_AbsoluteOfWindStorm/Effect_48_WindFlawField.prefab using Guid(b724e9f54df7b174380d36d4b1066af6) Importer(815301076,1909f56bfc062723c751e8b465ee728b)  -> (artifact id: '025ea7912117da9d01561dae70581e2b') in 0.347702 seconds
Number of updated asset objects reloaded before import = 0
Number of asset objects unloaded after import = 38
========================================================================
Received Import Request.
  Time since last request: 0.035963 seconds.
  path: Assets/SpecialSkillsEffectsPack/AllEffects/EffectsSet_2(ScriptBased)/Materials/Effect_48_Materials/Effect_48_Wind_11.mat
  artifactKey: Guid(b3ddd51f8fd7b2e4cace88deeded4670) Importer(815301076,1909f56bfc062723c751e8b465ee728b)
Start importing Assets/SpecialSkillsEffectsPack/AllEffects/EffectsSet_2(ScriptBased)/Materials/Effect_48_Materials/Effect_48_Wind_11.mat using Guid(b3ddd51f8fd7b2e4cace88deeded4670) Importer(815301076,1909f56bfc062723c751e8b465ee728b)  -> (artifact id: '623e9a26d3059029a2c5f0e046adeee0') in 1.431896 seconds
Number of updated asset objects reloaded before import = 0
Number of asset objects unloaded after import = 24
========================================================================
Received Import Request.
  Time since last request: 0.000042 seconds.
  path: Assets/SpecialSkillsEffectsPack/AllEffects/EffectsSet_2(ScriptBased)/Materials/Effect_48_Materials/Effect_48_Wind_7.mat
  artifactKey: Guid(1812c4d1b01238447906beefc48df3db) Importer(815301076,1909f56bfc062723c751e8b465ee728b)
Start importing Assets/SpecialSkillsEffectsPack/AllEffects/EffectsSet_2(ScriptBased)/Materials/Effect_48_Materials/Effect_48_Wind_7.mat using Guid(1812c4d1b01238447906beefc48df3db) Importer(815301076,1909f56bfc062723c751e8b465ee728b)  -> (artifact id: '21071ed07fbcbdfb781d9dcaa88ae7c8') in 0.129355 seconds
Number of updated asset objects reloaded before import = 0
Number of asset objects unloaded after import = 5
========================================================================
Received Import Request.
  Time since last request: 25.729491 seconds.
  path: Assets/SpecialSkillsEffectsPack/AllEffects/EffectsSet_2(ScriptBased)/Materials/Effect_48_Materials/Effect_48_Wind_4.mat
  artifactKey: Guid(d91aba8755934874791273254407dbe6) Importer(815301076,1909f56bfc062723c751e8b465ee728b)
Start importing Assets/SpecialSkillsEffectsPack/AllEffects/EffectsSet_2(ScriptBased)/Materials/Effect_48_Materials/Effect_48_Wind_4.mat using Guid(d91aba8755934874791273254407dbe6) Importer(815301076,1909f56bfc062723c751e8b465ee728b)  -> (artifact id: '761730501020990c223340332d9187f3') in 0.084837 seconds
Number of updated asset objects reloaded before import = 0
Number of asset objects unloaded after import = 5
========================================================================
Received Import Request.
  Time since last request: 0.000043 seconds.
  path: Assets/SpecialSkillsEffectsPack/AllEffects/EffectsSet_2(ScriptBased)/Effects/Effect_48_AbsoluteOfWindStorm/Effect_48_TwinStormBurst.prefab
  artifactKey: Guid(39fe09d7e47412d4daa5ec134657141f) Importer(815301076,1909f56bfc062723c751e8b465ee728b)
Start importing Assets/SpecialSkillsEffectsPack/AllEffects/EffectsSet_2(ScriptBased)/Effects/Effect_48_AbsoluteOfWindStorm/Effect_48_TwinStormBurst.prefab using Guid(39fe09d7e47412d4daa5ec134657141f) Importer(815301076,1909f56bfc062723c751e8b465ee728b)  -> (artifact id: 'be165af956418c19b89f87cb9f592163') in 0.012665 seconds
Number of updated asset objects reloaded before import = 0
Number of asset objects unloaded after import = 34
========================================================================
Received Import Request.
  Time since last request: 0.000034 seconds.
  path: Assets/SpecialSkillsEffectsPack/AllEffects/EffectsSet_2(ScriptBased)/Materials/Effect_48_Materials/Effect_48_Wind_2.mat
  artifactKey: Guid(e0f82a307703f1c4a86df9d7015bfc0c) Importer(815301076,1909f56bfc062723c751e8b465ee728b)
Start importing Assets/SpecialSkillsEffectsPack/AllEffects/EffectsSet_2(ScriptBased)/Materials/Effect_48_Materials/Effect_48_Wind_2.mat using Guid(e0f82a307703f1c4a86df9d7015bfc0c) Importer(815301076,1909f56bfc062723c751e8b465ee728b)  -> (artifact id: '3a451cb6bc2fbe8298c794d004929d09') in 0.331617 seconds
Number of updated asset objects reloaded before import = 0
Number of asset objects unloaded after import = 5
========================================================================
Received Import Request.
  Time since last request: 0.000042 seconds.
  path: Assets/SpecialSkillsEffectsPack/AllEffects/EffectsSet_2(ScriptBased)/Effects/Effect_48_AbsoluteOfWindStorm/Effect_48_SpiralVortexWindStorm.prefab
  artifactKey: Guid(7ffb3703bacb29642a81ce0b7f0c3154) Importer(815301076,1909f56bfc062723c751e8b465ee728b)
Start importing Assets/SpecialSkillsEffectsPack/AllEffects/EffectsSet_2(ScriptBased)/Effects/Effect_48_AbsoluteOfWindStorm/Effect_48_SpiralVortexWindStorm.prefab using Guid(7ffb3703bacb29642a81ce0b7f0c3154) Importer(815301076,1909f56bfc062723c751e8b465ee728b)  -> (artifact id: '8141d600ae13575dbf2cb9a59ee48a20') in 0.019925 seconds
Number of updated asset objects reloaded before import = 0
Number of asset objects unloaded after import = 38
========================================================================
Received Import Request.
  Time since last request: 0.001006 seconds.
  path: Assets/SpecialSkillsEffectsPack/AllEffects/EffectsSet_1(NotScriptBased)/Materials/Effect_48_Materials/Effect_48_RingMesh.mat
  artifactKey: Guid(94fbe49fc9c426b4b839bda32fc41a88) Importer(815301076,1909f56bfc062723c751e8b465ee728b)
Start importing Assets/SpecialSkillsEffectsPack/AllEffects/EffectsSet_1(NotScriptBased)/Materials/Effect_48_Materials/Effect_48_RingMesh.mat using Guid(94fbe49fc9c426b4b839bda32fc41a88) Importer(815301076,1909f56bfc062723c751e8b465ee728b)  -> (artifact id: 'ec31d70017cc02681d1a28ec1c50d0aa') in 0.057787 seconds
Number of updated asset objects reloaded before import = 0
Number of asset objects unloaded after import = 7
========================================================================
Received Import Request.
  Time since last request: 0.001232 seconds.
  path: Assets/SpecialSkillsEffectsPack/AllEffects/EffectsSet_2(ScriptBased)/Materials/Effect_48_Materials/Effect_48_Impact_2.mat
  artifactKey: Guid(9c1cd9bbcf658144aa9290cde9036063) Importer(815301076,1909f56bfc062723c751e8b465ee728b)
Start importing Assets/SpecialSkillsEffectsPack/AllEffects/EffectsSet_2(ScriptBased)/Materials/Effect_48_Materials/Effect_48_Impact_2.mat using Guid(9c1cd9bbcf658144aa9290cde9036063) Importer(815301076,1909f56bfc062723c751e8b465ee728b)  -> (artifact id: '59dde66ece381163a3611fbcdc9e261e') in 0.055743 seconds
Number of updated asset objects reloaded before import = 0
Number of asset objects unloaded after import = 5
========================================================================
Received Import Request.
  Time since last request: 0.000034 seconds.
  path: Assets/SpecialSkillsEffectsPack/AllEffects/EffectsSet_2(ScriptBased)/Effects/Effect_48_AbsoluteOfWindStorm/Effect_48_Parts/Effect_48_SwiftWindExplode.prefab
  artifactKey: Guid(c68f5df79f1da1041ad30c3ca116f2c1) Importer(815301076,1909f56bfc062723c751e8b465ee728b)
Start importing Assets/SpecialSkillsEffectsPack/AllEffects/EffectsSet_2(ScriptBased)/Effects/Effect_48_AbsoluteOfWindStorm/Effect_48_Parts/Effect_48_SwiftWindExplode.prefab using Guid(c68f5df79f1da1041ad30c3ca116f2c1) Importer(815301076,1909f56bfc062723c751e8b465ee728b)  -> (artifact id: '0a829c60c56008849a0d81f64a5996fb') in 0.128368 seconds
Number of updated asset objects reloaded before import = 0
Number of asset objects unloaded after import = 29
========================================================================
Received Import Request.
  Time since last request: 0.708691 seconds.
  path: Assets/SpecialSkillsEffectsPack/AllEffects/EffectsSet_1(NotScriptBased)/Materials/Effect_48_Materials/Effect_48_Chain_3.mat
  artifactKey: Guid(5dca2b3156c21f941a38f182b897b146) Importer(815301076,1909f56bfc062723c751e8b465ee728b)
Start importing Assets/SpecialSkillsEffectsPack/AllEffects/EffectsSet_1(NotScriptBased)/Materials/Effect_48_Materials/Effect_48_Chain_3.mat using Guid(5dca2b3156c21f941a38f182b897b146) Importer(815301076,1909f56bfc062723c751e8b465ee728b)  -> (artifact id: '8ac740aafb8f547195d8109a34367830') in 0.048368 seconds
Number of updated asset objects reloaded before import = 0
Number of asset objects unloaded after import = 4
========================================================================
Received Import Request.
  Time since last request: 0.000026 seconds.
  path: Assets/Effects/Effect_Wizard/Effect_Wizard_Material/SkillE_Projectile/Effect_47_Sphere_4.mat
  artifactKey: Guid(844461f20a2b3414e9c57ea8f0bc2b93) Importer(815301076,1909f56bfc062723c751e8b465ee728b)
Start importing Assets/Effects/Effect_Wizard/Effect_Wizard_Material/SkillE_Projectile/Effect_47_Sphere_4.mat using Guid(844461f20a2b3414e9c57ea8f0bc2b93) Importer(815301076,1909f56bfc062723c751e8b465ee728b)  -> (artifact id: '70b61734866ee1f9eae1b5bcf9aedad7') in 0.065606 seconds
Number of updated asset objects reloaded before import = 0
Number of asset objects unloaded after import = 4
========================================================================
Received Import Request.
  Time since last request: 0.000037 seconds.
  path: Assets/Effects/Effect_Archer/Archer_Effect_Asset/Archer_Effect_Asset_Material/Effect_41_Particle_Ice.mat
  artifactKey: Guid(2cbaf8f5ca2772b46a1574006534136f) Importer(815301076,1909f56bfc062723c751e8b465ee728b)
Start importing Assets/Effects/Effect_Archer/Archer_Effect_Asset/Archer_Effect_Asset_Material/Effect_41_Particle_Ice.mat using Guid(2cbaf8f5ca2772b46a1574006534136f) Importer(815301076,1909f56bfc062723c751e8b465ee728b)  -> (artifact id: 'fde47745b5699c46bb0b3a98b2f8a2f2') in 0.045156 seconds
Number of updated asset objects reloaded before import = 0
Number of asset objects unloaded after import = 2
========================================================================
Received Import Request.
  Time since last request: 0.000055 seconds.
  path: Assets/SpecialSkillsEffectsPack/AllEffects/EffectsSet_2(ScriptBased)/Materials/Effect_41_Materials/Effect_41_Particle_3.mat
  artifactKey: Guid(9106897d27e45044bba766865033d00c) Importer(815301076,1909f56bfc062723c751e8b465ee728b)
Start importing Assets/SpecialSkillsEffectsPack/AllEffects/EffectsSet_2(ScriptBased)/Materials/Effect_41_Materials/Effect_41_Particle_3.mat using Guid(9106897d27e45044bba766865033d00c) Importer(815301076,1909f56bfc062723c751e8b465ee728b)  -> (artifact id: '80ea16aa675330cbeedbe188dd7ed926') in 0.029168 seconds
Number of updated asset objects reloaded before import = 0
Number of asset objects unloaded after import = 2
========================================================================
Received Import Request.
  Time since last request: 0.000030 seconds.
  path: Assets/SpecialSkillsEffectsPack/AllEffects/EffectsSet_1(NotScriptBased)/Materials/Effect_47_Materials/Effect_47_Shockwave.mat
  artifactKey: Guid(bf179a97e5a1e16409d136a0bff9211e) Importer(815301076,1909f56bfc062723c751e8b465ee728b)
Start importing Assets/SpecialSkillsEffectsPack/AllEffects/EffectsSet_1(NotScriptBased)/Materials/Effect_47_Materials/Effect_47_Shockwave.mat using Guid(bf179a97e5a1e16409d136a0bff9211e) Importer(815301076,1909f56bfc062723c751e8b465ee728b)  -> (artifact id: '7d0001af913196139c92f5d8f8b2412f') in 0.082812 seconds
Number of updated asset objects reloaded before import = 0
Number of asset objects unloaded after import = 5
========================================================================
Received Import Request.
  Time since last request: 0.001819 seconds.
  path: Assets/SpecialSkillsEffectsPack/AllEffects/EffectsSet_2(ScriptBased)/Materials/Effect_47_Materials/Effect_47_Sphere_2.mat
  artifactKey: Guid(de67020d0d61c884a9a7ff734bab9956) Importer(815301076,1909f56bfc062723c751e8b465ee728b)
Start importing Assets/SpecialSkillsEffectsPack/AllEffects/EffectsSet_2(ScriptBased)/Materials/Effect_47_Materials/Effect_47_Sphere_2.mat using Guid(de67020d0d61c884a9a7ff734bab9956) Importer(815301076,1909f56bfc062723c751e8b465ee728b)  -> (artifact id: '1b81718e1030be24c9ccdde5e6db3b30') in 0.060247 seconds
Number of updated asset objects reloaded before import = 0
Number of asset objects unloaded after import = 3
========================================================================
Received Import Request.
  Time since last request: 0.000042 seconds.
  path: Assets/SpecialSkillsEffectsPack/AllEffects/EffectsSet_2(ScriptBased)/Materials/Effect_42_Materials/Effect_42_Ring.mat
  artifactKey: Guid(4982ccc6dbd2deb46bb23327d3a77d2c) Importer(815301076,1909f56bfc062723c751e8b465ee728b)
Start importing Assets/SpecialSkillsEffectsPack/AllEffects/EffectsSet_2(ScriptBased)/Materials/Effect_42_Materials/Effect_42_Ring.mat using Guid(4982ccc6dbd2deb46bb23327d3a77d2c) Importer(815301076,1909f56bfc062723c751e8b465ee728b)  -> (artifact id: '61eb2f80db1b0c2c1734a1dac68b8b4b') in 0.025977 seconds
Number of updated asset objects reloaded before import = 0
Number of asset objects unloaded after import = 5
========================================================================
Received Import Request.
  Time since last request: 0.000415 seconds.
  path: Assets/SpecialSkillsEffectsPack/AllEffects/EffectsSet_2(ScriptBased)/Materials/Effect_42_Materials/Effect_42_Ring_3.mat
  artifactKey: Guid(9e36363ee1414614aabd47ce79ca7015) Importer(815301076,1909f56bfc062723c751e8b465ee728b)
Start importing Assets/SpecialSkillsEffectsPack/AllEffects/EffectsSet_2(ScriptBased)/Materials/Effect_42_Materials/Effect_42_Ring_3.mat using Guid(9e36363ee1414614aabd47ce79ca7015) Importer(815301076,1909f56bfc062723c751e8b465ee728b)  -> (artifact id: '28e560d5c4ce307671bb56ad6250d043') in 0.027209 seconds
Number of updated asset objects reloaded before import = 0
Number of asset objects unloaded after import = 5
========================================================================
Received Import Request.
  Time since last request: 0.000030 seconds.
  path: Assets/Effects/Effect_Wizard/Effect_Wizard_Material/CommonAttack_2/Effect_47_Sphere_I.mat
  artifactKey: Guid(4147420450f862e4dbd432751261f25a) Importer(815301076,1909f56bfc062723c751e8b465ee728b)
Start importing Assets/Effects/Effect_Wizard/Effect_Wizard_Material/CommonAttack_2/Effect_47_Sphere_I.mat using Guid(4147420450f862e4dbd432751261f25a) Importer(815301076,1909f56bfc062723c751e8b465ee728b)  -> (artifact id: '9ef9f56af6f84f7ca98eebc8adb1df5f') in 0.034712 seconds
Number of updated asset objects reloaded before import = 0
Number of asset objects unloaded after import = 3
========================================================================
Received Import Request.
  Time since last request: 0.000034 seconds.
  path: Assets/SpecialSkillsEffectsPack/AllEffects/EffectsSet_2(ScriptBased)/Materials/Effect_43_Materials/Effect_43_Line.mat
  artifactKey: Guid(fdb52b01d0dccaa4480cb94055cd1663) Importer(815301076,1909f56bfc062723c751e8b465ee728b)
Start importing Assets/SpecialSkillsEffectsPack/AllEffects/EffectsSet_2(ScriptBased)/Materials/Effect_43_Materials/Effect_43_Line.mat using Guid(fdb52b01d0dccaa4480cb94055cd1663) Importer(815301076,1909f56bfc062723c751e8b465ee728b)  -> (artifact id: '7a0adfd789a9579a0364720b87b5a0d3') in 0.196973 seconds
Number of updated asset objects reloaded before import = 0
Number of asset objects unloaded after import = 8
========================================================================
Received Import Request.
  Time since last request: 0.000037 seconds.
  path: Assets/SpecialSkillsEffectsPack/AllEffects/EffectsSet_2(ScriptBased)/Effects/Effect_43_DarkDraw/Effect_43_Parts/Effect_43_DarkPortal.prefab
  artifactKey: Guid(63e8dd4e6545e2541b0b3fc31c548509) Importer(815301076,1909f56bfc062723c751e8b465ee728b)
Start importing Assets/SpecialSkillsEffectsPack/AllEffects/EffectsSet_2(ScriptBased)/Effects/Effect_43_DarkDraw/Effect_43_Parts/Effect_43_DarkPortal.prefab using Guid(63e8dd4e6545e2541b0b3fc31c548509) Importer(815301076,1909f56bfc062723c751e8b465ee728b)  -> (artifact id: '3f99a7fe7bf6143fb688b49e2ffffe11') in 0.061110 seconds
Number of updated asset objects reloaded before import = 0
Number of asset objects unloaded after import = 31
========================================================================
Received Import Request.
  Time since last request: 0.000055 seconds.
  path: Assets/SpecialSkillsEffectsPack/AllEffects/EffectsSet_1(NotScriptBased)/Materials/Effect_42_Materials/Effect_42_Sphere_2.mat
  artifactKey: Guid(69ec0a318a2863046b8a69bd813aceb4) Importer(815301076,1909f56bfc062723c751e8b465ee728b)
Start importing Assets/SpecialSkillsEffectsPack/AllEffects/EffectsSet_1(NotScriptBased)/Materials/Effect_42_Materials/Effect_42_Sphere_2.mat using Guid(69ec0a318a2863046b8a69bd813aceb4) Importer(815301076,1909f56bfc062723c751e8b465ee728b)  -> (artifact id: '105bfca6254eee62d256c13f4db2b37e') in 0.046475 seconds
Number of updated asset objects reloaded before import = 0
Number of asset objects unloaded after import = 6
========================================================================
Received Import Request.
  Time since last request: 0.000034 seconds.
  path: Assets/SpecialSkillsEffectsPack/AllEffects/EffectsSet_2(ScriptBased)/Effects/Effect_42_CyberStorm/Effect_42_Parts/Effect_42_Hit.prefab
  artifactKey: Guid(4e931dd9d2c5d79418fcfe8971d56b81) Importer(815301076,1909f56bfc062723c751e8b465ee728b)
Start importing Assets/SpecialSkillsEffectsPack/AllEffects/EffectsSet_2(ScriptBased)/Effects/Effect_42_CyberStorm/Effect_42_Parts/Effect_42_Hit.prefab using Guid(4e931dd9d2c5d79418fcfe8971d56b81) Importer(815301076,1909f56bfc062723c751e8b465ee728b)  -> (artifact id: 'f44427422969442b2e41da3268e5c555') in 0.076701 seconds
Number of updated asset objects reloaded before import = 0
Number of asset objects unloaded after import = 25
========================================================================
Received Import Request.
  Time since last request: 0.000037 seconds.
  path: Assets/Effects/Effect_Wizard/Effect_Wizard_Material/CommonAttack_2/Effect_47_Sphere_3_I.mat
  artifactKey: Guid(4cddaea08518ae44ca1b1ce38f895476) Importer(815301076,1909f56bfc062723c751e8b465ee728b)
Start importing Assets/Effects/Effect_Wizard/Effect_Wizard_Material/CommonAttack_2/Effect_47_Sphere_3_I.mat using Guid(4cddaea08518ae44ca1b1ce38f895476) Importer(815301076,1909f56bfc062723c751e8b465ee728b)  -> (artifact id: '37051a8021c4e5fd9b16c9807064aad5') in 0.041188 seconds
Number of updated asset objects reloaded before import = 0
Number of asset objects unloaded after import = 3
========================================================================
Received Import Request.
  Time since last request: 0.000041 seconds.
  path: Assets/SpecialSkillsEffectsPack/AllEffects/EffectsSet_2(ScriptBased)/Materials/Effect_42_Materials/Effect_42_Ring_4.mat
  artifactKey: Guid(14e740cd5d41749408d0eb6297d3c3b2) Importer(815301076,1909f56bfc062723c751e8b465ee728b)
Start importing Assets/SpecialSkillsEffectsPack/AllEffects/EffectsSet_2(ScriptBased)/Materials/Effect_42_Materials/Effect_42_Ring_4.mat using Guid(14e740cd5d41749408d0eb6297d3c3b2) Importer(815301076,1909f56bfc062723c751e8b465ee728b)  -> (artifact id: 'fa92c47ac7377f86ad97cd8a7c3020d9') in 0.048523 seconds
Number of updated asset objects reloaded before import = 0
Number of asset objects unloaded after import = 5
========================================================================
Received Import Request.
  Time since last request: 0.000032 seconds.
  path: Assets/Effects/Effect_Archer/Archer_Effect_Asset/Archer_Effect_Asset_Material/Effect_41_Ring_Ice.mat
  artifactKey: Guid(302265b0eaa32824a8ff5f5e2f8781d3) Importer(815301076,1909f56bfc062723c751e8b465ee728b)
Start importing Assets/Effects/Effect_Archer/Archer_Effect_Asset/Archer_Effect_Asset_Material/Effect_41_Ring_Ice.mat using Guid(302265b0eaa32824a8ff5f5e2f8781d3) Importer(815301076,1909f56bfc062723c751e8b465ee728b)  -> (artifact id: '4a0923bdded3b65eddeca05612b91a4b') in 0.049533 seconds
Number of updated asset objects reloaded before import = 0
Number of asset objects unloaded after import = 5
========================================================================
Received Import Request.
  Time since last request: 0.002385 seconds.
  path: Assets/SpecialSkillsEffectsPack/AllEffects/EffectsSet_2(ScriptBased)/Materials/Effect_41_Materials/Effect_41_Particle.mat
  artifactKey: Guid(af8dd6d7fbcb7ae4a961cd241b68bb60) Importer(815301076,1909f56bfc062723c751e8b465ee728b)
Start importing Assets/SpecialSkillsEffectsPack/AllEffects/EffectsSet_2(ScriptBased)/Materials/Effect_41_Materials/Effect_41_Particle.mat using Guid(af8dd6d7fbcb7ae4a961cd241b68bb60) Importer(815301076,1909f56bfc062723c751e8b465ee728b)  -> (artifact id: 'b99ca9c386dc3d7991a0549533c436f2') in 0.040057 seconds
Number of updated asset objects reloaded before import = 0
Number of asset objects unloaded after import = 2
========================================================================
Received Import Request.
  Time since last request: 0.000042 seconds.
  path: Assets/SpecialSkillsEffectsPack/AllEffects/EffectsSet_2(ScriptBased)/Effects/Effect_41_MultipleArrow/Effect_41_MultipleArrow.prefab
  artifactKey: Guid(37225baa539a1114aad9ce6c4640c584) Importer(815301076,1909f56bfc062723c751e8b465ee728b)
Start importing Assets/SpecialSkillsEffectsPack/AllEffects/EffectsSet_2(ScriptBased)/Effects/Effect_41_MultipleArrow/Effect_41_MultipleArrow.prefab using Guid(37225baa539a1114aad9ce6c4640c584) Importer(815301076,1909f56bfc062723c751e8b465ee728b)  -> (artifact id: 'baed52e97317ce842cbc4ddc79eace3a') in 0.101842 seconds
Number of updated asset objects reloaded before import = 0
Number of asset objects unloaded after import = 58
========================================================================
Received Import Request.
  Time since last request: 0.000048 seconds.
  path: Assets/Effects/Effect_Wizard/Effect_Wizard_Material/CommonAttack_2/Effect_47_Sphere_F.mat
  artifactKey: Guid(743de07611ade204c81621f5adf84644) Importer(815301076,1909f56bfc062723c751e8b465ee728b)
Start importing Assets/Effects/Effect_Wizard/Effect_Wizard_Material/CommonAttack_2/Effect_47_Sphere_F.mat using Guid(743de07611ade204c81621f5adf84644) Importer(815301076,1909f56bfc062723c751e8b465ee728b)  -> (artifact id: 'bd4c0cc2f67d3e47f4f8965e0f7b6026') in 0.056102 seconds
Number of updated asset objects reloaded before import = 0
Number of asset objects unloaded after import = 4
========================================================================
Received Import Request.
  Time since last request: 0.000041 seconds.
  path: Assets/SpecialSkillsEffectsPack/AllEffects/EffectsSet_2(ScriptBased)/Materials/Effect_41_Materials/Effect_41_Ring_2.mat
  artifactKey: Guid(8d2f632cbf4aab147ae31f65bc388983) Importer(815301076,1909f56bfc062723c751e8b465ee728b)
Start importing Assets/SpecialSkillsEffectsPack/AllEffects/EffectsSet_2(ScriptBased)/Materials/Effect_41_Materials/Effect_41_Ring_2.mat using Guid(8d2f632cbf4aab147ae31f65bc388983) Importer(815301076,1909f56bfc062723c751e8b465ee728b)  -> (artifact id: '6fc02d1a76ffd5022941caabbea719f0') in 0.079201 seconds
Number of updated asset objects reloaded before import = 0
Number of asset objects unloaded after import = 6
========================================================================
Received Import Request.
  Time since last request: 0.000058 seconds.
  path: Assets/SpecialSkillsEffectsPack/AllEffects/EffectsSet_2(ScriptBased)/Materials/Effect_47_Materials/Effect_47_Sphere_3.mat
  artifactKey: Guid(299efe36c10af344486625a95a2d3934) Importer(815301076,1909f56bfc062723c751e8b465ee728b)
Start importing Assets/SpecialSkillsEffectsPack/AllEffects/EffectsSet_2(ScriptBased)/Materials/Effect_47_Materials/Effect_47_Sphere_3.mat using Guid(299efe36c10af344486625a95a2d3934) Importer(815301076,1909f56bfc062723c751e8b465ee728b)  -> (artifact id: '1979d4325b78c76133b588670f427c8f') in 0.047783 seconds
Number of updated asset objects reloaded before import = 0
Number of asset objects unloaded after import = 5
Editor requested this worker to shutdown with reason: Scaling down because of idle timeout
TcpMessagingSession - receive error: operation aborted. errorcode: 995, details: 스레드 종료 또는 응용 프로그램 요청 때문에 I/O 작업이 취소되었습니다.
AssetImportWorker is now disconnected from the server
Process exiting
Exiting without the bug reporter. Application will terminate with return code 0