Using pre-set license
Built from '2022.2/staging' branch; Version is '2022.2.20f1 (c5d806317f84) revision 12965894'; Using compiler version '192829333'; Build Type 'Release'
OS: 'Windows 10  (10.0.19045) 64bit Professional' Language: 'ko' Physical Memory: 32729 MB
BatchMode: 1, IsHumanControllingUs: 0, StartBugReporterOnCrash: 0, Is64bit: 1, IsPro: 1

COMMAND LINE ARGUMENTS:
G:\Unity\2022.2.20f1\Editor\Unity.exe
-adb2
-batchMode
-noUpm
-name
AssetImportWorker6
-projectPath
G:/4p-project/Power_of_Personality
-logFile
Logs/AssetImportWorker6.log
-srvPort
3813
Successfully changed project path to: G:/4p-project/Power_of_Personality
G:/4p-project/Power_of_Personality
[UnityMemory] Configuration Parameters - Can be set up in boot.config
    "memorysetup-bucket-allocator-granularity=16"
    "memorysetup-bucket-allocator-bucket-count=8"
    "memorysetup-bucket-allocator-block-size=33554432"
    "memorysetup-bucket-allocator-block-count=8"
    "memorysetup-main-allocator-block-size=16777216"
    "memorysetup-thread-allocator-block-size=16777216"
    "memorysetup-gfx-main-allocator-block-size=16777216"
    "memorysetup-gfx-thread-allocator-block-size=16777216"
    "memorysetup-cache-allocator-block-size=4194304"
    "memorysetup-typetree-allocator-block-size=2097152"
    "memorysetup-profiler-bucket-allocator-granularity=16"
    "memorysetup-profiler-bucket-allocator-bucket-count=8"
    "memorysetup-profiler-bucket-allocator-block-size=33554432"
    "memorysetup-profiler-bucket-allocator-block-count=8"
    "memorysetup-profiler-allocator-block-size=16777216"
    "memorysetup-profiler-editor-allocator-block-size=1048576"
    "memorysetup-temp-allocator-size-main=16777216"
    "memorysetup-job-temp-allocator-block-size=2097152"
    "memorysetup-job-temp-allocator-block-size-background=1048576"
    "memorysetup-job-temp-allocator-reduction-small-platforms=262144"
    "memorysetup-temp-allocator-size-background-worker=32768"
    "memorysetup-temp-allocator-size-job-worker=262144"
    "memorysetup-temp-allocator-size-preload-manager=33554432"
    "memorysetup-temp-allocator-size-nav-mesh-worker=65536"
    "memorysetup-temp-allocator-size-audio-worker=65536"
    "memorysetup-temp-allocator-size-cloud-worker=32768"
    "memorysetup-temp-allocator-size-gi-baking-worker=262144"
    "memorysetup-temp-allocator-size-gfx=262144"
Player connection [19972] Host "[IP] 192.168.0.26 [Port] 0 [Flags] 2 [Guid] 2163618637 [EditorId] 2163618637 [Version] 1048832 [Id] WindowsEditor(7,DESKTOP-JGTGNHB) [Debug] 1 [PackageName] WindowsEditor [ProjectName] Editor" joined multi-casting on [225.0.0.222:54997]...

Player connection [19972] Host "[IP] 192.168.0.26 [Port] 0 [Flags] 2 [Guid] 2163618637 [EditorId] 2163618637 [Version] 1048832 [Id] WindowsEditor(7,DESKTOP-JGTGNHB) [Debug] 1 [PackageName] WindowsEditor [ProjectName] Editor" joined alternative multi-casting on [225.0.0.222:34997]...

Refreshing native plugins compatible for Editor in 45.81 ms, found 3 plugins.
Preloading 0 native plugins for Editor in 0.00 ms.
Initialize engine version: 2022.2.20f1 (c5d806317f84)
[Subsystems] Discovering subsystems at path G:/Unity/2022.2.20f1/Editor/Data/Resources/UnitySubsystems
[Subsystems] Discovering subsystems at path G:/4p-project/Power_of_Personality/Assets
GfxDevice: creating device client; threaded=0; jobified=0
Direct3D:
    Version:  Direct3D 11.0 [level 11.1]
    Renderer: NVIDIA GeForce GTX 1060 6GB (ID=0x1b83)
    Vendor:   NVIDIA
    VRAM:     6044 MB
    Driver:   31.0.15.4617
Initialize mono
Mono path[0] = 'G:/Unity/2022.2.20f1/Editor/Data/Managed'
Mono path[1] = 'G:/Unity/2022.2.20f1/Editor/Data/MonoBleedingEdge/lib/mono/unityjit-win32'
Mono config path = 'G:/Unity/2022.2.20f1/Editor/Data/MonoBleedingEdge/etc'
Using monoOptions --debugger-agent=transport=dt_socket,embedding=1,server=y,suspend=n,address=127.0.0.1:56712
Begin MonoManager ReloadAssembly
Registering precompiled unity dll's ...
Register platform support module: G:/Unity/2022.2.20f1/Editor/Data/PlaybackEngines/AndroidPlayer/UnityEditor.Android.Extensions.dll
Register platform support module: G:/Unity/2022.2.20f1/Editor/Data/PlaybackEngines/WindowsStandaloneSupport/UnityEditor.WindowsStandalone.Extensions.dll
Registered in 0.022769 seconds.
- Loaded All Assemblies, in  0.867 seconds
Native extension for WindowsStandalone target not found
Native extension for Android target not found
Android Extension - Scanning For ADB Devices 964 ms
Mono: successfully reloaded assembly
- Finished resetting the current domain, in  1.781 seconds
Domain Reload Profiling:
	ReloadAssembly (578ms)
		BeginReloadAssembly (248ms)
			ExecutionOrderSort (0ms)
			DisableScriptedObjects (0ms)
			BackupInstance (0ms)
			ReleaseScriptingObjects (0ms)
			CreateAndSetChildDomain (1ms)
		LoadAllAssembliesAndSetupDomain (0ms)
			LoadAssemblies (250ms)
			RebuildTransferFunctionScriptingTraits (0ms)
			SetupTypeCache (275ms)
				TypeCache.Initialize (274ms)
					TypeCache.ScanAssembly (271ms)
				ResolveRequiredComponents (1ms)
		FinalizeReload (0ms)
			ReleaseScriptCaches (0ms)
			RebuildScriptCaches (0ms)
			SetupLoadedEditorAssemblies (1670ms)
				LogAssemblyErrors (0ms)
				InitializePlatformSupportModulesInManaged (1161ms)
				SetLoadedEditorAssemblies (12ms)
				RefreshPlugins (0ms)
				BeforeProcessingInitializeOnLoad (3ms)
				ProcessInitializeOnLoadAttributes (317ms)
				ProcessInitializeOnLoadMethodAttributes (177ms)
				AfterProcessingInitializeOnLoad (0ms)
				EditorAssembliesLoaded (0ms)
			ExecutionOrderSort2 (0ms)
			AwakeInstancesAfterBackupRestoration (0ms)
========================================================================
Worker process is ready to serve import requests
Begin MonoManager ReloadAssembly
Symbol file LoadedFromMemory doesn't match image G:\4p-project\Power_of_Personality\Library\PackageCache\com.unity.visualscripting@1.8.0\Editor\VisualScripting.Core\Dependencies\YamlDotNet\Unity.VisualScripting.YamlDotNet.dll
Symbol file LoadedFromMemory doesn't match image G:\4p-project\Power_of_Personality\Library\PackageCache\com.unity.visualscripting@1.8.0\Editor\VisualScripting.Core\Dependencies\DotNetZip\Unity.VisualScripting.IonicZip.dll
- Loaded All Assemblies, in  2.067 seconds
Refreshing native plugins compatible for Editor in 17.50 ms, found 3 plugins.
Native extension for WindowsStandalone target not found
Native extension for Android target not found
Mono: successfully reloaded assembly
- Finished resetting the current domain, in  1.649 seconds
Domain Reload Profiling:
	ReloadAssembly (595ms)
		BeginReloadAssembly (427ms)
			ExecutionOrderSort (0ms)
			DisableScriptedObjects (16ms)
			BackupInstance (0ms)
			ReleaseScriptingObjects (0ms)
			CreateAndSetChildDomain (105ms)
		LoadAllAssembliesAndSetupDomain (1470ms)
			LoadAssemblies (707ms)
			RebuildTransferFunctionScriptingTraits (0ms)
			SetupTypeCache (947ms)
				TypeCache.Initialize (822ms)
					TypeCache.ScanAssembly (808ms)
				ResolveRequiredComponents (34ms)
		FinalizeReload (0ms)
			ReleaseScriptCaches (0ms)
			RebuildScriptCaches (0ms)
			SetupLoadedEditorAssemblies (1225ms)
				LogAssemblyErrors (0ms)
				InitializePlatformSupportModulesInManaged (58ms)
				SetLoadedEditorAssemblies (12ms)
				RefreshPlugins (0ms)
				BeforeProcessingInitializeOnLoad (211ms)
				ProcessInitializeOnLoadAttributes (772ms)
				ProcessInitializeOnLoadMethodAttributes (162ms)
				AfterProcessingInitializeOnLoad (8ms)
				EditorAssembliesLoaded (0ms)
			ExecutionOrderSort2 (0ms)
			AwakeInstancesAfterBackupRestoration (20ms)
Launched and connected shader compiler UnityShaderCompiler.exe after 0.25 seconds
Refreshing native plugins compatible for Editor in 10.86 ms, found 3 plugins.
Preloading 0 native plugins for Editor in 0.00 ms.
Unloading 5983 Unused Serialized files (Serialized files now loaded: 0)
Unloading 98 unused Assets / (3.5 MB). Loaded Objects now: 6428.
Memory consumption went from 240.4 MB to 236.9 MB.
Total: 28.300900 ms (FindLiveObjects: 0.938900 ms CreateObjectMapping: 0.941500 ms MarkObjects: 13.894400 ms  DeleteObjects: 12.523800 ms)

AssetImportParameters requested are different than current active one (requested -> active):
  custom:container-demuxer-ogg: 62fdf1f143b41e24485cea50d1cbac27 -> 
  custom:video-decoder-ogg-theora: a1e56fd34408186e4bbccfd4996cb3dc -> 
  custom:framework-win-MediaFoundation: 216162199b28c13a410421893ffa2e32 -> 
  custom:container-demuxer-webm: 4f35f7cbe854078d1ac9338744f61a02 -> 
  custom:container-muxer-webm: aa71ff27fc2769a1b78a27578f13a17b -> 
  custom:video-decoder-webm-vp8: 9c59270c3fd7afecdb556c50c9e8de78 -> 
  custom:AudioImporter_EditorPlatform: d09bf68614088b80899f8185d706f6e7 -> 
  custom:video-encoder-webm-vp8: eb34c28f22e8b96e1ab97ce403110664 -> 
  custom:audio-decoder-ogg-vorbis: bf7c407c2cedff20999df2af8eb42d56 -> 
  custom:audio-encoder-webm-vorbis: bf7c407c2cedff20999df2af8eb42d56 -> 
========================================================================
Received Import Request.
  Time since last request: 302355.181907 seconds.
  path: Assets/SpecialSkillsEffectsPack/AllEffects/EffectsSet_1(NotScriptBased)/Materials/Effect_03_Materials/Effect_03_Beam.mat
  artifactKey: Guid(4c713a62a901b1d439e91c2e250f770d) Importer(815301076,1909f56bfc062723c751e8b465ee728b)
Start importing Assets/SpecialSkillsEffectsPack/AllEffects/EffectsSet_1(NotScriptBased)/Materials/Effect_03_Materials/Effect_03_Beam.mat using Guid(4c713a62a901b1d439e91c2e250f770d) Importer(815301076,1909f56bfc062723c751e8b465ee728b)  -> (artifact id: '793e11a0aa6da634a726b4b06c515c46') in 1.333674 seconds
Number of updated asset objects reloaded before import = 0
Number of asset objects unloaded after import = 6
========================================================================
Received Import Request.
  Time since last request: 0.002707 seconds.
  path: Assets/SpecialSkillsEffectsPack/AllEffects/EffectsSet_2(ScriptBased)/Effects/Effect_02_FastestFist/Effect_02_OneHandSmash.prefab
  artifactKey: Guid(2aa25477d93686244aaf3fb8044d9a03) Importer(815301076,1909f56bfc062723c751e8b465ee728b)
Start importing Assets/SpecialSkillsEffectsPack/AllEffects/EffectsSet_2(ScriptBased)/Effects/Effect_02_FastestFist/Effect_02_OneHandSmash.prefab using Guid(2aa25477d93686244aaf3fb8044d9a03) Importer(815301076,1909f56bfc062723c751e8b465ee728b)  -> (artifact id: '0704f1ff5c844314451253c4b69175ce') in 0.322332 seconds
Number of updated asset objects reloaded before import = 0
Number of asset objects unloaded after import = 48
========================================================================
Received Import Request.
  Time since last request: 1.667380 seconds.
  path: Assets/SpecialSkillsEffectsPack/AllEffects/EffectsSet_1(NotScriptBased)/Materials/Effect_02_Materials/Effect_02_BlackHoleRing_2.mat
  artifactKey: Guid(9f2d57a07fd831641919534c05316330) Importer(815301076,1909f56bfc062723c751e8b465ee728b)
Start importing Assets/SpecialSkillsEffectsPack/AllEffects/EffectsSet_1(NotScriptBased)/Materials/Effect_02_Materials/Effect_02_BlackHoleRing_2.mat using Guid(9f2d57a07fd831641919534c05316330) Importer(815301076,1909f56bfc062723c751e8b465ee728b)  -> (artifact id: '50b9b6cdd282d9da8fc57f8c981a7058') in 0.026355 seconds
Number of updated asset objects reloaded before import = 0
Number of asset objects unloaded after import = 6
========================================================================
Received Import Request.
  Time since last request: 4.321342 seconds.
  path: Assets/SpecialSkillsEffectsPack/AllEffects/EffectsSet_2(ScriptBased)/Materials/Effect_17_Materials/Effect_17_Arrow.mat
  artifactKey: Guid(1ef689a8e57f31a40a55584b3d3a428c) Importer(815301076,1909f56bfc062723c751e8b465ee728b)
Start importing Assets/SpecialSkillsEffectsPack/AllEffects/EffectsSet_2(ScriptBased)/Materials/Effect_17_Materials/Effect_17_Arrow.mat using Guid(1ef689a8e57f31a40a55584b3d3a428c) Importer(815301076,1909f56bfc062723c751e8b465ee728b)  -> (artifact id: '6592c1e2066f680b4e92a530d2c329a1') in 0.239377 seconds
Number of updated asset objects reloaded before import = 0
Number of asset objects unloaded after import = 3
========================================================================
Received Import Request.
  Time since last request: 0.035210 seconds.
  path: Assets/SpecialSkillsEffectsPack/AllEffects/EffectsSet_2(ScriptBased)/Effects/Effect_17_RainofArrow/Effect_17_Parts/Effect_17_Arrow_3.prefab
  artifactKey: Guid(d0a0623c094667f4e88b342aaa3c4480) Importer(815301076,1909f56bfc062723c751e8b465ee728b)
Start importing Assets/SpecialSkillsEffectsPack/AllEffects/EffectsSet_2(ScriptBased)/Effects/Effect_17_RainofArrow/Effect_17_Parts/Effect_17_Arrow_3.prefab using Guid(d0a0623c094667f4e88b342aaa3c4480) Importer(815301076,1909f56bfc062723c751e8b465ee728b)  -> (artifact id: '27010dcb1f506dc7d98e7a74af4f0815') in 0.016406 seconds
Number of updated asset objects reloaded before import = 0
Number of asset objects unloaded after import = 20
========================================================================
Received Import Request.
  Time since last request: 0.201663 seconds.
  path: Assets/SpecialSkillsEffectsPack/AllEffects/EffectsSet_2(ScriptBased)/Effects/Effect_17_RainofArrow/Effect_17_Parts/Effect_17_Explosion.prefab
  artifactKey: Guid(0cb3807c7fb4e1845b97e66f3996f66c) Importer(815301076,1909f56bfc062723c751e8b465ee728b)
Start importing Assets/SpecialSkillsEffectsPack/AllEffects/EffectsSet_2(ScriptBased)/Effects/Effect_17_RainofArrow/Effect_17_Parts/Effect_17_Explosion.prefab using Guid(0cb3807c7fb4e1845b97e66f3996f66c) Importer(815301076,1909f56bfc062723c751e8b465ee728b)  -> (artifact id: '143a637fe5d756cf96b4cafebeba9ae8') in 0.138578 seconds
Number of updated asset objects reloaded before import = 0
Number of asset objects unloaded after import = 16
========================================================================
Received Import Request.
  Time since last request: 0.000036 seconds.
  path: Assets/SpecialSkillsEffectsPack/AllEffects/EffectsSet_1(NotScriptBased)/Materials/Effect_17_Materials/Effect_17_Particle.mat
  artifactKey: Guid(91d8b211467c95b42baa2029679fce30) Importer(815301076,1909f56bfc062723c751e8b465ee728b)
Start importing Assets/SpecialSkillsEffectsPack/AllEffects/EffectsSet_1(NotScriptBased)/Materials/Effect_17_Materials/Effect_17_Particle.mat using Guid(91d8b211467c95b42baa2029679fce30) Importer(815301076,1909f56bfc062723c751e8b465ee728b)  -> (artifact id: '5d051a26d53aae142b092426510713e0') in 0.191209 seconds
Number of updated asset objects reloaded before import = 0
Number of asset objects unloaded after import = 4
========================================================================
Received Import Request.
  Time since last request: 0.000047 seconds.
  path: Assets/SpecialSkillsEffectsPack/AllEffects/EffectsSet_1(NotScriptBased)/Materials/Effect_17_Materials/Effect_17_Smoke_2.mat
  artifactKey: Guid(f880f701f41ce244f943fecda07b0cc4) Importer(815301076,1909f56bfc062723c751e8b465ee728b)
Start importing Assets/SpecialSkillsEffectsPack/AllEffects/EffectsSet_1(NotScriptBased)/Materials/Effect_17_Materials/Effect_17_Smoke_2.mat using Guid(f880f701f41ce244f943fecda07b0cc4) Importer(815301076,1909f56bfc062723c751e8b465ee728b)  -> (artifact id: 'e31d0d08d7496d6c98e53a30b7436ceb') in 0.077442 seconds
Number of updated asset objects reloaded before import = 0
Number of asset objects unloaded after import = 4
========================================================================
Received Import Request.
  Time since last request: 0.000037 seconds.
  path: Assets/SpecialSkillsEffectsPack/AllEffects/EffectsSet_2(ScriptBased)/Materials/Effect_18_Materials/Effect_18_Slash.mat
  artifactKey: Guid(57ebdee0bef3b2f4fbfc6fc43df4d7d2) Importer(815301076,1909f56bfc062723c751e8b465ee728b)
Start importing Assets/SpecialSkillsEffectsPack/AllEffects/EffectsSet_2(ScriptBased)/Materials/Effect_18_Materials/Effect_18_Slash.mat using Guid(57ebdee0bef3b2f4fbfc6fc43df4d7d2) Importer(815301076,1909f56bfc062723c751e8b465ee728b)  -> (artifact id: '058187bc670f92b47e90e6df895290b0') in 0.026623 seconds
Number of updated asset objects reloaded before import = 0
Number of asset objects unloaded after import = 3
========================================================================
Received Import Request.
  Time since last request: 0.000037 seconds.
  path: Assets/SpecialSkillsEffectsPack/AllEffects/EffectsSet_2(ScriptBased)/Effects/Effect_18_BladeWind/Effect_18_Parts/Effect_18_WindStorm.prefab
  artifactKey: Guid(a8293385eaa85c4428e19b6989794603) Importer(815301076,1909f56bfc062723c751e8b465ee728b)
Start importing Assets/SpecialSkillsEffectsPack/AllEffects/EffectsSet_2(ScriptBased)/Effects/Effect_18_BladeWind/Effect_18_Parts/Effect_18_WindStorm.prefab using Guid(a8293385eaa85c4428e19b6989794603) Importer(815301076,1909f56bfc062723c751e8b465ee728b)  -> (artifact id: '5fed7246f202d5898500dad7d3e18671') in 0.080916 seconds
Number of updated asset objects reloaded before import = 0
Number of asset objects unloaded after import = 27
========================================================================
Received Import Request.
  Time since last request: 0.000076 seconds.
  path: Assets/SpecialSkillsEffectsPack/AllEffects/EffectsSet_2(ScriptBased)/Materials/Effect_18_Materials/Effect_18_Wind_4.mat
  artifactKey: Guid(2f06d1f0635d2804ca0acb300d97ad43) Importer(815301076,1909f56bfc062723c751e8b465ee728b)
Start importing Assets/SpecialSkillsEffectsPack/AllEffects/EffectsSet_2(ScriptBased)/Materials/Effect_18_Materials/Effect_18_Wind_4.mat using Guid(2f06d1f0635d2804ca0acb300d97ad43) Importer(815301076,1909f56bfc062723c751e8b465ee728b)  -> (artifact id: '98c6bf94692139b46054218adc6ba797') in 0.033294 seconds
Number of updated asset objects reloaded before import = 0
Number of asset objects unloaded after import = 6
========================================================================
Received Import Request.
  Time since last request: 0.000051 seconds.
  path: Assets/SpecialSkillsEffectsPack/AllEffects/EffectsSet_1(NotScriptBased)/Materials/Effect_43_Materials/Effect_43_Smoke.mat
  artifactKey: Guid(90c1e10e1e57af94b87c86a8ecddf3a3) Importer(815301076,1909f56bfc062723c751e8b465ee728b)
Start importing Assets/SpecialSkillsEffectsPack/AllEffects/EffectsSet_1(NotScriptBased)/Materials/Effect_43_Materials/Effect_43_Smoke.mat using Guid(90c1e10e1e57af94b87c86a8ecddf3a3) Importer(815301076,1909f56bfc062723c751e8b465ee728b)  -> (artifact id: '449291e04c459ea545ab2dfebb25c684') in 0.035968 seconds
Number of updated asset objects reloaded before import = 0
Number of asset objects unloaded after import = 4
========================================================================
Received Import Request.
  Time since last request: 0.000053 seconds.
  path: Assets/SpecialSkillsEffectsPack/AllEffects/EffectsSet_2(ScriptBased)/Materials/Effect_44_Materials/Effect_44_Planet.mat
  artifactKey: Guid(7aedfdd5b659b4f4fa1794b5de6d6676) Importer(815301076,1909f56bfc062723c751e8b465ee728b)
Start importing Assets/SpecialSkillsEffectsPack/AllEffects/EffectsSet_2(ScriptBased)/Materials/Effect_44_Materials/Effect_44_Planet.mat using Guid(7aedfdd5b659b4f4fa1794b5de6d6676) Importer(815301076,1909f56bfc062723c751e8b465ee728b)  -> (artifact id: 'ae9b094ed1bceaed37ef8614a2bc7b98') in 0.078011 seconds
Number of updated asset objects reloaded before import = 0
Number of asset objects unloaded after import = 4
========================================================================
Received Import Request.
  Time since last request: 0.000074 seconds.
  path: Assets/SpecialSkillsEffectsPack/AllEffects/EffectsSet_1(NotScriptBased)/Materials/Effect_43_Materials/Effect_43_Sphere.mat
  artifactKey: Guid(e34580caec74b9c4a96e69c6fbd5bec9) Importer(815301076,1909f56bfc062723c751e8b465ee728b)
Start importing Assets/SpecialSkillsEffectsPack/AllEffects/EffectsSet_1(NotScriptBased)/Materials/Effect_43_Materials/Effect_43_Sphere.mat using Guid(e34580caec74b9c4a96e69c6fbd5bec9) Importer(815301076,1909f56bfc062723c751e8b465ee728b)  -> (artifact id: '44da106d3c82778e3d941e04cff65f4c') in 0.035523 seconds
Number of updated asset objects reloaded before import = 0
Number of asset objects unloaded after import = 6
========================================================================
Received Import Request.
  Time since last request: 0.000035 seconds.
  path: Assets/SpecialSkillsEffectsPack/AllEffects/EffectsSet_1(NotScriptBased)/Effects/Effect_45_BlastFlame/Effect_45_BlastFlame(Base).prefab
  artifactKey: Guid(099eb0bceb74fb4428621a4259fa03c2) Importer(815301076,1909f56bfc062723c751e8b465ee728b)
Start importing Assets/SpecialSkillsEffectsPack/AllEffects/EffectsSet_1(NotScriptBased)/Effects/Effect_45_BlastFlame/Effect_45_BlastFlame(Base).prefab using Guid(099eb0bceb74fb4428621a4259fa03c2) Importer(815301076,1909f56bfc062723c751e8b465ee728b) Shader properties can't be added to this global property sheet. Trying to add _GrabTexture_ST (type 2 count 1)
UnityEngine.StackTraceUtility:ExtractStackTrace ()
UnityEngine.Rendering.ScriptableRenderContext:Submit_Internal ()
UnityEngine.Rendering.ScriptableRenderContext:Submit ()
UnityEngine.Rendering.Universal.UniversalRenderPipeline:RenderSingleCamera (UnityEngine.Rendering.ScriptableRenderContext,UnityEngine.Rendering.Universal.CameraData&,bool) (at ./Library/PackageCache/com.unity.render-pipelines.universal@14.0.7/Runtime/UniversalRenderPipeline.cs:666)
UnityEngine.Rendering.Universal.UniversalRenderPipeline:RenderSingleCameraInternal (UnityEngine.Rendering.ScriptableRenderContext,UnityEngine.Camera) (at ./Library/PackageCache/com.unity.render-pipelines.universal@14.0.7/Runtime/UniversalRenderPipeline.cs:534)
UnityEngine.Rendering.Universal.UniversalRenderPipeline:Render (UnityEngine.Rendering.ScriptableRenderContext,System.Collections.Generic.List`1<UnityEngine.Camera>) (at ./Library/PackageCache/com.unity.render-pipelines.universal@14.0.7/Runtime/UniversalRenderPipeline.cs:376)
UnityEngine.Rendering.RenderPipeline:InternalRender (UnityEngine.Rendering.ScriptableRenderContext,System.Collections.Generic.List`1<UnityEngine.Camera>)
UnityEngine.Rendering.RenderPipelineManager:DoRenderLoop_Internal (UnityEngine.Rendering.RenderPipelineAsset,intptr,UnityEngine.Object,Unity.Collections.LowLevel.Unsafe.AtomicSafetyHandle)
UnityEditor.PreviewRenderUtility:Render (bool,bool)
UnityEditor.GameObjectInspector:DoRenderPreview (UnityEditor.GameObjectInspector/PreviewData)
UnityEditor.GameObjectInspector:RenderStaticPreview (string,UnityEngine.Object[],int,int)
UnityEditor.AssetPreviewUpdater:CreatePreview (UnityEngine.Object,UnityEngine.Object[],string,int,int)
UnityEditor.AssetPreviewUpdater:CreatePreviewForAsset (UnityEngine.Object,UnityEngine.Object[],string)

[./Library/PackageCache/com.unity.render-pipelines.universal@14.0.7/Runtime/UniversalRenderPipeline.cs line 666]

Shader properties can't be added to this global property sheet. Trying to add _GrabTexture_TexelSize (type 2 count 1)
UnityEngine.StackTraceUtility:ExtractStackTrace ()
UnityEngine.Rendering.ScriptableRenderContext:Submit_Internal ()
UnityEngine.Rendering.ScriptableRenderContext:Submit ()
UnityEngine.Rendering.Universal.UniversalRenderPipeline:RenderSingleCamera (UnityEngine.Rendering.ScriptableRenderContext,UnityEngine.Rendering.Universal.CameraData&,bool) (at ./Library/PackageCache/com.unity.render-pipelines.universal@14.0.7/Runtime/UniversalRenderPipeline.cs:666)
UnityEngine.Rendering.Universal.UniversalRenderPipeline:RenderSingleCameraInternal (UnityEngine.Rendering.ScriptableRenderContext,UnityEngine.Camera) (at ./Library/PackageCache/com.unity.render-pipelines.universal@14.0.7/Runtime/UniversalRenderPipeline.cs:534)
UnityEngine.Rendering.Universal.UniversalRenderPipeline:Render (UnityEngine.Rendering.ScriptableRenderContext,System.Collections.Generic.List`1<UnityEngine.Camera>) (at ./Library/PackageCache/com.unity.render-pipelines.universal@14.0.7/Runtime/UniversalRenderPipeline.cs:376)
UnityEngine.Rendering.RenderPipeline:InternalRender (UnityEngine.Rendering.ScriptableRenderContext,System.Collections.Generic.List`1<UnityEngine.Camera>)
UnityEngine.Rendering.RenderPipelineManager:DoRenderLoop_Internal (UnityEngine.Rendering.RenderPipelineAsset,intptr,UnityEngine.Object,Unity.Collections.LowLevel.Unsafe.AtomicSafetyHandle)
UnityEditor.PreviewRenderUtility:Render (bool,bool)
UnityEditor.GameObjectInspector:DoRenderPreview (UnityEditor.GameObjectInspector/PreviewData)
UnityEditor.GameObjectInspector:RenderStaticPreview (string,UnityEngine.Object[],int,int)
UnityEditor.AssetPreviewUpdater:CreatePreview (UnityEngine.Object,UnityEngine.Object[],string,int,int)
UnityEditor.AssetPreviewUpdater:CreatePreviewForAsset (UnityEngine.Object,UnityEngine.Object[],string)

[./Library/PackageCache/com.unity.render-pipelines.universal@14.0.7/Runtime/UniversalRenderPipeline.cs line 666]

Shader properties can't be added to this global property sheet. Trying to add _GrabTexture_HDR (type 2 count 1)
UnityEngine.StackTraceUtility:ExtractStackTrace ()
UnityEngine.Rendering.ScriptableRenderContext:Submit_Internal ()
UnityEngine.Rendering.ScriptableRenderContext:Submit ()
UnityEngine.Rendering.Universal.UniversalRenderPipeline:RenderSingleCamera (UnityEngine.Rendering.ScriptableRenderContext,UnityEngine.Rendering.Universal.CameraData&,bool) (at ./Library/PackageCache/com.unity.render-pipelines.universal@14.0.7/Runtime/UniversalRenderPipeline.cs:666)
UnityEngine.Rendering.Universal.UniversalRenderPipeline:RenderSingleCameraInternal (UnityEngine.Rendering.ScriptableRenderContext,UnityEngine.Camera) (at ./Library/PackageCache/com.unity.render-pipelines.universal@14.0.7/Runtime/UniversalRenderPipeline.cs:534)
UnityEngine.Rendering.Universal.UniversalRenderPipeline:Render (UnityEngine.Rendering.ScriptableRenderContext,System.Collections.Generic.List`1<UnityEngine.Camera>) (at ./Library/PackageCache/com.unity.render-pipelines.universal@14.0.7/Runtime/UniversalRenderPipeline.cs:376)
UnityEngine.Rendering.RenderPipeline:InternalRender (UnityEngine.Rendering.ScriptableRenderContext,System.Collections.Generic.List`1<UnityEngine.Camera>)
UnityEngine.Rendering.RenderPipelineManager:DoRenderLoop_Internal (UnityEngine.Rendering.RenderPipelineAsset,intptr,UnityEngine.Object,Unity.Collections.LowLevel.Unsafe.AtomicSafetyHandle)
UnityEditor.PreviewRenderUtility:Render (bool,bool)
UnityEditor.GameObjectInspector:DoRenderPreview (UnityEditor.GameObjectInspector/PreviewData)
UnityEditor.GameObjectInspector:RenderStaticPreview (string,UnityEngine.Object[],int,int)
UnityEditor.AssetPreviewUpdater:CreatePreview (UnityEngine.Object,UnityEngine.Object[],string,int,int)
UnityEditor.AssetPreviewUpdater:CreatePreviewForAsset (UnityEngine.Object,UnityEngine.Object[],string)

[./Library/PackageCache/com.unity.render-pipelines.universal@14.0.7/Runtime/UniversalRenderPipeline.cs line 666]

Shader properties can't be added to this global property sheet. Trying to add _GrabTexture (type 4 count 1)
UnityEngine.StackTraceUtility:ExtractStackTrace ()
UnityEngine.Rendering.ScriptableRenderContext:Submit_Internal ()
UnityEngine.Rendering.ScriptableRenderContext:Submit ()
UnityEngine.Rendering.Universal.UniversalRenderPipeline:RenderSingleCamera (UnityEngine.Rendering.ScriptableRenderContext,UnityEngine.Rendering.Universal.CameraData&,bool) (at ./Library/PackageCache/com.unity.render-pipelines.universal@14.0.7/Runtime/UniversalRenderPipeline.cs:666)
UnityEngine.Rendering.Universal.UniversalRenderPipeline:RenderSingleCameraInternal (UnityEngine.Rendering.ScriptableRenderContext,UnityEngine.Camera) (at ./Library/PackageCache/com.unity.render-pipelines.universal@14.0.7/Runtime/UniversalRenderPipeline.cs:534)
UnityEngine.Rendering.Universal.UniversalRenderPipeline:Render (UnityEngine.Rendering.ScriptableRenderContext,System.Collections.Generic.List`1<UnityEngine.Camera>) (at ./Library/PackageCache/com.unity.render-pipelines.universal@14.0.7/Runtime/UniversalRenderPipeline.cs:376)
UnityEngine.Rendering.RenderPipeline:InternalRender (UnityEngine.Rendering.ScriptableRenderContext,System.Collections.Generic.List`1<UnityEngine.Camera>)
UnityEngine.Rendering.RenderPipelineManager:DoRenderLoop_Internal (UnityEngine.Rendering.RenderPipelineAsset,intptr,UnityEngine.Object,Unity.Collections.LowLevel.Unsafe.AtomicSafetyHandle)
UnityEditor.PreviewRenderUtility:Render (bool,bool)
UnityEditor.GameObjectInspector:DoRenderPreview (UnityEditor.GameObjectInspector/PreviewData)
UnityEditor.GameObjectInspector:RenderStaticPreview (string,UnityEngine.Object[],int,int)
UnityEditor.AssetPreviewUpdater:CreatePreview (UnityEngine.Object,UnityEngine.Object[],string,int,int)
UnityEditor.AssetPreviewUpdater:CreatePreviewForAsset (UnityEngine.Object,UnityEngine.Object[],string)

[./Library/PackageCache/com.unity.render-pipelines.universal@14.0.7/Runtime/UniversalRenderPipeline.cs line 666]

 -> (artifact id: '2beb8b0e5c2c06b475656fa5b7b6be5f') in 0.058346 seconds
Number of updated asset objects reloaded before import = 0
Number of asset objects unloaded after import = 42
========================================================================
Received Import Request.
  Time since last request: 0.000036 seconds.
  path: Assets/SpecialSkillsEffectsPack/AllEffects/EffectsSet_2(ScriptBased)/Effects/Effect_45_MultipleLaserCanon/Effect_45_MultipleLaserCanon.prefab
  artifactKey: Guid(1154e4ee316a8794f8d30ddb5169d983) Importer(815301076,1909f56bfc062723c751e8b465ee728b)
Start importing Assets/SpecialSkillsEffectsPack/AllEffects/EffectsSet_2(ScriptBased)/Effects/Effect_45_MultipleLaserCanon/Effect_45_MultipleLaserCanon.prefab using Guid(1154e4ee316a8794f8d30ddb5169d983) Importer(815301076,1909f56bfc062723c751e8b465ee728b)  -> (artifact id: '1340b3683b2ac34bee7d01e9540b53ff') in 0.009956 seconds
Number of updated asset objects reloaded before import = 0
Number of asset objects unloaded after import = 75
========================================================================
Received Import Request.
  Time since last request: 0.000045 seconds.
  path: Assets/SpecialSkillsEffectsPack/AllEffects/EffectsSet_2(ScriptBased)/Effects/Effect_45_MultipleLaserCanon/Effect_45_Parts/Effect_45_Impact.prefab
  artifactKey: Guid(31d81480802827d48990332026f0d4af) Importer(815301076,1909f56bfc062723c751e8b465ee728b)
Start importing Assets/SpecialSkillsEffectsPack/AllEffects/EffectsSet_2(ScriptBased)/Effects/Effect_45_MultipleLaserCanon/Effect_45_Parts/Effect_45_Impact.prefab using Guid(31d81480802827d48990332026f0d4af) Importer(815301076,1909f56bfc062723c751e8b465ee728b)  -> (artifact id: 'b60ed46e84719c8f39f8b678a5fcf9ea') in 0.045639 seconds
Number of updated asset objects reloaded before import = 0
Number of asset objects unloaded after import = 20
========================================================================
Received Import Request.
  Time since last request: 0.000037 seconds.
  path: Assets/SpecialSkillsEffectsPack/AllEffects/EffectsSet_2(ScriptBased)/Effects/Effect_46_CyberAirTroopInvader/Effect_46_Parts/Effect_46_Beam_2.prefab
  artifactKey: Guid(22fe1f4ecb403b4489cf02d7550c3071) Importer(815301076,1909f56bfc062723c751e8b465ee728b)
Start importing Assets/SpecialSkillsEffectsPack/AllEffects/EffectsSet_2(ScriptBased)/Effects/Effect_46_CyberAirTroopInvader/Effect_46_Parts/Effect_46_Beam_2.prefab using Guid(22fe1f4ecb403b4489cf02d7550c3071) Importer(815301076,1909f56bfc062723c751e8b465ee728b)  -> (artifact id: '7c6aaa87a9f6fdc1117af14a95900e8c') in 0.099568 seconds
Number of updated asset objects reloaded before import = 0
Number of asset objects unloaded after import = 48
========================================================================
Received Import Request.
  Time since last request: 0.000084 seconds.
  path: Assets/SpecialSkillsEffectsPack/AllEffects/EffectsSet_2(ScriptBased)/Materials/Effect_46_Materials/Effect_46_Bomb_2.mat
  artifactKey: Guid(5ae261607d0014345a9e661aa8676450) Importer(815301076,1909f56bfc062723c751e8b465ee728b)
Start importing Assets/SpecialSkillsEffectsPack/AllEffects/EffectsSet_2(ScriptBased)/Materials/Effect_46_Materials/Effect_46_Bomb_2.mat using Guid(5ae261607d0014345a9e661aa8676450) Importer(815301076,1909f56bfc062723c751e8b465ee728b)  -> (artifact id: '920cbffcf5713e0ce3347dda13a1dac7') in 0.124774 seconds
Number of updated asset objects reloaded before import = 0
Number of asset objects unloaded after import = 4
========================================================================
Received Import Request.
  Time since last request: 0.000056 seconds.
  path: Assets/SpecialSkillsEffectsPack/AllEffects/EffectsSet_2(ScriptBased)/Materials/Effect_46_Materials/Effect_46_Beam_2.mat
  artifactKey: Guid(664b796b04085834c90864221e3b4ca2) Importer(815301076,1909f56bfc062723c751e8b465ee728b)
Start importing Assets/SpecialSkillsEffectsPack/AllEffects/EffectsSet_2(ScriptBased)/Materials/Effect_46_Materials/Effect_46_Beam_2.mat using Guid(664b796b04085834c90864221e3b4ca2) Importer(815301076,1909f56bfc062723c751e8b465ee728b)  -> (artifact id: '299067f3335d75c2c62f1f969fe296a7') in 0.167007 seconds
Number of updated asset objects reloaded before import = 0
Number of asset objects unloaded after import = 7
========================================================================
Received Import Request.
  Time since last request: 0.000029 seconds.
  path: Assets/SpecialSkillsEffectsPack/AllEffects/EffectsSet_2(ScriptBased)/Materials/Effect_44_Materials/Effect_44_OrbitalMesh.mat
  artifactKey: Guid(c9795b29fba296f439e3d81807b66234) Importer(815301076,1909f56bfc062723c751e8b465ee728b)
Start importing Assets/SpecialSkillsEffectsPack/AllEffects/EffectsSet_2(ScriptBased)/Materials/Effect_44_Materials/Effect_44_OrbitalMesh.mat using Guid(c9795b29fba296f439e3d81807b66234) Importer(815301076,1909f56bfc062723c751e8b465ee728b)  -> (artifact id: 'e61d4e7c6109d2d97bab62fff055f012') in 0.048390 seconds
Number of updated asset objects reloaded before import = 0
Number of asset objects unloaded after import = 4
========================================================================
Received Import Request.
  Time since last request: 0.000033 seconds.
  path: Assets/SpecialSkillsEffectsPack/AllEffects/EffectsSet_2(ScriptBased)/Materials/Effect_46_Materials/Effect_46_Beam_5.mat
  artifactKey: Guid(1a44fbf0dba8da9418811be30460b2f3) Importer(815301076,1909f56bfc062723c751e8b465ee728b)
Start importing Assets/SpecialSkillsEffectsPack/AllEffects/EffectsSet_2(ScriptBased)/Materials/Effect_46_Materials/Effect_46_Beam_5.mat using Guid(1a44fbf0dba8da9418811be30460b2f3) Importer(815301076,1909f56bfc062723c751e8b465ee728b)  -> (artifact id: 'c9b805022a6b0853bbed5f6308c6a01d') in 0.025828 seconds
Number of updated asset objects reloaded before import = 0
Number of asset objects unloaded after import = 5
========================================================================
Received Import Request.
  Time since last request: 0.592468 seconds.
  path: Assets/SpecialSkillsEffectsPack/AllEffects/EffectsSet_2(ScriptBased)/Materials/Effect_46_Materials/Effect_46_Impact_2.mat
  artifactKey: Guid(adc431c1da5c68b4c9360364d12b565a) Importer(815301076,1909f56bfc062723c751e8b465ee728b)
Start importing Assets/SpecialSkillsEffectsPack/AllEffects/EffectsSet_2(ScriptBased)/Materials/Effect_46_Materials/Effect_46_Impact_2.mat using Guid(adc431c1da5c68b4c9360364d12b565a) Importer(815301076,1909f56bfc062723c751e8b465ee728b)  -> (artifact id: '1b0038ae8266fa3c2874a02b82d19ed3') in 0.040935 seconds
Number of updated asset objects reloaded before import = 0
Number of asset objects unloaded after import = 6
========================================================================
Received Import Request.
  Time since last request: 0.026843 seconds.
  path: Assets/SpecialSkillsEffectsPack/AllEffects/EffectsSet_2(ScriptBased)/Effects/Effect_46_CyberAirTroopInvader/Effect_46_Parts/Effect_46_JetStriker.prefab
  artifactKey: Guid(88d0074b047b3ee49a23eeec4750e445) Importer(815301076,1909f56bfc062723c751e8b465ee728b)
Start importing Assets/SpecialSkillsEffectsPack/AllEffects/EffectsSet_2(ScriptBased)/Effects/Effect_46_CyberAirTroopInvader/Effect_46_Parts/Effect_46_JetStriker.prefab using Guid(88d0074b047b3ee49a23eeec4750e445) Importer(815301076,1909f56bfc062723c751e8b465ee728b)  -> (artifact id: '73749b544ae937f8ca567e2eec73a7be') in 0.041753 seconds
Number of updated asset objects reloaded before import = 0
Number of asset objects unloaded after import = 67
========================================================================
Received Import Request.
  Time since last request: 0.104018 seconds.
  path: Assets/SpecialSkillsEffectsPack/AllEffects/EffectsSet_2(ScriptBased)/Materials/Effect_46_Materials/Effect_46_LightningImpact_2.mat
  artifactKey: Guid(36487b169cd50ae47b5587d7e0e7e4bf) Importer(815301076,1909f56bfc062723c751e8b465ee728b)
Start importing Assets/SpecialSkillsEffectsPack/AllEffects/EffectsSet_2(ScriptBased)/Materials/Effect_46_Materials/Effect_46_LightningImpact_2.mat using Guid(36487b169cd50ae47b5587d7e0e7e4bf) Importer(815301076,1909f56bfc062723c751e8b465ee728b)  -> (artifact id: '3f5d723abf3833d2f06a56b41e1680df') in 0.100368 seconds
Number of updated asset objects reloaded before import = 0
Number of asset objects unloaded after import = 7
========================================================================
Received Import Request.
  Time since last request: 0.000053 seconds.
  path: Assets/SpecialSkillsEffectsPack/AllEffects/EffectsSet_2(ScriptBased)/Materials/Effect_46_Materials/Effect_46_Ring_4.mat
  artifactKey: Guid(0593602f8e4103d4bad142402d0236f7) Importer(815301076,1909f56bfc062723c751e8b465ee728b)
Start importing Assets/SpecialSkillsEffectsPack/AllEffects/EffectsSet_2(ScriptBased)/Materials/Effect_46_Materials/Effect_46_Ring_4.mat using Guid(0593602f8e4103d4bad142402d0236f7) Importer(815301076,1909f56bfc062723c751e8b465ee728b)  -> (artifact id: 'd9337dc22f429211357fb372170bb954') in 0.028445 seconds
Number of updated asset objects reloaded before import = 0
Number of asset objects unloaded after import = 5
========================================================================
Received Import Request.
  Time since last request: 0.000044 seconds.
  path: Assets/SpecialSkillsEffectsPack/AllEffects/EffectsSet_2(ScriptBased)/Materials/Effect_46_Materials/Effect_46_ShockwaveRing.mat
  artifactKey: Guid(4d6f4819f6ff4f349971382830da1c67) Importer(815301076,1909f56bfc062723c751e8b465ee728b)
Start importing Assets/SpecialSkillsEffectsPack/AllEffects/EffectsSet_2(ScriptBased)/Materials/Effect_46_Materials/Effect_46_ShockwaveRing.mat using Guid(4d6f4819f6ff4f349971382830da1c67) Importer(815301076,1909f56bfc062723c751e8b465ee728b)  -> (artifact id: '7ef62d5f62955e7fca6eca36eae5ec89') in 0.034416 seconds
Number of updated asset objects reloaded before import = 0
Number of asset objects unloaded after import = 5
========================================================================
Received Import Request.
  Time since last request: 0.000084 seconds.
  path: Assets/SpecialSkillsEffectsPack/AllEffects/EffectsSet_2(ScriptBased)/Materials/Effect_46_Materials/Effect_46_SphereMesh_3.mat
  artifactKey: Guid(4127594f6c67c9344a4b00e805cea9f5) Importer(815301076,1909f56bfc062723c751e8b465ee728b)
Start importing Assets/SpecialSkillsEffectsPack/AllEffects/EffectsSet_2(ScriptBased)/Materials/Effect_46_Materials/Effect_46_SphereMesh_3.mat using Guid(4127594f6c67c9344a4b00e805cea9f5) Importer(815301076,1909f56bfc062723c751e8b465ee728b)  -> (artifact id: '8872bdb414b9992a1ad3ded158d07a91') in 0.051030 seconds
Number of updated asset objects reloaded before import = 0
Number of asset objects unloaded after import = 5
========================================================================
Received Import Request.
  Time since last request: 0.000402 seconds.
  path: Assets/SpecialSkillsEffectsPack/AllEffects/EffectsSet_2(ScriptBased)/Effects/Effect_47_ChildrenOfUniverse/Effect_47_Parts/Effect_47_DarkMatterCore.prefab
  artifactKey: Guid(b99d775f4dbfa1d4292da522a136bf46) Importer(815301076,1909f56bfc062723c751e8b465ee728b)
Start importing Assets/SpecialSkillsEffectsPack/AllEffects/EffectsSet_2(ScriptBased)/Effects/Effect_47_ChildrenOfUniverse/Effect_47_Parts/Effect_47_DarkMatterCore.prefab using Guid(b99d775f4dbfa1d4292da522a136bf46) Importer(815301076,1909f56bfc062723c751e8b465ee728b)  -> (artifact id: 'be4a8f8e786386e2f03de2900db03d75') in 0.163772 seconds
Number of updated asset objects reloaded before import = 0
Number of asset objects unloaded after import = 41
========================================================================
Received Import Request.
  Time since last request: 0.000046 seconds.
  path: Assets/Effects/Effect_Wizard/Effect_Wizard_Material/SkillE_Projectile/Effect_47_Impact.mat
  artifactKey: Guid(5e6d32f00f12f8a4db3bc9f4e04cdb9b) Importer(815301076,1909f56bfc062723c751e8b465ee728b)
Start importing Assets/Effects/Effect_Wizard/Effect_Wizard_Material/SkillE_Projectile/Effect_47_Impact.mat using Guid(5e6d32f00f12f8a4db3bc9f4e04cdb9b) Importer(815301076,1909f56bfc062723c751e8b465ee728b)  -> (artifact id: 'eaa24ec31d88e66f632e62bc5eb8784c') in 0.026030 seconds
Number of updated asset objects reloaded before import = 0
Number of asset objects unloaded after import = 5
========================================================================
Received Import Request.
  Time since last request: 0.000083 seconds.
  path: Assets/SpecialSkillsEffectsPack/AllEffects/EffectsSet_2(ScriptBased)/Materials/Effect_46_Materials/Effect_46_Thruster_3.mat
  artifactKey: Guid(fe93b84b280e7eb4b964a547dccec571) Importer(815301076,1909f56bfc062723c751e8b465ee728b)
Start importing Assets/SpecialSkillsEffectsPack/AllEffects/EffectsSet_2(ScriptBased)/Materials/Effect_46_Materials/Effect_46_Thruster_3.mat using Guid(fe93b84b280e7eb4b964a547dccec571) Importer(815301076,1909f56bfc062723c751e8b465ee728b)  -> (artifact id: 'c8d5e4013f765455b4159c74a576955c') in 0.025165 seconds
Number of updated asset objects reloaded before import = 0
Number of asset objects unloaded after import = 4
========================================================================
Received Import Request.
  Time since last request: 0.000039 seconds.
  path: Assets/SpecialSkillsEffectsPack/AllEffects/EffectsSet_1(NotScriptBased)/Effects/Effect_52_LightningField/Effect_52_LightningField.prefab
  artifactKey: Guid(2f0c96fa9be733c49b02f90a5800ef48) Importer(815301076,1909f56bfc062723c751e8b465ee728b)
Start importing Assets/SpecialSkillsEffectsPack/AllEffects/EffectsSet_1(NotScriptBased)/Effects/Effect_52_LightningField/Effect_52_LightningField.prefab using Guid(2f0c96fa9be733c49b02f90a5800ef48) Importer(815301076,1909f56bfc062723c751e8b465ee728b)  -> (artifact id: '5883369e25154bf06b13bb9df7d27632') in 0.023358 seconds
Number of updated asset objects reloaded before import = 0
Number of asset objects unloaded after import = 26
========================================================================
Received Import Request.
  Time since last request: 0.000042 seconds.
  path: Assets/SpecialSkillsEffectsPack/AllEffects/EffectsSet_1(NotScriptBased)/Effects/Effect_54_SateliteCannon/Effect_54_SateliteBeam/Effect_54_SateliteBeamSide(Base).prefab
  artifactKey: Guid(1e7dbba8f745f6d42bfce3b8bf0044d1) Importer(815301076,1909f56bfc062723c751e8b465ee728b)
Start importing Assets/SpecialSkillsEffectsPack/AllEffects/EffectsSet_1(NotScriptBased)/Effects/Effect_54_SateliteCannon/Effect_54_SateliteBeam/Effect_54_SateliteBeamSide(Base).prefab using Guid(1e7dbba8f745f6d42bfce3b8bf0044d1) Importer(815301076,1909f56bfc062723c751e8b465ee728b) Shader properties can't be added to this global property sheet. Trying to add _GrabTexture_ST (type 2 count 1)
UnityEngine.StackTraceUtility:ExtractStackTrace ()
UnityEngine.Rendering.ScriptableRenderContext:Submit_Internal ()
UnityEngine.Rendering.ScriptableRenderContext:Submit ()
UnityEngine.Rendering.Universal.UniversalRenderPipeline:RenderSingleCamera (UnityEngine.Rendering.ScriptableRenderContext,UnityEngine.Rendering.Universal.CameraData&,bool) (at ./Library/PackageCache/com.unity.render-pipelines.universal@14.0.7/Runtime/UniversalRenderPipeline.cs:666)
UnityEngine.Rendering.Universal.UniversalRenderPipeline:RenderSingleCameraInternal (UnityEngine.Rendering.ScriptableRenderContext,UnityEngine.Camera) (at ./Library/PackageCache/com.unity.render-pipelines.universal@14.0.7/Runtime/UniversalRenderPipeline.cs:534)
UnityEngine.Rendering.Universal.UniversalRenderPipeline:Render (UnityEngine.Rendering.ScriptableRenderContext,System.Collections.Generic.List`1<UnityEngine.Camera>) (at ./Library/PackageCache/com.unity.render-pipelines.universal@14.0.7/Runtime/UniversalRenderPipeline.cs:376)
UnityEngine.Rendering.RenderPipeline:InternalRender (UnityEngine.Rendering.ScriptableRenderContext,System.Collections.Generic.List`1<UnityEngine.Camera>)
UnityEngine.Rendering.RenderPipelineManager:DoRenderLoop_Internal (UnityEngine.Rendering.RenderPipelineAsset,intptr,UnityEngine.Object,Unity.Collections.LowLevel.Unsafe.AtomicSafetyHandle)
UnityEditor.PreviewRenderUtility:Render (bool,bool)
UnityEditor.GameObjectInspector:DoRenderPreview (UnityEditor.GameObjectInspector/PreviewData)
UnityEditor.GameObjectInspector:RenderStaticPreview (string,UnityEngine.Object[],int,int)
UnityEditor.AssetPreviewUpdater:CreatePreview (UnityEngine.Object,UnityEngine.Object[],string,int,int)
UnityEditor.AssetPreviewUpdater:CreatePreviewForAsset (UnityEngine.Object,UnityEngine.Object[],string)

[./Library/PackageCache/com.unity.render-pipelines.universal@14.0.7/Runtime/UniversalRenderPipeline.cs line 666]

Shader properties can't be added to this global property sheet. Trying to add _GrabTexture_TexelSize (type 2 count 1)
UnityEngine.StackTraceUtility:ExtractStackTrace ()
UnityEngine.Rendering.ScriptableRenderContext:Submit_Internal ()
UnityEngine.Rendering.ScriptableRenderContext:Submit ()
UnityEngine.Rendering.Universal.UniversalRenderPipeline:RenderSingleCamera (UnityEngine.Rendering.ScriptableRenderContext,UnityEngine.Rendering.Universal.CameraData&,bool) (at ./Library/PackageCache/com.unity.render-pipelines.universal@14.0.7/Runtime/UniversalRenderPipeline.cs:666)
UnityEngine.Rendering.Universal.UniversalRenderPipeline:RenderSingleCameraInternal (UnityEngine.Rendering.ScriptableRenderContext,UnityEngine.Camera) (at ./Library/PackageCache/com.unity.render-pipelines.universal@14.0.7/Runtime/UniversalRenderPipeline.cs:534)
UnityEngine.Rendering.Universal.UniversalRenderPipeline:Render (UnityEngine.Rendering.ScriptableRenderContext,System.Collections.Generic.List`1<UnityEngine.Camera>) (at ./Library/PackageCache/com.unity.render-pipelines.universal@14.0.7/Runtime/UniversalRenderPipeline.cs:376)
UnityEngine.Rendering.RenderPipeline:InternalRender (UnityEngine.Rendering.ScriptableRenderContext,System.Collections.Generic.List`1<UnityEngine.Camera>)
UnityEngine.Rendering.RenderPipelineManager:DoRenderLoop_Internal (UnityEngine.Rendering.RenderPipelineAsset,intptr,UnityEngine.Object,Unity.Collections.LowLevel.Unsafe.AtomicSafetyHandle)
UnityEditor.PreviewRenderUtility:Render (bool,bool)
UnityEditor.GameObjectInspector:DoRenderPreview (UnityEditor.GameObjectInspector/PreviewData)
UnityEditor.GameObjectInspector:RenderStaticPreview (string,UnityEngine.Object[],int,int)
UnityEditor.AssetPreviewUpdater:CreatePreview (UnityEngine.Object,UnityEngine.Object[],string,int,int)
UnityEditor.AssetPreviewUpdater:CreatePreviewForAsset (UnityEngine.Object,UnityEngine.Object[],string)

[./Library/PackageCache/com.unity.render-pipelines.universal@14.0.7/Runtime/UniversalRenderPipeline.cs line 666]

Shader properties can't be added to this global property sheet. Trying to add _GrabTexture_HDR (type 2 count 1)
UnityEngine.StackTraceUtility:ExtractStackTrace ()
UnityEngine.Rendering.ScriptableRenderContext:Submit_Internal ()
UnityEngine.Rendering.ScriptableRenderContext:Submit ()
UnityEngine.Rendering.Universal.UniversalRenderPipeline:RenderSingleCamera (UnityEngine.Rendering.ScriptableRenderContext,UnityEngine.Rendering.Universal.CameraData&,bool) (at ./Library/PackageCache/com.unity.render-pipelines.universal@14.0.7/Runtime/UniversalRenderPipeline.cs:666)
UnityEngine.Rendering.Universal.UniversalRenderPipeline:RenderSingleCameraInternal (UnityEngine.Rendering.ScriptableRenderContext,UnityEngine.Camera) (at ./Library/PackageCache/com.unity.render-pipelines.universal@14.0.7/Runtime/UniversalRenderPipeline.cs:534)
UnityEngine.Rendering.Universal.UniversalRenderPipeline:Render (UnityEngine.Rendering.ScriptableRenderContext,System.Collections.Generic.List`1<UnityEngine.Camera>) (at ./Library/PackageCache/com.unity.render-pipelines.universal@14.0.7/Runtime/UniversalRenderPipeline.cs:376)
UnityEngine.Rendering.RenderPipeline:InternalRender (UnityEngine.Rendering.ScriptableRenderContext,System.Collections.Generic.List`1<UnityEngine.Camera>)
UnityEngine.Rendering.RenderPipelineManager:DoRenderLoop_Internal (UnityEngine.Rendering.RenderPipelineAsset,intptr,UnityEngine.Object,Unity.Collections.LowLevel.Unsafe.AtomicSafetyHandle)
UnityEditor.PreviewRenderUtility:Render (bool,bool)
UnityEditor.GameObjectInspector:DoRenderPreview (UnityEditor.GameObjectInspector/PreviewData)
UnityEditor.GameObjectInspector:RenderStaticPreview (string,UnityEngine.Object[],int,int)
UnityEditor.AssetPreviewUpdater:CreatePreview (UnityEngine.Object,UnityEngine.Object[],string,int,int)
UnityEditor.AssetPreviewUpdater:CreatePreviewForAsset (UnityEngine.Object,UnityEngine.Object[],string)

[./Library/PackageCache/com.unity.render-pipelines.universal@14.0.7/Runtime/UniversalRenderPipeline.cs line 666]

Shader properties can't be added to this global property sheet. Trying to add _GrabTexture (type 4 count 1)
UnityEngine.StackTraceUtility:ExtractStackTrace ()
UnityEngine.Rendering.ScriptableRenderContext:Submit_Internal ()
UnityEngine.Rendering.ScriptableRenderContext:Submit ()
UnityEngine.Rendering.Universal.UniversalRenderPipeline:RenderSingleCamera (UnityEngine.Rendering.ScriptableRenderContext,UnityEngine.Rendering.Universal.CameraData&,bool) (at ./Library/PackageCache/com.unity.render-pipelines.universal@14.0.7/Runtime/UniversalRenderPipeline.cs:666)
UnityEngine.Rendering.Universal.UniversalRenderPipeline:RenderSingleCameraInternal (UnityEngine.Rendering.ScriptableRenderContext,UnityEngine.Camera) (at ./Library/PackageCache/com.unity.render-pipelines.universal@14.0.7/Runtime/UniversalRenderPipeline.cs:534)
UnityEngine.Rendering.Universal.UniversalRenderPipeline:Render (UnityEngine.Rendering.ScriptableRenderContext,System.Collections.Generic.List`1<UnityEngine.Camera>) (at ./Library/PackageCache/com.unity.render-pipelines.universal@14.0.7/Runtime/UniversalRenderPipeline.cs:376)
UnityEngine.Rendering.RenderPipeline:InternalRender (UnityEngine.Rendering.ScriptableRenderContext,System.Collections.Generic.List`1<UnityEngine.Camera>)
UnityEngine.Rendering.RenderPipelineManager:DoRenderLoop_Internal (UnityEngine.Rendering.RenderPipelineAsset,intptr,UnityEngine.Object,Unity.Collections.LowLevel.Unsafe.AtomicSafetyHandle)
UnityEditor.PreviewRenderUtility:Render (bool,bool)
UnityEditor.GameObjectInspector:DoRenderPreview (UnityEditor.GameObjectInspector/PreviewData)
UnityEditor.GameObjectInspector:RenderStaticPreview (string,UnityEngine.Object[],int,int)
UnityEditor.AssetPreviewUpdater:CreatePreview (UnityEngine.Object,UnityEngine.Object[],string,int,int)
UnityEditor.AssetPreviewUpdater:CreatePreviewForAsset (UnityEngine.Object,UnityEngine.Object[],string)

[./Library/PackageCache/com.unity.render-pipelines.universal@14.0.7/Runtime/UniversalRenderPipeline.cs line 666]

 -> (artifact id: 'c8470b918db2bae65b1d340922a77a46') in 0.225693 seconds
Number of updated asset objects reloaded before import = 0
Number of asset objects unloaded after import = 55
========================================================================
Received Import Request.
  Time since last request: 0.000060 seconds.
  path: Assets/SpecialSkillsEffectsPack/AllEffects/EffectsSet_1(NotScriptBased)/Materials/Effect_55_Materials/Effect_55_Sphere_4.mat
  artifactKey: Guid(bf2843e23512a0542b6b3af9e619c200) Importer(815301076,1909f56bfc062723c751e8b465ee728b)
Start importing Assets/SpecialSkillsEffectsPack/AllEffects/EffectsSet_1(NotScriptBased)/Materials/Effect_55_Materials/Effect_55_Sphere_4.mat using Guid(bf2843e23512a0542b6b3af9e619c200) Importer(815301076,1909f56bfc062723c751e8b465ee728b)  -> (artifact id: 'bc323aac17edf0bc6a490cb81b166922') in 0.019915 seconds
Number of updated asset objects reloaded before import = 0
Number of asset objects unloaded after import = 5
========================================================================
Received Import Request.
  Time since last request: 0.000029 seconds.
  path: Assets/SpecialSkillsEffectsPack/AllEffects/EffectsSet_1(NotScriptBased)/Materials/Effect_Common_Materials/Effect_Common_Distort_1.mat
  artifactKey: Guid(86bb165da1eec004bae90f5e6c1f7ddc) Importer(815301076,1909f56bfc062723c751e8b465ee728b)
Start importing Assets/SpecialSkillsEffectsPack/AllEffects/EffectsSet_1(NotScriptBased)/Materials/Effect_Common_Materials/Effect_Common_Distort_1.mat using Guid(86bb165da1eec004bae90f5e6c1f7ddc) Importer(815301076,1909f56bfc062723c751e8b465ee728b) 
=================================================================
	Native Crash Reporting
=================================================================
Got a UNKNOWN while executing native code. This usually indicates
a fatal error in the mono runtime or one of the native libraries 
used by your application.
=================================================================

=================================================================
	Managed Stacktrace:
=================================================================
	  at <unknown> <0xffffffff>
	  at UnityEngine.Rendering.ScriptableRenderContext:Submit_Internal_Injected <0x00089>
	  at UnityEngine.Rendering.ScriptableRenderContext:Submit_Internal <0x0001a>
	  at UnityEngine.Rendering.ScriptableRenderContext:Submit <0x00032>
	  at UnityEngine.Rendering.Universal.UniversalRenderPipeline:RenderSingleCamera <0x00d72>
	  at UnityEngine.Rendering.Universal.UniversalRenderPipeline:RenderSingleCameraInternal <0x00192>
	  at UnityEngine.Rendering.Universal.UniversalRenderPipeline:Render <0x00612>
	  at UnityEngine.Rendering.RenderPipeline:InternalRender <0x00058>
	  at UnityEngine.Rendering.RenderPipelineManager:DoRenderLoop_Internal <0x001d2>
	  at <Module>:runtime_invoke_void_object_intptr_object_AtomicSafetyHandle <0x000c7>
	  at <unknown> <0xffffffff>
	  at UnityEngine.Camera:Render <0x00090>
	  at UnityEditor.PreviewRenderUtility:Render <0x0043a>
	  at UnityEditor.MaterialEditor:DoRenderPreview <0x01b3a>
	  at UnityEditor.MaterialEditor:RenderStaticPreview <0x001c2>
	  at UnityEditor.AssetPreviewUpdater:CreatePreview <0x0018f>
	  at UnityEditor.AssetPreviewUpdater:CreatePreviewForAsset <0x00042>
	  at <Module>:runtime_invoke_object_object_object_object <0x0008f>
=================================================================
Received signal SIGSEGV
Obtained 60 stack frames
0x00007ff69aa94c8d (Unity) ScriptableRenderLoopDrawSRPBatcher
0x00007ff69aa953ea (Unity) ScriptableRenderLoopJob
0x00007ff69adad623 (Unity) GfxDevice::ExecuteAsync
0x00007ff69b095eae (Unity) GfxDeviceClient::ExecuteAsync
0x00007ff69aa929a5 (Unity) ScheduleRenderJobs
0x00007ff69aa8f179 (Unity) ExecuteDrawRenderersCommand
0x00007ff69aa7d740 (Unity) ScriptableRenderContext::ExecuteScriptableRenderLoop
0x00007ff699ee4ec9 (Unity) ScriptableRenderContext_CUSTOM_Submit_Internal_Injected
0x00000275755cc07a (Mono JIT Code) (wrapper managed-to-native) UnityEngine.Rendering.ScriptableRenderContext:Submit_Internal_Injected (UnityEngine.Rendering.ScriptableRenderContext&)
0x00000275755cbfcb (Mono JIT Code) UnityEngine.Rendering.ScriptableRenderContext:Submit_Internal ()
0x00000275755cbf83 (Mono JIT Code) UnityEngine.Rendering.ScriptableRenderContext:Submit ()
0x0000027575581d73 (Mono JIT Code) UnityEngine.Rendering.Universal.UniversalRenderPipeline:RenderSingleCamera (UnityEngine.Rendering.ScriptableRenderContext,UnityEngine.Rendering.Universal.CameraData&,bool) (at ./Library/PackageCache/com.unity.render-pipelines.universal@14.0.7/Runtime/UniversalRenderPipeline.cs:667)
0x000002757557a3c3 (Mono JIT Code) UnityEngine.Rendering.Universal.UniversalRenderPipeline:RenderSingleCameraInternal (UnityEngine.Rendering.ScriptableRenderContext,UnityEngine.Camera) (at ./Library/PackageCache/com.unity.render-pipelines.universal@14.0.7/Runtime/UniversalRenderPipeline.cs:535)
0x0000027575573733 (Mono JIT Code) UnityEngine.Rendering.Universal.UniversalRenderPipeline:Render (UnityEngine.Rendering.ScriptableRenderContext,System.Collections.Generic.List`1<UnityEngine.Camera>) (at ./Library/PackageCache/com.unity.render-pipelines.universal@14.0.7/Runtime/UniversalRenderPipeline.cs:378)
0x00000275755729b9 (Mono JIT Code) UnityEngine.Rendering.RenderPipeline:InternalRender (UnityEngine.Rendering.ScriptableRenderContext,System.Collections.Generic.List`1<UnityEngine.Camera>)
0x00000275753fe163 (Mono JIT Code) UnityEngine.Rendering.RenderPipelineManager:DoRenderLoop_Internal (UnityEngine.Rendering.RenderPipelineAsset,intptr,UnityEngine.Object,Unity.Collections.LowLevel.Unsafe.AtomicSafetyHandle)
0x00000275753fe398 (Mono JIT Code) (wrapper runtime-invoke) <Module>:runtime_invoke_void_object_intptr_object_AtomicSafetyHandle (object,intptr,intptr,intptr)
0x00007ffaf222e434 (mono-2.0-bdwgc) mono_jit_runtime_invoke (at C:/build/output/Unity-Technologies/mono/mono/mini/mini-runtime.c:3445)
0x00007ffaf216eb44 (mono-2.0-bdwgc) do_runtime_invoke (at C:/build/output/Unity-Technologies/mono/mono/metadata/object.c:3066)
0x00007ffaf216ecdc (mono-2.0-bdwgc) mono_runtime_invoke (at C:/build/output/Unity-Technologies/mono/mono/metadata/object.c:3113)
0x00007ff69ae9f054 (Unity) scripting_method_invoke
0x00007ff69ae7f864 (Unity) ScriptingInvocation::Invoke
0x00007ff69aa7f7af (Unity) ScriptableRenderContext::ExtractAndExecuteRenderPipeline
0x00007ff69a88d4d6 (Unity) Camera::CustomRenderWithPipeline
0x00007ff69a8a3720 (Unity) Camera::StandaloneCustomRender
0x00007ff69a8a39ab (Unity) Camera::StandaloneRender
0x00007ff69a89a5e9 (Unity) CameraScripting::Render
0x00007ff699ff52cd (Unity) Camera_CUSTOM_Render
0x00000275753fdeb1 (Mono JIT Code) (wrapper managed-to-native) UnityEngine.Camera:Render (UnityEngine.Camera)
0x00000275753fd24b (Mono JIT Code) UnityEditor.PreviewRenderUtility:Render (bool,bool)
0x00000275753f9fdb (Mono JIT Code) UnityEditor.MaterialEditor:DoRenderPreview (UnityEditor.PreviewRenderUtility,bool)
0x00000275753e9f63 (Mono JIT Code) UnityEditor.MaterialEditor:RenderStaticPreview (string,UnityEngine.Object[],int,int)
0x00000275753da780 (Mono JIT Code) UnityEditor.AssetPreviewUpdater:CreatePreview (UnityEngine.Object,UnityEngine.Object[],string,int,int)
0x00000275753da463 (Mono JIT Code) UnityEditor.AssetPreviewUpdater:CreatePreviewForAsset (UnityEngine.Object,UnityEngine.Object[],string)
0x00000275753da520 (Mono JIT Code) (wrapper runtime-invoke) <Module>:runtime_invoke_object_object_object_object (object,intptr,intptr,intptr)
0x00007ffaf222e434 (mono-2.0-bdwgc) mono_jit_runtime_invoke (at C:/build/output/Unity-Technologies/mono/mono/mini/mini-runtime.c:3445)
0x00007ffaf216eb44 (mono-2.0-bdwgc) do_runtime_invoke (at C:/build/output/Unity-Technologies/mono/mono/metadata/object.c:3066)
0x00007ffaf216ecdc (mono-2.0-bdwgc) mono_runtime_invoke (at C:/build/output/Unity-Technologies/mono/mono/metadata/object.c:3113)
0x00007ff69ae9f054 (Unity) scripting_method_invoke
0x00007ff69ae7f864 (Unity) ScriptingInvocation::Invoke
0x00007ff69c23a84d (Unity) MonoCreateAssetPreview
0x00007ff69c239640 (Unity) WriteAssetPreviewToFile
0x00007ff69c239dd3 (Unity) WritePreviews
0x00007ff69c230d0f (Unity) PreviewImporter::GenerateAssetData
0x00007ff69c27b055 (Unity) ImportToObjects
0x00007ff69c27a03c (Unity) ImportAsset
0x00007ff69c29ec28 (Unity) AssetImportWorker::Import
0x00007ff69c306a62 (Unity) <lambda_183697078dc22ecb201e4599e9982eaf>::operator()
0x00007ff69c342422 (Unity) asio::detail::completion_handler<core::mutable_function<void __cdecl(void)>,asio::io_context::basic_executor_type<std::allocator<void>,0> >::do_complete
0x00007ff69c32e3ce (Unity) asio::detail::win_iocp_io_context::do_one
0x00007ff69c330034 (Unity) asio::detail::win_iocp_io_context::run
0x00007ff69c3407cc (Unity) IOService::Run
0x00007ff69c3151bf (Unity) AssetImportWorkerClient::Run
0x00007ff69c2dfec7 (Unity) RunAssetImportWorkerClientV2
0x00007ff69c2dff4b (Unity) RunAssetImporterV2
0x00007ff69bacb611 (Unity) Application::InitializeProject
0x00007ff69bf6a035 (Unity) WinMain
0x00007ff69d34e95e (Unity) __scrt_common_main_seh
0x00007ffbaf847344 (KERNEL32) BaseThreadInitThunk
0x00007ffbb14e26b1 (ntdll) RtlUserThreadStart

