Using pre-set license
Built from '2022.2/staging' branch; Version is '2022.2.20f1 (c5d806317f84) revision 12965894'; Using compiler version '192829333'; Build Type 'Release'
OS: 'Windows 10  (10.0.19045) 64bit Professional' Language: 'ko' Physical Memory: 32729 MB
BatchMode: 1, IsHumanControllingUs: 0, StartBugReporterOnCrash: 0, Is64bit: 1, IsPro: 1

COMMAND LINE ARGUMENTS:
G:\Unity\2022.2.20f1\Editor\Unity.exe
-adb2
-batchMode
-noUpm
-name
AssetImportWorker4
-projectPath
G:/4p-project/Power_of_Personality
-logFile
Logs/AssetImportWorker4.log
-srvPort
10520
Successfully changed project path to: G:/4p-project/Power_of_Personality
G:/4p-project/Power_of_Personality
[UnityMemory] Configuration Parameters - Can be set up in boot.config
    "memorysetup-bucket-allocator-granularity=16"
    "memorysetup-bucket-allocator-bucket-count=8"
    "memorysetup-bucket-allocator-block-size=33554432"
    "memorysetup-bucket-allocator-block-count=8"
    "memorysetup-main-allocator-block-size=16777216"
    "memorysetup-thread-allocator-block-size=16777216"
    "memorysetup-gfx-main-allocator-block-size=16777216"
    "memorysetup-gfx-thread-allocator-block-size=16777216"
    "memorysetup-cache-allocator-block-size=4194304"
    "memorysetup-typetree-allocator-block-size=2097152"
    "memorysetup-profiler-bucket-allocator-granularity=16"
    "memorysetup-profiler-bucket-allocator-bucket-count=8"
    "memorysetup-profiler-bucket-allocator-block-size=33554432"
    "memorysetup-profiler-bucket-allocator-block-count=8"
    "memorysetup-profiler-allocator-block-size=16777216"
    "memorysetup-profiler-editor-allocator-block-size=1048576"
    "memorysetup-temp-allocator-size-main=16777216"
    "memorysetup-job-temp-allocator-block-size=2097152"
    "memorysetup-job-temp-allocator-block-size-background=1048576"
    "memorysetup-job-temp-allocator-reduction-small-platforms=262144"
    "memorysetup-temp-allocator-size-background-worker=32768"
    "memorysetup-temp-allocator-size-job-worker=262144"
    "memorysetup-temp-allocator-size-preload-manager=33554432"
    "memorysetup-temp-allocator-size-nav-mesh-worker=65536"
    "memorysetup-temp-allocator-size-audio-worker=65536"
    "memorysetup-temp-allocator-size-cloud-worker=32768"
    "memorysetup-temp-allocator-size-gi-baking-worker=262144"
    "memorysetup-temp-allocator-size-gfx=262144"
Player connection [31364] Host "[IP] 192.168.0.26 [Port] 0 [Flags] 2 [Guid] 4037489288 [EditorId] 4037489288 [Version] 1048832 [Id] WindowsEditor(7,DESKTOP-JGTGNHB) [Debug] 1 [PackageName] WindowsEditor [ProjectName] Editor" joined multi-casting on [225.0.0.222:54997]...

Player connection [31364] Host "[IP] 192.168.0.26 [Port] 0 [Flags] 2 [Guid] 4037489288 [EditorId] 4037489288 [Version] 1048832 [Id] WindowsEditor(7,DESKTOP-JGTGNHB) [Debug] 1 [PackageName] WindowsEditor [ProjectName] Editor" joined alternative multi-casting on [225.0.0.222:34997]...

Refreshing native plugins compatible for Editor in 59.03 ms, found 3 plugins.
Preloading 0 native plugins for Editor in 0.00 ms.
Initialize engine version: 2022.2.20f1 (c5d806317f84)
[Subsystems] Discovering subsystems at path G:/Unity/2022.2.20f1/Editor/Data/Resources/UnitySubsystems
[Subsystems] Discovering subsystems at path G:/4p-project/Power_of_Personality/Assets
GfxDevice: creating device client; threaded=0; jobified=0
Direct3D:
    Version:  Direct3D 11.0 [level 11.1]
    Renderer: NVIDIA GeForce GTX 1060 6GB (ID=0x1b83)
    Vendor:   NVIDIA
    VRAM:     6044 MB
    Driver:   31.0.15.4617
Initialize mono
Mono path[0] = 'G:/Unity/2022.2.20f1/Editor/Data/Managed'
Mono path[1] = 'G:/Unity/2022.2.20f1/Editor/Data/MonoBleedingEdge/lib/mono/unityjit-win32'
Mono config path = 'G:/Unity/2022.2.20f1/Editor/Data/MonoBleedingEdge/etc'
Using monoOptions --debugger-agent=transport=dt_socket,embedding=1,server=y,suspend=n,address=127.0.0.1:56120
Begin MonoManager ReloadAssembly
Registering precompiled unity dll's ...
Register platform support module: G:/Unity/2022.2.20f1/Editor/Data/PlaybackEngines/AndroidPlayer/UnityEditor.Android.Extensions.dll
Register platform support module: G:/Unity/2022.2.20f1/Editor/Data/PlaybackEngines/WindowsStandaloneSupport/UnityEditor.WindowsStandalone.Extensions.dll
Registered in 0.014030 seconds.
- Loaded All Assemblies, in  0.718 seconds
Native extension for WindowsStandalone target not found
Native extension for Android target not found
Android Extension - Scanning For ADB Devices 811 ms
Mono: successfully reloaded assembly
- Finished resetting the current domain, in  1.397 seconds
Domain Reload Profiling:
	ReloadAssembly (391ms)
		BeginReloadAssembly (189ms)
			ExecutionOrderSort (0ms)
			DisableScriptedObjects (0ms)
			BackupInstance (0ms)
			ReleaseScriptingObjects (0ms)
			CreateAndSetChildDomain (1ms)
		LoadAllAssembliesAndSetupDomain (0ms)
			LoadAssemblies (189ms)
			RebuildTransferFunctionScriptingTraits (0ms)
			SetupTypeCache (316ms)
				TypeCache.Initialize (314ms)
					TypeCache.ScanAssembly (311ms)
				ResolveRequiredComponents (1ms)
		FinalizeReload (0ms)
			ReleaseScriptCaches (0ms)
			RebuildScriptCaches (0ms)
			SetupLoadedEditorAssemblies (1293ms)
				LogAssemblyErrors (0ms)
				InitializePlatformSupportModulesInManaged (999ms)
				SetLoadedEditorAssemblies (8ms)
				RefreshPlugins (0ms)
				BeforeProcessingInitializeOnLoad (2ms)
				ProcessInitializeOnLoadAttributes (192ms)
				ProcessInitializeOnLoadMethodAttributes (93ms)
				AfterProcessingInitializeOnLoad (0ms)
				EditorAssembliesLoaded (0ms)
			ExecutionOrderSort2 (0ms)
			AwakeInstancesAfterBackupRestoration (0ms)
========================================================================
Worker process is ready to serve import requests
Begin MonoManager ReloadAssembly
Symbol file LoadedFromMemory doesn't match image G:\4p-project\Power_of_Personality\Library\PackageCache\com.unity.visualscripting@1.8.0\Editor\VisualScripting.Core\Dependencies\YamlDotNet\Unity.VisualScripting.YamlDotNet.dll
Symbol file LoadedFromMemory doesn't match image G:\4p-project\Power_of_Personality\Library\PackageCache\com.unity.visualscripting@1.8.0\Editor\VisualScripting.Core\Dependencies\DotNetZip\Unity.VisualScripting.IonicZip.dll
- Loaded All Assemblies, in  1.661 seconds
Refreshing native plugins compatible for Editor in 7.96 ms, found 3 plugins.
Native extension for WindowsStandalone target not found
Native extension for Android target not found
Mono: successfully reloaded assembly
- Finished resetting the current domain, in  1.336 seconds
Domain Reload Profiling:
	ReloadAssembly (407ms)
		BeginReloadAssembly (239ms)
			ExecutionOrderSort (0ms)
			DisableScriptedObjects (9ms)
			BackupInstance (0ms)
			ReleaseScriptingObjects (1ms)
			CreateAndSetChildDomain (39ms)
		LoadAllAssembliesAndSetupDomain (1251ms)
			LoadAssemblies (592ms)
			RebuildTransferFunctionScriptingTraits (0ms)
			SetupTypeCache (788ms)
				TypeCache.Initialize (715ms)
					TypeCache.ScanAssembly (705ms)
				ResolveRequiredComponents (26ms)
		FinalizeReload (0ms)
			ReleaseScriptCaches (0ms)
			RebuildScriptCaches (0ms)
			SetupLoadedEditorAssemblies (949ms)
				LogAssemblyErrors (0ms)
				InitializePlatformSupportModulesInManaged (39ms)
				SetLoadedEditorAssemblies (8ms)
				RefreshPlugins (0ms)
				BeforeProcessingInitializeOnLoad (131ms)
				ProcessInitializeOnLoadAttributes (582ms)
				ProcessInitializeOnLoadMethodAttributes (180ms)
				AfterProcessingInitializeOnLoad (9ms)
				EditorAssembliesLoaded (0ms)
			ExecutionOrderSort2 (0ms)
			AwakeInstancesAfterBackupRestoration (24ms)
Launched and connected shader compiler UnityShaderCompiler.exe after 0.18 seconds
Refreshing native plugins compatible for Editor in 9.40 ms, found 3 plugins.
Preloading 0 native plugins for Editor in 0.00 ms.
Unloading 5998 Unused Serialized files (Serialized files now loaded: 0)
Unloading 74 unused Assets / (1.4 MB). Loaded Objects now: 6467.
Memory consumption went from 249.9 MB to 248.5 MB.
Total: 7.961600 ms (FindLiveObjects: 0.909900 ms CreateObjectMapping: 1.044200 ms MarkObjects: 5.268800 ms  DeleteObjects: 0.736800 ms)

AssetImportParameters requested are different than current active one (requested -> active):
  custom:container-demuxer-ogg: 62fdf1f143b41e24485cea50d1cbac27 -> 
  custom:video-decoder-ogg-theora: a1e56fd34408186e4bbccfd4996cb3dc -> 
  custom:framework-win-MediaFoundation: 216162199b28c13a410421893ffa2e32 -> 
  custom:container-demuxer-webm: 4f35f7cbe854078d1ac9338744f61a02 -> 
  custom:container-muxer-webm: aa71ff27fc2769a1b78a27578f13a17b -> 
  custom:video-decoder-webm-vp8: 9c59270c3fd7afecdb556c50c9e8de78 -> 
  custom:AudioImporter_EditorPlatform: d09bf68614088b80899f8185d706f6e7 -> 
  custom:video-encoder-webm-vp8: eb34c28f22e8b96e1ab97ce403110664 -> 
  custom:audio-decoder-ogg-vorbis: bf7c407c2cedff20999df2af8eb42d56 -> 
  custom:audio-encoder-webm-vorbis: bf7c407c2cedff20999df2af8eb42d56 -> 
========================================================================
Received Prepare
Begin MonoManager ReloadAssembly
Symbol file LoadedFromMemory doesn't match image G:\4p-project\Power_of_Personality\Library\PackageCache\com.unity.visualscripting@1.8.0\Editor\VisualScripting.Core\Dependencies\YamlDotNet\Unity.VisualScripting.YamlDotNet.dll
Symbol file LoadedFromMemory doesn't match image G:\4p-project\Power_of_Personality\Library\PackageCache\com.unity.visualscripting@1.8.0\Editor\VisualScripting.Core\Dependencies\DotNetZip\Unity.VisualScripting.IonicZip.dll
- Loaded All Assemblies, in  1.578 seconds
Refreshing native plugins compatible for Editor in 8.53 ms, found 3 plugins.
Native extension for WindowsStandalone target not found
Native extension for Android target not found
Mono: successfully reloaded assembly
- Finished resetting the current domain, in  2.312 seconds
Domain Reload Profiling:
	ReloadAssembly (386ms)
		BeginReloadAssembly (255ms)
			ExecutionOrderSort (0ms)
			DisableScriptedObjects (6ms)
			BackupInstance (0ms)
			ReleaseScriptingObjects (0ms)
			CreateAndSetChildDomain (74ms)
		LoadAllAssembliesAndSetupDomain (1189ms)
			LoadAssemblies (619ms)
			RebuildTransferFunctionScriptingTraits (0ms)
			SetupTypeCache (695ms)
				TypeCache.Initialize (671ms)
					TypeCache.ScanAssembly (657ms)
				ResolveRequiredComponents (24ms)
		FinalizeReload (0ms)
			ReleaseScriptCaches (0ms)
			RebuildScriptCaches (0ms)
			SetupLoadedEditorAssemblies (934ms)
				LogAssemblyErrors (0ms)
				InitializePlatformSupportModulesInManaged (44ms)
				SetLoadedEditorAssemblies (12ms)
				RefreshPlugins (0ms)
				BeforeProcessingInitializeOnLoad (158ms)
				ProcessInitializeOnLoadAttributes (538ms)
				ProcessInitializeOnLoadMethodAttributes (172ms)
				AfterProcessingInitializeOnLoad (8ms)
				EditorAssembliesLoaded (0ms)
			ExecutionOrderSort2 (0ms)
			AwakeInstancesAfterBackupRestoration (34ms)
Refreshing native plugins compatible for Editor in 15.31 ms, found 3 plugins.
Preloading 0 native plugins for Editor in 0.00 ms.
Unloading 5780 Unused Serialized files (Serialized files now loaded: 0)
Unloading 47 unused Assets / (1.1 MB). Loaded Objects now: 6472.
Memory consumption went from 205.9 MB to 204.8 MB.
Total: 12.122200 ms (FindLiveObjects: 1.211000 ms CreateObjectMapping: 1.144900 ms MarkObjects: 9.205900 ms  DeleteObjects: 0.557900 ms)

Prepare: number of updated asset objects reloaded= 0
AssetImportParameters requested are different than current active one (requested -> active):
  custom:container-demuxer-ogg: 62fdf1f143b41e24485cea50d1cbac27 -> 
  custom:video-decoder-ogg-theora: a1e56fd34408186e4bbccfd4996cb3dc -> 
  custom:framework-win-MediaFoundation: 216162199b28c13a410421893ffa2e32 -> 
  custom:container-demuxer-webm: 4f35f7cbe854078d1ac9338744f61a02 -> 
  custom:container-muxer-webm: aa71ff27fc2769a1b78a27578f13a17b -> 
  custom:video-decoder-webm-vp8: 9c59270c3fd7afecdb556c50c9e8de78 -> 
  custom:AudioImporter_EditorPlatform: d09bf68614088b80899f8185d706f6e7 -> 
  custom:video-encoder-webm-vp8: eb34c28f22e8b96e1ab97ce403110664 -> 
  custom:audio-decoder-ogg-vorbis: bf7c407c2cedff20999df2af8eb42d56 -> 
  custom:audio-encoder-webm-vorbis: bf7c407c2cedff20999df2af8eb42d56 -> 
========================================================================
Received Prepare
Begin MonoManager ReloadAssembly
Symbol file LoadedFromMemory doesn't match image G:\4p-project\Power_of_Personality\Library\PackageCache\com.unity.visualscripting@1.8.0\Editor\VisualScripting.Core\Dependencies\YamlDotNet\Unity.VisualScripting.YamlDotNet.dll
Symbol file LoadedFromMemory doesn't match image G:\4p-project\Power_of_Personality\Library\PackageCache\com.unity.visualscripting@1.8.0\Editor\VisualScripting.Core\Dependencies\DotNetZip\Unity.VisualScripting.IonicZip.dll
- Loaded All Assemblies, in  1.553 seconds
Refreshing native plugins compatible for Editor in 7.68 ms, found 3 plugins.
Native extension for WindowsStandalone target not found
Native extension for Android target not found
Mono: successfully reloaded assembly
- Finished resetting the current domain, in  2.383 seconds
Domain Reload Profiling:
	ReloadAssembly (420ms)
		BeginReloadAssembly (284ms)
			ExecutionOrderSort (0ms)
			DisableScriptedObjects (9ms)
			BackupInstance (0ms)
			ReleaseScriptingObjects (0ms)
			CreateAndSetChildDomain (87ms)
		LoadAllAssembliesAndSetupDomain (1131ms)
			LoadAssemblies (617ms)
			RebuildTransferFunctionScriptingTraits (0ms)
			SetupTypeCache (654ms)
				TypeCache.Initialize (628ms)
					TypeCache.ScanAssembly (615ms)
				ResolveRequiredComponents (25ms)
		FinalizeReload (0ms)
			ReleaseScriptCaches (0ms)
			RebuildScriptCaches (0ms)
			SetupLoadedEditorAssemblies (944ms)
				LogAssemblyErrors (0ms)
				InitializePlatformSupportModulesInManaged (48ms)
				SetLoadedEditorAssemblies (9ms)
				RefreshPlugins (0ms)
				BeforeProcessingInitializeOnLoad (154ms)
				ProcessInitializeOnLoadAttributes (548ms)
				ProcessInitializeOnLoadMethodAttributes (176ms)
				AfterProcessingInitializeOnLoad (8ms)
				EditorAssembliesLoaded (0ms)
			ExecutionOrderSort2 (0ms)
			AwakeInstancesAfterBackupRestoration (34ms)
Refreshing native plugins compatible for Editor in 9.00 ms, found 3 plugins.
Preloading 0 native plugins for Editor in 0.00 ms.
Unloading 5780 Unused Serialized files (Serialized files now loaded: 0)
Unloading 47 unused Assets / (1.1 MB). Loaded Objects now: 6477.
Memory consumption went from 205.9 MB to 204.8 MB.
Total: 10.401900 ms (FindLiveObjects: 0.937800 ms CreateObjectMapping: 1.362900 ms MarkObjects: 7.284600 ms  DeleteObjects: 0.815300 ms)

Prepare: number of updated asset objects reloaded= 0
AssetImportParameters requested are different than current active one (requested -> active):
  custom:container-demuxer-ogg: 62fdf1f143b41e24485cea50d1cbac27 -> 
  custom:video-decoder-ogg-theora: a1e56fd34408186e4bbccfd4996cb3dc -> 
  custom:framework-win-MediaFoundation: 216162199b28c13a410421893ffa2e32 -> 
  custom:container-demuxer-webm: 4f35f7cbe854078d1ac9338744f61a02 -> 
  custom:container-muxer-webm: aa71ff27fc2769a1b78a27578f13a17b -> 
  custom:video-decoder-webm-vp8: 9c59270c3fd7afecdb556c50c9e8de78 -> 
  custom:AudioImporter_EditorPlatform: d09bf68614088b80899f8185d706f6e7 -> 
  custom:video-encoder-webm-vp8: eb34c28f22e8b96e1ab97ce403110664 -> 
  custom:audio-decoder-ogg-vorbis: bf7c407c2cedff20999df2af8eb42d56 -> 
  custom:audio-encoder-webm-vorbis: bf7c407c2cedff20999df2af8eb42d56 -> 
========================================================================
Received Import Request.
  Time since last request: 245843.691340 seconds.
  path: Assets/Effects/Effect_Archer/SkillEffect_IceW_Archer.prefab
  artifactKey: Guid(c759a2ed5b958234f8a754a29fa89158) Importer(815301076,1909f56bfc062723c751e8b465ee728b)
Start importing Assets/Effects/Effect_Archer/SkillEffect_IceW_Archer.prefab using Guid(c759a2ed5b958234f8a754a29fa89158) Importer(815301076,1909f56bfc062723c751e8b465ee728b)  -> (artifact id: '163c0c04eaf9a774292fb2e528e24674') in 0.058017 seconds
Number of updated asset objects reloaded before import = 0
Number of asset objects unloaded after import = 46
========================================================================
Received Import Request.
  Time since last request: 23.291649 seconds.
  path: Assets/Effects/Effect_Wizard/CommonAttack_Ice1_Wizard.prefab
  artifactKey: Guid(c4d782b1b3eb47d419dc6486c26c5249) Importer(815301076,1909f56bfc062723c751e8b465ee728b)
Start importing Assets/Effects/Effect_Wizard/CommonAttack_Ice1_Wizard.prefab using Guid(c4d782b1b3eb47d419dc6486c26c5249) Importer(815301076,1909f56bfc062723c751e8b465ee728b)  -> (artifact id: '0b7735486a3876085ce34309c9ef086f') in 0.327131 seconds
Number of updated asset objects reloaded before import = 0
Number of asset objects unloaded after import = 53
========================================================================
Received Import Request.
  Time since last request: 2.140384 seconds.
  path: Assets/Effects/Effect_Wizard/Effect_39_AnnihilationBeam.prefab
  artifactKey: Guid(4b8ab3a093a77574ba0396f462fe64ec) Importer(815301076,1909f56bfc062723c751e8b465ee728b)
Start importing Assets/Effects/Effect_Wizard/Effect_39_AnnihilationBeam.prefab using Guid(4b8ab3a093a77574ba0396f462fe64ec) Importer(815301076,1909f56bfc062723c751e8b465ee728b)  -> (artifact id: 'c70ded460ea84eb181127db687372e8b') in 0.106286 seconds
Number of updated asset objects reloaded before import = 0
Number of asset objects unloaded after import = 66
========================================================================
Received Import Request.
  Time since last request: 34.465444 seconds.
  path: Assets/Effects/Effect_Archer/SkillEffect_FireE_Archer.prefab
  artifactKey: Guid(5b2017db9547c4e4c9bf332caac0413d) Importer(815301076,1909f56bfc062723c751e8b465ee728b)
Start importing Assets/Effects/Effect_Archer/SkillEffect_FireE_Archer.prefab using Guid(5b2017db9547c4e4c9bf332caac0413d) Importer(815301076,1909f56bfc062723c751e8b465ee728b)  -> (artifact id: 'b3facef3363a45d99a97c45b11329f51') in 0.082597 seconds
Number of updated asset objects reloaded before import = 0
Number of asset objects unloaded after import = 108
========================================================================
Received Import Request.
  Time since last request: 107.683719 seconds.
  path: Assets/Effects/Effect_Archer/Archer_Effect_Asset
  artifactKey: Guid(cfcca9c71129e4840817bdddef2b3ab7) Importer(815301076,1909f56bfc062723c751e8b465ee728b)
Start importing Assets/Effects/Effect_Archer/Archer_Effect_Asset using Guid(cfcca9c71129e4840817bdddef2b3ab7) Importer(815301076,1909f56bfc062723c751e8b465ee728b)  -> (artifact id: '505fb56744371bb3649ceaa836f484f3') in 0.000986 seconds
Number of updated asset objects reloaded before import = 0
Number of asset objects unloaded after import = 0
========================================================================
Received Import Request.
  Time since last request: 0.691324 seconds.
  path: Assets/Effects/Effect_Archer/Archer_Effect_Asset/Archer_Effect_Asset_Material
  artifactKey: Guid(51a5ddba6374f10408d2a6fe082a8da1) Importer(815301076,1909f56bfc062723c751e8b465ee728b)
Start importing Assets/Effects/Effect_Archer/Archer_Effect_Asset/Archer_Effect_Asset_Material using Guid(51a5ddba6374f10408d2a6fe082a8da1) Importer(815301076,1909f56bfc062723c751e8b465ee728b)  -> (artifact id: '3e92493880a900c50110f56ac57c2bbf') in 0.000718 seconds
Number of updated asset objects reloaded before import = 0
Number of asset objects unloaded after import = 0
========================================================================
Received Import Request.
  Time since last request: 0.961430 seconds.
  path: Assets/Effects/Effect_Archer/Archer_Effect_Asset/Effect_41_Arrow_Ice.prefab
  artifactKey: Guid(586e9947c2ad4d84bbd36dbeb3ac79b8) Importer(815301076,1909f56bfc062723c751e8b465ee728b)
Start importing Assets/Effects/Effect_Archer/Archer_Effect_Asset/Effect_41_Arrow_Ice.prefab using Guid(586e9947c2ad4d84bbd36dbeb3ac79b8) Importer(815301076,1909f56bfc062723c751e8b465ee728b)  -> (artifact id: '5d23457532b3c4a7ff19324109cca29e') in 0.022972 seconds
Number of updated asset objects reloaded before import = 0
Number of asset objects unloaded after import = 18
========================================================================
Received Import Request.
  Time since last request: 21.137771 seconds.
  path: Assets/Effects/Effect_Archer/Archer_Effect_Asset/Effect_41_Hit_Ice.prefab
  artifactKey: Guid(3b2b6521714452049a246237fca7eca9) Importer(815301076,1909f56bfc062723c751e8b465ee728b)
Start importing Assets/Effects/Effect_Archer/Archer_Effect_Asset/Effect_41_Hit_Ice.prefab using Guid(3b2b6521714452049a246237fca7eca9) Importer(815301076,1909f56bfc062723c751e8b465ee728b)  -> (artifact id: '8224a0c489984f4f66ed5d34cdacf54c') in 0.021624 seconds
Number of updated asset objects reloaded before import = 0
Number of asset objects unloaded after import = 14
========================================================================
Received Import Request.
  Time since last request: 38.863132 seconds.
  path: Assets/Effects/Effect_Archer/Archer_Effect_Asset/Effect_48_SpiralVortexWindStorm_Ice.prefab
  artifactKey: Guid(79ff85bafd99f894d800f4bee202afe9) Importer(815301076,1909f56bfc062723c751e8b465ee728b)
Start importing Assets/Effects/Effect_Archer/Archer_Effect_Asset/Effect_48_SpiralVortexWindStorm_Ice.prefab using Guid(79ff85bafd99f894d800f4bee202afe9) Importer(815301076,1909f56bfc062723c751e8b465ee728b)  -> (artifact id: 'f15e09d2e957dee0f032bb8db8fca216') in 0.052586 seconds
Number of updated asset objects reloaded before import = 0
Number of asset objects unloaded after import = 45
========================================================================
Received Prepare
Begin MonoManager ReloadAssembly
Symbol file LoadedFromMemory doesn't match image G:\4p-project\Power_of_Personality\Library\PackageCache\com.unity.visualscripting@1.8.0\Editor\VisualScripting.Core\Dependencies\YamlDotNet\Unity.VisualScripting.YamlDotNet.dll
Symbol file LoadedFromMemory doesn't match image G:\4p-project\Power_of_Personality\Library\PackageCache\com.unity.visualscripting@1.8.0\Editor\VisualScripting.Core\Dependencies\DotNetZip\Unity.VisualScripting.IonicZip.dll
- Loaded All Assemblies, in  1.410 seconds
Refreshing native plugins compatible for Editor in 6.26 ms, found 3 plugins.
Native extension for WindowsStandalone target not found
Native extension for Android target not found
Mono: successfully reloaded assembly
- Finished resetting the current domain, in  1.813 seconds
Domain Reload Profiling:
	ReloadAssembly (408ms)
		BeginReloadAssembly (244ms)
			ExecutionOrderSort (0ms)
			DisableScriptedObjects (14ms)
			BackupInstance (0ms)
			ReleaseScriptingObjects (0ms)
			CreateAndSetChildDomain (70ms)
		LoadAllAssembliesAndSetupDomain (998ms)
			LoadAssemblies (537ms)
			RebuildTransferFunctionScriptingTraits (0ms)
			SetupTypeCache (577ms)
				TypeCache.Initialize (560ms)
					TypeCache.ScanAssembly (549ms)
				ResolveRequiredComponents (18ms)
		FinalizeReload (0ms)
			ReleaseScriptCaches (0ms)
			RebuildScriptCaches (0ms)
			SetupLoadedEditorAssemblies (609ms)
				LogAssemblyErrors (0ms)
				InitializePlatformSupportModulesInManaged (32ms)
				SetLoadedEditorAssemblies (8ms)
				RefreshPlugins (0ms)
				BeforeProcessingInitializeOnLoad (101ms)
				ProcessInitializeOnLoadAttributes (347ms)
				ProcessInitializeOnLoadMethodAttributes (114ms)
				AfterProcessingInitializeOnLoad (7ms)
				EditorAssembliesLoaded (0ms)
			ExecutionOrderSort2 (0ms)
			AwakeInstancesAfterBackupRestoration (30ms)
Refreshing native plugins compatible for Editor in 9.68 ms, found 3 plugins.
Preloading 0 native plugins for Editor in 0.00 ms.
Unloading 5780 Unused Serialized files (Serialized files now loaded: 0)
Unloading 47 unused Assets / (1.1 MB). Loaded Objects now: 6533.
Memory consumption went from 206.8 MB to 205.7 MB.
Total: 6.603000 ms (FindLiveObjects: 0.903400 ms CreateObjectMapping: 0.701600 ms MarkObjects: 4.448400 ms  DeleteObjects: 0.548300 ms)

Prepare: number of updated asset objects reloaded= 0
AssetImportParameters requested are different than current active one (requested -> active):
  custom:container-demuxer-ogg: 62fdf1f143b41e24485cea50d1cbac27 -> 
  custom:video-decoder-ogg-theora: a1e56fd34408186e4bbccfd4996cb3dc -> 
  custom:framework-win-MediaFoundation: 216162199b28c13a410421893ffa2e32 -> 
  custom:container-demuxer-webm: 4f35f7cbe854078d1ac9338744f61a02 -> 
  custom:container-muxer-webm: aa71ff27fc2769a1b78a27578f13a17b -> 
  custom:video-decoder-webm-vp8: 9c59270c3fd7afecdb556c50c9e8de78 -> 
  custom:AudioImporter_EditorPlatform: d09bf68614088b80899f8185d706f6e7 -> 
  custom:video-encoder-webm-vp8: eb34c28f22e8b96e1ab97ce403110664 -> 
  custom:audio-decoder-ogg-vorbis: bf7c407c2cedff20999df2af8eb42d56 -> 
  custom:audio-encoder-webm-vorbis: bf7c407c2cedff20999df2af8eb42d56 -> 
========================================================================
Received Import Request.
  Time since last request: 216.074344 seconds.
  path: Assets/Scripts/Script_Effect/Script_100Effects/ForEffects/ObjectMoveDestroy.cs
  artifactKey: Guid(a92eda0b9e9558249a25d4f34f5daa5a) Importer(815301076,1909f56bfc062723c751e8b465ee728b)
Start importing Assets/Scripts/Script_Effect/Script_100Effects/ForEffects/ObjectMoveDestroy.cs using Guid(a92eda0b9e9558249a25d4f34f5daa5a) Importer(815301076,1909f56bfc062723c751e8b465ee728b)  -> (artifact id: '7e50c5e26ca13a026301a3925c5cef41') in 0.003152 seconds
Number of updated asset objects reloaded before import = 0
Number of asset objects unloaded after import = 0
========================================================================
Received Prepare
Begin MonoManager ReloadAssembly
Symbol file LoadedFromMemory doesn't match image G:\4p-project\Power_of_Personality\Library\PackageCache\com.unity.visualscripting@1.8.0\Editor\VisualScripting.Core\Dependencies\YamlDotNet\Unity.VisualScripting.YamlDotNet.dll
Symbol file LoadedFromMemory doesn't match image G:\4p-project\Power_of_Personality\Library\PackageCache\com.unity.visualscripting@1.8.0\Editor\VisualScripting.Core\Dependencies\DotNetZip\Unity.VisualScripting.IonicZip.dll
- Loaded All Assemblies, in  1.358 seconds
Refreshing native plugins compatible for Editor in 6.22 ms, found 3 plugins.
Native extension for WindowsStandalone target not found
Native extension for Android target not found
Mono: successfully reloaded assembly
- Finished resetting the current domain, in  1.886 seconds
Domain Reload Profiling:
	ReloadAssembly (355ms)
		BeginReloadAssembly (227ms)
			ExecutionOrderSort (0ms)
			DisableScriptedObjects (6ms)
			BackupInstance (0ms)
			ReleaseScriptingObjects (0ms)
			CreateAndSetChildDomain (69ms)
		LoadAllAssembliesAndSetupDomain (1000ms)
			LoadAssemblies (561ms)
			RebuildTransferFunctionScriptingTraits (0ms)
			SetupTypeCache (546ms)
				TypeCache.Initialize (527ms)
					TypeCache.ScanAssembly (516ms)
				ResolveRequiredComponents (19ms)
		FinalizeReload (0ms)
			ReleaseScriptCaches (0ms)
			RebuildScriptCaches (0ms)
			SetupLoadedEditorAssemblies (645ms)
				LogAssemblyErrors (0ms)
				InitializePlatformSupportModulesInManaged (31ms)
				SetLoadedEditorAssemblies (7ms)
				RefreshPlugins (0ms)
				BeforeProcessingInitializeOnLoad (110ms)
				ProcessInitializeOnLoadAttributes (370ms)
				ProcessInitializeOnLoadMethodAttributes (120ms)
				AfterProcessingInitializeOnLoad (7ms)
				EditorAssembliesLoaded (0ms)
			ExecutionOrderSort2 (0ms)
			AwakeInstancesAfterBackupRestoration (28ms)
Refreshing native plugins compatible for Editor in 6.79 ms, found 3 plugins.
Preloading 0 native plugins for Editor in 0.00 ms.
Unloading 5780 Unused Serialized files (Serialized files now loaded: 0)
Unloading 47 unused Assets / (1.1 MB). Loaded Objects now: 6538.
Memory consumption went from 206.7 MB to 205.6 MB.
Total: 7.526900 ms (FindLiveObjects: 1.126300 ms CreateObjectMapping: 1.140600 ms MarkObjects: 4.737000 ms  DeleteObjects: 0.520800 ms)

Prepare: number of updated asset objects reloaded= 0
AssetImportParameters requested are different than current active one (requested -> active):
  custom:container-demuxer-ogg: 62fdf1f143b41e24485cea50d1cbac27 -> 
  custom:video-decoder-ogg-theora: a1e56fd34408186e4bbccfd4996cb3dc -> 
  custom:framework-win-MediaFoundation: 216162199b28c13a410421893ffa2e32 -> 
  custom:container-demuxer-webm: 4f35f7cbe854078d1ac9338744f61a02 -> 
  custom:container-muxer-webm: aa71ff27fc2769a1b78a27578f13a17b -> 
  custom:video-decoder-webm-vp8: 9c59270c3fd7afecdb556c50c9e8de78 -> 
  custom:AudioImporter_EditorPlatform: d09bf68614088b80899f8185d706f6e7 -> 
  custom:video-encoder-webm-vp8: eb34c28f22e8b96e1ab97ce403110664 -> 
  custom:audio-decoder-ogg-vorbis: bf7c407c2cedff20999df2af8eb42d56 -> 
  custom:audio-encoder-webm-vorbis: bf7c407c2cedff20999df2af8eb42d56 -> 
========================================================================
Received Import Request.
  Time since last request: 23.178553 seconds.
  path: Assets/Effects/Effect_Wizard/SkillEffect_IceE_Projectile_Wizard.prefab
  artifactKey: Guid(e6697eafb12f87f4ba907a38b5e10781) Importer(815301076,1909f56bfc062723c751e8b465ee728b)
Start importing Assets/Effects/Effect_Wizard/SkillEffect_IceE_Projectile_Wizard.prefab using Guid(e6697eafb12f87f4ba907a38b5e10781) Importer(815301076,1909f56bfc062723c751e8b465ee728b)  -> (artifact id: '147a528d2cfe27b1265ad063fb46cfec') in 0.385266 seconds
Number of updated asset objects reloaded before import = 0
Number of asset objects unloaded after import = 48
========================================================================
Received Prepare
Begin MonoManager ReloadAssembly
Symbol file LoadedFromMemory doesn't match image G:\4p-project\Power_of_Personality\Library\PackageCache\com.unity.visualscripting@1.8.0\Editor\VisualScripting.Core\Dependencies\YamlDotNet\Unity.VisualScripting.YamlDotNet.dll
Symbol file LoadedFromMemory doesn't match image G:\4p-project\Power_of_Personality\Library\PackageCache\com.unity.visualscripting@1.8.0\Editor\VisualScripting.Core\Dependencies\DotNetZip\Unity.VisualScripting.IonicZip.dll
- Loaded All Assemblies, in  1.288 seconds
Refreshing native plugins compatible for Editor in 8.26 ms, found 3 plugins.
Native extension for WindowsStandalone target not found
Native extension for Android target not found
Mono: successfully reloaded assembly
- Finished resetting the current domain, in  1.736 seconds
Domain Reload Profiling:
	ReloadAssembly (322ms)
		BeginReloadAssembly (227ms)
			ExecutionOrderSort (0ms)
			DisableScriptedObjects (12ms)
			BackupInstance (0ms)
			ReleaseScriptingObjects (0ms)
			CreateAndSetChildDomain (67ms)
		LoadAllAssembliesAndSetupDomain (963ms)
			LoadAssemblies (540ms)
			RebuildTransferFunctionScriptingTraits (0ms)
			SetupTypeCache (532ms)
				TypeCache.Initialize (505ms)
					TypeCache.ScanAssembly (496ms)
				ResolveRequiredComponents (18ms)
		FinalizeReload (0ms)
			ReleaseScriptCaches (0ms)
			RebuildScriptCaches (0ms)
			SetupLoadedEditorAssemblies (635ms)
				LogAssemblyErrors (0ms)
				InitializePlatformSupportModulesInManaged (29ms)
				SetLoadedEditorAssemblies (6ms)
				RefreshPlugins (0ms)
				BeforeProcessingInitializeOnLoad (121ms)
				ProcessInitializeOnLoadAttributes (356ms)
				ProcessInitializeOnLoadMethodAttributes (116ms)
				AfterProcessingInitializeOnLoad (7ms)
				EditorAssembliesLoaded (0ms)
			ExecutionOrderSort2 (0ms)
			AwakeInstancesAfterBackupRestoration (32ms)
Refreshing native plugins compatible for Editor in 13.07 ms, found 3 plugins.
Preloading 0 native plugins for Editor in 0.00 ms.
Unloading 5780 Unused Serialized files (Serialized files now loaded: 0)
Unloading 47 unused Assets / (1.1 MB). Loaded Objects now: 6581.
Memory consumption went from 206.9 MB to 205.8 MB.
Total: 6.561600 ms (FindLiveObjects: 0.719500 ms CreateObjectMapping: 0.708900 ms MarkObjects: 4.694300 ms  DeleteObjects: 0.437800 ms)

Prepare: number of updated asset objects reloaded= 0
AssetImportParameters requested are different than current active one (requested -> active):
  custom:container-demuxer-ogg: 62fdf1f143b41e24485cea50d1cbac27 -> 
  custom:video-decoder-ogg-theora: a1e56fd34408186e4bbccfd4996cb3dc -> 
  custom:framework-win-MediaFoundation: 216162199b28c13a410421893ffa2e32 -> 
  custom:container-demuxer-webm: 4f35f7cbe854078d1ac9338744f61a02 -> 
  custom:container-muxer-webm: aa71ff27fc2769a1b78a27578f13a17b -> 
  custom:video-decoder-webm-vp8: 9c59270c3fd7afecdb556c50c9e8de78 -> 
  custom:AudioImporter_EditorPlatform: d09bf68614088b80899f8185d706f6e7 -> 
  custom:video-encoder-webm-vp8: eb34c28f22e8b96e1ab97ce403110664 -> 
  custom:audio-decoder-ogg-vorbis: bf7c407c2cedff20999df2af8eb42d56 -> 
  custom:audio-encoder-webm-vorbis: bf7c407c2cedff20999df2af8eb42d56 -> 
========================================================================
Received Prepare
Begin MonoManager ReloadAssembly
Symbol file LoadedFromMemory doesn't match image G:\4p-project\Power_of_Personality\Library\PackageCache\com.unity.visualscripting@1.8.0\Editor\VisualScripting.Core\Dependencies\YamlDotNet\Unity.VisualScripting.YamlDotNet.dll
Symbol file LoadedFromMemory doesn't match image G:\4p-project\Power_of_Personality\Library\PackageCache\com.unity.visualscripting@1.8.0\Editor\VisualScripting.Core\Dependencies\DotNetZip\Unity.VisualScripting.IonicZip.dll
- Loaded All Assemblies, in  1.169 seconds
Refreshing native plugins compatible for Editor in 6.27 ms, found 3 plugins.
Native extension for WindowsStandalone target not found
Native extension for Android target not found
Mono: successfully reloaded assembly
- Finished resetting the current domain, in  1.994 seconds
Domain Reload Profiling:
	ReloadAssembly (321ms)
		BeginReloadAssembly (219ms)
			ExecutionOrderSort (0ms)
			DisableScriptedObjects (6ms)
			BackupInstance (0ms)
			ReleaseScriptingObjects (0ms)
			CreateAndSetChildDomain (66ms)
		LoadAllAssembliesAndSetupDomain (846ms)
			LoadAssemblies (443ms)
			RebuildTransferFunctionScriptingTraits (0ms)
			SetupTypeCache (503ms)
				TypeCache.Initialize (483ms)
					TypeCache.ScanAssembly (474ms)
				ResolveRequiredComponents (20ms)
		FinalizeReload (0ms)
			ReleaseScriptCaches (0ms)
			RebuildScriptCaches (0ms)
			SetupLoadedEditorAssemblies (758ms)
				LogAssemblyErrors (0ms)
				InitializePlatformSupportModulesInManaged (36ms)
				SetLoadedEditorAssemblies (7ms)
				RefreshPlugins (0ms)
				BeforeProcessingInitializeOnLoad (139ms)
				ProcessInitializeOnLoadAttributes (431ms)
				ProcessInitializeOnLoadMethodAttributes (137ms)
				AfterProcessingInitializeOnLoad (7ms)
				EditorAssembliesLoaded (0ms)
			ExecutionOrderSort2 (0ms)
			AwakeInstancesAfterBackupRestoration (28ms)
Refreshing native plugins compatible for Editor in 13.46 ms, found 3 plugins.
Preloading 0 native plugins for Editor in 0.00 ms.
Unloading 5780 Unused Serialized files (Serialized files now loaded: 0)
Unloading 47 unused Assets / (1.1 MB). Loaded Objects now: 6586.
Memory consumption went from 206.7 MB to 205.6 MB.
Total: 9.086500 ms (FindLiveObjects: 1.018200 ms CreateObjectMapping: 0.986800 ms MarkObjects: 6.554300 ms  DeleteObjects: 0.525900 ms)

Prepare: number of updated asset objects reloaded= 0
AssetImportParameters requested are different than current active one (requested -> active):
  custom:container-demuxer-ogg: 62fdf1f143b41e24485cea50d1cbac27 -> 
  custom:video-decoder-ogg-theora: a1e56fd34408186e4bbccfd4996cb3dc -> 
  custom:framework-win-MediaFoundation: 216162199b28c13a410421893ffa2e32 -> 
  custom:container-demuxer-webm: 4f35f7cbe854078d1ac9338744f61a02 -> 
  custom:container-muxer-webm: aa71ff27fc2769a1b78a27578f13a17b -> 
  custom:video-decoder-webm-vp8: 9c59270c3fd7afecdb556c50c9e8de78 -> 
  custom:AudioImporter_EditorPlatform: d09bf68614088b80899f8185d706f6e7 -> 
  custom:video-encoder-webm-vp8: eb34c28f22e8b96e1ab97ce403110664 -> 
  custom:audio-decoder-ogg-vorbis: bf7c407c2cedff20999df2af8eb42d56 -> 
  custom:audio-encoder-webm-vorbis: bf7c407c2cedff20999df2af8eb42d56 -> 
========================================================================
Received Import Request.
  Time since last request: 226.643524 seconds.
  path: Assets/Effects/Effect_Wizard/SkillEffect_IceE_Wizard.prefab
  artifactKey: Guid(3694b4e29efedc94a92b9d39353f0e5a) Importer(815301076,1909f56bfc062723c751e8b465ee728b)
Start importing Assets/Effects/Effect_Wizard/SkillEffect_IceE_Wizard.prefab using Guid(3694b4e29efedc94a92b9d39353f0e5a) Importer(815301076,1909f56bfc062723c751e8b465ee728b)  -> (artifact id: '1b5ecb90896ff085e879058193797fc9') in 0.046979 seconds
Number of updated asset objects reloaded before import = 0
Number of asset objects unloaded after import = 27
========================================================================
Received Import Request.
  Time since last request: 39.562034 seconds.
  path: Assets/Effects/Effect_Wizard/SkillEffect_IceE_Hit_Wizard.prefab
  artifactKey: Guid(13d7001fe15b36b41a36cd029aadcf91) Importer(815301076,1909f56bfc062723c751e8b465ee728b)
Start importing Assets/Effects/Effect_Wizard/SkillEffect_IceE_Hit_Wizard.prefab using Guid(13d7001fe15b36b41a36cd029aadcf91) Importer(815301076,1909f56bfc062723c751e8b465ee728b)  -> (artifact id: '10450ad083b8efd6e44de43e0e27c52f') in 0.345716 seconds
Number of updated asset objects reloaded before import = 0
Number of asset objects unloaded after import = 80
========================================================================
Received Import Request.
  Time since last request: 66.714564 seconds.
  path: Assets/DownloadAssets/Hovl Studio/Sword slash VFX/Prefabs/Sword Slash 10.prefab
  artifactKey: Guid(3e914ef784028124db1daf7002a87cc8) Importer(815301076,1909f56bfc062723c751e8b465ee728b)
Start importing Assets/DownloadAssets/Hovl Studio/Sword slash VFX/Prefabs/Sword Slash 10.prefab using Guid(3e914ef784028124db1daf7002a87cc8) Importer(815301076,1909f56bfc062723c751e8b465ee728b)  -> (artifact id: '6576c03c0dbb2af987cb01a246b1ce0b') in 0.136666 seconds
Number of updated asset objects reloaded before import = 0
Number of asset objects unloaded after import = 58
========================================================================
Received Import Request.
  Time since last request: 7.692050 seconds.
  path: Assets/DownloadAssets/Hovl Studio/Sword slash VFX/Prefabs/Sword Slash 1.prefab
  artifactKey: Guid(5bea49531fc500c408823a2e2863106f) Importer(815301076,1909f56bfc062723c751e8b465ee728b)
Start importing Assets/DownloadAssets/Hovl Studio/Sword slash VFX/Prefabs/Sword Slash 1.prefab using Guid(5bea49531fc500c408823a2e2863106f) Importer(815301076,1909f56bfc062723c751e8b465ee728b)  -> (artifact id: 'cf8918f918a86317fe438df1e1c25aef') in 0.037735 seconds
Number of updated asset objects reloaded before import = 0
Number of asset objects unloaded after import = 46
========================================================================
Received Import Request.
  Time since last request: 0.717578 seconds.
  path: Assets/DownloadAssets/Hovl Studio/Sword slash VFX/Prefabs/Spikes attack.prefab
  artifactKey: Guid(fbab27c98b168764eb295cfff1e9f61f) Importer(815301076,1909f56bfc062723c751e8b465ee728b)
Start importing Assets/DownloadAssets/Hovl Studio/Sword slash VFX/Prefabs/Spikes attack.prefab using Guid(fbab27c98b168764eb295cfff1e9f61f) Importer(815301076,1909f56bfc062723c751e8b465ee728b)  -> (artifact id: '3fcc9139ae8c958f5807134d84c7ce04') in 0.244033 seconds
Number of updated asset objects reloaded before import = 0
Number of asset objects unloaded after import = 84
========================================================================
Received Import Request.
  Time since last request: 0.132210 seconds.
  path: Assets/DownloadAssets/Hovl Studio/Sword slash VFX/Prefabs/Sword Slash Combo 4.prefab
  artifactKey: Guid(2bed68aa33523d44bb5b6c338443b98b) Importer(815301076,1909f56bfc062723c751e8b465ee728b)
Start importing Assets/DownloadAssets/Hovl Studio/Sword slash VFX/Prefabs/Sword Slash Combo 4.prefab using Guid(2bed68aa33523d44bb5b6c338443b98b) Importer(815301076,1909f56bfc062723c751e8b465ee728b)  -> (artifact id: 'dc5d158e97a8d197795a61a4b8e88404') in 0.159573 seconds
Number of updated asset objects reloaded before import = 0
Number of asset objects unloaded after import = 213
========================================================================
Received Import Request.
  Time since last request: 3.320161 seconds.
  path: Assets/DownloadAssets/Hovl Studio/Sword slash VFX/Prefabs/Sword Slash 9.prefab
  artifactKey: Guid(c4d564b5d4682ad46b8621f0fa6f40d9) Importer(815301076,1909f56bfc062723c751e8b465ee728b)
Start importing Assets/DownloadAssets/Hovl Studio/Sword slash VFX/Prefabs/Sword Slash 9.prefab using Guid(c4d564b5d4682ad46b8621f0fa6f40d9) Importer(815301076,1909f56bfc062723c751e8b465ee728b)  -> (artifact id: 'f3bc962ddb669b6b8125b5737c952c9e') in 0.020186 seconds
Number of updated asset objects reloaded before import = 0
Number of asset objects unloaded after import = 40
========================================================================
Received Import Request.
  Time since last request: 7.819010 seconds.
  path: Assets/DownloadAssets/Hovl Studio/Sword slash VFX/Prefabs/Sword Slash Combo 7.prefab
  artifactKey: Guid(c2053024f4730614f871bfcfa823ca86) Importer(815301076,1909f56bfc062723c751e8b465ee728b)
Start importing Assets/DownloadAssets/Hovl Studio/Sword slash VFX/Prefabs/Sword Slash Combo 7.prefab using Guid(c2053024f4730614f871bfcfa823ca86) Importer(815301076,1909f56bfc062723c751e8b465ee728b)  -> (artifact id: '1fbd29e35498ffac8b881223474b416a') in 0.148637 seconds
Number of updated asset objects reloaded before import = 0
Number of asset objects unloaded after import = 173
========================================================================
Received Import Request.
  Time since last request: 0.456258 seconds.
  path: Assets/DownloadAssets/Hovl Studio/Sword slash VFX/Prefabs/Sword Slash Combo 8.prefab
  artifactKey: Guid(66b22539fa4a1514cb2f1020bf5f780a) Importer(815301076,1909f56bfc062723c751e8b465ee728b)
Start importing Assets/DownloadAssets/Hovl Studio/Sword slash VFX/Prefabs/Sword Slash Combo 8.prefab using Guid(66b22539fa4a1514cb2f1020bf5f780a) Importer(815301076,1909f56bfc062723c751e8b465ee728b)  -> (artifact id: 'b88a972d4c75b4334c02297e0bf607c2') in 0.087109 seconds
Number of updated asset objects reloaded before import = 0
Number of asset objects unloaded after import = 200
========================================================================
Received Import Request.
  Time since last request: 5.611999 seconds.
  path: Assets/DownloadAssets/Hovl Studio/Sword slash VFX/Prefabs/Sword Slash 16.prefab
  artifactKey: Guid(5ddce4a94a63ce14b9f717142ff9ba41) Importer(815301076,1909f56bfc062723c751e8b465ee728b)
Start importing Assets/DownloadAssets/Hovl Studio/Sword slash VFX/Prefabs/Sword Slash 16.prefab using Guid(5ddce4a94a63ce14b9f717142ff9ba41) Importer(815301076,1909f56bfc062723c751e8b465ee728b)  -> (artifact id: '6f09611e4cf423bea2a59b66ece84f6b') in 0.065272 seconds
Number of updated asset objects reloaded before import = 0
Number of asset objects unloaded after import = 87
========================================================================
Received Import Request.
  Time since last request: 0.389281 seconds.
  path: Assets/DownloadAssets/Hovl Studio/Sword slash VFX/Prefabs/Sword Slash Combo 2.prefab
  artifactKey: Guid(6a199701ed4e40c43a219746bf8b0ac7) Importer(815301076,1909f56bfc062723c751e8b465ee728b)
Start importing Assets/DownloadAssets/Hovl Studio/Sword slash VFX/Prefabs/Sword Slash Combo 2.prefab using Guid(6a199701ed4e40c43a219746bf8b0ac7) Importer(815301076,1909f56bfc062723c751e8b465ee728b)  -> (artifact id: 'ccf59863ccd1dccc2839cf3715491c58') in 0.045139 seconds
Number of updated asset objects reloaded before import = 0
Number of asset objects unloaded after import = 141
========================================================================
Received Import Request.
  Time since last request: 97.513601 seconds.
  path: Assets/Images/Materials/Material_Effect/Materials_Hovl/DistortionSmoke18.mat
  artifactKey: Guid(cdc183a9c59e5fc4787fab317e0d3297) Importer(815301076,1909f56bfc062723c751e8b465ee728b)
Start importing Assets/Images/Materials/Material_Effect/Materials_Hovl/DistortionSmoke18.mat using Guid(cdc183a9c59e5fc4787fab317e0d3297) Importer(815301076,1909f56bfc062723c751e8b465ee728b)  -> (artifact id: 'c7ac0488ef8fb35b2ca3854622e60546') in 0.045225 seconds
Number of updated asset objects reloaded before import = 0
Number of asset objects unloaded after import = 3
========================================================================
Received Import Request.
  Time since last request: 85.425652 seconds.
  path: Assets/Effects/Effect_Archer/SkillEffect_FireQ_Archer.prefab
  artifactKey: Guid(0edd814ba6b67e24887e1ee5471102ea) Importer(815301076,1909f56bfc062723c751e8b465ee728b)
Start importing Assets/Effects/Effect_Archer/SkillEffect_FireQ_Archer.prefab using Guid(0edd814ba6b67e24887e1ee5471102ea) Importer(815301076,1909f56bfc062723c751e8b465ee728b)  -> (artifact id: 'b40d58288b336e9255d9366f424f068c') in 0.047009 seconds
Number of updated asset objects reloaded before import = 0
Number of asset objects unloaded after import = 182
========================================================================
Received Prepare
Begin MonoManager ReloadAssembly
Symbol file LoadedFromMemory doesn't match image G:\4p-project\Power_of_Personality\Library\PackageCache\com.unity.visualscripting@1.8.0\Editor\VisualScripting.Core\Dependencies\YamlDotNet\Unity.VisualScripting.YamlDotNet.dll
Symbol file LoadedFromMemory doesn't match image G:\4p-project\Power_of_Personality\Library\PackageCache\com.unity.visualscripting@1.8.0\Editor\VisualScripting.Core\Dependencies\DotNetZip\Unity.VisualScripting.IonicZip.dll
- Loaded All Assemblies, in  1.395 seconds
Refreshing native plugins compatible for Editor in 7.79 ms, found 3 plugins.
Native extension for WindowsStandalone target not found
Native extension for Android target not found
Mono: successfully reloaded assembly
- Finished resetting the current domain, in  2.519 seconds
Domain Reload Profiling:
	ReloadAssembly (385ms)
		BeginReloadAssembly (270ms)
			ExecutionOrderSort (0ms)
			DisableScriptedObjects (15ms)
			BackupInstance (0ms)
			ReleaseScriptingObjects (0ms)
			CreateAndSetChildDomain (99ms)
		LoadAllAssembliesAndSetupDomain (1008ms)
			LoadAssemblies (497ms)
			RebuildTransferFunctionScriptingTraits (0ms)
			SetupTypeCache (619ms)
				TypeCache.Initialize (598ms)
					TypeCache.ScanAssembly (584ms)
				ResolveRequiredComponents (21ms)
		FinalizeReload (0ms)
			ReleaseScriptCaches (0ms)
			RebuildScriptCaches (0ms)
			SetupLoadedEditorAssemblies (815ms)
				LogAssemblyErrors (0ms)
				InitializePlatformSupportModulesInManaged (51ms)
				SetLoadedEditorAssemblies (8ms)
				RefreshPlugins (0ms)
				BeforeProcessingInitializeOnLoad (135ms)
				ProcessInitializeOnLoadAttributes (467ms)
				ProcessInitializeOnLoadMethodAttributes (147ms)
				AfterProcessingInitializeOnLoad (8ms)
				EditorAssembliesLoaded (0ms)
			ExecutionOrderSort2 (0ms)
			AwakeInstancesAfterBackupRestoration (34ms)
Refreshing native plugins compatible for Editor in 8.72 ms, found 3 plugins.
Preloading 0 native plugins for Editor in 0.00 ms.
Unloading 5780 Unused Serialized files (Serialized files now loaded: 0)
Unloading 48 unused Assets / (1.1 MB). Loaded Objects now: 6661.
Memory consumption went from 204.9 MB to 203.8 MB.
Total: 12.704800 ms (FindLiveObjects: 1.098400 ms CreateObjectMapping: 1.955200 ms MarkObjects: 8.880000 ms  DeleteObjects: 0.766400 ms)

Prepare: number of updated asset objects reloaded= 0
AssetImportParameters requested are different than current active one (requested -> active):
  custom:container-demuxer-ogg: 62fdf1f143b41e24485cea50d1cbac27 -> 
  custom:video-decoder-ogg-theora: a1e56fd34408186e4bbccfd4996cb3dc -> 
  custom:framework-win-MediaFoundation: 216162199b28c13a410421893ffa2e32 -> 
  custom:container-demuxer-webm: 4f35f7cbe854078d1ac9338744f61a02 -> 
  custom:container-muxer-webm: aa71ff27fc2769a1b78a27578f13a17b -> 
  custom:video-decoder-webm-vp8: 9c59270c3fd7afecdb556c50c9e8de78 -> 
  custom:AudioImporter_EditorPlatform: d09bf68614088b80899f8185d706f6e7 -> 
  custom:video-encoder-webm-vp8: eb34c28f22e8b96e1ab97ce403110664 -> 
  custom:audio-decoder-ogg-vorbis: bf7c407c2cedff20999df2af8eb42d56 -> 
  custom:audio-encoder-webm-vorbis: bf7c407c2cedff20999df2af8eb42d56 -> 
========================================================================
Received Import Request.
  Time since last request: 4682.830644 seconds.
  path: Assets/Images/Textures/Trail70-f.png
  artifactKey: Guid(bd06cd7aee7709a4ea9f374c6f2e5673) Importer(815301076,1909f56bfc062723c751e8b465ee728b)
Start importing Assets/Images/Textures/Trail70-f.png using Guid(bd06cd7aee7709a4ea9f374c6f2e5673) Importer(815301076,1909f56bfc062723c751e8b465ee728b)  -> (artifact id: '98a609fd11ccaf1692051ed814304e76') in 0.540060 seconds
Number of updated asset objects reloaded before import = 0
Number of asset objects unloaded after import = 2
========================================================================
Received Import Request.
  Time since last request: 2.476298 seconds.
  path: Assets/Images/Textures/Trail70-f.png
  artifactKey: Guid(bd06cd7aee7709a4ea9f374c6f2e5673) Importer(815301076,1909f56bfc062723c751e8b465ee728b)
Start importing Assets/Images/Textures/Trail70-f.png using Guid(bd06cd7aee7709a4ea9f374c6f2e5673) Importer(815301076,1909f56bfc062723c751e8b465ee728b)  -> (artifact id: 'fc2be71e77dde61b64d67054d9c0c6f5') in 0.017227 seconds
Number of updated asset objects reloaded before import = 0
Number of asset objects unloaded after import = 2
========================================================================
Received Import Request.
  Time since last request: 169.328945 seconds.
  path: Assets/Images/Textures/Trail70-g.png
  artifactKey: Guid(54e7425ba2ad9b44391ae44db111a267) Importer(815301076,1909f56bfc062723c751e8b465ee728b)
Start importing Assets/Images/Textures/Trail70-g.png using Guid(54e7425ba2ad9b44391ae44db111a267) Importer(815301076,1909f56bfc062723c751e8b465ee728b)  -> (artifact id: '5a44686629ec60a7d36e3a0a6e365481') in 0.019898 seconds
Number of updated asset objects reloaded before import = 0
Number of asset objects unloaded after import = 2
========================================================================
Received Import Request.
  Time since last request: 6.108844 seconds.
  path: Assets/Images/Textures/Trail70-g.png
  artifactKey: Guid(54e7425ba2ad9b44391ae44db111a267) Importer(815301076,1909f56bfc062723c751e8b465ee728b)
Start importing Assets/Images/Textures/Trail70-g.png using Guid(54e7425ba2ad9b44391ae44db111a267) Importer(815301076,1909f56bfc062723c751e8b465ee728b)  -> (artifact id: '540d00addadc814bac7abdf5d2675337') in 0.018942 seconds
Number of updated asset objects reloaded before import = 0
Number of asset objects unloaded after import = 2
========================================================================
Received Import Request.
  Time since last request: 39.461892 seconds.
  path: Assets/Images/Textures/Trail70-g.png
  artifactKey: Guid(54e7425ba2ad9b44391ae44db111a267) Importer(815301076,1909f56bfc062723c751e8b465ee728b)
Start importing Assets/Images/Textures/Trail70-g.png using Guid(54e7425ba2ad9b44391ae44db111a267) Importer(815301076,1909f56bfc062723c751e8b465ee728b)  -> (artifact id: '0d7a97e9f5e87affb159eaaf9310b141') in 0.018950 seconds
Number of updated asset objects reloaded before import = 0
Number of asset objects unloaded after import = 2
========================================================================
Received Import Request.
  Time since last request: 2.357424 seconds.
  path: Assets/Images/Textures/Trail70-g.png
  artifactKey: Guid(54e7425ba2ad9b44391ae44db111a267) Importer(815301076,1909f56bfc062723c751e8b465ee728b)
Start importing Assets/Images/Textures/Trail70-g.png using Guid(54e7425ba2ad9b44391ae44db111a267) Importer(815301076,1909f56bfc062723c751e8b465ee728b)  -> (artifact id: '993eb416a71833aeb4a341da9d453231') in 0.018971 seconds
Number of updated asset objects reloaded before import = 0
Number of asset objects unloaded after import = 2
========================================================================
Received Import Request.
  Time since last request: 92.923979 seconds.
  path: Assets/Images/Textures/Trail70.png
  artifactKey: Guid(c2d6a173581e3784aa53e780476c7c0b) Importer(815301076,1909f56bfc062723c751e8b465ee728b)
Start importing Assets/Images/Textures/Trail70.png using Guid(c2d6a173581e3784aa53e780476c7c0b) Importer(815301076,1909f56bfc062723c751e8b465ee728b)  -> (artifact id: '139f8f4378e470dad93cee4da5c62601') in 0.019949 seconds
Number of updated asset objects reloaded before import = 0
Number of asset objects unloaded after import = 2
========================================================================
Received Import Request.
  Time since last request: 1.939548 seconds.
  path: Assets/Images/Textures/Trail70.png
  artifactKey: Guid(c2d6a173581e3784aa53e780476c7c0b) Importer(815301076,1909f56bfc062723c751e8b465ee728b)
Start importing Assets/Images/Textures/Trail70.png using Guid(c2d6a173581e3784aa53e780476c7c0b) Importer(815301076,1909f56bfc062723c751e8b465ee728b)  -> (artifact id: 'e7d16d39d4109f9022ae6aca44da4ff2') in 0.017278 seconds
Number of updated asset objects reloaded before import = 0
Number of asset objects unloaded after import = 2
========================================================================
Received Import Request.
  Time since last request: 337.293126 seconds.
  path: Assets/Images/Textures/Trail70-h.png
  artifactKey: Guid(7324f65aee6bc704cabb17efbbcd82b1) Importer(815301076,1909f56bfc062723c751e8b465ee728b)
Start importing Assets/Images/Textures/Trail70-h.png using Guid(7324f65aee6bc704cabb17efbbcd82b1) Importer(815301076,1909f56bfc062723c751e8b465ee728b)  -> (artifact id: '6e4035661e3ec3c2bba519f2aa35d26c') in 0.027418 seconds
Number of updated asset objects reloaded before import = 0
Number of asset objects unloaded after import = 2
========================================================================
Received Import Request.
  Time since last request: 2.355081 seconds.
  path: Assets/Images/Textures/Trail70-h.png
  artifactKey: Guid(7324f65aee6bc704cabb17efbbcd82b1) Importer(815301076,1909f56bfc062723c751e8b465ee728b)
Start importing Assets/Images/Textures/Trail70-h.png using Guid(7324f65aee6bc704cabb17efbbcd82b1) Importer(815301076,1909f56bfc062723c751e8b465ee728b)  -> (artifact id: '8e171feb229fc2b81b39209bff0c8b7d') in 0.018688 seconds
Number of updated asset objects reloaded before import = 0
Number of asset objects unloaded after import = 2
========================================================================
Received Import Request.
  Time since last request: 300.279473 seconds.
  path: Assets/Images/Textures/Trail70-i.png
  artifactKey: Guid(445825d17416ba54d9626cda0936b199) Importer(815301076,1909f56bfc062723c751e8b465ee728b)
Start importing Assets/Images/Textures/Trail70-i.png using Guid(445825d17416ba54d9626cda0936b199) Importer(815301076,1909f56bfc062723c751e8b465ee728b)  -> (artifact id: '02e7687eca52d8b47fd30548425826a4') in 0.025143 seconds
Number of updated asset objects reloaded before import = 0
Number of asset objects unloaded after import = 2
========================================================================
Received Import Request.
  Time since last request: 4.204401 seconds.
  path: Assets/Images/Textures/Trail70-i.png
  artifactKey: Guid(445825d17416ba54d9626cda0936b199) Importer(815301076,1909f56bfc062723c751e8b465ee728b)
Start importing Assets/Images/Textures/Trail70-i.png using Guid(445825d17416ba54d9626cda0936b199) Importer(815301076,1909f56bfc062723c751e8b465ee728b)  -> (artifact id: '89cf302160a348daa11761df0065913f') in 0.097569 seconds
Number of updated asset objects reloaded before import = 0
Number of asset objects unloaded after import = 2
========================================================================
Received Import Request.
  Time since last request: 133.896293 seconds.
  path: Assets/Images/Textures/Trail70-j.png
  artifactKey: Guid(8c8cc14d14cda3949a4fd396d3fafbb1) Importer(815301076,1909f56bfc062723c751e8b465ee728b)
Start importing Assets/Images/Textures/Trail70-j.png using Guid(8c8cc14d14cda3949a4fd396d3fafbb1) Importer(815301076,1909f56bfc062723c751e8b465ee728b)  -> (artifact id: 'cca0255f828f981243228b8391f113a3') in 0.018484 seconds
Number of updated asset objects reloaded before import = 0
Number of asset objects unloaded after import = 2
========================================================================
Received Import Request.
  Time since last request: 2.623120 seconds.
  path: Assets/Images/Textures/Trail70-j.png
  artifactKey: Guid(8c8cc14d14cda3949a4fd396d3fafbb1) Importer(815301076,1909f56bfc062723c751e8b465ee728b)
Start importing Assets/Images/Textures/Trail70-j.png using Guid(8c8cc14d14cda3949a4fd396d3fafbb1) Importer(815301076,1909f56bfc062723c751e8b465ee728b)  -> (artifact id: 'dd91ffe0caa9ab28e9ee21a47104d69d') in 0.016723 seconds
Number of updated asset objects reloaded before import = 0
Number of asset objects unloaded after import = 2
========================================================================
Received Import Request.
  Time since last request: 222.265978 seconds.
  path: Assets/Images/Textures/Trail70-k.png
  artifactKey: Guid(588febd7c4dbe2e408cda88298383a10) Importer(815301076,1909f56bfc062723c751e8b465ee728b)
Start importing Assets/Images/Textures/Trail70-k.png using Guid(588febd7c4dbe2e408cda88298383a10) Importer(815301076,1909f56bfc062723c751e8b465ee728b)  -> (artifact id: 'ce0cfb89cc5b693d76260179ff7c5f7a') in 0.022114 seconds
Number of updated asset objects reloaded before import = 0
Number of asset objects unloaded after import = 2
========================================================================
Received Import Request.
  Time since last request: 8.666584 seconds.
  path: Assets/Images/Textures/Trail70-k.png
  artifactKey: Guid(588febd7c4dbe2e408cda88298383a10) Importer(815301076,1909f56bfc062723c751e8b465ee728b)
Start importing Assets/Images/Textures/Trail70-k.png using Guid(588febd7c4dbe2e408cda88298383a10) Importer(815301076,1909f56bfc062723c751e8b465ee728b)  -> (artifact id: 'c528204e3ef11ad349c95439c00fa72e') in 0.018595 seconds
Number of updated asset objects reloaded before import = 0
Number of asset objects unloaded after import = 2
========================================================================
Received Import Request.
  Time since last request: 110.932343 seconds.
  path: Assets/Images/Textures/Trail70-l.png
  artifactKey: Guid(8d58d6754ceccfb43807142339ef9d40) Importer(815301076,1909f56bfc062723c751e8b465ee728b)
Start importing Assets/Images/Textures/Trail70-l.png using Guid(8d58d6754ceccfb43807142339ef9d40) Importer(815301076,1909f56bfc062723c751e8b465ee728b)  -> (artifact id: '230795f995a0e175a01e98964f89066a') in 0.020938 seconds
Number of updated asset objects reloaded before import = 0
Number of asset objects unloaded after import = 2
========================================================================
Received Import Request.
  Time since last request: 2.945652 seconds.
  path: Assets/Images/Textures/Trail70-l.png
  artifactKey: Guid(8d58d6754ceccfb43807142339ef9d40) Importer(815301076,1909f56bfc062723c751e8b465ee728b)
Start importing Assets/Images/Textures/Trail70-l.png using Guid(8d58d6754ceccfb43807142339ef9d40) Importer(815301076,1909f56bfc062723c751e8b465ee728b)  -> (artifact id: '8689427d8d2a9a1a1eb3746642a958c6') in 0.017559 seconds
Number of updated asset objects reloaded before import = 0
Number of asset objects unloaded after import = 2
